ARM GAS  /tmp/cc7JEf0z.s 			page 1


   1              		.syntax unified
   2              		.cpu cortex-m3
   3              		.fpu softvfp
   4              		.eabi_attribute 20, 1
   5              		.eabi_attribute 21, 1
   6              		.eabi_attribute 23, 3
   7              		.eabi_attribute 24, 1
   8              		.eabi_attribute 25, 1
   9              		.eabi_attribute 26, 1
  10              		.eabi_attribute 30, 2
  11              		.eabi_attribute 34, 1
  12              		.eabi_attribute 18, 4
  13              		.thumb
  14              		.file	"board.c"
  15              		.text
  16              	.Ltext0:
  17              		.cfi_sections	.debug_frame
  18              		.section	.text.__early_init,"ax",%progbits
  19              		.align	2
  20              		.p2align 4,,15
  21              		.global	__early_init
  22              		.thumb
  23              		.thumb_func
  24              		.type	__early_init, %function
  25              	__early_init:
  26              	.LFB207:
  27              		.file 1 "drivers/STORM32_V1_X/board.c"
  28              		.loc 1 42 0
  29              		.cfi_startproc
  30              		@ args = 0, pretend = 0, frame = 0
  31              		@ frame_needed = 0, uses_anonymous_args = 0
  32              		@ link register save eliminated.
  33              		.loc 1 43 0
  34 0000 FFF7FEBF 		b	stm32_clock_init
  35              	.LVL0:
  36              		.cfi_endproc
  37              	.LFE207:
  38              		.size	__early_init, .-__early_init
  39              		.section	.text.boardInit,"ax",%progbits
  40              		.align	2
  41              		.p2align 4,,15
  42              		.global	boardInit
  43              		.thumb
  44              		.thumb_func
  45              		.type	boardInit, %function
  46              	boardInit:
  47              	.LFB208:
  48              		.loc 1 49 0
  49              		.cfi_startproc
  50              		@ args = 0, pretend = 0, frame = 0
  51              		@ frame_needed = 0, uses_anonymous_args = 0
  52              		@ link register save eliminated.
  53              		.loc 1 53 0
  54 0000 024A     		ldr	r2, .L3
  55 0002 5368     		ldr	r3, [r2, #4]
  56 0004 43F00073 		orr	r3, r3, #33554432
  57 0008 5360     		str	r3, [r2, #4]
ARM GAS  /tmp/cc7JEf0z.s 			page 2


  58 000a 7047     		bx	lr
  59              	.L4:
  60              		.align	2
  61              	.L3:
  62 000c 00000140 		.word	1073807360
  63              		.cfi_endproc
  64              	.LFE208:
  65              		.size	boardInit, .-boardInit
  66              		.global	pal_default_config
  67              		.section	.rodata.pal_default_config,"a",%progbits
  68              		.align	2
  69              		.type	pal_default_config, %object
  70              		.size	pal_default_config, 84
  71              	pal_default_config:
  72 0000 FFFFFFFF 		.word	-1
  73 0004 AAAA08AA 		.word	-1442272598
  74 0008 004084A8 		.word	-1467727872
  75 000c FFFFFFFF 		.word	-1
  76 0010 AA4824FF 		.word	-14399318
  77 0014 AAFF2288 		.word	-2010972246
  78 0018 FFFFFFFF 		.word	-1
  79 001c 008088AA 		.word	-1433894912
  80 0020 AA4A8888 		.word	-2004333910
  81 0024 FFFFFFFF 		.word	-1
  82 0028 44888888 		.word	-2004318140
  83 002c 88888888 		.word	-2004318072
  84 0030 FFFFFFFF 		.word	-1
  85 0034 88888888 		.word	-2004318072
  86 0038 88888888 		.word	-2004318072
  87 003c FFFFFFFF 		.word	-1
  88 0040 88888888 		.word	-2004318072
  89 0044 88888888 		.word	-2004318072
  90 0048 FFFFFFFF 		.word	-1
  91 004c 88888888 		.word	-2004318072
  92 0050 88888888 		.word	-2004318072
  93              		.text
  94              	.Letext0:
  95              		.file 2 "/opt/stm32/gcc/gcc-arm-none-eabi-4_9-2015q2/lib/gcc/arm-none-eabi/4.9.3/include/stddef.h"
  96              		.file 3 "/opt/stm32/gcc/gcc-arm-none-eabi-4_9-2015q2/arm-none-eabi/include/machine/_default_types.
  97              		.file 4 "/opt/stm32/gcc/gcc-arm-none-eabi-4_9-2015q2/arm-none-eabi/include/sys/_stdint.h"
  98              		.file 5 "/home/maciek/ChibiOS_16.1.5/os/rt/ports/ARMCMx/compilers/GCC/chtypes.h"
  99              		.file 6 "/home/maciek/ChibiOS_16.1.5/os/rt/include/chsystypes.h"
 100              		.file 7 "/home/maciek/ChibiOS_16.1.5/os/rt/include/chschd.h"
 101              		.file 8 "/home/maciek/ChibiOS_16.1.5/os/ext/CMSIS/ST/STM32F1xx/stm32f103xe.h"
 102              		.file 9 "/home/maciek/ChibiOS_16.1.5/os/rt/ports/ARMCMx/chcore.h"
 103              		.file 10 "/home/maciek/ChibiOS_16.1.5/os/rt/ports/ARMCMx/chcore_v7m.h"
 104              		.file 11 "/home/maciek/ChibiOS_16.1.5/os/rt/include/chtm.h"
 105              		.file 12 "/home/maciek/ChibiOS_16.1.5/os/rt/include/chsem.h"
 106              		.file 13 "/home/maciek/ChibiOS_16.1.5/os/rt/include/chmtx.h"
 107              		.file 14 "/home/maciek/ChibiOS_16.1.5/os/hal/ports/STM32/LLD/GPIOv1/pal_lld.h"
 108              		.file 15 "/home/maciek/ChibiOS_16.1.5/os/ext/CMSIS/include/core_cm3.h"
 109              		.file 16 "/home/maciek/ChibiOS_16.1.5/os/hal/ports/STM32/STM32F1xx/hal_lld.h"
 110              		.section	.debug_info,"",%progbits
 111              	.Ldebug_info0:
 112 0000 7C070000 		.4byte	0x77c
 113 0004 0400     		.2byte	0x4
 114 0006 00000000 		.4byte	.Ldebug_abbrev0
ARM GAS  /tmp/cc7JEf0z.s 			page 3


 115 000a 04       		.byte	0x4
 116 000b 01       		.uleb128 0x1
 117 000c F4000000 		.4byte	.LASF117
 118 0010 01       		.byte	0x1
 119 0011 5A050000 		.4byte	.LASF118
 120 0015 E0020000 		.4byte	.LASF119
 121 0019 00000000 		.4byte	.Ldebug_ranges0+0
 122 001d 00000000 		.4byte	0
 123 0021 00000000 		.4byte	.Ldebug_line0
 124 0025 02       		.uleb128 0x2
 125 0026 04       		.byte	0x4
 126 0027 05       		.byte	0x5
 127 0028 696E7400 		.ascii	"int\000"
 128 002c 03       		.uleb128 0x3
 129 002d 20000000 		.4byte	.LASF2
 130 0031 02       		.byte	0x2
 131 0032 D4       		.byte	0xd4
 132 0033 37000000 		.4byte	0x37
 133 0037 04       		.uleb128 0x4
 134 0038 04       		.byte	0x4
 135 0039 07       		.byte	0x7
 136 003a 65020000 		.4byte	.LASF0
 137 003e 04       		.uleb128 0x4
 138 003f 01       		.byte	0x1
 139 0040 06       		.byte	0x6
 140 0041 D8000000 		.4byte	.LASF1
 141 0045 03       		.uleb128 0x3
 142 0046 37000000 		.4byte	.LASF3
 143 004a 03       		.byte	0x3
 144 004b 1D       		.byte	0x1d
 145 004c 50000000 		.4byte	0x50
 146 0050 04       		.uleb128 0x4
 147 0051 01       		.byte	0x1
 148 0052 08       		.byte	0x8
 149 0053 37040000 		.4byte	.LASF4
 150 0057 04       		.uleb128 0x4
 151 0058 02       		.byte	0x2
 152 0059 05       		.byte	0x5
 153 005a 4F040000 		.4byte	.LASF5
 154 005e 03       		.uleb128 0x3
 155 005f 08050000 		.4byte	.LASF6
 156 0063 03       		.byte	0x3
 157 0064 2B       		.byte	0x2b
 158 0065 69000000 		.4byte	0x69
 159 0069 04       		.uleb128 0x4
 160 006a 02       		.byte	0x2
 161 006b 07       		.byte	0x7
 162 006c 9F020000 		.4byte	.LASF7
 163 0070 03       		.uleb128 0x3
 164 0071 4D030000 		.4byte	.LASF8
 165 0075 03       		.byte	0x3
 166 0076 3F       		.byte	0x3f
 167 0077 7B000000 		.4byte	0x7b
 168 007b 04       		.uleb128 0x4
 169 007c 04       		.byte	0x4
 170 007d 05       		.byte	0x5
 171 007e DE010000 		.4byte	.LASF9
ARM GAS  /tmp/cc7JEf0z.s 			page 4


 172 0082 03       		.uleb128 0x3
 173 0083 08020000 		.4byte	.LASF10
 174 0087 03       		.byte	0x3
 175 0088 41       		.byte	0x41
 176 0089 8D000000 		.4byte	0x8d
 177 008d 04       		.uleb128 0x4
 178 008e 04       		.byte	0x4
 179 008f 07       		.byte	0x7
 180 0090 F1040000 		.4byte	.LASF11
 181 0094 04       		.uleb128 0x4
 182 0095 08       		.byte	0x8
 183 0096 05       		.byte	0x5
 184 0097 CA000000 		.4byte	.LASF12
 185 009b 03       		.uleb128 0x3
 186 009c DD030000 		.4byte	.LASF13
 187 00a0 03       		.byte	0x3
 188 00a1 5B       		.byte	0x5b
 189 00a2 A6000000 		.4byte	0xa6
 190 00a6 04       		.uleb128 0x4
 191 00a7 08       		.byte	0x8
 192 00a8 07       		.byte	0x7
 193 00a9 69000000 		.4byte	.LASF14
 194 00ad 03       		.uleb128 0x3
 195 00ae AC050000 		.4byte	.LASF15
 196 00b2 04       		.byte	0x4
 197 00b3 14       		.byte	0x14
 198 00b4 45000000 		.4byte	0x45
 199 00b8 03       		.uleb128 0x3
 200 00b9 F7010000 		.4byte	.LASF16
 201 00bd 04       		.byte	0x4
 202 00be 1A       		.byte	0x1a
 203 00bf 5E000000 		.4byte	0x5e
 204 00c3 03       		.uleb128 0x3
 205 00c4 2F040000 		.4byte	.LASF17
 206 00c8 04       		.byte	0x4
 207 00c9 1F       		.byte	0x1f
 208 00ca 70000000 		.4byte	0x70
 209 00ce 03       		.uleb128 0x3
 210 00cf C0040000 		.4byte	.LASF18
 211 00d3 04       		.byte	0x4
 212 00d4 20       		.byte	0x20
 213 00d5 82000000 		.4byte	0x82
 214 00d9 03       		.uleb128 0x3
 215 00da 2E000000 		.4byte	.LASF19
 216 00de 04       		.byte	0x4
 217 00df 26       		.byte	0x26
 218 00e0 9B000000 		.4byte	0x9b
 219 00e4 03       		.uleb128 0x3
 220 00e5 77050000 		.4byte	.LASF20
 221 00e9 05       		.byte	0x5
 222 00ea 39       		.byte	0x39
 223 00eb CE000000 		.4byte	0xce
 224 00ef 03       		.uleb128 0x3
 225 00f0 87040000 		.4byte	.LASF21
 226 00f4 05       		.byte	0x5
 227 00f5 3C       		.byte	0x3c
 228 00f6 AD000000 		.4byte	0xad
ARM GAS  /tmp/cc7JEf0z.s 			page 5


 229 00fa 03       		.uleb128 0x3
 230 00fb EE010000 		.4byte	.LASF22
 231 00ff 05       		.byte	0x5
 232 0100 3D       		.byte	0x3d
 233 0101 AD000000 		.4byte	0xad
 234 0105 03       		.uleb128 0x3
 235 0106 E8030000 		.4byte	.LASF23
 236 010a 05       		.byte	0x5
 237 010b 3E       		.byte	0x3e
 238 010c AD000000 		.4byte	0xad
 239 0110 03       		.uleb128 0x3
 240 0111 11040000 		.4byte	.LASF24
 241 0115 05       		.byte	0x5
 242 0116 40       		.byte	0x40
 243 0117 CE000000 		.4byte	0xce
 244 011b 03       		.uleb128 0x3
 245 011c CE020000 		.4byte	.LASF25
 246 0120 05       		.byte	0x5
 247 0121 41       		.byte	0x41
 248 0122 C3000000 		.4byte	0xc3
 249 0126 03       		.uleb128 0x3
 250 0127 41030000 		.4byte	.LASF26
 251 012b 05       		.byte	0x5
 252 012c 43       		.byte	0x43
 253 012d CE000000 		.4byte	0xce
 254 0131 03       		.uleb128 0x3
 255 0132 5F020000 		.4byte	.LASF27
 256 0136 05       		.byte	0x5
 257 0137 45       		.byte	0x45
 258 0138 C3000000 		.4byte	0xc3
 259 013c 03       		.uleb128 0x3
 260 013d 23050000 		.4byte	.LASF28
 261 0141 06       		.byte	0x6
 262 0142 35       		.byte	0x35
 263 0143 B8000000 		.4byte	0xb8
 264 0147 03       		.uleb128 0x3
 265 0148 13050000 		.4byte	.LASF29
 266 014c 06       		.byte	0x6
 267 014d 3F       		.byte	0x3f
 268 014e 52010000 		.4byte	0x152
 269 0152 05       		.uleb128 0x5
 270 0153 B9020000 		.4byte	.LASF46
 271 0157 38       		.byte	0x38
 272 0158 07       		.byte	0x7
 273 0159 C2       		.byte	0xc2
 274 015a 1B020000 		.4byte	0x21b
 275 015e 06       		.uleb128 0x6
 276 015f 80040000 		.4byte	.LASF30
 277 0163 07       		.byte	0x7
 278 0164 C3       		.byte	0xc3
 279 0165 26020000 		.4byte	0x226
 280 0169 00       		.byte	0
 281 016a 06       		.uleb128 0x6
 282 016b 0A040000 		.4byte	.LASF31
 283 016f 07       		.byte	0x7
 284 0170 C5       		.byte	0xc5
 285 0171 26020000 		.4byte	0x226
ARM GAS  /tmp/cc7JEf0z.s 			page 6


 286 0175 04       		.byte	0x4
 287 0176 06       		.uleb128 0x6
 288 0177 C3000000 		.4byte	.LASF32
 289 017b 07       		.byte	0x7
 290 017c C7       		.byte	0xc7
 291 017d 10010000 		.4byte	0x110
 292 0181 08       		.byte	0x8
 293 0182 06       		.uleb128 0x6
 294 0183 FD050000 		.4byte	.LASF33
 295 0187 07       		.byte	0x7
 296 0188 C8       		.byte	0xc8
 297 0189 AD040000 		.4byte	0x4ad
 298 018d 0C       		.byte	0xc
 299 018e 06       		.uleb128 0x6
 300 018f 59040000 		.4byte	.LASF34
 301 0193 07       		.byte	0x7
 302 0194 DD       		.byte	0xdd
 303 0195 FA000000 		.4byte	0xfa
 304 0199 10       		.byte	0x10
 305 019a 06       		.uleb128 0x6
 306 019b 8F040000 		.4byte	.LASF35
 307 019f 07       		.byte	0x7
 308 01a0 E1       		.byte	0xe1
 309 01a1 EF000000 		.4byte	0xef
 310 01a5 11       		.byte	0x11
 311 01a6 06       		.uleb128 0x6
 312 01a7 9F050000 		.4byte	.LASF36
 313 01ab 07       		.byte	0x7
 314 01ac E6       		.byte	0xe6
 315 01ad 05010000 		.4byte	0x105
 316 01b1 12       		.byte	0x12
 317 01b2 07       		.uleb128 0x7
 318 01b3 705F7500 		.ascii	"p_u\000"
 319 01b7 07       		.byte	0x7
 320 01b8 3101     		.2byte	0x131
 321 01ba 67050000 		.4byte	0x567
 322 01be 14       		.byte	0x14
 323 01bf 08       		.uleb128 0x8
 324 01c0 78030000 		.4byte	.LASF37
 325 01c4 07       		.byte	0x7
 326 01c5 3601     		.2byte	0x136
 327 01c7 2C020000 		.4byte	0x22c
 328 01cb 18       		.byte	0x18
 329 01cc 08       		.uleb128 0x8
 330 01cd 81020000 		.4byte	.LASF38
 331 01d1 07       		.byte	0x7
 332 01d2 3C01     		.2byte	0x13c
 333 01d4 50020000 		.4byte	0x250
 334 01d8 1C       		.byte	0x1c
 335 01d9 08       		.uleb128 0x8
 336 01da D2050000 		.4byte	.LASF39
 337 01de 07       		.byte	0x7
 338 01df 4001     		.2byte	0x140
 339 01e1 1B010000 		.4byte	0x11b
 340 01e5 24       		.byte	0x24
 341 01e6 08       		.uleb128 0x8
 342 01e7 B5040000 		.4byte	.LASF40
ARM GAS  /tmp/cc7JEf0z.s 			page 7


 343 01eb 07       		.byte	0x7
 344 01ec 4601     		.2byte	0x146
 345 01ee 26010000 		.4byte	0x126
 346 01f2 28       		.byte	0x28
 347 01f3 08       		.uleb128 0x8
 348 01f4 45040000 		.4byte	.LASF41
 349 01f8 07       		.byte	0x7
 350 01f9 4D01     		.2byte	0x14d
 351 01fb 26060000 		.4byte	0x626
 352 01ff 2C       		.byte	0x2c
 353 0200 08       		.uleb128 0x8
 354 0201 2D050000 		.4byte	.LASF42
 355 0205 07       		.byte	0x7
 356 0206 5101     		.2byte	0x151
 357 0208 10010000 		.4byte	0x110
 358 020c 30       		.byte	0x30
 359 020d 08       		.uleb128 0x8
 360 020e E4000000 		.4byte	.LASF43
 361 0212 07       		.byte	0x7
 362 0213 5801     		.2byte	0x158
 363 0215 E9020000 		.4byte	0x2e9
 364 0219 34       		.byte	0x34
 365 021a 00       		.byte	0
 366 021b 03       		.uleb128 0x3
 367 021c 8B030000 		.4byte	.LASF44
 368 0220 06       		.byte	0x6
 369 0221 44       		.byte	0x44
 370 0222 26020000 		.4byte	0x226
 371 0226 09       		.uleb128 0x9
 372 0227 04       		.byte	0x4
 373 0228 47010000 		.4byte	0x147
 374 022c 03       		.uleb128 0x3
 375 022d 69030000 		.4byte	.LASF45
 376 0231 06       		.byte	0x6
 377 0232 49       		.byte	0x49
 378 0233 37020000 		.4byte	0x237
 379 0237 05       		.uleb128 0x5
 380 0238 E1040000 		.4byte	.LASF47
 381 023c 04       		.byte	0x4
 382 023d 07       		.byte	0x7
 383 023e B0       		.byte	0xb0
 384 023f 50020000 		.4byte	0x250
 385 0243 06       		.uleb128 0x6
 386 0244 80040000 		.4byte	.LASF30
 387 0248 07       		.byte	0x7
 388 0249 B1       		.byte	0xb1
 389 024a 26020000 		.4byte	0x226
 390 024e 00       		.byte	0
 391 024f 00       		.byte	0
 392 0250 03       		.uleb128 0x3
 393 0251 86050000 		.4byte	.LASF48
 394 0255 06       		.byte	0x6
 395 0256 50       		.byte	0x50
 396 0257 5B020000 		.4byte	0x25b
 397 025b 05       		.uleb128 0x5
 398 025c B2000000 		.4byte	.LASF49
 399 0260 08       		.byte	0x8
ARM GAS  /tmp/cc7JEf0z.s 			page 8


 400 0261 07       		.byte	0x7
 401 0262 B7       		.byte	0xb7
 402 0263 80020000 		.4byte	0x280
 403 0267 06       		.uleb128 0x6
 404 0268 80040000 		.4byte	.LASF30
 405 026c 07       		.byte	0x7
 406 026d B8       		.byte	0xb8
 407 026e 26020000 		.4byte	0x226
 408 0272 00       		.byte	0
 409 0273 06       		.uleb128 0x6
 410 0274 0A040000 		.4byte	.LASF31
 411 0278 07       		.byte	0x7
 412 0279 B9       		.byte	0xb9
 413 027a 26020000 		.4byte	0x226
 414 027e 04       		.byte	0x4
 415 027f 00       		.byte	0
 416 0280 03       		.uleb128 0x3
 417 0281 13000000 		.4byte	.LASF50
 418 0285 06       		.byte	0x6
 419 0286 57       		.byte	0x57
 420 0287 8B020000 		.4byte	0x28b
 421 028b 0A       		.uleb128 0xa
 422 028c 33030000 		.4byte	.LASF51
 423 0290 14       		.byte	0x14
 424 0291 07       		.byte	0x7
 425 0292 9001     		.2byte	0x190
 426 0294 CD020000 		.4byte	0x2cd
 427 0298 08       		.uleb128 0x8
 428 0299 D0040000 		.4byte	.LASF52
 429 029d 07       		.byte	0x7
 430 029e 9101     		.2byte	0x191
 431 02a0 50020000 		.4byte	0x250
 432 02a4 00       		.byte	0
 433 02a5 08       		.uleb128 0x8
 434 02a6 6B040000 		.4byte	.LASF53
 435 02aa 07       		.byte	0x7
 436 02ab 9201     		.2byte	0x192
 437 02ad 10010000 		.4byte	0x110
 438 02b1 08       		.byte	0x8
 439 02b2 08       		.uleb128 0x8
 440 02b3 B5030000 		.4byte	.LASF54
 441 02b7 07       		.byte	0x7
 442 02b8 9401     		.2byte	0x194
 443 02ba AD040000 		.4byte	0x4ad
 444 02be 0C       		.byte	0xc
 445 02bf 08       		.uleb128 0x8
 446 02c0 D3030000 		.4byte	.LASF55
 447 02c4 07       		.byte	0x7
 448 02c5 9B01     		.2byte	0x19b
 449 02c7 26020000 		.4byte	0x226
 450 02cb 10       		.byte	0x10
 451 02cc 00       		.byte	0
 452 02cd 03       		.uleb128 0x3
 453 02ce 38050000 		.4byte	.LASF56
 454 02d2 06       		.byte	0x6
 455 02d3 5C       		.byte	0x5c
 456 02d4 D8020000 		.4byte	0x2d8
ARM GAS  /tmp/cc7JEf0z.s 			page 9


 457 02d8 09       		.uleb128 0x9
 458 02d9 04       		.byte	0x4
 459 02da DE020000 		.4byte	0x2de
 460 02de 0B       		.uleb128 0xb
 461 02df E9020000 		.4byte	0x2e9
 462 02e3 0C       		.uleb128 0xc
 463 02e4 E9020000 		.4byte	0x2e9
 464 02e8 00       		.byte	0
 465 02e9 0D       		.uleb128 0xd
 466 02ea 04       		.byte	0x4
 467 02eb 03       		.uleb128 0x3
 468 02ec FA030000 		.4byte	.LASF57
 469 02f0 06       		.byte	0x6
 470 02f1 61       		.byte	0x61
 471 02f2 F6020000 		.4byte	0x2f6
 472 02f6 0A       		.uleb128 0xa
 473 02f7 97040000 		.4byte	.LASF58
 474 02fb 14       		.byte	0x14
 475 02fc 07       		.byte	0x7
 476 02fd 6B01     		.2byte	0x16b
 477 02ff 45030000 		.4byte	0x345
 478 0303 08       		.uleb128 0x8
 479 0304 72020000 		.4byte	.LASF59
 480 0308 07       		.byte	0x7
 481 0309 6C01     		.2byte	0x16c
 482 030b 2C060000 		.4byte	0x62c
 483 030f 00       		.byte	0
 484 0310 08       		.uleb128 0x8
 485 0311 1C020000 		.4byte	.LASF60
 486 0315 07       		.byte	0x7
 487 0316 6D01     		.2byte	0x16d
 488 0318 2C060000 		.4byte	0x62c
 489 031c 04       		.byte	0x4
 490 031d 08       		.uleb128 0x8
 491 031e D8040000 		.4byte	.LASF61
 492 0322 07       		.byte	0x7
 493 0323 6E01     		.2byte	0x16e
 494 0325 3C010000 		.4byte	0x13c
 495 0329 08       		.byte	0x8
 496 032a 08       		.uleb128 0x8
 497 032b 03060000 		.4byte	.LASF62
 498 032f 07       		.byte	0x7
 499 0330 6F01     		.2byte	0x16f
 500 0332 CD020000 		.4byte	0x2cd
 501 0336 0C       		.byte	0xc
 502 0337 08       		.uleb128 0x8
 503 0338 7F050000 		.4byte	.LASF63
 504 033c 07       		.byte	0x7
 505 033d 7101     		.2byte	0x171
 506 033f E9020000 		.4byte	0x2e9
 507 0343 10       		.byte	0x10
 508 0344 00       		.byte	0
 509 0345 03       		.uleb128 0x3
 510 0346 8F000000 		.4byte	.LASF64
 511 034a 06       		.byte	0x6
 512 034b 66       		.byte	0x66
 513 034c 50030000 		.4byte	0x350
ARM GAS  /tmp/cc7JEf0z.s 			page 10


 514 0350 0A       		.uleb128 0xa
 515 0351 9E030000 		.4byte	.LASF65
 516 0355 0C       		.byte	0xc
 517 0356 07       		.byte	0x7
 518 0357 7B01     		.2byte	0x17b
 519 0359 92030000 		.4byte	0x392
 520 035d 08       		.uleb128 0x8
 521 035e 72020000 		.4byte	.LASF59
 522 0362 07       		.byte	0x7
 523 0363 7C01     		.2byte	0x17c
 524 0365 2C060000 		.4byte	0x62c
 525 0369 00       		.byte	0
 526 036a 08       		.uleb128 0x8
 527 036b 1C020000 		.4byte	.LASF60
 528 036f 07       		.byte	0x7
 529 0370 7E01     		.2byte	0x17e
 530 0372 2C060000 		.4byte	0x62c
 531 0376 04       		.byte	0x4
 532 0377 08       		.uleb128 0x8
 533 0378 D8040000 		.4byte	.LASF61
 534 037c 07       		.byte	0x7
 535 037d 8001     		.2byte	0x180
 536 037f 3C010000 		.4byte	0x13c
 537 0383 08       		.byte	0x8
 538 0384 08       		.uleb128 0x8
 539 0385 C7050000 		.4byte	.LASF66
 540 0389 07       		.byte	0x7
 541 038a 8201     		.2byte	0x182
 542 038c 32060000 		.4byte	0x632
 543 0390 0A       		.byte	0xa
 544 0391 00       		.byte	0
 545 0392 03       		.uleb128 0x3
 546 0393 4D000000 		.4byte	.LASF67
 547 0397 06       		.byte	0x6
 548 0398 6B       		.byte	0x6b
 549 0399 9D030000 		.4byte	0x39d
 550 039d 0A       		.uleb128 0xa
 551 039e 19040000 		.4byte	.LASF68
 552 03a2 04       		.byte	0x4
 553 03a3 07       		.byte	0x7
 554 03a4 A201     		.2byte	0x1a2
 555 03a6 B8030000 		.4byte	0x3b8
 556 03aa 08       		.uleb128 0x8
 557 03ab 41050000 		.4byte	.LASF69
 558 03af 07       		.byte	0x7
 559 03b0 AA01     		.2byte	0x1aa
 560 03b2 37060000 		.4byte	0x637
 561 03b6 00       		.byte	0
 562 03b7 00       		.byte	0
 563 03b8 03       		.uleb128 0x3
 564 03b9 D4020000 		.4byte	.LASF70
 565 03bd 06       		.byte	0x6
 566 03be 70       		.byte	0x70
 567 03bf C3030000 		.4byte	0x3c3
 568 03c3 0E       		.uleb128 0xe
 569 03c4 D4010000 		.4byte	.LASF71
 570 03c8 3001     		.2byte	0x130
ARM GAS  /tmp/cc7JEf0z.s 			page 11


 571 03ca 07       		.byte	0x7
 572 03cb C201     		.2byte	0x1c2
 573 03cd 1F040000 		.4byte	0x41f
 574 03d1 08       		.uleb128 0x8
 575 03d2 A6050000 		.4byte	.LASF72
 576 03d6 07       		.byte	0x7
 577 03d7 C601     		.2byte	0x1c6
 578 03d9 80020000 		.4byte	0x280
 579 03dd 00       		.byte	0
 580 03de 08       		.uleb128 0x8
 581 03df 24020000 		.4byte	.LASF73
 582 03e3 07       		.byte	0x7
 583 03e4 CA01     		.2byte	0x1ca
 584 03e6 45030000 		.4byte	0x345
 585 03ea 14       		.byte	0x14
 586 03eb 07       		.uleb128 0x7
 587 03ec 64626700 		.ascii	"dbg\000"
 588 03f0 07       		.byte	0x7
 589 03f1 CE01     		.2byte	0x1ce
 590 03f3 92030000 		.4byte	0x392
 591 03f7 20       		.byte	0x20
 592 03f8 08       		.uleb128 0x8
 593 03f9 C3020000 		.4byte	.LASF74
 594 03fd 07       		.byte	0x7
 595 03fe D201     		.2byte	0x1d2
 596 0400 47010000 		.4byte	0x147
 597 0404 24       		.byte	0x24
 598 0405 07       		.uleb128 0x7
 599 0406 746D00   		.ascii	"tm\000"
 600 0409 07       		.byte	0x7
 601 040a D701     		.2byte	0x1d7
 602 040c 5C050000 		.4byte	0x55c
 603 0410 5C       		.byte	0x5c
 604 0411 08       		.uleb128 0x8
 605 0412 50020000 		.4byte	.LASF75
 606 0416 07       		.byte	0x7
 607 0417 E301     		.2byte	0x1e3
 608 0419 4E060000 		.4byte	0x64e
 609 041d 60       		.byte	0x60
 610 041e 00       		.byte	0
 611 041f 04       		.uleb128 0x4
 612 0420 04       		.byte	0x4
 613 0421 07       		.byte	0x7
 614 0422 82030000 		.4byte	.LASF76
 615 0426 0F       		.uleb128 0xf
 616 0427 CE000000 		.4byte	0xce
 617 042b 10       		.uleb128 0x10
 618 042c CE000000 		.4byte	0xce
 619 0430 3B040000 		.4byte	0x43b
 620 0434 11       		.uleb128 0x11
 621 0435 1F040000 		.4byte	0x41f
 622 0439 03       		.byte	0x3
 623 043a 00       		.byte	0
 624 043b 12       		.uleb128 0x12
 625 043c 20       		.byte	0x20
 626 043d 08       		.byte	0x8
 627 043e F901     		.2byte	0x1f9
ARM GAS  /tmp/cc7JEf0z.s 			page 12


 628 0440 86040000 		.4byte	0x486
 629 0444 08       		.uleb128 0x8
 630 0445 2B020000 		.4byte	.LASF77
 631 0449 08       		.byte	0x8
 632 044a FB01     		.2byte	0x1fb
 633 044c 26040000 		.4byte	0x426
 634 0450 00       		.byte	0
 635 0451 08       		.uleb128 0x8
 636 0452 BB050000 		.4byte	.LASF78
 637 0456 08       		.byte	0x8
 638 0457 FC01     		.2byte	0x1fc
 639 0459 26040000 		.4byte	0x426
 640 045d 04       		.byte	0x4
 641 045e 08       		.uleb128 0x8
 642 045f 0B060000 		.4byte	.LASF79
 643 0463 08       		.byte	0x8
 644 0464 FD01     		.2byte	0x1fd
 645 0466 86040000 		.4byte	0x486
 646 046a 08       		.byte	0x8
 647 046b 08       		.uleb128 0x8
 648 046c F0030000 		.4byte	.LASF80
 649 0470 08       		.byte	0x8
 650 0471 FE01     		.2byte	0x1fe
 651 0473 CE000000 		.4byte	0xce
 652 0477 18       		.byte	0x18
 653 0478 08       		.uleb128 0x8
 654 0479 89000000 		.4byte	.LASF81
 655 047d 08       		.byte	0x8
 656 047e FF01     		.2byte	0x1ff
 657 0480 26040000 		.4byte	0x426
 658 0484 1C       		.byte	0x1c
 659 0485 00       		.byte	0
 660 0486 0F       		.uleb128 0xf
 661 0487 2B040000 		.4byte	0x42b
 662 048b 13       		.uleb128 0x13
 663 048c 5C000000 		.4byte	.LASF82
 664 0490 08       		.byte	0x8
 665 0491 0002     		.2byte	0x200
 666 0493 3B040000 		.4byte	0x43b
 667 0497 03       		.uleb128 0x3
 668 0498 13020000 		.4byte	.LASF83
 669 049c 09       		.byte	0x9
 670 049d 65       		.byte	0x65
 671 049e E9020000 		.4byte	0x2e9
 672 04a2 03       		.uleb128 0x3
 673 04a3 5E030000 		.4byte	.LASF84
 674 04a7 09       		.byte	0x9
 675 04a8 6D       		.byte	0x6d
 676 04a9 D9000000 		.4byte	0xd9
 677 04ad 05       		.uleb128 0x5
 678 04ae 52050000 		.4byte	.LASF85
 679 04b2 04       		.byte	0x4
 680 04b3 09       		.byte	0x9
 681 04b4 89       		.byte	0x89
 682 04b5 C6040000 		.4byte	0x4c6
 683 04b9 14       		.uleb128 0x14
 684 04ba 72313300 		.ascii	"r13\000"
ARM GAS  /tmp/cc7JEf0z.s 			page 13


 685 04be 09       		.byte	0x9
 686 04bf 8A       		.byte	0x8a
 687 04c0 41050000 		.4byte	0x541
 688 04c4 00       		.byte	0
 689 04c5 00       		.byte	0
 690 04c6 05       		.uleb128 0x5
 691 04c7 41000000 		.4byte	.LASF86
 692 04cb 24       		.byte	0x24
 693 04cc 0A       		.byte	0xa
 694 04cd FD       		.byte	0xfd
 695 04ce 41050000 		.4byte	0x541
 696 04d2 07       		.uleb128 0x7
 697 04d3 723400   		.ascii	"r4\000"
 698 04d6 0A       		.byte	0xa
 699 04d7 1001     		.2byte	0x110
 700 04d9 97040000 		.4byte	0x497
 701 04dd 00       		.byte	0
 702 04de 07       		.uleb128 0x7
 703 04df 723500   		.ascii	"r5\000"
 704 04e2 0A       		.byte	0xa
 705 04e3 1101     		.2byte	0x111
 706 04e5 97040000 		.4byte	0x497
 707 04e9 04       		.byte	0x4
 708 04ea 07       		.uleb128 0x7
 709 04eb 723600   		.ascii	"r6\000"
 710 04ee 0A       		.byte	0xa
 711 04ef 1201     		.2byte	0x112
 712 04f1 97040000 		.4byte	0x497
 713 04f5 08       		.byte	0x8
 714 04f6 07       		.uleb128 0x7
 715 04f7 723700   		.ascii	"r7\000"
 716 04fa 0A       		.byte	0xa
 717 04fb 1301     		.2byte	0x113
 718 04fd 97040000 		.4byte	0x497
 719 0501 0C       		.byte	0xc
 720 0502 07       		.uleb128 0x7
 721 0503 723800   		.ascii	"r8\000"
 722 0506 0A       		.byte	0xa
 723 0507 1401     		.2byte	0x114
 724 0509 97040000 		.4byte	0x497
 725 050d 10       		.byte	0x10
 726 050e 07       		.uleb128 0x7
 727 050f 723900   		.ascii	"r9\000"
 728 0512 0A       		.byte	0xa
 729 0513 1501     		.2byte	0x115
 730 0515 97040000 		.4byte	0x497
 731 0519 14       		.byte	0x14
 732 051a 07       		.uleb128 0x7
 733 051b 72313000 		.ascii	"r10\000"
 734 051f 0A       		.byte	0xa
 735 0520 1601     		.2byte	0x116
 736 0522 97040000 		.4byte	0x497
 737 0526 18       		.byte	0x18
 738 0527 07       		.uleb128 0x7
 739 0528 72313100 		.ascii	"r11\000"
 740 052c 0A       		.byte	0xa
 741 052d 1701     		.2byte	0x117
ARM GAS  /tmp/cc7JEf0z.s 			page 14


 742 052f 97040000 		.4byte	0x497
 743 0533 1C       		.byte	0x1c
 744 0534 07       		.uleb128 0x7
 745 0535 6C7200   		.ascii	"lr\000"
 746 0538 0A       		.byte	0xa
 747 0539 1801     		.2byte	0x118
 748 053b 97040000 		.4byte	0x497
 749 053f 20       		.byte	0x20
 750 0540 00       		.byte	0
 751 0541 09       		.uleb128 0x9
 752 0542 04       		.byte	0x4
 753 0543 C6040000 		.4byte	0x4c6
 754 0547 15       		.uleb128 0x15
 755 0548 04       		.byte	0x4
 756 0549 0B       		.byte	0xb
 757 054a 38       		.byte	0x38
 758 054b 5C050000 		.4byte	0x55c
 759 054f 06       		.uleb128 0x6
 760 0550 4B050000 		.4byte	.LASF87
 761 0554 0B       		.byte	0xb
 762 0555 3C       		.byte	0x3c
 763 0556 E4000000 		.4byte	0xe4
 764 055a 00       		.byte	0
 765 055b 00       		.byte	0
 766 055c 03       		.uleb128 0x3
 767 055d BB030000 		.4byte	.LASF88
 768 0561 0B       		.byte	0xb
 769 0562 3D       		.byte	0x3d
 770 0563 47050000 		.4byte	0x547
 771 0567 16       		.uleb128 0x16
 772 0568 04       		.byte	0x4
 773 0569 07       		.byte	0x7
 774 056a FA       		.byte	0xfa
 775 056b C4050000 		.4byte	0x5c4
 776 056f 17       		.uleb128 0x17
 777 0570 27000000 		.4byte	.LASF89
 778 0574 07       		.byte	0x7
 779 0575 0101     		.2byte	0x101
 780 0577 1B010000 		.4byte	0x11b
 781 057b 17       		.uleb128 0x17
 782 057c 80000000 		.4byte	.LASF90
 783 0580 07       		.byte	0x7
 784 0581 0801     		.2byte	0x108
 785 0583 1B010000 		.4byte	0x11b
 786 0587 17       		.uleb128 0x17
 787 0588 B4050000 		.4byte	.LASF91
 788 058c 07       		.byte	0x7
 789 058d 0F01     		.2byte	0x10f
 790 058f E9020000 		.4byte	0x2e9
 791 0593 17       		.uleb128 0x17
 792 0594 CE010000 		.4byte	.LASF92
 793 0598 07       		.byte	0x7
 794 0599 1601     		.2byte	0x116
 795 059b C4050000 		.4byte	0x5c4
 796 059f 17       		.uleb128 0x17
 797 05a0 7A020000 		.4byte	.LASF93
 798 05a4 07       		.byte	0x7
ARM GAS  /tmp/cc7JEf0z.s 			page 15


 799 05a5 1E01     		.2byte	0x11e
 800 05a7 EF050000 		.4byte	0x5ef
 801 05ab 17       		.uleb128 0x17
 802 05ac C9040000 		.4byte	.LASF94
 803 05b0 07       		.byte	0x7
 804 05b1 2701     		.2byte	0x127
 805 05b3 26060000 		.4byte	0x626
 806 05b7 17       		.uleb128 0x17
 807 05b8 79040000 		.4byte	.LASF95
 808 05bc 07       		.byte	0x7
 809 05bd 2F01     		.2byte	0x12f
 810 05bf 26010000 		.4byte	0x126
 811 05c3 00       		.byte	0
 812 05c4 09       		.uleb128 0x9
 813 05c5 04       		.byte	0x4
 814 05c6 1B020000 		.4byte	0x21b
 815 05ca 05       		.uleb128 0x5
 816 05cb A8040000 		.4byte	.LASF96
 817 05cf 0C       		.byte	0xc
 818 05d0 0C       		.byte	0xc
 819 05d1 34       		.byte	0x34
 820 05d2 EF050000 		.4byte	0x5ef
 821 05d6 06       		.uleb128 0x6
 822 05d7 00020000 		.4byte	.LASF97
 823 05db 0C       		.byte	0xc
 824 05dc 35       		.byte	0x35
 825 05dd 50020000 		.4byte	0x250
 826 05e1 00       		.byte	0
 827 05e2 06       		.uleb128 0x6
 828 05e3 8C020000 		.4byte	.LASF98
 829 05e7 0C       		.byte	0xc
 830 05e8 37       		.byte	0x37
 831 05e9 31010000 		.4byte	0x131
 832 05ed 08       		.byte	0x8
 833 05ee 00       		.byte	0
 834 05ef 09       		.uleb128 0x9
 835 05f0 04       		.byte	0x4
 836 05f1 CA050000 		.4byte	0x5ca
 837 05f5 05       		.uleb128 0x5
 838 05f6 96050000 		.4byte	.LASF99
 839 05fa 10       		.byte	0x10
 840 05fb 0D       		.byte	0xd
 841 05fc 39       		.byte	0x39
 842 05fd 26060000 		.4byte	0x626
 843 0601 06       		.uleb128 0x6
 844 0602 EC000000 		.4byte	.LASF100
 845 0606 0D       		.byte	0xd
 846 0607 3A       		.byte	0x3a
 847 0608 50020000 		.4byte	0x250
 848 060c 00       		.byte	0
 849 060d 06       		.uleb128 0x6
 850 060e E2050000 		.4byte	.LASF101
 851 0612 0D       		.byte	0xd
 852 0613 3C       		.byte	0x3c
 853 0614 26020000 		.4byte	0x226
 854 0618 08       		.byte	0x8
 855 0619 06       		.uleb128 0x6
ARM GAS  /tmp/cc7JEf0z.s 			page 16


 856 061a 1C050000 		.4byte	.LASF102
 857 061e 0D       		.byte	0xd
 858 061f 3E       		.byte	0x3e
 859 0620 69060000 		.4byte	0x669
 860 0624 0C       		.byte	0xc
 861 0625 00       		.byte	0
 862 0626 09       		.uleb128 0x9
 863 0627 04       		.byte	0x4
 864 0628 F5050000 		.4byte	0x5f5
 865 062c 09       		.uleb128 0x9
 866 062d 04       		.byte	0x4
 867 062e EB020000 		.4byte	0x2eb
 868 0632 0F       		.uleb128 0xf
 869 0633 3C010000 		.4byte	0x13c
 870 0637 0F       		.uleb128 0xf
 871 0638 3C060000 		.4byte	0x63c
 872 063c 09       		.uleb128 0x9
 873 063d 04       		.byte	0x4
 874 063e 42060000 		.4byte	0x642
 875 0642 18       		.uleb128 0x18
 876 0643 47060000 		.4byte	0x647
 877 0647 04       		.uleb128 0x4
 878 0648 01       		.byte	0x1
 879 0649 08       		.byte	0x8
 880 064a 03050000 		.4byte	.LASF103
 881 064e 10       		.uleb128 0x10
 882 064f A2040000 		.4byte	0x4a2
 883 0653 5E060000 		.4byte	0x65e
 884 0657 11       		.uleb128 0x11
 885 0658 1F040000 		.4byte	0x41f
 886 065c 19       		.byte	0x19
 887 065d 00       		.byte	0
 888 065e 03       		.uleb128 0x3
 889 065f 41020000 		.4byte	.LASF104
 890 0663 0D       		.byte	0xd
 891 0664 34       		.byte	0x34
 892 0665 F5050000 		.4byte	0x5f5
 893 0669 09       		.uleb128 0x9
 894 066a 04       		.byte	0x4
 895 066b 5E060000 		.4byte	0x65e
 896 066f 04       		.uleb128 0x4
 897 0670 01       		.byte	0x1
 898 0671 02       		.byte	0x2
 899 0672 29040000 		.4byte	.LASF105
 900 0676 15       		.uleb128 0x15
 901 0677 0C       		.byte	0xc
 902 0678 0E       		.byte	0xe
 903 0679 68       		.byte	0x68
 904 067a A3060000 		.4byte	0x6a3
 905 067e 14       		.uleb128 0x14
 906 067f 6F647200 		.ascii	"odr\000"
 907 0683 0E       		.byte	0xe
 908 0684 6A       		.byte	0x6a
 909 0685 CE000000 		.4byte	0xce
 910 0689 00       		.byte	0
 911 068a 14       		.uleb128 0x14
 912 068b 63726C00 		.ascii	"crl\000"
ARM GAS  /tmp/cc7JEf0z.s 			page 17


 913 068f 0E       		.byte	0xe
 914 0690 6C       		.byte	0x6c
 915 0691 CE000000 		.4byte	0xce
 916 0695 04       		.byte	0x4
 917 0696 14       		.uleb128 0x14
 918 0697 63726800 		.ascii	"crh\000"
 919 069b 0E       		.byte	0xe
 920 069c 6E       		.byte	0x6e
 921 069d CE000000 		.4byte	0xce
 922 06a1 08       		.byte	0x8
 923 06a2 00       		.byte	0
 924 06a3 03       		.uleb128 0x3
 925 06a4 00000000 		.4byte	.LASF106
 926 06a8 0E       		.byte	0xe
 927 06a9 6F       		.byte	0x6f
 928 06aa 76060000 		.4byte	0x676
 929 06ae 15       		.uleb128 0x15
 930 06af 54       		.byte	0x54
 931 06b0 0E       		.byte	0xe
 932 06b1 78       		.byte	0x78
 933 06b2 0B070000 		.4byte	0x70b
 934 06b6 06       		.uleb128 0x6
 935 06b7 72040000 		.4byte	.LASF107
 936 06bb 0E       		.byte	0xe
 937 06bc 7A       		.byte	0x7a
 938 06bd A3060000 		.4byte	0x6a3
 939 06c1 00       		.byte	0
 940 06c2 06       		.uleb128 0x6
 941 06c3 49020000 		.4byte	.LASF108
 942 06c7 0E       		.byte	0xe
 943 06c8 7C       		.byte	0x7c
 944 06c9 A3060000 		.4byte	0x6a3
 945 06cd 0C       		.byte	0xc
 946 06ce 06       		.uleb128 0x6
 947 06cf C0050000 		.4byte	.LASF109
 948 06d3 0E       		.byte	0xe
 949 06d4 7E       		.byte	0x7e
 950 06d5 A3060000 		.4byte	0x6a3
 951 06d9 18       		.byte	0x18
 952 06da 06       		.uleb128 0x6
 953 06db CC030000 		.4byte	.LASF110
 954 06df 0E       		.byte	0xe
 955 06e0 80       		.byte	0x80
 956 06e1 A3060000 		.4byte	0x6a3
 957 06e5 24       		.byte	0x24
 958 06e6 06       		.uleb128 0x6
 959 06e7 E7010000 		.4byte	.LASF111
 960 06eb 0E       		.byte	0xe
 961 06ec 83       		.byte	0x83
 962 06ed A3060000 		.4byte	0x6a3
 963 06f1 30       		.byte	0x30
 964 06f2 06       		.uleb128 0x6
 965 06f3 B2020000 		.4byte	.LASF112
 966 06f7 0E       		.byte	0xe
 967 06f8 86       		.byte	0x86
 968 06f9 A3060000 		.4byte	0x6a3
 969 06fd 3C       		.byte	0x3c
ARM GAS  /tmp/cc7JEf0z.s 			page 18


 970 06fe 06       		.uleb128 0x6
 971 06ff 57030000 		.4byte	.LASF113
 972 0703 0E       		.byte	0xe
 973 0704 89       		.byte	0x89
 974 0705 A3060000 		.4byte	0x6a3
 975 0709 48       		.byte	0x48
 976 070a 00       		.byte	0
 977 070b 03       		.uleb128 0x3
 978 070c D8050000 		.4byte	.LASF114
 979 0710 0E       		.byte	0xe
 980 0711 8D       		.byte	0x8d
 981 0712 AE060000 		.4byte	0x6ae
 982 0716 19       		.uleb128 0x19
 983 0717 92020000 		.4byte	.LASF120
 984 071b 01       		.byte	0x1
 985 071c 2A       		.byte	0x2a
 986 071d 00000000 		.4byte	.LFB207
 987 0721 04000000 		.4byte	.LFE207-.LFB207
 988 0725 01       		.uleb128 0x1
 989 0726 9C       		.byte	0x9c
 990 0727 35070000 		.4byte	0x735
 991 072b 1A       		.uleb128 0x1a
 992 072c 04000000 		.4byte	.LVL0
 993 0730 78070000 		.4byte	0x778
 994 0734 00       		.byte	0
 995 0735 1B       		.uleb128 0x1b
 996 0736 61040000 		.4byte	.LASF121
 997 073a 01       		.byte	0x1
 998 073b 31       		.byte	0x31
 999 073c 00000000 		.4byte	.LFB208
 1000 0740 10000000 		.4byte	.LFE208-.LFB208
 1001 0744 01       		.uleb128 0x1
 1002 0745 9C       		.byte	0x9c
 1003 0746 1C       		.uleb128 0x1c
 1004 0747 A5000000 		.4byte	.LASF115
 1005 074b 0F       		.byte	0xf
 1006 074c 5506     		.2byte	0x655
 1007 074e 52070000 		.4byte	0x752
 1008 0752 0F       		.uleb128 0xf
 1009 0753 C3000000 		.4byte	0xc3
 1010 0757 1D       		.uleb128 0x1d
 1011 0758 636800   		.ascii	"ch\000"
 1012 075b 07       		.byte	0x7
 1013 075c 0902     		.2byte	0x209
 1014 075e B8030000 		.4byte	0x3b8
 1015 0762 1E       		.uleb128 0x1e
 1016 0763 EA050000 		.4byte	.LASF116
 1017 0767 01       		.byte	0x1
 1018 0768 19       		.byte	0x19
 1019 0769 73070000 		.4byte	0x773
 1020 076d 05       		.uleb128 0x5
 1021 076e 03       		.byte	0x3
 1022 076f 00000000 		.4byte	pal_default_config
 1023 0773 18       		.uleb128 0x18
 1024 0774 0B070000 		.4byte	0x70b
 1025 0778 1F       		.uleb128 0x1f
 1026 0779 30020000 		.4byte	.LASF122
ARM GAS  /tmp/cc7JEf0z.s 			page 19


 1027 077d 10       		.byte	0x10
 1028 077e D7       		.byte	0xd7
 1029 077f 00       		.byte	0
 1030              		.section	.debug_abbrev,"",%progbits
 1031              	.Ldebug_abbrev0:
 1032 0000 01       		.uleb128 0x1
 1033 0001 11       		.uleb128 0x11
 1034 0002 01       		.byte	0x1
 1035 0003 25       		.uleb128 0x25
 1036 0004 0E       		.uleb128 0xe
 1037 0005 13       		.uleb128 0x13
 1038 0006 0B       		.uleb128 0xb
 1039 0007 03       		.uleb128 0x3
 1040 0008 0E       		.uleb128 0xe
 1041 0009 1B       		.uleb128 0x1b
 1042 000a 0E       		.uleb128 0xe
 1043 000b 55       		.uleb128 0x55
 1044 000c 17       		.uleb128 0x17
 1045 000d 11       		.uleb128 0x11
 1046 000e 01       		.uleb128 0x1
 1047 000f 10       		.uleb128 0x10
 1048 0010 17       		.uleb128 0x17
 1049 0011 00       		.byte	0
 1050 0012 00       		.byte	0
 1051 0013 02       		.uleb128 0x2
 1052 0014 24       		.uleb128 0x24
 1053 0015 00       		.byte	0
 1054 0016 0B       		.uleb128 0xb
 1055 0017 0B       		.uleb128 0xb
 1056 0018 3E       		.uleb128 0x3e
 1057 0019 0B       		.uleb128 0xb
 1058 001a 03       		.uleb128 0x3
 1059 001b 08       		.uleb128 0x8
 1060 001c 00       		.byte	0
 1061 001d 00       		.byte	0
 1062 001e 03       		.uleb128 0x3
 1063 001f 16       		.uleb128 0x16
 1064 0020 00       		.byte	0
 1065 0021 03       		.uleb128 0x3
 1066 0022 0E       		.uleb128 0xe
 1067 0023 3A       		.uleb128 0x3a
 1068 0024 0B       		.uleb128 0xb
 1069 0025 3B       		.uleb128 0x3b
 1070 0026 0B       		.uleb128 0xb
 1071 0027 49       		.uleb128 0x49
 1072 0028 13       		.uleb128 0x13
 1073 0029 00       		.byte	0
 1074 002a 00       		.byte	0
 1075 002b 04       		.uleb128 0x4
 1076 002c 24       		.uleb128 0x24
 1077 002d 00       		.byte	0
 1078 002e 0B       		.uleb128 0xb
 1079 002f 0B       		.uleb128 0xb
 1080 0030 3E       		.uleb128 0x3e
 1081 0031 0B       		.uleb128 0xb
 1082 0032 03       		.uleb128 0x3
 1083 0033 0E       		.uleb128 0xe
ARM GAS  /tmp/cc7JEf0z.s 			page 20


 1084 0034 00       		.byte	0
 1085 0035 00       		.byte	0
 1086 0036 05       		.uleb128 0x5
 1087 0037 13       		.uleb128 0x13
 1088 0038 01       		.byte	0x1
 1089 0039 03       		.uleb128 0x3
 1090 003a 0E       		.uleb128 0xe
 1091 003b 0B       		.uleb128 0xb
 1092 003c 0B       		.uleb128 0xb
 1093 003d 3A       		.uleb128 0x3a
 1094 003e 0B       		.uleb128 0xb
 1095 003f 3B       		.uleb128 0x3b
 1096 0040 0B       		.uleb128 0xb
 1097 0041 01       		.uleb128 0x1
 1098 0042 13       		.uleb128 0x13
 1099 0043 00       		.byte	0
 1100 0044 00       		.byte	0
 1101 0045 06       		.uleb128 0x6
 1102 0046 0D       		.uleb128 0xd
 1103 0047 00       		.byte	0
 1104 0048 03       		.uleb128 0x3
 1105 0049 0E       		.uleb128 0xe
 1106 004a 3A       		.uleb128 0x3a
 1107 004b 0B       		.uleb128 0xb
 1108 004c 3B       		.uleb128 0x3b
 1109 004d 0B       		.uleb128 0xb
 1110 004e 49       		.uleb128 0x49
 1111 004f 13       		.uleb128 0x13
 1112 0050 38       		.uleb128 0x38
 1113 0051 0B       		.uleb128 0xb
 1114 0052 00       		.byte	0
 1115 0053 00       		.byte	0
 1116 0054 07       		.uleb128 0x7
 1117 0055 0D       		.uleb128 0xd
 1118 0056 00       		.byte	0
 1119 0057 03       		.uleb128 0x3
 1120 0058 08       		.uleb128 0x8
 1121 0059 3A       		.uleb128 0x3a
 1122 005a 0B       		.uleb128 0xb
 1123 005b 3B       		.uleb128 0x3b
 1124 005c 05       		.uleb128 0x5
 1125 005d 49       		.uleb128 0x49
 1126 005e 13       		.uleb128 0x13
 1127 005f 38       		.uleb128 0x38
 1128 0060 0B       		.uleb128 0xb
 1129 0061 00       		.byte	0
 1130 0062 00       		.byte	0
 1131 0063 08       		.uleb128 0x8
 1132 0064 0D       		.uleb128 0xd
 1133 0065 00       		.byte	0
 1134 0066 03       		.uleb128 0x3
 1135 0067 0E       		.uleb128 0xe
 1136 0068 3A       		.uleb128 0x3a
 1137 0069 0B       		.uleb128 0xb
 1138 006a 3B       		.uleb128 0x3b
 1139 006b 05       		.uleb128 0x5
 1140 006c 49       		.uleb128 0x49
ARM GAS  /tmp/cc7JEf0z.s 			page 21


 1141 006d 13       		.uleb128 0x13
 1142 006e 38       		.uleb128 0x38
 1143 006f 0B       		.uleb128 0xb
 1144 0070 00       		.byte	0
 1145 0071 00       		.byte	0
 1146 0072 09       		.uleb128 0x9
 1147 0073 0F       		.uleb128 0xf
 1148 0074 00       		.byte	0
 1149 0075 0B       		.uleb128 0xb
 1150 0076 0B       		.uleb128 0xb
 1151 0077 49       		.uleb128 0x49
 1152 0078 13       		.uleb128 0x13
 1153 0079 00       		.byte	0
 1154 007a 00       		.byte	0
 1155 007b 0A       		.uleb128 0xa
 1156 007c 13       		.uleb128 0x13
 1157 007d 01       		.byte	0x1
 1158 007e 03       		.uleb128 0x3
 1159 007f 0E       		.uleb128 0xe
 1160 0080 0B       		.uleb128 0xb
 1161 0081 0B       		.uleb128 0xb
 1162 0082 3A       		.uleb128 0x3a
 1163 0083 0B       		.uleb128 0xb
 1164 0084 3B       		.uleb128 0x3b
 1165 0085 05       		.uleb128 0x5
 1166 0086 01       		.uleb128 0x1
 1167 0087 13       		.uleb128 0x13
 1168 0088 00       		.byte	0
 1169 0089 00       		.byte	0
 1170 008a 0B       		.uleb128 0xb
 1171 008b 15       		.uleb128 0x15
 1172 008c 01       		.byte	0x1
 1173 008d 27       		.uleb128 0x27
 1174 008e 19       		.uleb128 0x19
 1175 008f 01       		.uleb128 0x1
 1176 0090 13       		.uleb128 0x13
 1177 0091 00       		.byte	0
 1178 0092 00       		.byte	0
 1179 0093 0C       		.uleb128 0xc
 1180 0094 05       		.uleb128 0x5
 1181 0095 00       		.byte	0
 1182 0096 49       		.uleb128 0x49
 1183 0097 13       		.uleb128 0x13
 1184 0098 00       		.byte	0
 1185 0099 00       		.byte	0
 1186 009a 0D       		.uleb128 0xd
 1187 009b 0F       		.uleb128 0xf
 1188 009c 00       		.byte	0
 1189 009d 0B       		.uleb128 0xb
 1190 009e 0B       		.uleb128 0xb
 1191 009f 00       		.byte	0
 1192 00a0 00       		.byte	0
 1193 00a1 0E       		.uleb128 0xe
 1194 00a2 13       		.uleb128 0x13
 1195 00a3 01       		.byte	0x1
 1196 00a4 03       		.uleb128 0x3
 1197 00a5 0E       		.uleb128 0xe
ARM GAS  /tmp/cc7JEf0z.s 			page 22


 1198 00a6 0B       		.uleb128 0xb
 1199 00a7 05       		.uleb128 0x5
 1200 00a8 3A       		.uleb128 0x3a
 1201 00a9 0B       		.uleb128 0xb
 1202 00aa 3B       		.uleb128 0x3b
 1203 00ab 05       		.uleb128 0x5
 1204 00ac 01       		.uleb128 0x1
 1205 00ad 13       		.uleb128 0x13
 1206 00ae 00       		.byte	0
 1207 00af 00       		.byte	0
 1208 00b0 0F       		.uleb128 0xf
 1209 00b1 35       		.uleb128 0x35
 1210 00b2 00       		.byte	0
 1211 00b3 49       		.uleb128 0x49
 1212 00b4 13       		.uleb128 0x13
 1213 00b5 00       		.byte	0
 1214 00b6 00       		.byte	0
 1215 00b7 10       		.uleb128 0x10
 1216 00b8 01       		.uleb128 0x1
 1217 00b9 01       		.byte	0x1
 1218 00ba 49       		.uleb128 0x49
 1219 00bb 13       		.uleb128 0x13
 1220 00bc 01       		.uleb128 0x1
 1221 00bd 13       		.uleb128 0x13
 1222 00be 00       		.byte	0
 1223 00bf 00       		.byte	0
 1224 00c0 11       		.uleb128 0x11
 1225 00c1 21       		.uleb128 0x21
 1226 00c2 00       		.byte	0
 1227 00c3 49       		.uleb128 0x49
 1228 00c4 13       		.uleb128 0x13
 1229 00c5 2F       		.uleb128 0x2f
 1230 00c6 0B       		.uleb128 0xb
 1231 00c7 00       		.byte	0
 1232 00c8 00       		.byte	0
 1233 00c9 12       		.uleb128 0x12
 1234 00ca 13       		.uleb128 0x13
 1235 00cb 01       		.byte	0x1
 1236 00cc 0B       		.uleb128 0xb
 1237 00cd 0B       		.uleb128 0xb
 1238 00ce 3A       		.uleb128 0x3a
 1239 00cf 0B       		.uleb128 0xb
 1240 00d0 3B       		.uleb128 0x3b
 1241 00d1 05       		.uleb128 0x5
 1242 00d2 01       		.uleb128 0x1
 1243 00d3 13       		.uleb128 0x13
 1244 00d4 00       		.byte	0
 1245 00d5 00       		.byte	0
 1246 00d6 13       		.uleb128 0x13
 1247 00d7 16       		.uleb128 0x16
 1248 00d8 00       		.byte	0
 1249 00d9 03       		.uleb128 0x3
 1250 00da 0E       		.uleb128 0xe
 1251 00db 3A       		.uleb128 0x3a
 1252 00dc 0B       		.uleb128 0xb
 1253 00dd 3B       		.uleb128 0x3b
 1254 00de 05       		.uleb128 0x5
ARM GAS  /tmp/cc7JEf0z.s 			page 23


 1255 00df 49       		.uleb128 0x49
 1256 00e0 13       		.uleb128 0x13
 1257 00e1 00       		.byte	0
 1258 00e2 00       		.byte	0
 1259 00e3 14       		.uleb128 0x14
 1260 00e4 0D       		.uleb128 0xd
 1261 00e5 00       		.byte	0
 1262 00e6 03       		.uleb128 0x3
 1263 00e7 08       		.uleb128 0x8
 1264 00e8 3A       		.uleb128 0x3a
 1265 00e9 0B       		.uleb128 0xb
 1266 00ea 3B       		.uleb128 0x3b
 1267 00eb 0B       		.uleb128 0xb
 1268 00ec 49       		.uleb128 0x49
 1269 00ed 13       		.uleb128 0x13
 1270 00ee 38       		.uleb128 0x38
 1271 00ef 0B       		.uleb128 0xb
 1272 00f0 00       		.byte	0
 1273 00f1 00       		.byte	0
 1274 00f2 15       		.uleb128 0x15
 1275 00f3 13       		.uleb128 0x13
 1276 00f4 01       		.byte	0x1
 1277 00f5 0B       		.uleb128 0xb
 1278 00f6 0B       		.uleb128 0xb
 1279 00f7 3A       		.uleb128 0x3a
 1280 00f8 0B       		.uleb128 0xb
 1281 00f9 3B       		.uleb128 0x3b
 1282 00fa 0B       		.uleb128 0xb
 1283 00fb 01       		.uleb128 0x1
 1284 00fc 13       		.uleb128 0x13
 1285 00fd 00       		.byte	0
 1286 00fe 00       		.byte	0
 1287 00ff 16       		.uleb128 0x16
 1288 0100 17       		.uleb128 0x17
 1289 0101 01       		.byte	0x1
 1290 0102 0B       		.uleb128 0xb
 1291 0103 0B       		.uleb128 0xb
 1292 0104 3A       		.uleb128 0x3a
 1293 0105 0B       		.uleb128 0xb
 1294 0106 3B       		.uleb128 0x3b
 1295 0107 0B       		.uleb128 0xb
 1296 0108 01       		.uleb128 0x1
 1297 0109 13       		.uleb128 0x13
 1298 010a 00       		.byte	0
 1299 010b 00       		.byte	0
 1300 010c 17       		.uleb128 0x17
 1301 010d 0D       		.uleb128 0xd
 1302 010e 00       		.byte	0
 1303 010f 03       		.uleb128 0x3
 1304 0110 0E       		.uleb128 0xe
 1305 0111 3A       		.uleb128 0x3a
 1306 0112 0B       		.uleb128 0xb
 1307 0113 3B       		.uleb128 0x3b
 1308 0114 05       		.uleb128 0x5
 1309 0115 49       		.uleb128 0x49
 1310 0116 13       		.uleb128 0x13
 1311 0117 00       		.byte	0
ARM GAS  /tmp/cc7JEf0z.s 			page 24


 1312 0118 00       		.byte	0
 1313 0119 18       		.uleb128 0x18
 1314 011a 26       		.uleb128 0x26
 1315 011b 00       		.byte	0
 1316 011c 49       		.uleb128 0x49
 1317 011d 13       		.uleb128 0x13
 1318 011e 00       		.byte	0
 1319 011f 00       		.byte	0
 1320 0120 19       		.uleb128 0x19
 1321 0121 2E       		.uleb128 0x2e
 1322 0122 01       		.byte	0x1
 1323 0123 3F       		.uleb128 0x3f
 1324 0124 19       		.uleb128 0x19
 1325 0125 03       		.uleb128 0x3
 1326 0126 0E       		.uleb128 0xe
 1327 0127 3A       		.uleb128 0x3a
 1328 0128 0B       		.uleb128 0xb
 1329 0129 3B       		.uleb128 0x3b
 1330 012a 0B       		.uleb128 0xb
 1331 012b 27       		.uleb128 0x27
 1332 012c 19       		.uleb128 0x19
 1333 012d 11       		.uleb128 0x11
 1334 012e 01       		.uleb128 0x1
 1335 012f 12       		.uleb128 0x12
 1336 0130 06       		.uleb128 0x6
 1337 0131 40       		.uleb128 0x40
 1338 0132 18       		.uleb128 0x18
 1339 0133 9742     		.uleb128 0x2117
 1340 0135 19       		.uleb128 0x19
 1341 0136 01       		.uleb128 0x1
 1342 0137 13       		.uleb128 0x13
 1343 0138 00       		.byte	0
 1344 0139 00       		.byte	0
 1345 013a 1A       		.uleb128 0x1a
 1346 013b 898201   		.uleb128 0x4109
 1347 013e 00       		.byte	0
 1348 013f 11       		.uleb128 0x11
 1349 0140 01       		.uleb128 0x1
 1350 0141 9542     		.uleb128 0x2115
 1351 0143 19       		.uleb128 0x19
 1352 0144 31       		.uleb128 0x31
 1353 0145 13       		.uleb128 0x13
 1354 0146 00       		.byte	0
 1355 0147 00       		.byte	0
 1356 0148 1B       		.uleb128 0x1b
 1357 0149 2E       		.uleb128 0x2e
 1358 014a 00       		.byte	0
 1359 014b 3F       		.uleb128 0x3f
 1360 014c 19       		.uleb128 0x19
 1361 014d 03       		.uleb128 0x3
 1362 014e 0E       		.uleb128 0xe
 1363 014f 3A       		.uleb128 0x3a
 1364 0150 0B       		.uleb128 0xb
 1365 0151 3B       		.uleb128 0x3b
 1366 0152 0B       		.uleb128 0xb
 1367 0153 27       		.uleb128 0x27
 1368 0154 19       		.uleb128 0x19
ARM GAS  /tmp/cc7JEf0z.s 			page 25


 1369 0155 11       		.uleb128 0x11
 1370 0156 01       		.uleb128 0x1
 1371 0157 12       		.uleb128 0x12
 1372 0158 06       		.uleb128 0x6
 1373 0159 40       		.uleb128 0x40
 1374 015a 18       		.uleb128 0x18
 1375 015b 9742     		.uleb128 0x2117
 1376 015d 19       		.uleb128 0x19
 1377 015e 00       		.byte	0
 1378 015f 00       		.byte	0
 1379 0160 1C       		.uleb128 0x1c
 1380 0161 34       		.uleb128 0x34
 1381 0162 00       		.byte	0
 1382 0163 03       		.uleb128 0x3
 1383 0164 0E       		.uleb128 0xe
 1384 0165 3A       		.uleb128 0x3a
 1385 0166 0B       		.uleb128 0xb
 1386 0167 3B       		.uleb128 0x3b
 1387 0168 05       		.uleb128 0x5
 1388 0169 49       		.uleb128 0x49
 1389 016a 13       		.uleb128 0x13
 1390 016b 3F       		.uleb128 0x3f
 1391 016c 19       		.uleb128 0x19
 1392 016d 3C       		.uleb128 0x3c
 1393 016e 19       		.uleb128 0x19
 1394 016f 00       		.byte	0
 1395 0170 00       		.byte	0
 1396 0171 1D       		.uleb128 0x1d
 1397 0172 34       		.uleb128 0x34
 1398 0173 00       		.byte	0
 1399 0174 03       		.uleb128 0x3
 1400 0175 08       		.uleb128 0x8
 1401 0176 3A       		.uleb128 0x3a
 1402 0177 0B       		.uleb128 0xb
 1403 0178 3B       		.uleb128 0x3b
 1404 0179 05       		.uleb128 0x5
 1405 017a 49       		.uleb128 0x49
 1406 017b 13       		.uleb128 0x13
 1407 017c 3F       		.uleb128 0x3f
 1408 017d 19       		.uleb128 0x19
 1409 017e 3C       		.uleb128 0x3c
 1410 017f 19       		.uleb128 0x19
 1411 0180 00       		.byte	0
 1412 0181 00       		.byte	0
 1413 0182 1E       		.uleb128 0x1e
 1414 0183 34       		.uleb128 0x34
 1415 0184 00       		.byte	0
 1416 0185 03       		.uleb128 0x3
 1417 0186 0E       		.uleb128 0xe
 1418 0187 3A       		.uleb128 0x3a
 1419 0188 0B       		.uleb128 0xb
 1420 0189 3B       		.uleb128 0x3b
 1421 018a 0B       		.uleb128 0xb
 1422 018b 49       		.uleb128 0x49
 1423 018c 13       		.uleb128 0x13
 1424 018d 3F       		.uleb128 0x3f
 1425 018e 19       		.uleb128 0x19
ARM GAS  /tmp/cc7JEf0z.s 			page 26


 1426 018f 02       		.uleb128 0x2
 1427 0190 18       		.uleb128 0x18
 1428 0191 00       		.byte	0
 1429 0192 00       		.byte	0
 1430 0193 1F       		.uleb128 0x1f
 1431 0194 2E       		.uleb128 0x2e
 1432 0195 00       		.byte	0
 1433 0196 3F       		.uleb128 0x3f
 1434 0197 19       		.uleb128 0x19
 1435 0198 03       		.uleb128 0x3
 1436 0199 0E       		.uleb128 0xe
 1437 019a 3A       		.uleb128 0x3a
 1438 019b 0B       		.uleb128 0xb
 1439 019c 3B       		.uleb128 0x3b
 1440 019d 0B       		.uleb128 0xb
 1441 019e 27       		.uleb128 0x27
 1442 019f 19       		.uleb128 0x19
 1443 01a0 3C       		.uleb128 0x3c
 1444 01a1 19       		.uleb128 0x19
 1445 01a2 00       		.byte	0
 1446 01a3 00       		.byte	0
 1447 01a4 00       		.byte	0
 1448              		.section	.debug_aranges,"",%progbits
 1449 0000 24000000 		.4byte	0x24
 1450 0004 0200     		.2byte	0x2
 1451 0006 00000000 		.4byte	.Ldebug_info0
 1452 000a 04       		.byte	0x4
 1453 000b 00       		.byte	0
 1454 000c 0000     		.2byte	0
 1455 000e 0000     		.2byte	0
 1456 0010 00000000 		.4byte	.LFB207
 1457 0014 04000000 		.4byte	.LFE207-.LFB207
 1458 0018 00000000 		.4byte	.LFB208
 1459 001c 10000000 		.4byte	.LFE208-.LFB208
 1460 0020 00000000 		.4byte	0
 1461 0024 00000000 		.4byte	0
 1462              		.section	.debug_ranges,"",%progbits
 1463              	.Ldebug_ranges0:
 1464 0000 00000000 		.4byte	.LFB207
 1465 0004 04000000 		.4byte	.LFE207
 1466 0008 00000000 		.4byte	.LFB208
 1467 000c 10000000 		.4byte	.LFE208
 1468 0010 00000000 		.4byte	0
 1469 0014 00000000 		.4byte	0
 1470              		.section	.debug_line,"",%progbits
 1471              	.Ldebug_line0:
 1472 0000 74030000 		.section	.debug_str,"MS",%progbits,1
 1472      02004E03 
 1472      00000201 
 1472      FB0E0D00 
 1472      01010101 
 1473              	.LASF106:
 1474 0000 73746D33 		.ascii	"stm32_gpio_setup_t\000"
 1474      325F6770 
 1474      696F5F73 
 1474      65747570 
 1474      5F7400
ARM GAS  /tmp/cc7JEf0z.s 			page 27


 1475              	.LASF50:
 1476 0013 72656164 		.ascii	"ready_list_t\000"
 1476      795F6C69 
 1476      73745F74 
 1476      00
 1477              	.LASF2:
 1478 0020 73697A65 		.ascii	"size_t\000"
 1478      5F7400
 1479              	.LASF89:
 1480 0027 7264796D 		.ascii	"rdymsg\000"
 1480      736700
 1481              	.LASF19:
 1482 002e 75696E74 		.ascii	"uint64_t\000"
 1482      36345F74 
 1482      00
 1483              	.LASF3:
 1484 0037 5F5F7569 		.ascii	"__uint8_t\000"
 1484      6E74385F 
 1484      7400
 1485              	.LASF86:
 1486 0041 706F7274 		.ascii	"port_intctx\000"
 1486      5F696E74 
 1486      63747800 
 1487              	.LASF67:
 1488 004d 73797374 		.ascii	"system_debug_t\000"
 1488      656D5F64 
 1488      65627567 
 1488      5F7400
 1489              	.LASF82:
 1490 005c 4146494F 		.ascii	"AFIO_TypeDef\000"
 1490      5F547970 
 1490      65446566 
 1490      00
 1491              	.LASF14:
 1492 0069 6C6F6E67 		.ascii	"long long unsigned int\000"
 1492      206C6F6E 
 1492      6720756E 
 1492      7369676E 
 1492      65642069 
 1493              	.LASF90:
 1494 0080 65786974 		.ascii	"exitcode\000"
 1494      636F6465 
 1494      00
 1495              	.LASF81:
 1496 0089 4D415052 		.ascii	"MAPR2\000"
 1496      3200
 1497              	.LASF64:
 1498 008f 76697274 		.ascii	"virtual_timers_list_t\000"
 1498      75616C5F 
 1498      74696D65 
 1498      72735F6C 
 1498      6973745F 
 1499              	.LASF115:
 1500 00a5 49544D5F 		.ascii	"ITM_RxBuffer\000"
 1500      52784275 
 1500      66666572 
 1500      00
ARM GAS  /tmp/cc7JEf0z.s 			page 28


 1501              	.LASF49:
 1502 00b2 63685F74 		.ascii	"ch_threads_queue\000"
 1502      68726561 
 1502      64735F71 
 1502      75657565 
 1502      00
 1503              	.LASF32:
 1504 00c3 705F7072 		.ascii	"p_prio\000"
 1504      696F00
 1505              	.LASF12:
 1506 00ca 6C6F6E67 		.ascii	"long long int\000"
 1506      206C6F6E 
 1506      6720696E 
 1506      7400
 1507              	.LASF1:
 1508 00d8 7369676E 		.ascii	"signed char\000"
 1508      65642063 
 1508      68617200 
 1509              	.LASF43:
 1510 00e4 705F6D70 		.ascii	"p_mpool\000"
 1510      6F6F6C00 
 1511              	.LASF100:
 1512 00ec 6D5F7175 		.ascii	"m_queue\000"
 1512      65756500 
 1513              	.LASF117:
 1514 00f4 474E5520 		.ascii	"GNU C 4.9.3 20150529 (release) [ARM/embedded-4_9-br"
 1514      4320342E 
 1514      392E3320 
 1514      32303135 
 1514      30353239 
 1515 0127 616E6368 		.ascii	"anch revision 224288] -mcpu=cortex-m3 -mno-thumb-in"
 1515      20726576 
 1515      6973696F 
 1515      6E203232 
 1515      34323838 
 1516 015a 74657277 		.ascii	"terwork -mthumb -ggdb -O2 -fomit-frame-pointer -fal"
 1516      6F726B20 
 1516      2D6D7468 
 1516      756D6220 
 1516      2D676764 
 1517 018d 69676E2D 		.ascii	"ign-functions=16 -ffunction-sections -fdata-section"
 1517      66756E63 
 1517      74696F6E 
 1517      733D3136 
 1517      202D6666 
 1518 01c0 73202D66 		.ascii	"s -fno-common\000"
 1518      6E6F2D63 
 1518      6F6D6D6F 
 1518      6E00
 1519              	.LASF92:
 1520 01ce 77747472 		.ascii	"wttrp\000"
 1520      7000
 1521              	.LASF71:
 1522 01d4 63685F73 		.ascii	"ch_system\000"
 1522      79737465 
 1522      6D00
 1523              	.LASF9:
ARM GAS  /tmp/cc7JEf0z.s 			page 29


 1524 01de 6C6F6E67 		.ascii	"long int\000"
 1524      20696E74 
 1524      00
 1525              	.LASF111:
 1526 01e7 50454461 		.ascii	"PEData\000"
 1526      746100
 1527              	.LASF22:
 1528 01ee 74737461 		.ascii	"tstate_t\000"
 1528      74655F74 
 1528      00
 1529              	.LASF16:
 1530 01f7 75696E74 		.ascii	"uint16_t\000"
 1530      31365F74 
 1530      00
 1531              	.LASF97:
 1532 0200 735F7175 		.ascii	"s_queue\000"
 1532      65756500 
 1533              	.LASF10:
 1534 0208 5F5F7569 		.ascii	"__uint32_t\000"
 1534      6E743332 
 1534      5F7400
 1535              	.LASF83:
 1536 0213 72656761 		.ascii	"regarm_t\000"
 1536      726D5F74 
 1536      00
 1537              	.LASF60:
 1538 021c 76745F70 		.ascii	"vt_prev\000"
 1538      72657600 
 1539              	.LASF73:
 1540 0224 76746C69 		.ascii	"vtlist\000"
 1540      737400
 1541              	.LASF77:
 1542 022b 45564352 		.ascii	"EVCR\000"
 1542      00
 1543              	.LASF122:
 1544 0230 73746D33 		.ascii	"stm32_clock_init\000"
 1544      325F636C 
 1544      6F636B5F 
 1544      696E6974 
 1544      00
 1545              	.LASF104:
 1546 0241 6D757465 		.ascii	"mutex_t\000"
 1546      785F7400 
 1547              	.LASF108:
 1548 0249 50424461 		.ascii	"PBData\000"
 1548      746100
 1549              	.LASF75:
 1550 0250 69646C65 		.ascii	"idle_thread_wa\000"
 1550      5F746872 
 1550      6561645F 
 1550      776100
 1551              	.LASF27:
 1552 025f 636E745F 		.ascii	"cnt_t\000"
 1552      7400
 1553              	.LASF0:
 1554 0265 756E7369 		.ascii	"unsigned int\000"
 1554      676E6564 
ARM GAS  /tmp/cc7JEf0z.s 			page 30


 1554      20696E74 
 1554      00
 1555              	.LASF59:
 1556 0272 76745F6E 		.ascii	"vt_next\000"
 1556      65787400 
 1557              	.LASF93:
 1558 027a 77747365 		.ascii	"wtsemp\000"
 1558      6D7000
 1559              	.LASF38:
 1560 0281 705F6D73 		.ascii	"p_msgqueue\000"
 1560      67717565 
 1560      756500
 1561              	.LASF98:
 1562 028c 735F636E 		.ascii	"s_cnt\000"
 1562      7400
 1563              	.LASF120:
 1564 0292 5F5F6561 		.ascii	"__early_init\000"
 1564      726C795F 
 1564      696E6974 
 1564      00
 1565              	.LASF7:
 1566 029f 73686F72 		.ascii	"short unsigned int\000"
 1566      7420756E 
 1566      7369676E 
 1566      65642069 
 1566      6E7400
 1567              	.LASF112:
 1568 02b2 50464461 		.ascii	"PFData\000"
 1568      746100
 1569              	.LASF46:
 1570 02b9 63685F74 		.ascii	"ch_thread\000"
 1570      68726561 
 1570      6400
 1571              	.LASF74:
 1572 02c3 6D61696E 		.ascii	"mainthread\000"
 1572      74687265 
 1572      616400
 1573              	.LASF25:
 1574 02ce 6D73675F 		.ascii	"msg_t\000"
 1574      7400
 1575              	.LASF70:
 1576 02d4 63685F73 		.ascii	"ch_system_t\000"
 1576      79737465 
 1576      6D5F7400 
 1577              	.LASF119:
 1578 02e0 2F686F6D 		.ascii	"/home/maciek/d/Gimbale/evvgcplusStorm32_highvoltage"
 1578      652F6D61 
 1578      6369656B 
 1578      2F642F47 
 1578      696D6261 
 1579 0313 2F457676 		.ascii	"/EvvGC-PLUS/Firmware/evvgc-plus\000"
 1579      47432D50 
 1579      4C55532F 
 1579      4669726D 
 1579      77617265 
 1580              	.LASF51:
 1581 0333 63685F72 		.ascii	"ch_ready_list\000"
ARM GAS  /tmp/cc7JEf0z.s 			page 31


 1581      65616479 
 1581      5F6C6973 
 1581      7400
 1582              	.LASF26:
 1583 0341 6576656E 		.ascii	"eventmask_t\000"
 1583      746D6173 
 1583      6B5F7400 
 1584              	.LASF8:
 1585 034d 5F5F696E 		.ascii	"__int32_t\000"
 1585      7433325F 
 1585      7400
 1586              	.LASF113:
 1587 0357 50474461 		.ascii	"PGData\000"
 1587      746100
 1588              	.LASF84:
 1589 035e 73746B61 		.ascii	"stkalign_t\000"
 1589      6C69676E 
 1589      5F7400
 1590              	.LASF45:
 1591 0369 74687265 		.ascii	"threads_list_t\000"
 1591      6164735F 
 1591      6C697374 
 1591      5F7400
 1592              	.LASF37:
 1593 0378 705F7761 		.ascii	"p_waiting\000"
 1593      6974696E 
 1593      6700
 1594              	.LASF76:
 1595 0382 73697A65 		.ascii	"sizetype\000"
 1595      74797065 
 1595      00
 1596              	.LASF44:
 1597 038b 74687265 		.ascii	"thread_reference_t\000"
 1597      61645F72 
 1597      65666572 
 1597      656E6365 
 1597      5F7400
 1598              	.LASF65:
 1599 039e 63685F76 		.ascii	"ch_virtual_timers_list\000"
 1599      69727475 
 1599      616C5F74 
 1599      696D6572 
 1599      735F6C69 
 1600              	.LASF54:
 1601 03b5 725F6374 		.ascii	"r_ctx\000"
 1601      7800
 1602              	.LASF88:
 1603 03bb 746D5F63 		.ascii	"tm_calibration_t\000"
 1603      616C6962 
 1603      72617469 
 1603      6F6E5F74 
 1603      00
 1604              	.LASF110:
 1605 03cc 50444461 		.ascii	"PDData\000"
 1605      746100
 1606              	.LASF55:
 1607 03d3 725F6375 		.ascii	"r_current\000"
ARM GAS  /tmp/cc7JEf0z.s 			page 32


 1607      7272656E 
 1607      7400
 1608              	.LASF13:
 1609 03dd 5F5F7569 		.ascii	"__uint64_t\000"
 1609      6E743634 
 1609      5F7400
 1610              	.LASF23:
 1611 03e8 74726566 		.ascii	"trefs_t\000"
 1611      735F7400 
 1612              	.LASF80:
 1613 03f0 52455345 		.ascii	"RESERVED0\000"
 1613      52564544 
 1613      3000
 1614              	.LASF57:
 1615 03fa 76697274 		.ascii	"virtual_timer_t\000"
 1615      75616C5F 
 1615      74696D65 
 1615      725F7400 
 1616              	.LASF31:
 1617 040a 705F7072 		.ascii	"p_prev\000"
 1617      657600
 1618              	.LASF24:
 1619 0411 74707269 		.ascii	"tprio_t\000"
 1619      6F5F7400 
 1620              	.LASF68:
 1621 0419 63685F73 		.ascii	"ch_system_debug\000"
 1621      79737465 
 1621      6D5F6465 
 1621      62756700 
 1622              	.LASF105:
 1623 0429 5F426F6F 		.ascii	"_Bool\000"
 1623      6C00
 1624              	.LASF17:
 1625 042f 696E7433 		.ascii	"int32_t\000"
 1625      325F7400 
 1626              	.LASF4:
 1627 0437 756E7369 		.ascii	"unsigned char\000"
 1627      676E6564 
 1627      20636861 
 1627      7200
 1628              	.LASF41:
 1629 0445 705F6D74 		.ascii	"p_mtxlist\000"
 1629      786C6973 
 1629      7400
 1630              	.LASF5:
 1631 044f 73686F72 		.ascii	"short int\000"
 1631      7420696E 
 1631      7400
 1632              	.LASF34:
 1633 0459 705F7374 		.ascii	"p_state\000"
 1633      61746500 
 1634              	.LASF121:
 1635 0461 626F6172 		.ascii	"boardInit\000"
 1635      64496E69 
 1635      7400
 1636              	.LASF53:
 1637 046b 725F7072 		.ascii	"r_prio\000"
ARM GAS  /tmp/cc7JEf0z.s 			page 33


 1637      696F00
 1638              	.LASF107:
 1639 0472 50414461 		.ascii	"PAData\000"
 1639      746100
 1640              	.LASF95:
 1641 0479 65776D61 		.ascii	"ewmask\000"
 1641      736B00
 1642              	.LASF30:
 1643 0480 705F6E65 		.ascii	"p_next\000"
 1643      787400
 1644              	.LASF21:
 1645 0487 746D6F64 		.ascii	"tmode_t\000"
 1645      655F7400 
 1646              	.LASF35:
 1647 048f 705F666C 		.ascii	"p_flags\000"
 1647      61677300 
 1648              	.LASF58:
 1649 0497 63685F76 		.ascii	"ch_virtual_timer\000"
 1649      69727475 
 1649      616C5F74 
 1649      696D6572 
 1649      00
 1650              	.LASF96:
 1651 04a8 63685F73 		.ascii	"ch_semaphore\000"
 1651      656D6170 
 1651      686F7265 
 1651      00
 1652              	.LASF40:
 1653 04b5 705F6570 		.ascii	"p_epending\000"
 1653      656E6469 
 1653      6E6700
 1654              	.LASF18:
 1655 04c0 75696E74 		.ascii	"uint32_t\000"
 1655      33325F74 
 1655      00
 1656              	.LASF94:
 1657 04c9 77746D74 		.ascii	"wtmtxp\000"
 1657      787000
 1658              	.LASF52:
 1659 04d0 725F7175 		.ascii	"r_queue\000"
 1659      65756500 
 1660              	.LASF61:
 1661 04d8 76745F64 		.ascii	"vt_delta\000"
 1661      656C7461 
 1661      00
 1662              	.LASF47:
 1663 04e1 63685F74 		.ascii	"ch_threads_list\000"
 1663      68726561 
 1663      64735F6C 
 1663      69737400 
 1664              	.LASF11:
 1665 04f1 6C6F6E67 		.ascii	"long unsigned int\000"
 1665      20756E73 
 1665      69676E65 
 1665      6420696E 
 1665      7400
 1666              	.LASF103:
ARM GAS  /tmp/cc7JEf0z.s 			page 34


 1667 0503 63686172 		.ascii	"char\000"
 1667      00
 1668              	.LASF6:
 1669 0508 5F5F7569 		.ascii	"__uint16_t\000"
 1669      6E743136 
 1669      5F7400
 1670              	.LASF29:
 1671 0513 74687265 		.ascii	"thread_t\000"
 1671      61645F74 
 1671      00
 1672              	.LASF102:
 1673 051c 6D5F6E65 		.ascii	"m_next\000"
 1673      787400
 1674              	.LASF28:
 1675 0523 73797374 		.ascii	"systime_t\000"
 1675      696D655F 
 1675      7400
 1676              	.LASF42:
 1677 052d 705F7265 		.ascii	"p_realprio\000"
 1677      616C7072 
 1677      696F00
 1678              	.LASF56:
 1679 0538 76746675 		.ascii	"vtfunc_t\000"
 1679      6E635F74 
 1679      00
 1680              	.LASF69:
 1681 0541 70616E69 		.ascii	"panic_msg\000"
 1681      635F6D73 
 1681      6700
 1682              	.LASF87:
 1683 054b 6F666673 		.ascii	"offset\000"
 1683      657400
 1684              	.LASF85:
 1685 0552 636F6E74 		.ascii	"context\000"
 1685      65787400 
 1686              	.LASF118:
 1687 055a 64726976 		.ascii	"drivers/STORM32_V1_X/board.c\000"
 1687      6572732F 
 1687      53544F52 
 1687      4D33325F 
 1687      56315F58 
 1688              	.LASF20:
 1689 0577 7274636E 		.ascii	"rtcnt_t\000"
 1689      745F7400 
 1690              	.LASF63:
 1691 057f 76745F70 		.ascii	"vt_par\000"
 1691      617200
 1692              	.LASF48:
 1693 0586 74687265 		.ascii	"threads_queue_t\000"
 1693      6164735F 
 1693      71756575 
 1693      655F7400 
 1694              	.LASF99:
 1695 0596 63685F6D 		.ascii	"ch_mutex\000"
 1695      75746578 
 1695      00
 1696              	.LASF36:
ARM GAS  /tmp/cc7JEf0z.s 			page 35


 1697 059f 705F7265 		.ascii	"p_refs\000"
 1697      667300
 1698              	.LASF72:
 1699 05a6 726C6973 		.ascii	"rlist\000"
 1699      7400
 1700              	.LASF15:
 1701 05ac 75696E74 		.ascii	"uint8_t\000"
 1701      385F7400 
 1702              	.LASF91:
 1703 05b4 77746F62 		.ascii	"wtobjp\000"
 1703      6A7000
 1704              	.LASF78:
 1705 05bb 4D415052 		.ascii	"MAPR\000"
 1705      00
 1706              	.LASF109:
 1707 05c0 50434461 		.ascii	"PCData\000"
 1707      746100
 1708              	.LASF66:
 1709 05c7 76745F73 		.ascii	"vt_systime\000"
 1709      79737469 
 1709      6D6500
 1710              	.LASF39:
 1711 05d2 705F6D73 		.ascii	"p_msg\000"
 1711      6700
 1712              	.LASF114:
 1713 05d8 50414C43 		.ascii	"PALConfig\000"
 1713      6F6E6669 
 1713      6700
 1714              	.LASF101:
 1715 05e2 6D5F6F77 		.ascii	"m_owner\000"
 1715      6E657200 
 1716              	.LASF116:
 1717 05ea 70616C5F 		.ascii	"pal_default_config\000"
 1717      64656661 
 1717      756C745F 
 1717      636F6E66 
 1717      696700
 1718              	.LASF33:
 1719 05fd 705F6374 		.ascii	"p_ctx\000"
 1719      7800
 1720              	.LASF62:
 1721 0603 76745F66 		.ascii	"vt_func\000"
 1721      756E6300 
 1722              	.LASF79:
 1723 060b 45585449 		.ascii	"EXTICR\000"
 1723      435200
 1724              		.ident	"GCC: (GNU Tools for ARM Embedded Processors) 4.9.3 20150529 (release) [ARM/embedded-4_9-br
ARM GAS  /tmp/cc7JEf0z.s 			page 36


DEFINED SYMBOLS
                            *ABS*:00000000 board.c
     /tmp/cc7JEf0z.s:19     .text.__early_init:00000000 $t
     /tmp/cc7JEf0z.s:25     .text.__early_init:00000000 __early_init
     /tmp/cc7JEf0z.s:40     .text.boardInit:00000000 $t
     /tmp/cc7JEf0z.s:46     .text.boardInit:00000000 boardInit
     /tmp/cc7JEf0z.s:62     .text.boardInit:0000000c $d
     /tmp/cc7JEf0z.s:71     .rodata.pal_default_config:00000000 pal_default_config
     /tmp/cc7JEf0z.s:68     .rodata.pal_default_config:00000000 $d
                     .debug_frame:00000010 $d

UNDEFINED SYMBOLS
stm32_clock_init
