ARM GAS  /tmp/ccKI2D8W.s 			page 1


   1              		.syntax unified
   2              		.cpu cortex-m3
   3              		.fpu softvfp
   4              		.eabi_attribute 20, 1
   5              		.eabi_attribute 21, 1
   6              		.eabi_attribute 23, 3
   7              		.eabi_attribute 24, 1
   8              		.eabi_attribute 25, 1
   9              		.eabi_attribute 26, 1
  10              		.eabi_attribute 30, 2
  11              		.eabi_attribute 34, 1
  12              		.eabi_attribute 18, 4
  13              		.thumb
  14              		.file	"chcore_v7m.c"
  15              		.text
  16              	.Ltext0:
  17              		.cfi_sections	.debug_frame
  18              		.section	.text.SVC_Handler,"ax",%progbits
  19              		.align	2
  20              		.p2align 4,,15
  21              		.global	SVC_Handler
  22              		.thumb
  23              		.thumb_func
  24              		.type	SVC_Handler, %function
  25              	SVC_Handler:
  26              	.LFB170:
  27              		.file 1 "/home/maciek/ChibiOS_16.1.5/os/rt/ports/ARMCMx/chcore_v7m.c"
  28              		.loc 1 62 0
  29              		.cfi_startproc
  30              		@ args = 0, pretend = 0, frame = 0
  31              		@ frame_needed = 0, uses_anonymous_args = 0
  32              		@ link register save eliminated.
  33              	.LBB38:
  34              	.LBB39:
  35              		.file 2 "/home/maciek/ChibiOS_16.1.5/os/ext/CMSIS/include/core_cmFunc.h"
  36              		.loc 2 430 0
  37              	@ 430 "/home/maciek/ChibiOS_16.1.5/os/ext/CMSIS/include/core_cmFunc.h" 1
  38 0000 EFF30983 		MRS r3, psp
  39              	
  40              	@ 0 "" 2
  41              	.LVL0:
  42              		.thumb
  43              	.LBE39:
  44              	.LBE38:
  45              		.loc 1 76 0
  46 0004 2033     		adds	r3, r3, #32
  47              	.LVL1:
  48              	.LBB40:
  49              	.LBB41:
  50              		.loc 2 443 0
  51              	@ 443 "/home/maciek/ChibiOS_16.1.5/os/ext/CMSIS/include/core_cmFunc.h" 1
  52 0006 83F30988 		MSR psp, r3
  53              	
  54              	@ 0 "" 2
  55              	.LVL2:
  56              		.thumb
  57              	.LBE41:
ARM GAS  /tmp/ccKI2D8W.s 			page 2


  58              	.LBE40:
  59              	.LBB42:
  60              	.LBB43:
  61              	.LBB44:
  62              	.LBB45:
  63              		.loc 2 548 0
  64 000a 0023     		movs	r3, #0
  65              	.LVL3:
  66              	@ 548 "/home/maciek/ChibiOS_16.1.5/os/ext/CMSIS/include/core_cmFunc.h" 1
  67 000c 83F31188 		MSR basepri, r3
  68              	@ 0 "" 2
  69              		.thumb
  70 0010 7047     		bx	lr
  71              	.LBE45:
  72              	.LBE44:
  73              	.LBE43:
  74              	.LBE42:
  75              		.cfi_endproc
  76              	.LFE170:
  77              		.size	SVC_Handler, .-SVC_Handler
  78 0012 00BF     		.section	.text._port_irq_epilogue,"ax",%progbits
  79              		.align	2
  80              		.p2align 4,,15
  81              		.global	_port_irq_epilogue
  82              		.thumb
  83              		.thumb_func
  84              		.type	_port_irq_epilogue, %function
  85              	_port_irq_epilogue:
  86              	.LFB171:
  87              		.loc 1 122 0
  88              		.cfi_startproc
  89              		@ args = 0, pretend = 0, frame = 0
  90              		@ frame_needed = 0, uses_anonymous_args = 0
  91              	.LVL4:
  92              	.LBB46:
  93              	.LBB47:
  94              	.LBB48:
  95              	.LBB49:
  96              		.loc 2 548 0
  97 0000 2023     		movs	r3, #32
  98              	@ 548 "/home/maciek/ChibiOS_16.1.5/os/ext/CMSIS/include/core_cmFunc.h" 1
  99 0002 83F31188 		MSR basepri, r3
 100              	@ 0 "" 2
 101              		.thumb
 102              	.LBE49:
 103              	.LBE48:
 104              	.LBE47:
 105              	.LBE46:
 106              		.loc 1 125 0
 107 0006 0F4B     		ldr	r3, .L10
 108 0008 5B68     		ldr	r3, [r3, #4]
 109 000a 13F40063 		ands	r3, r3, #2048
 110 000e 02D1     		bne	.L9
 111              	.LVL5:
 112              	.LBB50:
 113              	.LBB51:
 114              	.LBB52:
ARM GAS  /tmp/ccKI2D8W.s 			page 3


 115              	.LBB53:
 116              		.loc 2 548 0
 117              	@ 548 "/home/maciek/ChibiOS_16.1.5/os/ext/CMSIS/include/core_cmFunc.h" 1
 118 0010 83F31188 		MSR basepri, r3
 119              	@ 0 "" 2
 120              		.thumb
 121 0014 7047     		bx	lr
 122              	.LVL6:
 123              	.L9:
 124              	.LBE53:
 125              	.LBE52:
 126              	.LBE51:
 127              	.LBE50:
 128              		.loc 1 122 0
 129 0016 10B5     		push	{r4, lr}
 130              		.cfi_def_cfa_offset 8
 131              		.cfi_offset 4, -8
 132              		.cfi_offset 14, -4
 133              	.LBB54:
 134              	.LBB55:
 135              	.LBB56:
 136              		.loc 2 430 0
 137              	@ 430 "/home/maciek/ChibiOS_16.1.5/os/ext/CMSIS/include/core_cmFunc.h" 1
 138 0018 EFF30984 		MRS r4, psp
 139              	
 140              	@ 0 "" 2
 141              	.LVL7:
 142              		.thumb
 143              	.LBE56:
 144              	.LBE55:
 145              		.loc 1 141 0
 146 001c 4FF08073 		mov	r3, #16777216
 147 0020 44F8043C 		str	r3, [r4, #-4]
 148              	.LVL8:
 149              		.loc 1 138 0
 150 0024 A4F12003 		sub	r3, r4, #32
 151              	.LVL9:
 152              	.LBB57:
 153              	.LBB58:
 154              		.loc 2 443 0
 155              	@ 443 "/home/maciek/ChibiOS_16.1.5/os/ext/CMSIS/include/core_cmFunc.h" 1
 156 0028 83F30988 		MSR psp, r3
 157              	
 158              	@ 0 "" 2
 159              		.thumb
 160              	.LBE58:
 161              	.LBE57:
 162              		.loc 1 151 0
 163 002c FFF7FEFF 		bl	chSchIsPreemptionRequired
 164              	.LVL10:
 165 0030 18B1     		cbz	r0, .L4
 166              		.loc 1 153 0
 167 0032 054B     		ldr	r3, .L10+4
 168 0034 44F8083C 		str	r3, [r4, #-8]
 169 0038 10BD     		pop	{r4, pc}
 170              	.LVL11:
 171              	.L4:
ARM GAS  /tmp/ccKI2D8W.s 			page 4


 172              		.loc 1 158 0
 173 003a 044B     		ldr	r3, .L10+8
 174 003c 44F8083C 		str	r3, [r4, #-8]
 175 0040 10BD     		pop	{r4, pc}
 176              	.LVL12:
 177              	.L11:
 178 0042 00BF     		.align	2
 179              	.L10:
 180 0044 00ED00E0 		.word	-536810240
 181 0048 00000000 		.word	_port_switch_from_isr
 182 004c 00000000 		.word	_port_exit_from_isr
 183              	.LBE54:
 184              		.cfi_endproc
 185              	.LFE171:
 186              		.size	_port_irq_epilogue, .-_port_irq_epilogue
 187              		.text
 188              	.Letext0:
 189              		.file 3 "/opt/stm32/gcc/gcc-arm-none-eabi-4_9-2015q2/arm-none-eabi/include/machine/_default_types.
 190              		.file 4 "/opt/stm32/gcc/gcc-arm-none-eabi-4_9-2015q2/arm-none-eabi/include/sys/_stdint.h"
 191              		.file 5 "/home/maciek/ChibiOS_16.1.5/os/rt/ports/ARMCMx/compilers/GCC/chtypes.h"
 192              		.file 6 "/home/maciek/ChibiOS_16.1.5/os/rt/include/chsystypes.h"
 193              		.file 7 "/home/maciek/ChibiOS_16.1.5/os/rt/include/chschd.h"
 194              		.file 8 "/home/maciek/ChibiOS_16.1.5/os/ext/CMSIS/include/core_cm3.h"
 195              		.file 9 "/home/maciek/ChibiOS_16.1.5/os/rt/ports/ARMCMx/chcore.h"
 196              		.file 10 "/home/maciek/ChibiOS_16.1.5/os/rt/ports/ARMCMx/chcore_v7m.h"
 197              		.file 11 "/home/maciek/ChibiOS_16.1.5/os/rt/include/chtm.h"
 198              		.file 12 "/home/maciek/ChibiOS_16.1.5/os/rt/include/chsem.h"
 199              		.file 13 "/home/maciek/ChibiOS_16.1.5/os/rt/include/chmtx.h"
 200              		.section	.debug_info,"",%progbits
 201              	.Ldebug_info0:
 202 0000 2B0A0000 		.4byte	0xa2b
 203 0004 0400     		.2byte	0x4
 204 0006 00000000 		.4byte	.Ldebug_abbrev0
 205 000a 04       		.byte	0x4
 206 000b 01       		.uleb128 0x1
 207 000c D3020000 		.4byte	.LASF130
 208 0010 01       		.byte	0x1
 209 0011 A4040000 		.4byte	.LASF131
 210 0015 00000000 		.4byte	.Ldebug_ranges0+0
 211 0019 00000000 		.4byte	0
 212 001d 00000000 		.4byte	.Ldebug_line0
 213 0021 02       		.uleb128 0x2
 214 0022 04       		.byte	0x4
 215 0023 05       		.byte	0x5
 216 0024 696E7400 		.ascii	"int\000"
 217 0028 03       		.uleb128 0x3
 218 0029 04       		.byte	0x4
 219 002a 07       		.byte	0x7
 220 002b 8D000000 		.4byte	.LASF0
 221 002f 03       		.uleb128 0x3
 222 0030 01       		.byte	0x1
 223 0031 06       		.byte	0x6
 224 0032 E2050000 		.4byte	.LASF1
 225 0036 04       		.uleb128 0x4
 226 0037 E0040000 		.4byte	.LASF4
 227 003b 03       		.byte	0x3
 228 003c 1D       		.byte	0x1d
ARM GAS  /tmp/ccKI2D8W.s 			page 5


 229 003d 41000000 		.4byte	0x41
 230 0041 03       		.uleb128 0x3
 231 0042 01       		.byte	0x1
 232 0043 08       		.byte	0x8
 233 0044 6A050000 		.4byte	.LASF2
 234 0048 03       		.uleb128 0x3
 235 0049 02       		.byte	0x2
 236 004a 05       		.byte	0x5
 237 004b 22040000 		.4byte	.LASF3
 238 004f 04       		.uleb128 0x4
 239 0050 BD010000 		.4byte	.LASF5
 240 0054 03       		.byte	0x3
 241 0055 2B       		.byte	0x2b
 242 0056 5A000000 		.4byte	0x5a
 243 005a 03       		.uleb128 0x3
 244 005b 02       		.byte	0x2
 245 005c 07       		.byte	0x7
 246 005d EE050000 		.4byte	.LASF6
 247 0061 04       		.uleb128 0x4
 248 0062 AE000000 		.4byte	.LASF7
 249 0066 03       		.byte	0x3
 250 0067 3F       		.byte	0x3f
 251 0068 6C000000 		.4byte	0x6c
 252 006c 03       		.uleb128 0x3
 253 006d 04       		.byte	0x4
 254 006e 05       		.byte	0x5
 255 006f 4E040000 		.4byte	.LASF8
 256 0073 04       		.uleb128 0x4
 257 0074 78050000 		.4byte	.LASF9
 258 0078 03       		.byte	0x3
 259 0079 41       		.byte	0x41
 260 007a 7E000000 		.4byte	0x7e
 261 007e 03       		.uleb128 0x3
 262 007f 04       		.byte	0x4
 263 0080 07       		.byte	0x7
 264 0081 26050000 		.4byte	.LASF10
 265 0085 03       		.uleb128 0x3
 266 0086 08       		.byte	0x8
 267 0087 05       		.byte	0x5
 268 0088 B2020000 		.4byte	.LASF11
 269 008c 04       		.uleb128 0x4
 270 008d 26020000 		.4byte	.LASF12
 271 0091 03       		.byte	0x3
 272 0092 5B       		.byte	0x5b
 273 0093 97000000 		.4byte	0x97
 274 0097 03       		.uleb128 0x3
 275 0098 08       		.byte	0x8
 276 0099 07       		.byte	0x7
 277 009a 8C010000 		.4byte	.LASF13
 278 009e 04       		.uleb128 0x4
 279 009f 7F020000 		.4byte	.LASF14
 280 00a3 04       		.byte	0x4
 281 00a4 14       		.byte	0x14
 282 00a5 36000000 		.4byte	0x36
 283 00a9 04       		.uleb128 0x4
 284 00aa F0030000 		.4byte	.LASF15
 285 00ae 04       		.byte	0x4
ARM GAS  /tmp/ccKI2D8W.s 			page 6


 286 00af 1A       		.byte	0x1a
 287 00b0 4F000000 		.4byte	0x4f
 288 00b4 04       		.uleb128 0x4
 289 00b5 45050000 		.4byte	.LASF16
 290 00b9 04       		.byte	0x4
 291 00ba 1F       		.byte	0x1f
 292 00bb 61000000 		.4byte	0x61
 293 00bf 04       		.uleb128 0x4
 294 00c0 37010000 		.4byte	.LASF17
 295 00c4 04       		.byte	0x4
 296 00c5 20       		.byte	0x20
 297 00c6 73000000 		.4byte	0x73
 298 00ca 04       		.uleb128 0x4
 299 00cb 8F040000 		.4byte	.LASF18
 300 00cf 04       		.byte	0x4
 301 00d0 26       		.byte	0x26
 302 00d1 8C000000 		.4byte	0x8c
 303 00d5 04       		.uleb128 0x4
 304 00d6 F9030000 		.4byte	.LASF19
 305 00da 05       		.byte	0x5
 306 00db 39       		.byte	0x39
 307 00dc BF000000 		.4byte	0xbf
 308 00e0 04       		.uleb128 0x4
 309 00e1 DD030000 		.4byte	.LASF20
 310 00e5 05       		.byte	0x5
 311 00e6 3C       		.byte	0x3c
 312 00e7 9E000000 		.4byte	0x9e
 313 00eb 04       		.uleb128 0x4
 314 00ec 68020000 		.4byte	.LASF21
 315 00f0 05       		.byte	0x5
 316 00f1 3D       		.byte	0x3d
 317 00f2 9E000000 		.4byte	0x9e
 318 00f6 04       		.uleb128 0x4
 319 00f7 1E050000 		.4byte	.LASF22
 320 00fb 05       		.byte	0x5
 321 00fc 3E       		.byte	0x3e
 322 00fd 9E000000 		.4byte	0x9e
 323 0101 04       		.uleb128 0x4
 324 0102 6C010000 		.4byte	.LASF23
 325 0106 05       		.byte	0x5
 326 0107 40       		.byte	0x40
 327 0108 BF000000 		.4byte	0xbf
 328 010c 04       		.uleb128 0x4
 329 010d C8020000 		.4byte	.LASF24
 330 0111 05       		.byte	0x5
 331 0112 41       		.byte	0x41
 332 0113 B4000000 		.4byte	0xb4
 333 0117 04       		.uleb128 0x4
 334 0118 45010000 		.4byte	.LASF25
 335 011c 05       		.byte	0x5
 336 011d 43       		.byte	0x43
 337 011e BF000000 		.4byte	0xbf
 338 0122 04       		.uleb128 0x4
 339 0123 C8010000 		.4byte	.LASF26
 340 0127 05       		.byte	0x5
 341 0128 45       		.byte	0x45
 342 0129 B4000000 		.4byte	0xb4
ARM GAS  /tmp/ccKI2D8W.s 			page 7


 343 012d 04       		.uleb128 0x4
 344 012e 5D000000 		.4byte	.LASF27
 345 0132 06       		.byte	0x6
 346 0133 35       		.byte	0x35
 347 0134 A9000000 		.4byte	0xa9
 348 0138 04       		.uleb128 0x4
 349 0139 FA010000 		.4byte	.LASF28
 350 013d 06       		.byte	0x6
 351 013e 3F       		.byte	0x3f
 352 013f 43010000 		.4byte	0x143
 353 0143 05       		.uleb128 0x5
 354 0144 99020000 		.4byte	.LASF45
 355 0148 38       		.byte	0x38
 356 0149 07       		.byte	0x7
 357 014a C2       		.byte	0xc2
 358 014b 0C020000 		.4byte	0x20c
 359 014f 06       		.uleb128 0x6
 360 0150 88040000 		.4byte	.LASF29
 361 0154 07       		.byte	0x7
 362 0155 C3       		.byte	0xc3
 363 0156 17020000 		.4byte	0x217
 364 015a 00       		.byte	0
 365 015b 06       		.uleb128 0x6
 366 015c 0E050000 		.4byte	.LASF30
 367 0160 07       		.byte	0x7
 368 0161 C5       		.byte	0xc5
 369 0162 17020000 		.4byte	0x217
 370 0166 04       		.byte	0x4
 371 0167 06       		.uleb128 0x6
 372 0168 56000000 		.4byte	.LASF31
 373 016c 07       		.byte	0x7
 374 016d C7       		.byte	0xc7
 375 016e 01010000 		.4byte	0x101
 376 0172 08       		.byte	0x8
 377 0173 06       		.uleb128 0x6
 378 0174 98040000 		.4byte	.LASF32
 379 0178 07       		.byte	0x7
 380 0179 C8       		.byte	0xc8
 381 017a C1050000 		.4byte	0x5c1
 382 017e 0C       		.byte	0xc
 383 017f 06       		.uleb128 0x6
 384 0180 77020000 		.4byte	.LASF33
 385 0184 07       		.byte	0x7
 386 0185 DD       		.byte	0xdd
 387 0186 EB000000 		.4byte	0xeb
 388 018a 10       		.byte	0x10
 389 018b 06       		.uleb128 0x6
 390 018c B5030000 		.4byte	.LASF34
 391 0190 07       		.byte	0x7
 392 0191 E1       		.byte	0xe1
 393 0192 E0000000 		.4byte	0xe0
 394 0196 11       		.byte	0x11
 395 0197 06       		.uleb128 0x6
 396 0198 99050000 		.4byte	.LASF35
 397 019c 07       		.byte	0x7
 398 019d E6       		.byte	0xe6
 399 019e F6000000 		.4byte	0xf6
ARM GAS  /tmp/ccKI2D8W.s 			page 8


 400 01a2 12       		.byte	0x12
 401 01a3 07       		.uleb128 0x7
 402 01a4 705F7500 		.ascii	"p_u\000"
 403 01a8 07       		.byte	0x7
 404 01a9 3101     		.2byte	0x131
 405 01ab E3060000 		.4byte	0x6e3
 406 01af 14       		.byte	0x14
 407 01b0 08       		.uleb128 0x8
 408 01b1 20000000 		.4byte	.LASF36
 409 01b5 07       		.byte	0x7
 410 01b6 3601     		.2byte	0x136
 411 01b8 1D020000 		.4byte	0x21d
 412 01bc 18       		.byte	0x18
 413 01bd 08       		.uleb128 0x8
 414 01be 82000000 		.4byte	.LASF37
 415 01c2 07       		.byte	0x7
 416 01c3 3C01     		.2byte	0x13c
 417 01c5 41020000 		.4byte	0x241
 418 01c9 1C       		.byte	0x1c
 419 01ca 08       		.uleb128 0x8
 420 01cb D7030000 		.4byte	.LASF38
 421 01cf 07       		.byte	0x7
 422 01d0 4001     		.2byte	0x140
 423 01d2 0C010000 		.4byte	0x10c
 424 01d6 24       		.byte	0x24
 425 01d7 08       		.uleb128 0x8
 426 01d8 3B040000 		.4byte	.LASF39
 427 01dc 07       		.byte	0x7
 428 01dd 4601     		.2byte	0x146
 429 01df 17010000 		.4byte	0x117
 430 01e3 28       		.byte	0x28
 431 01e4 08       		.uleb128 0x8
 432 01e5 8F020000 		.4byte	.LASF40
 433 01e9 07       		.byte	0x7
 434 01ea 4D01     		.2byte	0x14d
 435 01ec A2070000 		.4byte	0x7a2
 436 01f0 2C       		.byte	0x2c
 437 01f1 08       		.uleb128 0x8
 438 01f2 11040000 		.4byte	.LASF41
 439 01f6 07       		.byte	0x7
 440 01f7 5101     		.2byte	0x151
 441 01f9 01010000 		.4byte	0x101
 442 01fd 30       		.byte	0x30
 443 01fe 08       		.uleb128 0x8
 444 01ff 87020000 		.4byte	.LASF42
 445 0203 07       		.byte	0x7
 446 0204 5801     		.2byte	0x158
 447 0206 DA020000 		.4byte	0x2da
 448 020a 34       		.byte	0x34
 449 020b 00       		.byte	0
 450 020c 04       		.uleb128 0x4
 451 020d 50020000 		.4byte	.LASF43
 452 0211 06       		.byte	0x6
 453 0212 44       		.byte	0x44
 454 0213 17020000 		.4byte	0x217
 455 0217 09       		.uleb128 0x9
 456 0218 04       		.byte	0x4
ARM GAS  /tmp/ccKI2D8W.s 			page 9


 457 0219 38010000 		.4byte	0x138
 458 021d 04       		.uleb128 0x4
 459 021e 9A000000 		.4byte	.LASF44
 460 0222 06       		.byte	0x6
 461 0223 49       		.byte	0x49
 462 0224 28020000 		.4byte	0x228
 463 0228 05       		.uleb128 0x5
 464 0229 00000000 		.4byte	.LASF46
 465 022d 04       		.byte	0x4
 466 022e 07       		.byte	0x7
 467 022f B0       		.byte	0xb0
 468 0230 41020000 		.4byte	0x241
 469 0234 06       		.uleb128 0x6
 470 0235 88040000 		.4byte	.LASF29
 471 0239 07       		.byte	0x7
 472 023a B1       		.byte	0xb1
 473 023b 17020000 		.4byte	0x217
 474 023f 00       		.byte	0
 475 0240 00       		.byte	0
 476 0241 04       		.uleb128 0x4
 477 0242 10000000 		.4byte	.LASF47
 478 0246 06       		.byte	0x6
 479 0247 50       		.byte	0x50
 480 0248 4C020000 		.4byte	0x24c
 481 024c 05       		.uleb128 0x5
 482 024d 07010000 		.4byte	.LASF48
 483 0251 08       		.byte	0x8
 484 0252 07       		.byte	0x7
 485 0253 B7       		.byte	0xb7
 486 0254 71020000 		.4byte	0x271
 487 0258 06       		.uleb128 0x6
 488 0259 88040000 		.4byte	.LASF29
 489 025d 07       		.byte	0x7
 490 025e B8       		.byte	0xb8
 491 025f 17020000 		.4byte	0x217
 492 0263 00       		.byte	0
 493 0264 06       		.uleb128 0x6
 494 0265 0E050000 		.4byte	.LASF30
 495 0269 07       		.byte	0x7
 496 026a B9       		.byte	0xb9
 497 026b 17020000 		.4byte	0x217
 498 026f 04       		.byte	0x4
 499 0270 00       		.byte	0
 500 0271 04       		.uleb128 0x4
 501 0272 38050000 		.4byte	.LASF49
 502 0276 06       		.byte	0x6
 503 0277 57       		.byte	0x57
 504 0278 7C020000 		.4byte	0x27c
 505 027c 0A       		.uleb128 0xa
 506 027d E3000000 		.4byte	.LASF50
 507 0281 14       		.byte	0x14
 508 0282 07       		.byte	0x7
 509 0283 9001     		.2byte	0x190
 510 0285 BE020000 		.4byte	0x2be
 511 0289 08       		.uleb128 0x8
 512 028a C0020000 		.4byte	.LASF51
 513 028e 07       		.byte	0x7
ARM GAS  /tmp/ccKI2D8W.s 			page 10


 514 028f 9101     		.2byte	0x191
 515 0291 41020000 		.4byte	0x241
 516 0295 00       		.byte	0
 517 0296 08       		.uleb128 0x8
 518 0297 51010000 		.4byte	.LASF52
 519 029b 07       		.byte	0x7
 520 029c 9201     		.2byte	0x192
 521 029e 01010000 		.4byte	0x101
 522 02a2 08       		.byte	0x8
 523 02a3 08       		.uleb128 0x8
 524 02a4 01060000 		.4byte	.LASF53
 525 02a8 07       		.byte	0x7
 526 02a9 9401     		.2byte	0x194
 527 02ab C1050000 		.4byte	0x5c1
 528 02af 0C       		.byte	0xc
 529 02b0 08       		.uleb128 0x8
 530 02b1 2C040000 		.4byte	.LASF54
 531 02b5 07       		.byte	0x7
 532 02b6 9B01     		.2byte	0x19b
 533 02b8 17020000 		.4byte	0x217
 534 02bc 10       		.byte	0x10
 535 02bd 00       		.byte	0
 536 02be 04       		.uleb128 0x4
 537 02bf 18010000 		.4byte	.LASF55
 538 02c3 06       		.byte	0x6
 539 02c4 5C       		.byte	0x5c
 540 02c5 C9020000 		.4byte	0x2c9
 541 02c9 09       		.uleb128 0x9
 542 02ca 04       		.byte	0x4
 543 02cb CF020000 		.4byte	0x2cf
 544 02cf 0B       		.uleb128 0xb
 545 02d0 DA020000 		.4byte	0x2da
 546 02d4 0C       		.uleb128 0xc
 547 02d5 DA020000 		.4byte	0x2da
 548 02d9 00       		.byte	0
 549 02da 0D       		.uleb128 0xd
 550 02db 04       		.byte	0x4
 551 02dc 04       		.uleb128 0x4
 552 02dd BD030000 		.4byte	.LASF56
 553 02e1 06       		.byte	0x6
 554 02e2 61       		.byte	0x61
 555 02e3 E7020000 		.4byte	0x2e7
 556 02e7 0A       		.uleb128 0xa
 557 02e8 74010000 		.4byte	.LASF57
 558 02ec 14       		.byte	0x14
 559 02ed 07       		.byte	0x7
 560 02ee 6B01     		.2byte	0x16b
 561 02f0 36030000 		.4byte	0x336
 562 02f4 08       		.uleb128 0x8
 563 02f5 BA050000 		.4byte	.LASF58
 564 02f9 07       		.byte	0x7
 565 02fa 6C01     		.2byte	0x16c
 566 02fc A8070000 		.4byte	0x7a8
 567 0300 00       		.byte	0
 568 0301 08       		.uleb128 0x8
 569 0302 26060000 		.4byte	.LASF59
 570 0306 07       		.byte	0x7
ARM GAS  /tmp/ccKI2D8W.s 			page 11


 571 0307 6D01     		.2byte	0x16d
 572 0309 A8070000 		.4byte	0x7a8
 573 030d 04       		.byte	0x4
 574 030e 08       		.uleb128 0x8
 575 030f 47020000 		.4byte	.LASF60
 576 0313 07       		.byte	0x7
 577 0314 6E01     		.2byte	0x16e
 578 0316 2D010000 		.4byte	0x12d
 579 031a 08       		.byte	0x8
 580 031b 08       		.uleb128 0x8
 581 031c 12060000 		.4byte	.LASF61
 582 0320 07       		.byte	0x7
 583 0321 6F01     		.2byte	0x16f
 584 0323 BE020000 		.4byte	0x2be
 585 0327 0C       		.byte	0xc
 586 0328 08       		.uleb128 0x8
 587 0329 58010000 		.4byte	.LASF62
 588 032d 07       		.byte	0x7
 589 032e 7101     		.2byte	0x171
 590 0330 DA020000 		.4byte	0x2da
 591 0334 10       		.byte	0x10
 592 0335 00       		.byte	0
 593 0336 04       		.uleb128 0x4
 594 0337 83050000 		.4byte	.LASF63
 595 033b 06       		.byte	0x6
 596 033c 66       		.byte	0x66
 597 033d 41030000 		.4byte	0x341
 598 0341 0A       		.uleb128 0xa
 599 0342 E3010000 		.4byte	.LASF64
 600 0346 0C       		.byte	0xc
 601 0347 07       		.byte	0x7
 602 0348 7B01     		.2byte	0x17b
 603 034a 83030000 		.4byte	0x383
 604 034e 08       		.uleb128 0x8
 605 034f BA050000 		.4byte	.LASF58
 606 0353 07       		.byte	0x7
 607 0354 7C01     		.2byte	0x17c
 608 0356 A8070000 		.4byte	0x7a8
 609 035a 00       		.byte	0
 610 035b 08       		.uleb128 0x8
 611 035c 26060000 		.4byte	.LASF59
 612 0360 07       		.byte	0x7
 613 0361 7E01     		.2byte	0x17e
 614 0363 A8070000 		.4byte	0x7a8
 615 0367 04       		.byte	0x4
 616 0368 08       		.uleb128 0x8
 617 0369 47020000 		.4byte	.LASF60
 618 036d 07       		.byte	0x7
 619 036e 8001     		.2byte	0x180
 620 0370 2D010000 		.4byte	0x12d
 621 0374 08       		.byte	0x8
 622 0375 08       		.uleb128 0x8
 623 0376 77000000 		.4byte	.LASF65
 624 037a 07       		.byte	0x7
 625 037b 8201     		.2byte	0x182
 626 037d AE070000 		.4byte	0x7ae
 627 0381 0A       		.byte	0xa
ARM GAS  /tmp/ccKI2D8W.s 			page 12


 628 0382 00       		.byte	0
 629 0383 04       		.uleb128 0x4
 630 0384 A3020000 		.4byte	.LASF66
 631 0388 06       		.byte	0x6
 632 0389 6B       		.byte	0x6b
 633 038a 8E030000 		.4byte	0x38e
 634 038e 0A       		.uleb128 0xa
 635 038f 27010000 		.4byte	.LASF67
 636 0393 04       		.byte	0x4
 637 0394 07       		.byte	0x7
 638 0395 A201     		.2byte	0x1a2
 639 0397 A9030000 		.4byte	0x3a9
 640 039b 08       		.uleb128 0x8
 641 039c CD030000 		.4byte	.LASF68
 642 03a0 07       		.byte	0x7
 643 03a1 AA01     		.2byte	0x1aa
 644 03a3 B3070000 		.4byte	0x7b3
 645 03a7 00       		.byte	0
 646 03a8 00       		.byte	0
 647 03a9 04       		.uleb128 0x4
 648 03aa C2050000 		.4byte	.LASF69
 649 03ae 06       		.byte	0x6
 650 03af 70       		.byte	0x70
 651 03b0 B4030000 		.4byte	0x3b4
 652 03b4 0E       		.uleb128 0xe
 653 03b5 70040000 		.4byte	.LASF70
 654 03b9 3001     		.2byte	0x130
 655 03bb 07       		.byte	0x7
 656 03bc C201     		.2byte	0x1c2
 657 03be 10040000 		.4byte	0x410
 658 03c2 08       		.uleb128 0x8
 659 03c3 9E040000 		.4byte	.LASF71
 660 03c7 07       		.byte	0x7
 661 03c8 C601     		.2byte	0x1c6
 662 03ca 71020000 		.4byte	0x271
 663 03ce 00       		.byte	0
 664 03cf 08       		.uleb128 0x8
 665 03d0 C9000000 		.4byte	.LASF72
 666 03d4 07       		.byte	0x7
 667 03d5 CA01     		.2byte	0x1ca
 668 03d7 36030000 		.4byte	0x336
 669 03db 14       		.byte	0x14
 670 03dc 07       		.uleb128 0x7
 671 03dd 64626700 		.ascii	"dbg\000"
 672 03e1 07       		.byte	0x7
 673 03e2 CE01     		.2byte	0x1ce
 674 03e4 83030000 		.4byte	0x383
 675 03e8 20       		.byte	0x20
 676 03e9 08       		.uleb128 0x8
 677 03ea E5030000 		.4byte	.LASF73
 678 03ee 07       		.byte	0x7
 679 03ef D201     		.2byte	0x1d2
 680 03f1 38010000 		.4byte	0x138
 681 03f5 24       		.byte	0x24
 682 03f6 07       		.uleb128 0x7
 683 03f7 746D00   		.ascii	"tm\000"
 684 03fa 07       		.byte	0x7
ARM GAS  /tmp/ccKI2D8W.s 			page 13


 685 03fb D701     		.2byte	0x1d7
 686 03fd D8060000 		.4byte	0x6d8
 687 0401 5C       		.byte	0x5c
 688 0402 08       		.uleb128 0x8
 689 0403 F1000000 		.4byte	.LASF74
 690 0407 07       		.byte	0x7
 691 0408 E301     		.2byte	0x1e3
 692 040a CA070000 		.4byte	0x7ca
 693 040e 60       		.byte	0x60
 694 040f 00       		.byte	0
 695 0410 03       		.uleb128 0x3
 696 0411 04       		.byte	0x4
 697 0412 07       		.byte	0x7
 698 0413 15050000 		.4byte	.LASF75
 699 0417 0F       		.uleb128 0xf
 700 0418 BF000000 		.4byte	0xbf
 701 041c 10       		.uleb128 0x10
 702 041d 8C       		.byte	0x8c
 703 041e 08       		.byte	0x8
 704 041f 8301     		.2byte	0x183
 705 0421 37050000 		.4byte	0x537
 706 0425 08       		.uleb128 0x8
 707 0426 11020000 		.4byte	.LASF76
 708 042a 08       		.byte	0x8
 709 042b 8501     		.2byte	0x185
 710 042d 37050000 		.4byte	0x537
 711 0431 00       		.byte	0
 712 0432 08       		.uleb128 0x8
 713 0433 63020000 		.4byte	.LASF77
 714 0437 08       		.byte	0x8
 715 0438 8601     		.2byte	0x186
 716 043a 17040000 		.4byte	0x417
 717 043e 04       		.byte	0x4
 718 043f 08       		.uleb128 0x8
 719 0440 04050000 		.4byte	.LASF78
 720 0444 08       		.byte	0x8
 721 0445 8701     		.2byte	0x187
 722 0447 17040000 		.4byte	0x417
 723 044b 08       		.byte	0x8
 724 044c 08       		.uleb128 0x8
 725 044d 71020000 		.4byte	.LASF79
 726 0451 08       		.byte	0x8
 727 0452 8801     		.2byte	0x188
 728 0454 17040000 		.4byte	0x417
 729 0458 0C       		.byte	0xc
 730 0459 07       		.uleb128 0x7
 731 045a 53435200 		.ascii	"SCR\000"
 732 045e 08       		.byte	0x8
 733 045f 8901     		.2byte	0x189
 734 0461 17040000 		.4byte	0x417
 735 0465 10       		.byte	0x10
 736 0466 07       		.uleb128 0x7
 737 0467 43435200 		.ascii	"CCR\000"
 738 046b 08       		.byte	0x8
 739 046c 8A01     		.2byte	0x18a
 740 046e 17040000 		.4byte	0x417
 741 0472 14       		.byte	0x14
ARM GAS  /tmp/ccKI2D8W.s 			page 14


 742 0473 07       		.uleb128 0x7
 743 0474 53485000 		.ascii	"SHP\000"
 744 0478 08       		.byte	0x8
 745 0479 8B01     		.2byte	0x18b
 746 047b 4C050000 		.4byte	0x54c
 747 047f 18       		.byte	0x18
 748 0480 08       		.uleb128 0x8
 749 0481 1C040000 		.4byte	.LASF80
 750 0485 08       		.byte	0x8
 751 0486 8C01     		.2byte	0x18c
 752 0488 17040000 		.4byte	0x417
 753 048c 24       		.byte	0x24
 754 048d 08       		.uleb128 0x8
 755 048e CE020000 		.4byte	.LASF81
 756 0492 08       		.byte	0x8
 757 0493 8D01     		.2byte	0x18d
 758 0495 17040000 		.4byte	0x417
 759 0499 28       		.byte	0x28
 760 049a 08       		.uleb128 0x8
 761 049b 42020000 		.4byte	.LASF82
 762 049f 08       		.byte	0x8
 763 04a0 8E01     		.2byte	0x18e
 764 04a2 17040000 		.4byte	0x417
 765 04a6 2C       		.byte	0x2c
 766 04a7 08       		.uleb128 0x8
 767 04a8 A9000000 		.4byte	.LASF83
 768 04ac 08       		.byte	0x8
 769 04ad 8F01     		.2byte	0x18f
 770 04af 17040000 		.4byte	0x417
 771 04b3 30       		.byte	0x30
 772 04b4 08       		.uleb128 0x8
 773 04b5 01040000 		.4byte	.LASF84
 774 04b9 08       		.byte	0x8
 775 04ba 9001     		.2byte	0x190
 776 04bc 17040000 		.4byte	0x417
 777 04c0 34       		.byte	0x34
 778 04c1 08       		.uleb128 0x8
 779 04c2 FF040000 		.4byte	.LASF85
 780 04c6 08       		.byte	0x8
 781 04c7 9101     		.2byte	0x191
 782 04c9 17040000 		.4byte	0x417
 783 04cd 38       		.byte	0x38
 784 04ce 08       		.uleb128 0x8
 785 04cf 31020000 		.4byte	.LASF86
 786 04d3 08       		.byte	0x8
 787 04d4 9201     		.2byte	0x192
 788 04d6 17040000 		.4byte	0x417
 789 04da 3C       		.byte	0x3c
 790 04db 07       		.uleb128 0x7
 791 04dc 50465200 		.ascii	"PFR\000"
 792 04e0 08       		.byte	0x8
 793 04e1 9301     		.2byte	0x193
 794 04e3 61050000 		.4byte	0x561
 795 04e7 40       		.byte	0x40
 796 04e8 07       		.uleb128 0x7
 797 04e9 44465200 		.ascii	"DFR\000"
 798 04ed 08       		.byte	0x8
ARM GAS  /tmp/ccKI2D8W.s 			page 15


 799 04ee 9401     		.2byte	0x194
 800 04f0 37050000 		.4byte	0x537
 801 04f4 48       		.byte	0x48
 802 04f5 07       		.uleb128 0x7
 803 04f6 41445200 		.ascii	"ADR\000"
 804 04fa 08       		.byte	0x8
 805 04fb 9501     		.2byte	0x195
 806 04fd 37050000 		.4byte	0x537
 807 0501 4C       		.byte	0x4c
 808 0502 08       		.uleb128 0x8
 809 0503 40010000 		.4byte	.LASF87
 810 0507 08       		.byte	0x8
 811 0508 9601     		.2byte	0x196
 812 050a 7B050000 		.4byte	0x57b
 813 050e 50       		.byte	0x50
 814 050f 08       		.uleb128 0x8
 815 0510 38060000 		.4byte	.LASF88
 816 0514 08       		.byte	0x8
 817 0515 9701     		.2byte	0x197
 818 0517 95050000 		.4byte	0x595
 819 051b 60       		.byte	0x60
 820 051c 08       		.uleb128 0x8
 821 051d 2E060000 		.4byte	.LASF89
 822 0521 08       		.byte	0x8
 823 0522 9801     		.2byte	0x198
 824 0524 85050000 		.4byte	0x585
 825 0528 74       		.byte	0x74
 826 0529 08       		.uleb128 0x8
 827 052a 2A000000 		.4byte	.LASF90
 828 052e 08       		.byte	0x8
 829 052f 9901     		.2byte	0x199
 830 0531 17040000 		.4byte	0x417
 831 0535 88       		.byte	0x88
 832 0536 00       		.byte	0
 833 0537 11       		.uleb128 0x11
 834 0538 17040000 		.4byte	0x417
 835 053c 12       		.uleb128 0x12
 836 053d 9E000000 		.4byte	0x9e
 837 0541 4C050000 		.4byte	0x54c
 838 0545 13       		.uleb128 0x13
 839 0546 10040000 		.4byte	0x410
 840 054a 0B       		.byte	0xb
 841 054b 00       		.byte	0
 842 054c 0F       		.uleb128 0xf
 843 054d 3C050000 		.4byte	0x53c
 844 0551 12       		.uleb128 0x12
 845 0552 BF000000 		.4byte	0xbf
 846 0556 61050000 		.4byte	0x561
 847 055a 13       		.uleb128 0x13
 848 055b 10040000 		.4byte	0x410
 849 055f 01       		.byte	0x1
 850 0560 00       		.byte	0
 851 0561 11       		.uleb128 0x11
 852 0562 66050000 		.4byte	0x566
 853 0566 0F       		.uleb128 0xf
 854 0567 51050000 		.4byte	0x551
 855 056b 12       		.uleb128 0x12
ARM GAS  /tmp/ccKI2D8W.s 			page 16


 856 056c BF000000 		.4byte	0xbf
 857 0570 7B050000 		.4byte	0x57b
 858 0574 13       		.uleb128 0x13
 859 0575 10040000 		.4byte	0x410
 860 0579 03       		.byte	0x3
 861 057a 00       		.byte	0
 862 057b 11       		.uleb128 0x11
 863 057c 80050000 		.4byte	0x580
 864 0580 0F       		.uleb128 0xf
 865 0581 6B050000 		.4byte	0x56b
 866 0585 12       		.uleb128 0x12
 867 0586 BF000000 		.4byte	0xbf
 868 058a 95050000 		.4byte	0x595
 869 058e 13       		.uleb128 0x13
 870 058f 10040000 		.4byte	0x410
 871 0593 04       		.byte	0x4
 872 0594 00       		.byte	0
 873 0595 11       		.uleb128 0x11
 874 0596 9A050000 		.4byte	0x59a
 875 059a 0F       		.uleb128 0xf
 876 059b 85050000 		.4byte	0x585
 877 059f 14       		.uleb128 0x14
 878 05a0 F6040000 		.4byte	.LASF91
 879 05a4 08       		.byte	0x8
 880 05a5 9A01     		.2byte	0x19a
 881 05a7 1C040000 		.4byte	0x41c
 882 05ab 04       		.uleb128 0x4
 883 05ac 4D000000 		.4byte	.LASF92
 884 05b0 09       		.byte	0x9
 885 05b1 65       		.byte	0x65
 886 05b2 DA020000 		.4byte	0x2da
 887 05b6 04       		.uleb128 0x4
 888 05b7 07060000 		.4byte	.LASF93
 889 05bb 09       		.byte	0x9
 890 05bc 6D       		.byte	0x6d
 891 05bd CA000000 		.4byte	0xca
 892 05c1 05       		.uleb128 0x5
 893 05c2 AD030000 		.4byte	.LASF94
 894 05c6 04       		.byte	0x4
 895 05c7 09       		.byte	0x9
 896 05c8 89       		.byte	0x89
 897 05c9 DA050000 		.4byte	0x5da
 898 05cd 15       		.uleb128 0x15
 899 05ce 72313300 		.ascii	"r13\000"
 900 05d2 09       		.byte	0x9
 901 05d3 8A       		.byte	0x8a
 902 05d4 55060000 		.4byte	0x655
 903 05d8 00       		.byte	0
 904 05d9 00       		.byte	0
 905 05da 05       		.uleb128 0x5
 906 05db 57040000 		.4byte	.LASF95
 907 05df 24       		.byte	0x24
 908 05e0 0A       		.byte	0xa
 909 05e1 FD       		.byte	0xfd
 910 05e2 55060000 		.4byte	0x655
 911 05e6 07       		.uleb128 0x7
 912 05e7 723400   		.ascii	"r4\000"
ARM GAS  /tmp/ccKI2D8W.s 			page 17


 913 05ea 0A       		.byte	0xa
 914 05eb 1001     		.2byte	0x110
 915 05ed AB050000 		.4byte	0x5ab
 916 05f1 00       		.byte	0
 917 05f2 07       		.uleb128 0x7
 918 05f3 723500   		.ascii	"r5\000"
 919 05f6 0A       		.byte	0xa
 920 05f7 1101     		.2byte	0x111
 921 05f9 AB050000 		.4byte	0x5ab
 922 05fd 04       		.byte	0x4
 923 05fe 07       		.uleb128 0x7
 924 05ff 723600   		.ascii	"r6\000"
 925 0602 0A       		.byte	0xa
 926 0603 1201     		.2byte	0x112
 927 0605 AB050000 		.4byte	0x5ab
 928 0609 08       		.byte	0x8
 929 060a 07       		.uleb128 0x7
 930 060b 723700   		.ascii	"r7\000"
 931 060e 0A       		.byte	0xa
 932 060f 1301     		.2byte	0x113
 933 0611 AB050000 		.4byte	0x5ab
 934 0615 0C       		.byte	0xc
 935 0616 07       		.uleb128 0x7
 936 0617 723800   		.ascii	"r8\000"
 937 061a 0A       		.byte	0xa
 938 061b 1401     		.2byte	0x114
 939 061d AB050000 		.4byte	0x5ab
 940 0621 10       		.byte	0x10
 941 0622 07       		.uleb128 0x7
 942 0623 723900   		.ascii	"r9\000"
 943 0626 0A       		.byte	0xa
 944 0627 1501     		.2byte	0x115
 945 0629 AB050000 		.4byte	0x5ab
 946 062d 14       		.byte	0x14
 947 062e 07       		.uleb128 0x7
 948 062f 72313000 		.ascii	"r10\000"
 949 0633 0A       		.byte	0xa
 950 0634 1601     		.2byte	0x116
 951 0636 AB050000 		.4byte	0x5ab
 952 063a 18       		.byte	0x18
 953 063b 07       		.uleb128 0x7
 954 063c 72313100 		.ascii	"r11\000"
 955 0640 0A       		.byte	0xa
 956 0641 1701     		.2byte	0x117
 957 0643 AB050000 		.4byte	0x5ab
 958 0647 1C       		.byte	0x1c
 959 0648 07       		.uleb128 0x7
 960 0649 6C7200   		.ascii	"lr\000"
 961 064c 0A       		.byte	0xa
 962 064d 1801     		.2byte	0x118
 963 064f AB050000 		.4byte	0x5ab
 964 0653 20       		.byte	0x20
 965 0654 00       		.byte	0
 966 0655 09       		.uleb128 0x9
 967 0656 04       		.byte	0x4
 968 0657 DA050000 		.4byte	0x5da
 969 065b 05       		.uleb128 0x5
ARM GAS  /tmp/ccKI2D8W.s 			page 18


 970 065c EA040000 		.4byte	.LASF96
 971 0660 20       		.byte	0x20
 972 0661 0A       		.byte	0xa
 973 0662 DE       		.byte	0xde
 974 0663 C3060000 		.4byte	0x6c3
 975 0667 15       		.uleb128 0x15
 976 0668 723000   		.ascii	"r0\000"
 977 066b 0A       		.byte	0xa
 978 066c DF       		.byte	0xdf
 979 066d AB050000 		.4byte	0x5ab
 980 0671 00       		.byte	0
 981 0672 15       		.uleb128 0x15
 982 0673 723100   		.ascii	"r1\000"
 983 0676 0A       		.byte	0xa
 984 0677 E0       		.byte	0xe0
 985 0678 AB050000 		.4byte	0x5ab
 986 067c 04       		.byte	0x4
 987 067d 15       		.uleb128 0x15
 988 067e 723200   		.ascii	"r2\000"
 989 0681 0A       		.byte	0xa
 990 0682 E1       		.byte	0xe1
 991 0683 AB050000 		.4byte	0x5ab
 992 0687 08       		.byte	0x8
 993 0688 15       		.uleb128 0x15
 994 0689 723300   		.ascii	"r3\000"
 995 068c 0A       		.byte	0xa
 996 068d E2       		.byte	0xe2
 997 068e AB050000 		.4byte	0x5ab
 998 0692 0C       		.byte	0xc
 999 0693 15       		.uleb128 0x15
 1000 0694 72313200 		.ascii	"r12\000"
 1001 0698 0A       		.byte	0xa
 1002 0699 E3       		.byte	0xe3
 1003 069a AB050000 		.4byte	0x5ab
 1004 069e 10       		.byte	0x10
 1005 069f 06       		.uleb128 0x6
 1006 06a0 B3050000 		.4byte	.LASF97
 1007 06a4 0A       		.byte	0xa
 1008 06a5 E4       		.byte	0xe4
 1009 06a6 AB050000 		.4byte	0x5ab
 1010 06aa 14       		.byte	0x14
 1011 06ab 15       		.uleb128 0x15
 1012 06ac 706300   		.ascii	"pc\000"
 1013 06af 0A       		.byte	0xa
 1014 06b0 E5       		.byte	0xe5
 1015 06b1 AB050000 		.4byte	0x5ab
 1016 06b5 18       		.byte	0x18
 1017 06b6 06       		.uleb128 0x6
 1018 06b7 09050000 		.4byte	.LASF98
 1019 06bb 0A       		.byte	0xa
 1020 06bc E6       		.byte	0xe6
 1021 06bd AB050000 		.4byte	0x5ab
 1022 06c1 1C       		.byte	0x1c
 1023 06c2 00       		.byte	0
 1024 06c3 16       		.uleb128 0x16
 1025 06c4 04       		.byte	0x4
 1026 06c5 0B       		.byte	0xb
ARM GAS  /tmp/ccKI2D8W.s 			page 19


 1027 06c6 38       		.byte	0x38
 1028 06c7 D8060000 		.4byte	0x6d8
 1029 06cb 06       		.uleb128 0x6
 1030 06cc 0A020000 		.4byte	.LASF99
 1031 06d0 0B       		.byte	0xb
 1032 06d1 3C       		.byte	0x3c
 1033 06d2 D5000000 		.4byte	0xd5
 1034 06d6 00       		.byte	0
 1035 06d7 00       		.byte	0
 1036 06d8 04       		.uleb128 0x4
 1037 06d9 37000000 		.4byte	.LASF100
 1038 06dd 0B       		.byte	0xb
 1039 06de 3D       		.byte	0x3d
 1040 06df C3060000 		.4byte	0x6c3
 1041 06e3 17       		.uleb128 0x17
 1042 06e4 04       		.byte	0x4
 1043 06e5 07       		.byte	0x7
 1044 06e6 FA       		.byte	0xfa
 1045 06e7 40070000 		.4byte	0x740
 1046 06eb 18       		.uleb128 0x18
 1047 06ec 03020000 		.4byte	.LASF101
 1048 06f0 07       		.byte	0x7
 1049 06f1 0101     		.2byte	0x101
 1050 06f3 0C010000 		.4byte	0x10c
 1051 06f7 18       		.uleb128 0x18
 1052 06f8 3D060000 		.4byte	.LASF102
 1053 06fc 07       		.byte	0x7
 1054 06fd 0801     		.2byte	0x108
 1055 06ff 0C010000 		.4byte	0x10c
 1056 0703 18       		.uleb128 0x18
 1057 0704 B8000000 		.4byte	.LASF103
 1058 0708 07       		.byte	0x7
 1059 0709 0F01     		.2byte	0x10f
 1060 070b DA020000 		.4byte	0x2da
 1061 070f 18       		.uleb128 0x18
 1062 0710 D5050000 		.4byte	.LASF104
 1063 0714 07       		.byte	0x7
 1064 0715 1601     		.2byte	0x116
 1065 0717 40070000 		.4byte	0x740
 1066 071b 18       		.uleb128 0x18
 1067 071c CE050000 		.4byte	.LASF105
 1068 0720 07       		.byte	0x7
 1069 0721 1E01     		.2byte	0x11e
 1070 0723 6B070000 		.4byte	0x76b
 1071 0727 18       		.uleb128 0x18
 1072 0728 30000000 		.4byte	.LASF106
 1073 072c 07       		.byte	0x7
 1074 072d 2701     		.2byte	0x127
 1075 072f A2070000 		.4byte	0x7a2
 1076 0733 18       		.uleb128 0x18
 1077 0734 00010000 		.4byte	.LASF107
 1078 0738 07       		.byte	0x7
 1079 0739 2F01     		.2byte	0x12f
 1080 073b 17010000 		.4byte	0x117
 1081 073f 00       		.byte	0
 1082 0740 09       		.uleb128 0x9
 1083 0741 04       		.byte	0x4
ARM GAS  /tmp/ccKI2D8W.s 			page 20


 1084 0742 0C020000 		.4byte	0x20c
 1085 0746 05       		.uleb128 0x5
 1086 0747 5F010000 		.4byte	.LASF108
 1087 074b 0C       		.byte	0xc
 1088 074c 0C       		.byte	0xc
 1089 074d 34       		.byte	0x34
 1090 074e 6B070000 		.4byte	0x76b
 1091 0752 06       		.uleb128 0x6
 1092 0753 6F000000 		.4byte	.LASF109
 1093 0757 0C       		.byte	0xc
 1094 0758 35       		.byte	0x35
 1095 0759 41020000 		.4byte	0x241
 1096 075d 00       		.byte	0
 1097 075e 06       		.uleb128 0x6
 1098 075f 21010000 		.4byte	.LASF110
 1099 0763 0C       		.byte	0xc
 1100 0764 37       		.byte	0x37
 1101 0765 22010000 		.4byte	0x122
 1102 0769 08       		.byte	0x8
 1103 076a 00       		.byte	0
 1104 076b 09       		.uleb128 0x9
 1105 076c 04       		.byte	0x4
 1106 076d 46070000 		.4byte	0x746
 1107 0771 05       		.uleb128 0x5
 1108 0772 1D020000 		.4byte	.LASF111
 1109 0776 10       		.byte	0x10
 1110 0777 0D       		.byte	0xd
 1111 0778 39       		.byte	0x39
 1112 0779 A2070000 		.4byte	0x7a2
 1113 077d 06       		.uleb128 0x6
 1114 077e 46040000 		.4byte	.LASF112
 1115 0782 0D       		.byte	0xd
 1116 0783 3A       		.byte	0x3a
 1117 0784 41020000 		.4byte	0x241
 1118 0788 00       		.byte	0
 1119 0789 06       		.uleb128 0x6
 1120 078a 67000000 		.4byte	.LASF113
 1121 078e 0D       		.byte	0xd
 1122 078f 3C       		.byte	0x3c
 1123 0790 17020000 		.4byte	0x217
 1124 0794 08       		.byte	0x8
 1125 0795 06       		.uleb128 0x6
 1126 0796 DB050000 		.4byte	.LASF114
 1127 079a 0D       		.byte	0xd
 1128 079b 3E       		.byte	0x3e
 1129 079c E5070000 		.4byte	0x7e5
 1130 07a0 0C       		.byte	0xc
 1131 07a1 00       		.byte	0
 1132 07a2 09       		.uleb128 0x9
 1133 07a3 04       		.byte	0x4
 1134 07a4 71070000 		.4byte	0x771
 1135 07a8 09       		.uleb128 0x9
 1136 07a9 04       		.byte	0x4
 1137 07aa DC020000 		.4byte	0x2dc
 1138 07ae 0F       		.uleb128 0xf
 1139 07af 2D010000 		.4byte	0x12d
 1140 07b3 0F       		.uleb128 0xf
ARM GAS  /tmp/ccKI2D8W.s 			page 21


 1141 07b4 B8070000 		.4byte	0x7b8
 1142 07b8 09       		.uleb128 0x9
 1143 07b9 04       		.byte	0x4
 1144 07ba BE070000 		.4byte	0x7be
 1145 07be 11       		.uleb128 0x11
 1146 07bf C3070000 		.4byte	0x7c3
 1147 07c3 03       		.uleb128 0x3
 1148 07c4 01       		.byte	0x1
 1149 07c5 08       		.byte	0x8
 1150 07c6 48000000 		.4byte	.LASF115
 1151 07ca 12       		.uleb128 0x12
 1152 07cb B6050000 		.4byte	0x5b6
 1153 07cf DA070000 		.4byte	0x7da
 1154 07d3 13       		.uleb128 0x13
 1155 07d4 10040000 		.4byte	0x410
 1156 07d8 19       		.byte	0x19
 1157 07d9 00       		.byte	0
 1158 07da 04       		.uleb128 0x4
 1159 07db 4D050000 		.4byte	.LASF116
 1160 07df 0D       		.byte	0xd
 1161 07e0 34       		.byte	0x34
 1162 07e1 71070000 		.4byte	0x771
 1163 07e5 09       		.uleb128 0x9
 1164 07e6 04       		.byte	0x4
 1165 07e7 DA070000 		.4byte	0x7da
 1166 07eb 19       		.uleb128 0x19
 1167 07ec 7A040000 		.4byte	.LASF119
 1168 07f0 02       		.byte	0x2
 1169 07f1 2202     		.2byte	0x222
 1170 07f3 03       		.byte	0x3
 1171 07f4 05080000 		.4byte	0x805
 1172 07f8 1A       		.uleb128 0x1a
 1173 07f9 DD010000 		.4byte	.LASF121
 1174 07fd 02       		.byte	0x2
 1175 07fe 2202     		.2byte	0x222
 1176 0800 BF000000 		.4byte	0xbf
 1177 0804 00       		.byte	0
 1178 0805 1B       		.uleb128 0x1b
 1179 0806 BF000000 		.4byte	.LASF117
 1180 080a 0A       		.byte	0xa
 1181 080b C801     		.2byte	0x1c8
 1182 080d 03       		.byte	0x3
 1183 080e 1B       		.uleb128 0x1b
 1184 080f 1A060000 		.4byte	.LASF118
 1185 0813 0A       		.byte	0xa
 1186 0814 E001     		.2byte	0x1e0
 1187 0816 03       		.byte	0x3
 1188 0817 1C       		.uleb128 0x1c
 1189 0818 46060000 		.4byte	.LASF132
 1190 081c 02       		.byte	0x2
 1191 081d AA01     		.2byte	0x1aa
 1192 081f BF000000 		.4byte	0xbf
 1193 0823 03       		.byte	0x3
 1194 0824 35080000 		.4byte	0x835
 1195 0828 1D       		.uleb128 0x1d
 1196 0829 85010000 		.4byte	.LASF133
 1197 082d 02       		.byte	0x2
ARM GAS  /tmp/ccKI2D8W.s 			page 22


 1198 082e AC01     		.2byte	0x1ac
 1199 0830 BF000000 		.4byte	0xbf
 1200 0834 00       		.byte	0
 1201 0835 19       		.uleb128 0x19
 1202 0836 07040000 		.4byte	.LASF120
 1203 083a 02       		.byte	0x2
 1204 083b B901     		.2byte	0x1b9
 1205 083d 03       		.byte	0x3
 1206 083e 4F080000 		.4byte	0x84f
 1207 0842 1A       		.uleb128 0x1a
 1208 0843 CE010000 		.4byte	.LASF122
 1209 0847 02       		.byte	0x2
 1210 0848 B901     		.2byte	0x1b9
 1211 084a BF000000 		.4byte	0xbf
 1212 084e 00       		.byte	0
 1213 084f 1B       		.uleb128 0x1b
 1214 0850 55050000 		.4byte	.LASF123
 1215 0854 0A       		.byte	0xa
 1216 0855 FA01     		.2byte	0x1fa
 1217 0857 03       		.byte	0x3
 1218 0858 1B       		.uleb128 0x1b
 1219 0859 D0000000 		.4byte	.LASF124
 1220 085d 0A       		.byte	0xa
 1221 085e EF01     		.2byte	0x1ef
 1222 0860 03       		.byte	0x3
 1223 0861 1E       		.uleb128 0x1e
 1224 0862 36020000 		.4byte	.LASF125
 1225 0866 01       		.byte	0x1
 1226 0867 3E       		.byte	0x3e
 1227 0868 00000000 		.4byte	.LFB170
 1228 086c 12000000 		.4byte	.LFE170-.LFB170
 1229 0870 01       		.uleb128 0x1
 1230 0871 9C       		.byte	0x9c
 1231 0872 02090000 		.4byte	0x902
 1232 0876 1F       		.uleb128 0x1f
 1233 0877 36040000 		.4byte	.LASF127
 1234 087b 01       		.byte	0x1
 1235 087c 40       		.byte	0x40
 1236 087d 02090000 		.4byte	0x902
 1237 0881 00000000 		.4byte	.LLST0
 1238 0885 20       		.uleb128 0x20
 1239 0886 17080000 		.4byte	0x817
 1240 088a 00000000 		.4byte	.LBB38
 1241 088e 04000000 		.4byte	.LBE38-.LBB38
 1242 0892 01       		.byte	0x1
 1243 0893 48       		.byte	0x48
 1244 0894 AC080000 		.4byte	0x8ac
 1245 0898 21       		.uleb128 0x21
 1246 0899 00000000 		.4byte	.LBB39
 1247 089d 04000000 		.4byte	.LBE39-.LBB39
 1248 08a1 22       		.uleb128 0x22
 1249 08a2 28080000 		.4byte	0x828
 1250 08a6 20000000 		.4byte	.LLST1
 1251 08aa 00       		.byte	0
 1252 08ab 00       		.byte	0
 1253 08ac 20       		.uleb128 0x20
 1254 08ad 35080000 		.4byte	0x835
ARM GAS  /tmp/ccKI2D8W.s 			page 23


 1255 08b1 06000000 		.4byte	.LBB40
 1256 08b5 04000000 		.4byte	.LBE40-.LBB40
 1257 08b9 01       		.byte	0x1
 1258 08ba 4F       		.byte	0x4f
 1259 08bb C9080000 		.4byte	0x8c9
 1260 08bf 23       		.uleb128 0x23
 1261 08c0 42080000 		.4byte	0x842
 1262 08c4 00000000 		.4byte	.LLST0
 1263 08c8 00       		.byte	0
 1264 08c9 24       		.uleb128 0x24
 1265 08ca 4F080000 		.4byte	0x84f
 1266 08ce 0A000000 		.4byte	.LBB42
 1267 08d2 08000000 		.4byte	.LBE42-.LBB42
 1268 08d6 01       		.byte	0x1
 1269 08d7 52       		.byte	0x52
 1270 08d8 25       		.uleb128 0x25
 1271 08d9 0E080000 		.4byte	0x80e
 1272 08dd 0A000000 		.4byte	.LBB43
 1273 08e1 08000000 		.4byte	.LBE43-.LBB43
 1274 08e5 0A       		.byte	0xa
 1275 08e6 FC01     		.2byte	0x1fc
 1276 08e8 25       		.uleb128 0x25
 1277 08e9 EB070000 		.4byte	0x7eb
 1278 08ed 0A000000 		.4byte	.LBB44
 1279 08f1 08000000 		.4byte	.LBE44-.LBB44
 1280 08f5 0A       		.byte	0xa
 1281 08f6 E301     		.2byte	0x1e3
 1282 08f8 26       		.uleb128 0x26
 1283 08f9 F8070000 		.4byte	0x7f8
 1284 08fd 00       		.byte	0
 1285 08fe 00       		.byte	0
 1286 08ff 00       		.byte	0
 1287 0900 00       		.byte	0
 1288 0901 00       		.byte	0
 1289 0902 09       		.uleb128 0x9
 1290 0903 04       		.byte	0x4
 1291 0904 5B060000 		.4byte	0x65b
 1292 0908 1E       		.uleb128 0x1e
 1293 0909 A0050000 		.4byte	.LASF126
 1294 090d 01       		.byte	0x1
 1295 090e 7A       		.byte	0x7a
 1296 090f 00000000 		.4byte	.LFB171
 1297 0913 50000000 		.4byte	.LFE171-.LFB171
 1298 0917 01       		.uleb128 0x1
 1299 0918 9C       		.byte	0x9c
 1300 0919 FF090000 		.4byte	0x9ff
 1301 091d 20       		.uleb128 0x20
 1302 091e 58080000 		.4byte	0x858
 1303 0922 00000000 		.4byte	.LBB46
 1304 0926 06000000 		.4byte	.LBE46-.LBB46
 1305 092a 01       		.byte	0x1
 1306 092b 7C       		.byte	0x7c
 1307 092c 59090000 		.4byte	0x959
 1308 0930 25       		.uleb128 0x25
 1309 0931 05080000 		.4byte	0x805
 1310 0935 00000000 		.4byte	.LBB47
 1311 0939 06000000 		.4byte	.LBE47-.LBB47
ARM GAS  /tmp/ccKI2D8W.s 			page 24


 1312 093d 0A       		.byte	0xa
 1313 093e F101     		.2byte	0x1f1
 1314 0940 25       		.uleb128 0x25
 1315 0941 EB070000 		.4byte	0x7eb
 1316 0945 00000000 		.4byte	.LBB48
 1317 0949 06000000 		.4byte	.LBE48-.LBB48
 1318 094d 0A       		.byte	0xa
 1319 094e D001     		.2byte	0x1d0
 1320 0950 26       		.uleb128 0x26
 1321 0951 F8070000 		.4byte	0x7f8
 1322 0955 20       		.byte	0x20
 1323 0956 00       		.byte	0
 1324 0957 00       		.byte	0
 1325 0958 00       		.byte	0
 1326 0959 20       		.uleb128 0x20
 1327 095a 4F080000 		.4byte	0x84f
 1328 095e 10000000 		.4byte	.LBB50
 1329 0962 06000000 		.4byte	.LBE50-.LBB50
 1330 0966 01       		.byte	0x1
 1331 0967 A5       		.byte	0xa5
 1332 0968 98090000 		.4byte	0x998
 1333 096c 25       		.uleb128 0x25
 1334 096d 0E080000 		.4byte	0x80e
 1335 0971 10000000 		.4byte	.LBB51
 1336 0975 06000000 		.4byte	.LBE51-.LBB51
 1337 0979 0A       		.byte	0xa
 1338 097a FC01     		.2byte	0x1fc
 1339 097c 25       		.uleb128 0x25
 1340 097d EB070000 		.4byte	0x7eb
 1341 0981 10000000 		.4byte	.LBB52
 1342 0985 06000000 		.4byte	.LBE52-.LBB52
 1343 0989 0A       		.byte	0xa
 1344 098a E301     		.2byte	0x1e3
 1345 098c 23       		.uleb128 0x23
 1346 098d F8070000 		.4byte	0x7f8
 1347 0991 40000000 		.4byte	.LLST3
 1348 0995 00       		.byte	0
 1349 0996 00       		.byte	0
 1350 0997 00       		.byte	0
 1351 0998 21       		.uleb128 0x21
 1352 0999 18000000 		.4byte	.LBB54
 1353 099d 38000000 		.4byte	.LBE54-.LBB54
 1354 09a1 1F       		.uleb128 0x1f
 1355 09a2 36040000 		.4byte	.LASF127
 1356 09a6 01       		.byte	0x1
 1357 09a7 7E       		.byte	0x7e
 1358 09a8 02090000 		.4byte	0x902
 1359 09ac 54000000 		.4byte	.LLST4
 1360 09b0 20       		.uleb128 0x20
 1361 09b1 17080000 		.4byte	0x817
 1362 09b5 18000000 		.4byte	.LBB55
 1363 09b9 04000000 		.4byte	.LBE55-.LBB55
 1364 09bd 01       		.byte	0x1
 1365 09be 86       		.byte	0x86
 1366 09bf D7090000 		.4byte	0x9d7
 1367 09c3 21       		.uleb128 0x21
 1368 09c4 18000000 		.4byte	.LBB56
ARM GAS  /tmp/ccKI2D8W.s 			page 25


 1369 09c8 04000000 		.4byte	.LBE56-.LBB56
 1370 09cc 22       		.uleb128 0x22
 1371 09cd 28080000 		.4byte	0x828
 1372 09d1 81000000 		.4byte	.LLST5
 1373 09d5 00       		.byte	0
 1374 09d6 00       		.byte	0
 1375 09d7 20       		.uleb128 0x20
 1376 09d8 35080000 		.4byte	0x835
 1377 09dc 28000000 		.4byte	.LBB57
 1378 09e0 04000000 		.4byte	.LBE57-.LBB57
 1379 09e4 01       		.byte	0x1
 1380 09e5 93       		.byte	0x93
 1381 09e6 F4090000 		.4byte	0x9f4
 1382 09ea 23       		.uleb128 0x23
 1383 09eb 42080000 		.4byte	0x842
 1384 09ef 94000000 		.4byte	.LLST6
 1385 09f3 00       		.byte	0
 1386 09f4 27       		.uleb128 0x27
 1387 09f5 30000000 		.4byte	.LVL10
 1388 09f9 1B0A0000 		.4byte	0xa1b
 1389 09fd 00       		.byte	0
 1390 09fe 00       		.byte	0
 1391 09ff 28       		.uleb128 0x28
 1392 0a00 63040000 		.4byte	.LASF128
 1393 0a04 08       		.byte	0x8
 1394 0a05 5506     		.2byte	0x655
 1395 0a07 0B0A0000 		.4byte	0xa0b
 1396 0a0b 0F       		.uleb128 0xf
 1397 0a0c B4000000 		.4byte	0xb4
 1398 0a10 29       		.uleb128 0x29
 1399 0a11 636800   		.ascii	"ch\000"
 1400 0a14 07       		.byte	0x7
 1401 0a15 0902     		.2byte	0x209
 1402 0a17 A9030000 		.4byte	0x3a9
 1403 0a1b 2A       		.uleb128 0x2a
 1404 0a1c A3010000 		.4byte	.LASF134
 1405 0a20 07       		.byte	0x7
 1406 0a21 1802     		.2byte	0x218
 1407 0a23 270A0000 		.4byte	0xa27
 1408 0a27 03       		.uleb128 0x3
 1409 0a28 01       		.byte	0x1
 1410 0a29 02       		.byte	0x2
 1411 0a2a 17020000 		.4byte	.LASF129
 1412 0a2e 00       		.byte	0
 1413              		.section	.debug_abbrev,"",%progbits
 1414              	.Ldebug_abbrev0:
 1415 0000 01       		.uleb128 0x1
 1416 0001 11       		.uleb128 0x11
 1417 0002 01       		.byte	0x1
 1418 0003 25       		.uleb128 0x25
 1419 0004 0E       		.uleb128 0xe
 1420 0005 13       		.uleb128 0x13
 1421 0006 0B       		.uleb128 0xb
 1422 0007 03       		.uleb128 0x3
 1423 0008 0E       		.uleb128 0xe
 1424 0009 55       		.uleb128 0x55
 1425 000a 17       		.uleb128 0x17
ARM GAS  /tmp/ccKI2D8W.s 			page 26


 1426 000b 11       		.uleb128 0x11
 1427 000c 01       		.uleb128 0x1
 1428 000d 10       		.uleb128 0x10
 1429 000e 17       		.uleb128 0x17
 1430 000f 00       		.byte	0
 1431 0010 00       		.byte	0
 1432 0011 02       		.uleb128 0x2
 1433 0012 24       		.uleb128 0x24
 1434 0013 00       		.byte	0
 1435 0014 0B       		.uleb128 0xb
 1436 0015 0B       		.uleb128 0xb
 1437 0016 3E       		.uleb128 0x3e
 1438 0017 0B       		.uleb128 0xb
 1439 0018 03       		.uleb128 0x3
 1440 0019 08       		.uleb128 0x8
 1441 001a 00       		.byte	0
 1442 001b 00       		.byte	0
 1443 001c 03       		.uleb128 0x3
 1444 001d 24       		.uleb128 0x24
 1445 001e 00       		.byte	0
 1446 001f 0B       		.uleb128 0xb
 1447 0020 0B       		.uleb128 0xb
 1448 0021 3E       		.uleb128 0x3e
 1449 0022 0B       		.uleb128 0xb
 1450 0023 03       		.uleb128 0x3
 1451 0024 0E       		.uleb128 0xe
 1452 0025 00       		.byte	0
 1453 0026 00       		.byte	0
 1454 0027 04       		.uleb128 0x4
 1455 0028 16       		.uleb128 0x16
 1456 0029 00       		.byte	0
 1457 002a 03       		.uleb128 0x3
 1458 002b 0E       		.uleb128 0xe
 1459 002c 3A       		.uleb128 0x3a
 1460 002d 0B       		.uleb128 0xb
 1461 002e 3B       		.uleb128 0x3b
 1462 002f 0B       		.uleb128 0xb
 1463 0030 49       		.uleb128 0x49
 1464 0031 13       		.uleb128 0x13
 1465 0032 00       		.byte	0
 1466 0033 00       		.byte	0
 1467 0034 05       		.uleb128 0x5
 1468 0035 13       		.uleb128 0x13
 1469 0036 01       		.byte	0x1
 1470 0037 03       		.uleb128 0x3
 1471 0038 0E       		.uleb128 0xe
 1472 0039 0B       		.uleb128 0xb
 1473 003a 0B       		.uleb128 0xb
 1474 003b 3A       		.uleb128 0x3a
 1475 003c 0B       		.uleb128 0xb
 1476 003d 3B       		.uleb128 0x3b
 1477 003e 0B       		.uleb128 0xb
 1478 003f 01       		.uleb128 0x1
 1479 0040 13       		.uleb128 0x13
 1480 0041 00       		.byte	0
 1481 0042 00       		.byte	0
 1482 0043 06       		.uleb128 0x6
ARM GAS  /tmp/ccKI2D8W.s 			page 27


 1483 0044 0D       		.uleb128 0xd
 1484 0045 00       		.byte	0
 1485 0046 03       		.uleb128 0x3
 1486 0047 0E       		.uleb128 0xe
 1487 0048 3A       		.uleb128 0x3a
 1488 0049 0B       		.uleb128 0xb
 1489 004a 3B       		.uleb128 0x3b
 1490 004b 0B       		.uleb128 0xb
 1491 004c 49       		.uleb128 0x49
 1492 004d 13       		.uleb128 0x13
 1493 004e 38       		.uleb128 0x38
 1494 004f 0B       		.uleb128 0xb
 1495 0050 00       		.byte	0
 1496 0051 00       		.byte	0
 1497 0052 07       		.uleb128 0x7
 1498 0053 0D       		.uleb128 0xd
 1499 0054 00       		.byte	0
 1500 0055 03       		.uleb128 0x3
 1501 0056 08       		.uleb128 0x8
 1502 0057 3A       		.uleb128 0x3a
 1503 0058 0B       		.uleb128 0xb
 1504 0059 3B       		.uleb128 0x3b
 1505 005a 05       		.uleb128 0x5
 1506 005b 49       		.uleb128 0x49
 1507 005c 13       		.uleb128 0x13
 1508 005d 38       		.uleb128 0x38
 1509 005e 0B       		.uleb128 0xb
 1510 005f 00       		.byte	0
 1511 0060 00       		.byte	0
 1512 0061 08       		.uleb128 0x8
 1513 0062 0D       		.uleb128 0xd
 1514 0063 00       		.byte	0
 1515 0064 03       		.uleb128 0x3
 1516 0065 0E       		.uleb128 0xe
 1517 0066 3A       		.uleb128 0x3a
 1518 0067 0B       		.uleb128 0xb
 1519 0068 3B       		.uleb128 0x3b
 1520 0069 05       		.uleb128 0x5
 1521 006a 49       		.uleb128 0x49
 1522 006b 13       		.uleb128 0x13
 1523 006c 38       		.uleb128 0x38
 1524 006d 0B       		.uleb128 0xb
 1525 006e 00       		.byte	0
 1526 006f 00       		.byte	0
 1527 0070 09       		.uleb128 0x9
 1528 0071 0F       		.uleb128 0xf
 1529 0072 00       		.byte	0
 1530 0073 0B       		.uleb128 0xb
 1531 0074 0B       		.uleb128 0xb
 1532 0075 49       		.uleb128 0x49
 1533 0076 13       		.uleb128 0x13
 1534 0077 00       		.byte	0
 1535 0078 00       		.byte	0
 1536 0079 0A       		.uleb128 0xa
 1537 007a 13       		.uleb128 0x13
 1538 007b 01       		.byte	0x1
 1539 007c 03       		.uleb128 0x3
ARM GAS  /tmp/ccKI2D8W.s 			page 28


 1540 007d 0E       		.uleb128 0xe
 1541 007e 0B       		.uleb128 0xb
 1542 007f 0B       		.uleb128 0xb
 1543 0080 3A       		.uleb128 0x3a
 1544 0081 0B       		.uleb128 0xb
 1545 0082 3B       		.uleb128 0x3b
 1546 0083 05       		.uleb128 0x5
 1547 0084 01       		.uleb128 0x1
 1548 0085 13       		.uleb128 0x13
 1549 0086 00       		.byte	0
 1550 0087 00       		.byte	0
 1551 0088 0B       		.uleb128 0xb
 1552 0089 15       		.uleb128 0x15
 1553 008a 01       		.byte	0x1
 1554 008b 27       		.uleb128 0x27
 1555 008c 19       		.uleb128 0x19
 1556 008d 01       		.uleb128 0x1
 1557 008e 13       		.uleb128 0x13
 1558 008f 00       		.byte	0
 1559 0090 00       		.byte	0
 1560 0091 0C       		.uleb128 0xc
 1561 0092 05       		.uleb128 0x5
 1562 0093 00       		.byte	0
 1563 0094 49       		.uleb128 0x49
 1564 0095 13       		.uleb128 0x13
 1565 0096 00       		.byte	0
 1566 0097 00       		.byte	0
 1567 0098 0D       		.uleb128 0xd
 1568 0099 0F       		.uleb128 0xf
 1569 009a 00       		.byte	0
 1570 009b 0B       		.uleb128 0xb
 1571 009c 0B       		.uleb128 0xb
 1572 009d 00       		.byte	0
 1573 009e 00       		.byte	0
 1574 009f 0E       		.uleb128 0xe
 1575 00a0 13       		.uleb128 0x13
 1576 00a1 01       		.byte	0x1
 1577 00a2 03       		.uleb128 0x3
 1578 00a3 0E       		.uleb128 0xe
 1579 00a4 0B       		.uleb128 0xb
 1580 00a5 05       		.uleb128 0x5
 1581 00a6 3A       		.uleb128 0x3a
 1582 00a7 0B       		.uleb128 0xb
 1583 00a8 3B       		.uleb128 0x3b
 1584 00a9 05       		.uleb128 0x5
 1585 00aa 01       		.uleb128 0x1
 1586 00ab 13       		.uleb128 0x13
 1587 00ac 00       		.byte	0
 1588 00ad 00       		.byte	0
 1589 00ae 0F       		.uleb128 0xf
 1590 00af 35       		.uleb128 0x35
 1591 00b0 00       		.byte	0
 1592 00b1 49       		.uleb128 0x49
 1593 00b2 13       		.uleb128 0x13
 1594 00b3 00       		.byte	0
 1595 00b4 00       		.byte	0
 1596 00b5 10       		.uleb128 0x10
ARM GAS  /tmp/ccKI2D8W.s 			page 29


 1597 00b6 13       		.uleb128 0x13
 1598 00b7 01       		.byte	0x1
 1599 00b8 0B       		.uleb128 0xb
 1600 00b9 0B       		.uleb128 0xb
 1601 00ba 3A       		.uleb128 0x3a
 1602 00bb 0B       		.uleb128 0xb
 1603 00bc 3B       		.uleb128 0x3b
 1604 00bd 05       		.uleb128 0x5
 1605 00be 01       		.uleb128 0x1
 1606 00bf 13       		.uleb128 0x13
 1607 00c0 00       		.byte	0
 1608 00c1 00       		.byte	0
 1609 00c2 11       		.uleb128 0x11
 1610 00c3 26       		.uleb128 0x26
 1611 00c4 00       		.byte	0
 1612 00c5 49       		.uleb128 0x49
 1613 00c6 13       		.uleb128 0x13
 1614 00c7 00       		.byte	0
 1615 00c8 00       		.byte	0
 1616 00c9 12       		.uleb128 0x12
 1617 00ca 01       		.uleb128 0x1
 1618 00cb 01       		.byte	0x1
 1619 00cc 49       		.uleb128 0x49
 1620 00cd 13       		.uleb128 0x13
 1621 00ce 01       		.uleb128 0x1
 1622 00cf 13       		.uleb128 0x13
 1623 00d0 00       		.byte	0
 1624 00d1 00       		.byte	0
 1625 00d2 13       		.uleb128 0x13
 1626 00d3 21       		.uleb128 0x21
 1627 00d4 00       		.byte	0
 1628 00d5 49       		.uleb128 0x49
 1629 00d6 13       		.uleb128 0x13
 1630 00d7 2F       		.uleb128 0x2f
 1631 00d8 0B       		.uleb128 0xb
 1632 00d9 00       		.byte	0
 1633 00da 00       		.byte	0
 1634 00db 14       		.uleb128 0x14
 1635 00dc 16       		.uleb128 0x16
 1636 00dd 00       		.byte	0
 1637 00de 03       		.uleb128 0x3
 1638 00df 0E       		.uleb128 0xe
 1639 00e0 3A       		.uleb128 0x3a
 1640 00e1 0B       		.uleb128 0xb
 1641 00e2 3B       		.uleb128 0x3b
 1642 00e3 05       		.uleb128 0x5
 1643 00e4 49       		.uleb128 0x49
 1644 00e5 13       		.uleb128 0x13
 1645 00e6 00       		.byte	0
 1646 00e7 00       		.byte	0
 1647 00e8 15       		.uleb128 0x15
 1648 00e9 0D       		.uleb128 0xd
 1649 00ea 00       		.byte	0
 1650 00eb 03       		.uleb128 0x3
 1651 00ec 08       		.uleb128 0x8
 1652 00ed 3A       		.uleb128 0x3a
 1653 00ee 0B       		.uleb128 0xb
ARM GAS  /tmp/ccKI2D8W.s 			page 30


 1654 00ef 3B       		.uleb128 0x3b
 1655 00f0 0B       		.uleb128 0xb
 1656 00f1 49       		.uleb128 0x49
 1657 00f2 13       		.uleb128 0x13
 1658 00f3 38       		.uleb128 0x38
 1659 00f4 0B       		.uleb128 0xb
 1660 00f5 00       		.byte	0
 1661 00f6 00       		.byte	0
 1662 00f7 16       		.uleb128 0x16
 1663 00f8 13       		.uleb128 0x13
 1664 00f9 01       		.byte	0x1
 1665 00fa 0B       		.uleb128 0xb
 1666 00fb 0B       		.uleb128 0xb
 1667 00fc 3A       		.uleb128 0x3a
 1668 00fd 0B       		.uleb128 0xb
 1669 00fe 3B       		.uleb128 0x3b
 1670 00ff 0B       		.uleb128 0xb
 1671 0100 01       		.uleb128 0x1
 1672 0101 13       		.uleb128 0x13
 1673 0102 00       		.byte	0
 1674 0103 00       		.byte	0
 1675 0104 17       		.uleb128 0x17
 1676 0105 17       		.uleb128 0x17
 1677 0106 01       		.byte	0x1
 1678 0107 0B       		.uleb128 0xb
 1679 0108 0B       		.uleb128 0xb
 1680 0109 3A       		.uleb128 0x3a
 1681 010a 0B       		.uleb128 0xb
 1682 010b 3B       		.uleb128 0x3b
 1683 010c 0B       		.uleb128 0xb
 1684 010d 01       		.uleb128 0x1
 1685 010e 13       		.uleb128 0x13
 1686 010f 00       		.byte	0
 1687 0110 00       		.byte	0
 1688 0111 18       		.uleb128 0x18
 1689 0112 0D       		.uleb128 0xd
 1690 0113 00       		.byte	0
 1691 0114 03       		.uleb128 0x3
 1692 0115 0E       		.uleb128 0xe
 1693 0116 3A       		.uleb128 0x3a
 1694 0117 0B       		.uleb128 0xb
 1695 0118 3B       		.uleb128 0x3b
 1696 0119 05       		.uleb128 0x5
 1697 011a 49       		.uleb128 0x49
 1698 011b 13       		.uleb128 0x13
 1699 011c 00       		.byte	0
 1700 011d 00       		.byte	0
 1701 011e 19       		.uleb128 0x19
 1702 011f 2E       		.uleb128 0x2e
 1703 0120 01       		.byte	0x1
 1704 0121 03       		.uleb128 0x3
 1705 0122 0E       		.uleb128 0xe
 1706 0123 3A       		.uleb128 0x3a
 1707 0124 0B       		.uleb128 0xb
 1708 0125 3B       		.uleb128 0x3b
 1709 0126 05       		.uleb128 0x5
 1710 0127 27       		.uleb128 0x27
ARM GAS  /tmp/ccKI2D8W.s 			page 31


 1711 0128 19       		.uleb128 0x19
 1712 0129 20       		.uleb128 0x20
 1713 012a 0B       		.uleb128 0xb
 1714 012b 01       		.uleb128 0x1
 1715 012c 13       		.uleb128 0x13
 1716 012d 00       		.byte	0
 1717 012e 00       		.byte	0
 1718 012f 1A       		.uleb128 0x1a
 1719 0130 05       		.uleb128 0x5
 1720 0131 00       		.byte	0
 1721 0132 03       		.uleb128 0x3
 1722 0133 0E       		.uleb128 0xe
 1723 0134 3A       		.uleb128 0x3a
 1724 0135 0B       		.uleb128 0xb
 1725 0136 3B       		.uleb128 0x3b
 1726 0137 05       		.uleb128 0x5
 1727 0138 49       		.uleb128 0x49
 1728 0139 13       		.uleb128 0x13
 1729 013a 00       		.byte	0
 1730 013b 00       		.byte	0
 1731 013c 1B       		.uleb128 0x1b
 1732 013d 2E       		.uleb128 0x2e
 1733 013e 00       		.byte	0
 1734 013f 03       		.uleb128 0x3
 1735 0140 0E       		.uleb128 0xe
 1736 0141 3A       		.uleb128 0x3a
 1737 0142 0B       		.uleb128 0xb
 1738 0143 3B       		.uleb128 0x3b
 1739 0144 05       		.uleb128 0x5
 1740 0145 27       		.uleb128 0x27
 1741 0146 19       		.uleb128 0x19
 1742 0147 20       		.uleb128 0x20
 1743 0148 0B       		.uleb128 0xb
 1744 0149 00       		.byte	0
 1745 014a 00       		.byte	0
 1746 014b 1C       		.uleb128 0x1c
 1747 014c 2E       		.uleb128 0x2e
 1748 014d 01       		.byte	0x1
 1749 014e 03       		.uleb128 0x3
 1750 014f 0E       		.uleb128 0xe
 1751 0150 3A       		.uleb128 0x3a
 1752 0151 0B       		.uleb128 0xb
 1753 0152 3B       		.uleb128 0x3b
 1754 0153 05       		.uleb128 0x5
 1755 0154 27       		.uleb128 0x27
 1756 0155 19       		.uleb128 0x19
 1757 0156 49       		.uleb128 0x49
 1758 0157 13       		.uleb128 0x13
 1759 0158 20       		.uleb128 0x20
 1760 0159 0B       		.uleb128 0xb
 1761 015a 01       		.uleb128 0x1
 1762 015b 13       		.uleb128 0x13
 1763 015c 00       		.byte	0
 1764 015d 00       		.byte	0
 1765 015e 1D       		.uleb128 0x1d
 1766 015f 34       		.uleb128 0x34
 1767 0160 00       		.byte	0
ARM GAS  /tmp/ccKI2D8W.s 			page 32


 1768 0161 03       		.uleb128 0x3
 1769 0162 0E       		.uleb128 0xe
 1770 0163 3A       		.uleb128 0x3a
 1771 0164 0B       		.uleb128 0xb
 1772 0165 3B       		.uleb128 0x3b
 1773 0166 05       		.uleb128 0x5
 1774 0167 49       		.uleb128 0x49
 1775 0168 13       		.uleb128 0x13
 1776 0169 00       		.byte	0
 1777 016a 00       		.byte	0
 1778 016b 1E       		.uleb128 0x1e
 1779 016c 2E       		.uleb128 0x2e
 1780 016d 01       		.byte	0x1
 1781 016e 3F       		.uleb128 0x3f
 1782 016f 19       		.uleb128 0x19
 1783 0170 03       		.uleb128 0x3
 1784 0171 0E       		.uleb128 0xe
 1785 0172 3A       		.uleb128 0x3a
 1786 0173 0B       		.uleb128 0xb
 1787 0174 3B       		.uleb128 0x3b
 1788 0175 0B       		.uleb128 0xb
 1789 0176 27       		.uleb128 0x27
 1790 0177 19       		.uleb128 0x19
 1791 0178 11       		.uleb128 0x11
 1792 0179 01       		.uleb128 0x1
 1793 017a 12       		.uleb128 0x12
 1794 017b 06       		.uleb128 0x6
 1795 017c 40       		.uleb128 0x40
 1796 017d 18       		.uleb128 0x18
 1797 017e 9742     		.uleb128 0x2117
 1798 0180 19       		.uleb128 0x19
 1799 0181 01       		.uleb128 0x1
 1800 0182 13       		.uleb128 0x13
 1801 0183 00       		.byte	0
 1802 0184 00       		.byte	0
 1803 0185 1F       		.uleb128 0x1f
 1804 0186 34       		.uleb128 0x34
 1805 0187 00       		.byte	0
 1806 0188 03       		.uleb128 0x3
 1807 0189 0E       		.uleb128 0xe
 1808 018a 3A       		.uleb128 0x3a
 1809 018b 0B       		.uleb128 0xb
 1810 018c 3B       		.uleb128 0x3b
 1811 018d 0B       		.uleb128 0xb
 1812 018e 49       		.uleb128 0x49
 1813 018f 13       		.uleb128 0x13
 1814 0190 02       		.uleb128 0x2
 1815 0191 17       		.uleb128 0x17
 1816 0192 00       		.byte	0
 1817 0193 00       		.byte	0
 1818 0194 20       		.uleb128 0x20
 1819 0195 1D       		.uleb128 0x1d
 1820 0196 01       		.byte	0x1
 1821 0197 31       		.uleb128 0x31
 1822 0198 13       		.uleb128 0x13
 1823 0199 11       		.uleb128 0x11
 1824 019a 01       		.uleb128 0x1
ARM GAS  /tmp/ccKI2D8W.s 			page 33


 1825 019b 12       		.uleb128 0x12
 1826 019c 06       		.uleb128 0x6
 1827 019d 58       		.uleb128 0x58
 1828 019e 0B       		.uleb128 0xb
 1829 019f 59       		.uleb128 0x59
 1830 01a0 0B       		.uleb128 0xb
 1831 01a1 01       		.uleb128 0x1
 1832 01a2 13       		.uleb128 0x13
 1833 01a3 00       		.byte	0
 1834 01a4 00       		.byte	0
 1835 01a5 21       		.uleb128 0x21
 1836 01a6 0B       		.uleb128 0xb
 1837 01a7 01       		.byte	0x1
 1838 01a8 11       		.uleb128 0x11
 1839 01a9 01       		.uleb128 0x1
 1840 01aa 12       		.uleb128 0x12
 1841 01ab 06       		.uleb128 0x6
 1842 01ac 00       		.byte	0
 1843 01ad 00       		.byte	0
 1844 01ae 22       		.uleb128 0x22
 1845 01af 34       		.uleb128 0x34
 1846 01b0 00       		.byte	0
 1847 01b1 31       		.uleb128 0x31
 1848 01b2 13       		.uleb128 0x13
 1849 01b3 02       		.uleb128 0x2
 1850 01b4 17       		.uleb128 0x17
 1851 01b5 00       		.byte	0
 1852 01b6 00       		.byte	0
 1853 01b7 23       		.uleb128 0x23
 1854 01b8 05       		.uleb128 0x5
 1855 01b9 00       		.byte	0
 1856 01ba 31       		.uleb128 0x31
 1857 01bb 13       		.uleb128 0x13
 1858 01bc 02       		.uleb128 0x2
 1859 01bd 17       		.uleb128 0x17
 1860 01be 00       		.byte	0
 1861 01bf 00       		.byte	0
 1862 01c0 24       		.uleb128 0x24
 1863 01c1 1D       		.uleb128 0x1d
 1864 01c2 01       		.byte	0x1
 1865 01c3 31       		.uleb128 0x31
 1866 01c4 13       		.uleb128 0x13
 1867 01c5 11       		.uleb128 0x11
 1868 01c6 01       		.uleb128 0x1
 1869 01c7 12       		.uleb128 0x12
 1870 01c8 06       		.uleb128 0x6
 1871 01c9 58       		.uleb128 0x58
 1872 01ca 0B       		.uleb128 0xb
 1873 01cb 59       		.uleb128 0x59
 1874 01cc 0B       		.uleb128 0xb
 1875 01cd 00       		.byte	0
 1876 01ce 00       		.byte	0
 1877 01cf 25       		.uleb128 0x25
 1878 01d0 1D       		.uleb128 0x1d
 1879 01d1 01       		.byte	0x1
 1880 01d2 31       		.uleb128 0x31
 1881 01d3 13       		.uleb128 0x13
ARM GAS  /tmp/ccKI2D8W.s 			page 34


 1882 01d4 11       		.uleb128 0x11
 1883 01d5 01       		.uleb128 0x1
 1884 01d6 12       		.uleb128 0x12
 1885 01d7 06       		.uleb128 0x6
 1886 01d8 58       		.uleb128 0x58
 1887 01d9 0B       		.uleb128 0xb
 1888 01da 59       		.uleb128 0x59
 1889 01db 05       		.uleb128 0x5
 1890 01dc 00       		.byte	0
 1891 01dd 00       		.byte	0
 1892 01de 26       		.uleb128 0x26
 1893 01df 05       		.uleb128 0x5
 1894 01e0 00       		.byte	0
 1895 01e1 31       		.uleb128 0x31
 1896 01e2 13       		.uleb128 0x13
 1897 01e3 1C       		.uleb128 0x1c
 1898 01e4 0B       		.uleb128 0xb
 1899 01e5 00       		.byte	0
 1900 01e6 00       		.byte	0
 1901 01e7 27       		.uleb128 0x27
 1902 01e8 898201   		.uleb128 0x4109
 1903 01eb 00       		.byte	0
 1904 01ec 11       		.uleb128 0x11
 1905 01ed 01       		.uleb128 0x1
 1906 01ee 31       		.uleb128 0x31
 1907 01ef 13       		.uleb128 0x13
 1908 01f0 00       		.byte	0
 1909 01f1 00       		.byte	0
 1910 01f2 28       		.uleb128 0x28
 1911 01f3 34       		.uleb128 0x34
 1912 01f4 00       		.byte	0
 1913 01f5 03       		.uleb128 0x3
 1914 01f6 0E       		.uleb128 0xe
 1915 01f7 3A       		.uleb128 0x3a
 1916 01f8 0B       		.uleb128 0xb
 1917 01f9 3B       		.uleb128 0x3b
 1918 01fa 05       		.uleb128 0x5
 1919 01fb 49       		.uleb128 0x49
 1920 01fc 13       		.uleb128 0x13
 1921 01fd 3F       		.uleb128 0x3f
 1922 01fe 19       		.uleb128 0x19
 1923 01ff 3C       		.uleb128 0x3c
 1924 0200 19       		.uleb128 0x19
 1925 0201 00       		.byte	0
 1926 0202 00       		.byte	0
 1927 0203 29       		.uleb128 0x29
 1928 0204 34       		.uleb128 0x34
 1929 0205 00       		.byte	0
 1930 0206 03       		.uleb128 0x3
 1931 0207 08       		.uleb128 0x8
 1932 0208 3A       		.uleb128 0x3a
 1933 0209 0B       		.uleb128 0xb
 1934 020a 3B       		.uleb128 0x3b
 1935 020b 05       		.uleb128 0x5
 1936 020c 49       		.uleb128 0x49
 1937 020d 13       		.uleb128 0x13
 1938 020e 3F       		.uleb128 0x3f
ARM GAS  /tmp/ccKI2D8W.s 			page 35


 1939 020f 19       		.uleb128 0x19
 1940 0210 3C       		.uleb128 0x3c
 1941 0211 19       		.uleb128 0x19
 1942 0212 00       		.byte	0
 1943 0213 00       		.byte	0
 1944 0214 2A       		.uleb128 0x2a
 1945 0215 2E       		.uleb128 0x2e
 1946 0216 00       		.byte	0
 1947 0217 3F       		.uleb128 0x3f
 1948 0218 19       		.uleb128 0x19
 1949 0219 03       		.uleb128 0x3
 1950 021a 0E       		.uleb128 0xe
 1951 021b 3A       		.uleb128 0x3a
 1952 021c 0B       		.uleb128 0xb
 1953 021d 3B       		.uleb128 0x3b
 1954 021e 05       		.uleb128 0x5
 1955 021f 27       		.uleb128 0x27
 1956 0220 19       		.uleb128 0x19
 1957 0221 49       		.uleb128 0x49
 1958 0222 13       		.uleb128 0x13
 1959 0223 3C       		.uleb128 0x3c
 1960 0224 19       		.uleb128 0x19
 1961 0225 00       		.byte	0
 1962 0226 00       		.byte	0
 1963 0227 00       		.byte	0
 1964              		.section	.debug_loc,"",%progbits
 1965              	.Ldebug_loc0:
 1966              	.LLST0:
 1967 0000 04000000 		.4byte	.LVL0
 1968 0004 06000000 		.4byte	.LVL1
 1969 0008 0300     		.2byte	0x3
 1970 000a 73       		.byte	0x73
 1971 000b 20       		.sleb128 32
 1972 000c 9F       		.byte	0x9f
 1973 000d 06000000 		.4byte	.LVL1
 1974 0011 0C000000 		.4byte	.LVL3
 1975 0015 0100     		.2byte	0x1
 1976 0017 53       		.byte	0x53
 1977 0018 00000000 		.4byte	0
 1978 001c 00000000 		.4byte	0
 1979              	.LLST1:
 1980 0020 04000000 		.4byte	.LVL0
 1981 0024 06000000 		.4byte	.LVL1
 1982 0028 0100     		.2byte	0x1
 1983 002a 53       		.byte	0x53
 1984 002b 06000000 		.4byte	.LVL1
 1985 002f 0C000000 		.4byte	.LVL3
 1986 0033 0300     		.2byte	0x3
 1987 0035 73       		.byte	0x73
 1988 0036 60       		.sleb128 -32
 1989 0037 9F       		.byte	0x9f
 1990 0038 00000000 		.4byte	0
 1991 003c 00000000 		.4byte	0
 1992              	.LLST3:
 1993 0040 10000000 		.4byte	.LVL5
 1994 0044 16000000 		.4byte	.LVL6
 1995 0048 0200     		.2byte	0x2
ARM GAS  /tmp/ccKI2D8W.s 			page 36


 1996 004a 30       		.byte	0x30
 1997 004b 9F       		.byte	0x9f
 1998 004c 00000000 		.4byte	0
 1999 0050 00000000 		.4byte	0
 2000              	.LLST4:
 2001 0054 1C000000 		.4byte	.LVL7
 2002 0058 28000000 		.4byte	.LVL9
 2003 005c 0300     		.2byte	0x3
 2004 005e 74       		.byte	0x74
 2005 005f 60       		.sleb128 -32
 2006 0060 9F       		.byte	0x9f
 2007 0061 28000000 		.4byte	.LVL9
 2008 0065 2F000000 		.4byte	.LVL10-1
 2009 0069 0100     		.2byte	0x1
 2010 006b 53       		.byte	0x53
 2011 006c 2F000000 		.4byte	.LVL10-1
 2012 0070 42000000 		.4byte	.LVL12
 2013 0074 0300     		.2byte	0x3
 2014 0076 74       		.byte	0x74
 2015 0077 60       		.sleb128 -32
 2016 0078 9F       		.byte	0x9f
 2017 0079 00000000 		.4byte	0
 2018 007d 00000000 		.4byte	0
 2019              	.LLST5:
 2020 0081 1C000000 		.4byte	.LVL7
 2021 0085 42000000 		.4byte	.LVL12
 2022 0089 0100     		.2byte	0x1
 2023 008b 54       		.byte	0x54
 2024 008c 00000000 		.4byte	0
 2025 0090 00000000 		.4byte	0
 2026              	.LLST6:
 2027 0094 24000000 		.4byte	.LVL8
 2028 0098 28000000 		.4byte	.LVL9
 2029 009c 0300     		.2byte	0x3
 2030 009e 74       		.byte	0x74
 2031 009f 60       		.sleb128 -32
 2032 00a0 9F       		.byte	0x9f
 2033 00a1 28000000 		.4byte	.LVL9
 2034 00a5 2F000000 		.4byte	.LVL10-1
 2035 00a9 0100     		.2byte	0x1
 2036 00ab 53       		.byte	0x53
 2037 00ac 2F000000 		.4byte	.LVL10-1
 2038 00b0 42000000 		.4byte	.LVL12
 2039 00b4 0300     		.2byte	0x3
 2040 00b6 74       		.byte	0x74
 2041 00b7 60       		.sleb128 -32
 2042 00b8 9F       		.byte	0x9f
 2043 00b9 00000000 		.4byte	0
 2044 00bd 00000000 		.4byte	0
 2045              		.section	.debug_aranges,"",%progbits
 2046 0000 24000000 		.4byte	0x24
 2047 0004 0200     		.2byte	0x2
 2048 0006 00000000 		.4byte	.Ldebug_info0
 2049 000a 04       		.byte	0x4
 2050 000b 00       		.byte	0
 2051 000c 0000     		.2byte	0
 2052 000e 0000     		.2byte	0
ARM GAS  /tmp/ccKI2D8W.s 			page 37


 2053 0010 00000000 		.4byte	.LFB170
 2054 0014 12000000 		.4byte	.LFE170-.LFB170
 2055 0018 00000000 		.4byte	.LFB171
 2056 001c 50000000 		.4byte	.LFE171-.LFB171
 2057 0020 00000000 		.4byte	0
 2058 0024 00000000 		.4byte	0
 2059              		.section	.debug_ranges,"",%progbits
 2060              	.Ldebug_ranges0:
 2061 0000 00000000 		.4byte	.LFB170
 2062 0004 12000000 		.4byte	.LFE170
 2063 0008 00000000 		.4byte	.LFB171
 2064 000c 50000000 		.4byte	.LFE171
 2065 0010 00000000 		.4byte	0
 2066 0014 00000000 		.4byte	0
 2067              		.section	.debug_line,"",%progbits
 2068              	.Ldebug_line0:
 2069 0000 8D020000 		.section	.debug_str,"MS",%progbits,1
 2069      02001F02 
 2069      00000201 
 2069      FB0E0D00 
 2069      01010101 
 2070              	.LASF46:
 2071 0000 63685F74 		.ascii	"ch_threads_list\000"
 2071      68726561 
 2071      64735F6C 
 2071      69737400 
 2072              	.LASF47:
 2073 0010 74687265 		.ascii	"threads_queue_t\000"
 2073      6164735F 
 2073      71756575 
 2073      655F7400 
 2074              	.LASF36:
 2075 0020 705F7761 		.ascii	"p_waiting\000"
 2075      6974696E 
 2075      6700
 2076              	.LASF90:
 2077 002a 43504143 		.ascii	"CPACR\000"
 2077      5200
 2078              	.LASF106:
 2079 0030 77746D74 		.ascii	"wtmtxp\000"
 2079      787000
 2080              	.LASF100:
 2081 0037 746D5F63 		.ascii	"tm_calibration_t\000"
 2081      616C6962 
 2081      72617469 
 2081      6F6E5F74 
 2081      00
 2082              	.LASF115:
 2083 0048 63686172 		.ascii	"char\000"
 2083      00
 2084              	.LASF92:
 2085 004d 72656761 		.ascii	"regarm_t\000"
 2085      726D5F74 
 2085      00
 2086              	.LASF31:
 2087 0056 705F7072 		.ascii	"p_prio\000"
 2087      696F00
ARM GAS  /tmp/ccKI2D8W.s 			page 38


 2088              	.LASF27:
 2089 005d 73797374 		.ascii	"systime_t\000"
 2089      696D655F 
 2089      7400
 2090              	.LASF113:
 2091 0067 6D5F6F77 		.ascii	"m_owner\000"
 2091      6E657200 
 2092              	.LASF109:
 2093 006f 735F7175 		.ascii	"s_queue\000"
 2093      65756500 
 2094              	.LASF65:
 2095 0077 76745F73 		.ascii	"vt_systime\000"
 2095      79737469 
 2095      6D6500
 2096              	.LASF37:
 2097 0082 705F6D73 		.ascii	"p_msgqueue\000"
 2097      67717565 
 2097      756500
 2098              	.LASF0:
 2099 008d 756E7369 		.ascii	"unsigned int\000"
 2099      676E6564 
 2099      20696E74 
 2099      00
 2100              	.LASF44:
 2101 009a 74687265 		.ascii	"threads_list_t\000"
 2101      6164735F 
 2101      6C697374 
 2101      5F7400
 2102              	.LASF83:
 2103 00a9 44465352 		.ascii	"DFSR\000"
 2103      00
 2104              	.LASF7:
 2105 00ae 5F5F696E 		.ascii	"__int32_t\000"
 2105      7433325F 
 2105      7400
 2106              	.LASF103:
 2107 00b8 77746F62 		.ascii	"wtobjp\000"
 2107      6A7000
 2108              	.LASF117:
 2109 00bf 706F7274 		.ascii	"port_lock\000"
 2109      5F6C6F63 
 2109      6B00
 2110              	.LASF72:
 2111 00c9 76746C69 		.ascii	"vtlist\000"
 2111      737400
 2112              	.LASF124:
 2113 00d0 706F7274 		.ascii	"port_lock_from_isr\000"
 2113      5F6C6F63 
 2113      6B5F6672 
 2113      6F6D5F69 
 2113      737200
 2114              	.LASF50:
 2115 00e3 63685F72 		.ascii	"ch_ready_list\000"
 2115      65616479 
 2115      5F6C6973 
 2115      7400
 2116              	.LASF74:
ARM GAS  /tmp/ccKI2D8W.s 			page 39


 2117 00f1 69646C65 		.ascii	"idle_thread_wa\000"
 2117      5F746872 
 2117      6561645F 
 2117      776100
 2118              	.LASF107:
 2119 0100 65776D61 		.ascii	"ewmask\000"
 2119      736B00
 2120              	.LASF48:
 2121 0107 63685F74 		.ascii	"ch_threads_queue\000"
 2121      68726561 
 2121      64735F71 
 2121      75657565 
 2121      00
 2122              	.LASF55:
 2123 0118 76746675 		.ascii	"vtfunc_t\000"
 2123      6E635F74 
 2123      00
 2124              	.LASF110:
 2125 0121 735F636E 		.ascii	"s_cnt\000"
 2125      7400
 2126              	.LASF67:
 2127 0127 63685F73 		.ascii	"ch_system_debug\000"
 2127      79737465 
 2127      6D5F6465 
 2127      62756700 
 2128              	.LASF17:
 2129 0137 75696E74 		.ascii	"uint32_t\000"
 2129      33325F74 
 2129      00
 2130              	.LASF87:
 2131 0140 4D4D4652 		.ascii	"MMFR\000"
 2131      00
 2132              	.LASF25:
 2133 0145 6576656E 		.ascii	"eventmask_t\000"
 2133      746D6173 
 2133      6B5F7400 
 2134              	.LASF52:
 2135 0151 725F7072 		.ascii	"r_prio\000"
 2135      696F00
 2136              	.LASF62:
 2137 0158 76745F70 		.ascii	"vt_par\000"
 2137      617200
 2138              	.LASF108:
 2139 015f 63685F73 		.ascii	"ch_semaphore\000"
 2139      656D6170 
 2139      686F7265 
 2139      00
 2140              	.LASF23:
 2141 016c 74707269 		.ascii	"tprio_t\000"
 2141      6F5F7400 
 2142              	.LASF57:
 2143 0174 63685F76 		.ascii	"ch_virtual_timer\000"
 2143      69727475 
 2143      616C5F74 
 2143      696D6572 
 2143      00
 2144              	.LASF133:
ARM GAS  /tmp/ccKI2D8W.s 			page 40


 2145 0185 72657375 		.ascii	"result\000"
 2145      6C7400
 2146              	.LASF13:
 2147 018c 6C6F6E67 		.ascii	"long long unsigned int\000"
 2147      206C6F6E 
 2147      6720756E 
 2147      7369676E 
 2147      65642069 
 2148              	.LASF134:
 2149 01a3 63685363 		.ascii	"chSchIsPreemptionRequired\000"
 2149      68497350 
 2149      7265656D 
 2149      7074696F 
 2149      6E526571 
 2150              	.LASF5:
 2151 01bd 5F5F7569 		.ascii	"__uint16_t\000"
 2151      6E743136 
 2151      5F7400
 2152              	.LASF26:
 2153 01c8 636E745F 		.ascii	"cnt_t\000"
 2153      7400
 2154              	.LASF122:
 2155 01ce 746F704F 		.ascii	"topOfProcStack\000"
 2155      6650726F 
 2155      63537461 
 2155      636B00
 2156              	.LASF121:
 2157 01dd 76616C75 		.ascii	"value\000"
 2157      6500
 2158              	.LASF64:
 2159 01e3 63685F76 		.ascii	"ch_virtual_timers_list\000"
 2159      69727475 
 2159      616C5F74 
 2159      696D6572 
 2159      735F6C69 
 2160              	.LASF28:
 2161 01fa 74687265 		.ascii	"thread_t\000"
 2161      61645F74 
 2161      00
 2162              	.LASF101:
 2163 0203 7264796D 		.ascii	"rdymsg\000"
 2163      736700
 2164              	.LASF99:
 2165 020a 6F666673 		.ascii	"offset\000"
 2165      657400
 2166              	.LASF76:
 2167 0211 43505549 		.ascii	"CPUID\000"
 2167      4400
 2168              	.LASF129:
 2169 0217 5F426F6F 		.ascii	"_Bool\000"
 2169      6C00
 2170              	.LASF111:
 2171 021d 63685F6D 		.ascii	"ch_mutex\000"
 2171      75746578 
 2171      00
 2172              	.LASF12:
 2173 0226 5F5F7569 		.ascii	"__uint64_t\000"
ARM GAS  /tmp/ccKI2D8W.s 			page 41


 2173      6E743634 
 2173      5F7400
 2174              	.LASF86:
 2175 0231 41465352 		.ascii	"AFSR\000"
 2175      00
 2176              	.LASF125:
 2177 0236 5356435F 		.ascii	"SVC_Handler\000"
 2177      48616E64 
 2177      6C657200 
 2178              	.LASF82:
 2179 0242 48465352 		.ascii	"HFSR\000"
 2179      00
 2180              	.LASF60:
 2181 0247 76745F64 		.ascii	"vt_delta\000"
 2181      656C7461 
 2181      00
 2182              	.LASF43:
 2183 0250 74687265 		.ascii	"thread_reference_t\000"
 2183      61645F72 
 2183      65666572 
 2183      656E6365 
 2183      5F7400
 2184              	.LASF77:
 2185 0263 49435352 		.ascii	"ICSR\000"
 2185      00
 2186              	.LASF21:
 2187 0268 74737461 		.ascii	"tstate_t\000"
 2187      74655F74 
 2187      00
 2188              	.LASF79:
 2189 0271 41495243 		.ascii	"AIRCR\000"
 2189      5200
 2190              	.LASF33:
 2191 0277 705F7374 		.ascii	"p_state\000"
 2191      61746500 
 2192              	.LASF14:
 2193 027f 75696E74 		.ascii	"uint8_t\000"
 2193      385F7400 
 2194              	.LASF42:
 2195 0287 705F6D70 		.ascii	"p_mpool\000"
 2195      6F6F6C00 
 2196              	.LASF40:
 2197 028f 705F6D74 		.ascii	"p_mtxlist\000"
 2197      786C6973 
 2197      7400
 2198              	.LASF45:
 2199 0299 63685F74 		.ascii	"ch_thread\000"
 2199      68726561 
 2199      6400
 2200              	.LASF66:
 2201 02a3 73797374 		.ascii	"system_debug_t\000"
 2201      656D5F64 
 2201      65627567 
 2201      5F7400
 2202              	.LASF11:
 2203 02b2 6C6F6E67 		.ascii	"long long int\000"
 2203      206C6F6E 
ARM GAS  /tmp/ccKI2D8W.s 			page 42


 2203      6720696E 
 2203      7400
 2204              	.LASF51:
 2205 02c0 725F7175 		.ascii	"r_queue\000"
 2205      65756500 
 2206              	.LASF24:
 2207 02c8 6D73675F 		.ascii	"msg_t\000"
 2207      7400
 2208              	.LASF81:
 2209 02ce 43465352 		.ascii	"CFSR\000"
 2209      00
 2210              	.LASF130:
 2211 02d3 474E5520 		.ascii	"GNU C 4.9.3 20150529 (release) [ARM/embedded-4_9-br"
 2211      4320342E 
 2211      392E3320 
 2211      32303135 
 2211      30353239 
 2212 0306 616E6368 		.ascii	"anch revision 224288] -mcpu=cortex-m3 -mno-thumb-in"
 2212      20726576 
 2212      6973696F 
 2212      6E203232 
 2212      34323838 
 2213 0339 74657277 		.ascii	"terwork -mthumb -ggdb -O2 -fomit-frame-pointer -fal"
 2213      6F726B20 
 2213      2D6D7468 
 2213      756D6220 
 2213      2D676764 
 2214 036c 69676E2D 		.ascii	"ign-functions=16 -ffunction-sections -fdata-section"
 2214      66756E63 
 2214      74696F6E 
 2214      733D3136 
 2214      202D6666 
 2215 039f 73202D66 		.ascii	"s -fno-common\000"
 2215      6E6F2D63 
 2215      6F6D6D6F 
 2215      6E00
 2216              	.LASF94:
 2217 03ad 636F6E74 		.ascii	"context\000"
 2217      65787400 
 2218              	.LASF34:
 2219 03b5 705F666C 		.ascii	"p_flags\000"
 2219      61677300 
 2220              	.LASF56:
 2221 03bd 76697274 		.ascii	"virtual_timer_t\000"
 2221      75616C5F 
 2221      74696D65 
 2221      725F7400 
 2222              	.LASF68:
 2223 03cd 70616E69 		.ascii	"panic_msg\000"
 2223      635F6D73 
 2223      6700
 2224              	.LASF38:
 2225 03d7 705F6D73 		.ascii	"p_msg\000"
 2225      6700
 2226              	.LASF20:
 2227 03dd 746D6F64 		.ascii	"tmode_t\000"
 2227      655F7400 
ARM GAS  /tmp/ccKI2D8W.s 			page 43


 2228              	.LASF73:
 2229 03e5 6D61696E 		.ascii	"mainthread\000"
 2229      74687265 
 2229      616400
 2230              	.LASF15:
 2231 03f0 75696E74 		.ascii	"uint16_t\000"
 2231      31365F74 
 2231      00
 2232              	.LASF19:
 2233 03f9 7274636E 		.ascii	"rtcnt_t\000"
 2233      745F7400 
 2234              	.LASF84:
 2235 0401 4D4D4641 		.ascii	"MMFAR\000"
 2235      5200
 2236              	.LASF120:
 2237 0407 5F5F7365 		.ascii	"__set_PSP\000"
 2237      745F5053 
 2237      5000
 2238              	.LASF41:
 2239 0411 705F7265 		.ascii	"p_realprio\000"
 2239      616C7072 
 2239      696F00
 2240              	.LASF80:
 2241 041c 53484353 		.ascii	"SHCSR\000"
 2241      5200
 2242              	.LASF3:
 2243 0422 73686F72 		.ascii	"short int\000"
 2243      7420696E 
 2243      7400
 2244              	.LASF54:
 2245 042c 725F6375 		.ascii	"r_current\000"
 2245      7272656E 
 2245      7400
 2246              	.LASF127:
 2247 0436 63747870 		.ascii	"ctxp\000"
 2247      00
 2248              	.LASF39:
 2249 043b 705F6570 		.ascii	"p_epending\000"
 2249      656E6469 
 2249      6E6700
 2250              	.LASF112:
 2251 0446 6D5F7175 		.ascii	"m_queue\000"
 2251      65756500 
 2252              	.LASF8:
 2253 044e 6C6F6E67 		.ascii	"long int\000"
 2253      20696E74 
 2253      00
 2254              	.LASF95:
 2255 0457 706F7274 		.ascii	"port_intctx\000"
 2255      5F696E74 
 2255      63747800 
 2256              	.LASF128:
 2257 0463 49544D5F 		.ascii	"ITM_RxBuffer\000"
 2257      52784275 
 2257      66666572 
 2257      00
 2258              	.LASF70:
ARM GAS  /tmp/ccKI2D8W.s 			page 44


 2259 0470 63685F73 		.ascii	"ch_system\000"
 2259      79737465 
 2259      6D00
 2260              	.LASF119:
 2261 047a 5F5F7365 		.ascii	"__set_BASEPRI\000"
 2261      745F4241 
 2261      53455052 
 2261      4900
 2262              	.LASF29:
 2263 0488 705F6E65 		.ascii	"p_next\000"
 2263      787400
 2264              	.LASF18:
 2265 048f 75696E74 		.ascii	"uint64_t\000"
 2265      36345F74 
 2265      00
 2266              	.LASF32:
 2267 0498 705F6374 		.ascii	"p_ctx\000"
 2267      7800
 2268              	.LASF71:
 2269 049e 726C6973 		.ascii	"rlist\000"
 2269      7400
 2270              	.LASF131:
 2271 04a4 2F686F6D 		.ascii	"/home/maciek/ChibiOS_16.1.5/os/rt/ports/ARMCMx/chco"
 2271      652F6D61 
 2271      6369656B 
 2271      2F436869 
 2271      62694F53 
 2272 04d7 72655F76 		.ascii	"re_v7m.c\000"
 2272      376D2E63 
 2272      00
 2273              	.LASF4:
 2274 04e0 5F5F7569 		.ascii	"__uint8_t\000"
 2274      6E74385F 
 2274      7400
 2275              	.LASF96:
 2276 04ea 706F7274 		.ascii	"port_extctx\000"
 2276      5F657874 
 2276      63747800 
 2277              	.LASF91:
 2278 04f6 5343425F 		.ascii	"SCB_Type\000"
 2278      54797065 
 2278      00
 2279              	.LASF85:
 2280 04ff 42464152 		.ascii	"BFAR\000"
 2280      00
 2281              	.LASF78:
 2282 0504 56544F52 		.ascii	"VTOR\000"
 2282      00
 2283              	.LASF98:
 2284 0509 78707372 		.ascii	"xpsr\000"
 2284      00
 2285              	.LASF30:
 2286 050e 705F7072 		.ascii	"p_prev\000"
 2286      657600
 2287              	.LASF75:
 2288 0515 73697A65 		.ascii	"sizetype\000"
 2288      74797065 
ARM GAS  /tmp/ccKI2D8W.s 			page 45


 2288      00
 2289              	.LASF22:
 2290 051e 74726566 		.ascii	"trefs_t\000"
 2290      735F7400 
 2291              	.LASF10:
 2292 0526 6C6F6E67 		.ascii	"long unsigned int\000"
 2292      20756E73 
 2292      69676E65 
 2292      6420696E 
 2292      7400
 2293              	.LASF49:
 2294 0538 72656164 		.ascii	"ready_list_t\000"
 2294      795F6C69 
 2294      73745F74 
 2294      00
 2295              	.LASF16:
 2296 0545 696E7433 		.ascii	"int32_t\000"
 2296      325F7400 
 2297              	.LASF116:
 2298 054d 6D757465 		.ascii	"mutex_t\000"
 2298      785F7400 
 2299              	.LASF123:
 2300 0555 706F7274 		.ascii	"port_unlock_from_isr\000"
 2300      5F756E6C 
 2300      6F636B5F 
 2300      66726F6D 
 2300      5F697372 
 2301              	.LASF2:
 2302 056a 756E7369 		.ascii	"unsigned char\000"
 2302      676E6564 
 2302      20636861 
 2302      7200
 2303              	.LASF9:
 2304 0578 5F5F7569 		.ascii	"__uint32_t\000"
 2304      6E743332 
 2304      5F7400
 2305              	.LASF63:
 2306 0583 76697274 		.ascii	"virtual_timers_list_t\000"
 2306      75616C5F 
 2306      74696D65 
 2306      72735F6C 
 2306      6973745F 
 2307              	.LASF35:
 2308 0599 705F7265 		.ascii	"p_refs\000"
 2308      667300
 2309              	.LASF126:
 2310 05a0 5F706F72 		.ascii	"_port_irq_epilogue\000"
 2310      745F6972 
 2310      715F6570 
 2310      696C6F67 
 2310      756500
 2311              	.LASF97:
 2312 05b3 6C725F74 		.ascii	"lr_thd\000"
 2312      686400
 2313              	.LASF58:
 2314 05ba 76745F6E 		.ascii	"vt_next\000"
 2314      65787400 
ARM GAS  /tmp/ccKI2D8W.s 			page 46


 2315              	.LASF69:
 2316 05c2 63685F73 		.ascii	"ch_system_t\000"
 2316      79737465 
 2316      6D5F7400 
 2317              	.LASF105:
 2318 05ce 77747365 		.ascii	"wtsemp\000"
 2318      6D7000
 2319              	.LASF104:
 2320 05d5 77747472 		.ascii	"wttrp\000"
 2320      7000
 2321              	.LASF114:
 2322 05db 6D5F6E65 		.ascii	"m_next\000"
 2322      787400
 2323              	.LASF1:
 2324 05e2 7369676E 		.ascii	"signed char\000"
 2324      65642063 
 2324      68617200 
 2325              	.LASF6:
 2326 05ee 73686F72 		.ascii	"short unsigned int\000"
 2326      7420756E 
 2326      7369676E 
 2326      65642069 
 2326      6E7400
 2327              	.LASF53:
 2328 0601 725F6374 		.ascii	"r_ctx\000"
 2328      7800
 2329              	.LASF93:
 2330 0607 73746B61 		.ascii	"stkalign_t\000"
 2330      6C69676E 
 2330      5F7400
 2331              	.LASF61:
 2332 0612 76745F66 		.ascii	"vt_func\000"
 2332      756E6300 
 2333              	.LASF118:
 2334 061a 706F7274 		.ascii	"port_unlock\000"
 2334      5F756E6C 
 2334      6F636B00 
 2335              	.LASF59:
 2336 0626 76745F70 		.ascii	"vt_prev\000"
 2336      72657600 
 2337              	.LASF89:
 2338 062e 52455345 		.ascii	"RESERVED0\000"
 2338      52564544 
 2338      3000
 2339              	.LASF88:
 2340 0638 49534152 		.ascii	"ISAR\000"
 2340      00
 2341              	.LASF102:
 2342 063d 65786974 		.ascii	"exitcode\000"
 2342      636F6465 
 2342      00
 2343              	.LASF132:
 2344 0646 5F5F6765 		.ascii	"__get_PSP\000"
 2344      745F5053 
 2344      5000
 2345              		.ident	"GCC: (GNU Tools for ARM Embedded Processors) 4.9.3 20150529 (release) [ARM/embedded-4_9-br
ARM GAS  /tmp/ccKI2D8W.s 			page 47


DEFINED SYMBOLS
                            *ABS*:00000000 chcore_v7m.c
     /tmp/ccKI2D8W.s:19     .text.SVC_Handler:00000000 $t
     /tmp/ccKI2D8W.s:25     .text.SVC_Handler:00000000 SVC_Handler
     /tmp/ccKI2D8W.s:79     .text._port_irq_epilogue:00000000 $t
     /tmp/ccKI2D8W.s:85     .text._port_irq_epilogue:00000000 _port_irq_epilogue
     /tmp/ccKI2D8W.s:180    .text._port_irq_epilogue:00000044 $d
                     .debug_frame:00000010 $d

UNDEFINED SYMBOLS
chSchIsPreemptionRequired
_port_switch_from_isr
_port_exit_from_isr
