ARM GAS  /tmp/cc5i3jIi.s 			page 1


   1              		.syntax unified
   2              		.cpu cortex-m3
   3              		.fpu softvfp
   4              		.eabi_attribute 20, 1
   5              		.eabi_attribute 21, 1
   6              		.eabi_attribute 23, 3
   7              		.eabi_attribute 24, 1
   8              		.eabi_attribute 25, 1
   9              		.eabi_attribute 26, 1
  10              		.eabi_attribute 30, 2
  11              		.eabi_attribute 34, 1
  12              		.eabi_attribute 18, 4
  13              		.thumb
  14              		.file	"chdebug.c"
  15              		.text
  16              	.Ltext0:
  17              		.cfi_sections	.debug_frame
  18              	.Letext0:
  19              		.file 1 "/opt/stm32/gcc/gcc-arm-none-eabi-4_9-2015q2/arm-none-eabi/include/machine/_default_types.
  20              		.file 2 "/opt/stm32/gcc/gcc-arm-none-eabi-4_9-2015q2/arm-none-eabi/include/sys/_stdint.h"
  21              		.file 3 "/home/maciek/ChibiOS_16.1.5/os/rt/ports/ARMCMx/compilers/GCC/chtypes.h"
  22              		.file 4 "/home/maciek/ChibiOS_16.1.5/os/rt/include/chsystypes.h"
  23              		.file 5 "/home/maciek/ChibiOS_16.1.5/os/rt/include/chschd.h"
  24              		.file 6 "/home/maciek/ChibiOS_16.1.5/os/rt/ports/ARMCMx/chcore.h"
  25              		.file 7 "/home/maciek/ChibiOS_16.1.5/os/rt/ports/ARMCMx/chcore_v7m.h"
  26              		.file 8 "/home/maciek/ChibiOS_16.1.5/os/rt/include/chtm.h"
  27              		.file 9 "/home/maciek/ChibiOS_16.1.5/os/rt/include/chsem.h"
  28              		.file 10 "/home/maciek/ChibiOS_16.1.5/os/rt/include/chmtx.h"
  29              		.file 11 "/home/maciek/ChibiOS_16.1.5/os/ext/CMSIS/include/core_cm3.h"
  30              		.section	.debug_info,"",%progbits
  31              	.Ldebug_info0:
  32 0000 00060000 		.4byte	0x600
  33 0004 0400     		.2byte	0x4
  34 0006 00000000 		.4byte	.Ldebug_abbrev0
  35 000a 04       		.byte	0x4
  36 000b 01       		.uleb128 0x1
  37 000c 10010000 		.4byte	.LASF99
  38 0010 01       		.byte	0x1
  39 0011 69000000 		.4byte	.LASF100
  40 0015 00000000 		.4byte	.Ldebug_line0
  41 0019 02       		.uleb128 0x2
  42 001a 04       		.byte	0x4
  43 001b 05       		.byte	0x5
  44 001c 696E7400 		.ascii	"int\000"
  45 0020 03       		.uleb128 0x3
  46 0021 04       		.byte	0x4
  47 0022 07       		.byte	0x7
  48 0023 2B030000 		.4byte	.LASF0
  49 0027 03       		.uleb128 0x3
  50 0028 01       		.byte	0x1
  51 0029 06       		.byte	0x6
  52 002a F9020000 		.4byte	.LASF1
  53 002e 04       		.uleb128 0x4
  54 002f AC020000 		.4byte	.LASF4
  55 0033 01       		.byte	0x1
  56 0034 1D       		.byte	0x1d
  57 0035 39000000 		.4byte	0x39
ARM GAS  /tmp/cc5i3jIi.s 			page 2


  58 0039 03       		.uleb128 0x3
  59 003a 01       		.byte	0x1
  60 003b 08       		.byte	0x8
  61 003c E4020000 		.4byte	.LASF2
  62 0040 03       		.uleb128 0x3
  63 0041 02       		.byte	0x2
  64 0042 05       		.byte	0x5
  65 0043 45000000 		.4byte	.LASF3
  66 0047 04       		.uleb128 0x4
  67 0048 B8000000 		.4byte	.LASF5
  68 004c 01       		.byte	0x1
  69 004d 2B       		.byte	0x2b
  70 004e 52000000 		.4byte	0x52
  71 0052 03       		.uleb128 0x3
  72 0053 02       		.byte	0x2
  73 0054 07       		.byte	0x7
  74 0055 63030000 		.4byte	.LASF6
  75 0059 04       		.uleb128 0x4
  76 005a 46040000 		.4byte	.LASF7
  77 005e 01       		.byte	0x1
  78 005f 3F       		.byte	0x3f
  79 0060 64000000 		.4byte	0x64
  80 0064 03       		.uleb128 0x3
  81 0065 04       		.byte	0x4
  82 0066 05       		.byte	0x5
  83 0067 7A020000 		.4byte	.LASF8
  84 006b 04       		.uleb128 0x4
  85 006c 21040000 		.4byte	.LASF9
  86 0070 01       		.byte	0x1
  87 0071 41       		.byte	0x41
  88 0072 76000000 		.4byte	0x76
  89 0076 03       		.uleb128 0x3
  90 0077 04       		.byte	0x4
  91 0078 07       		.byte	0x7
  92 0079 FD030000 		.4byte	.LASF10
  93 007d 03       		.uleb128 0x3
  94 007e 08       		.byte	0x8
  95 007f 05       		.byte	0x5
  96 0080 46020000 		.4byte	.LASF11
  97 0084 04       		.uleb128 0x4
  98 0085 D9030000 		.4byte	.LASF12
  99 0089 01       		.byte	0x1
 100 008a 5B       		.byte	0x5b
 101 008b 8F000000 		.4byte	0x8f
 102 008f 03       		.uleb128 0x3
 103 0090 08       		.byte	0x8
 104 0091 07       		.byte	0x7
 105 0092 0B030000 		.4byte	.LASF13
 106 0096 04       		.uleb128 0x4
 107 0097 FF010000 		.4byte	.LASF14
 108 009b 02       		.byte	0x2
 109 009c 14       		.byte	0x14
 110 009d 2E000000 		.4byte	0x2e
 111 00a1 04       		.uleb128 0x4
 112 00a2 38030000 		.4byte	.LASF15
 113 00a6 02       		.byte	0x2
 114 00a7 1A       		.byte	0x1a
ARM GAS  /tmp/cc5i3jIi.s 			page 3


 115 00a8 47000000 		.4byte	0x47
 116 00ac 04       		.uleb128 0x4
 117 00ad 2C020000 		.4byte	.LASF16
 118 00b1 02       		.byte	0x2
 119 00b2 1F       		.byte	0x1f
 120 00b3 59000000 		.4byte	0x59
 121 00b7 04       		.uleb128 0x4
 122 00b8 22030000 		.4byte	.LASF17
 123 00bc 02       		.byte	0x2
 124 00bd 20       		.byte	0x20
 125 00be 6B000000 		.4byte	0x6b
 126 00c2 04       		.uleb128 0x4
 127 00c3 31000000 		.4byte	.LASF18
 128 00c7 02       		.byte	0x2
 129 00c8 26       		.byte	0x26
 130 00c9 84000000 		.4byte	0x84
 131 00cd 04       		.uleb128 0x4
 132 00ce 0F040000 		.4byte	.LASF19
 133 00d2 03       		.byte	0x3
 134 00d3 39       		.byte	0x39
 135 00d4 B7000000 		.4byte	0xb7
 136 00d8 04       		.uleb128 0x4
 137 00d9 3E020000 		.4byte	.LASF20
 138 00dd 03       		.byte	0x3
 139 00de 3C       		.byte	0x3c
 140 00df 96000000 		.4byte	0x96
 141 00e3 04       		.uleb128 0x4
 142 00e4 72040000 		.4byte	.LASF21
 143 00e8 03       		.byte	0x3
 144 00e9 3D       		.byte	0x3d
 145 00ea 96000000 		.4byte	0x96
 146 00ee 04       		.uleb128 0x4
 147 00ef 09000000 		.4byte	.LASF22
 148 00f3 03       		.byte	0x3
 149 00f4 3E       		.byte	0x3e
 150 00f5 96000000 		.4byte	0x96
 151 00f9 04       		.uleb128 0x4
 152 00fa 5B020000 		.4byte	.LASF23
 153 00fe 03       		.byte	0x3
 154 00ff 40       		.byte	0x40
 155 0100 B7000000 		.4byte	0xb7
 156 0104 04       		.uleb128 0x4
 157 0105 F2040000 		.4byte	.LASF24
 158 0109 03       		.byte	0x3
 159 010a 41       		.byte	0x41
 160 010b AC000000 		.4byte	0xac
 161 010f 04       		.uleb128 0x4
 162 0110 C3000000 		.4byte	.LASF25
 163 0114 03       		.byte	0x3
 164 0115 43       		.byte	0x43
 165 0116 B7000000 		.4byte	0xb7
 166 011a 04       		.uleb128 0x4
 167 011b C9030000 		.4byte	.LASF26
 168 011f 03       		.byte	0x3
 169 0120 45       		.byte	0x45
 170 0121 AC000000 		.4byte	0xac
 171 0125 04       		.uleb128 0x4
ARM GAS  /tmp/cc5i3jIi.s 			page 4


 172 0126 92030000 		.4byte	.LASF27
 173 012a 04       		.byte	0x4
 174 012b 35       		.byte	0x35
 175 012c A1000000 		.4byte	0xa1
 176 0130 04       		.uleb128 0x4
 177 0131 00000000 		.4byte	.LASF28
 178 0135 04       		.byte	0x4
 179 0136 3F       		.byte	0x3f
 180 0137 3B010000 		.4byte	0x13b
 181 013b 05       		.uleb128 0x5
 182 013c 34020000 		.4byte	.LASF45
 183 0140 38       		.byte	0x38
 184 0141 05       		.byte	0x5
 185 0142 C2       		.byte	0xc2
 186 0143 04020000 		.4byte	0x204
 187 0147 06       		.uleb128 0x6
 188 0148 3F040000 		.4byte	.LASF29
 189 014c 05       		.byte	0x5
 190 014d C3       		.byte	0xc3
 191 014e 0F020000 		.4byte	0x20f
 192 0152 00       		.byte	0
 193 0153 06       		.uleb128 0x6
 194 0154 99000000 		.4byte	.LASF30
 195 0158 05       		.byte	0x5
 196 0159 C5       		.byte	0xc5
 197 015a 0F020000 		.4byte	0x20f
 198 015e 04       		.byte	0x4
 199 015f 06       		.uleb128 0x6
 200 0160 DA000000 		.4byte	.LASF31
 201 0164 05       		.byte	0x5
 202 0165 C7       		.byte	0xc7
 203 0166 F9000000 		.4byte	0xf9
 204 016a 08       		.byte	0x8
 205 016b 06       		.uleb128 0x6
 206 016c D0040000 		.4byte	.LASF32
 207 0170 05       		.byte	0x5
 208 0171 C8       		.byte	0xc8
 209 0172 25040000 		.4byte	0x425
 210 0176 0C       		.byte	0xc
 211 0177 06       		.uleb128 0x6
 212 0178 BA030000 		.4byte	.LASF33
 213 017c 05       		.byte	0x5
 214 017d DD       		.byte	0xdd
 215 017e E3000000 		.4byte	0xe3
 216 0182 10       		.byte	0x10
 217 0183 06       		.uleb128 0x6
 218 0184 76030000 		.4byte	.LASF34
 219 0188 05       		.byte	0x5
 220 0189 E1       		.byte	0xe1
 221 018a D8000000 		.4byte	0xd8
 222 018e 11       		.byte	0x11
 223 018f 06       		.uleb128 0x6
 224 0190 BB040000 		.4byte	.LASF35
 225 0194 05       		.byte	0x5
 226 0195 E6       		.byte	0xe6
 227 0196 EE000000 		.4byte	0xee
 228 019a 12       		.byte	0x12
ARM GAS  /tmp/cc5i3jIi.s 			page 5


 229 019b 07       		.uleb128 0x7
 230 019c 705F7500 		.ascii	"p_u\000"
 231 01a0 05       		.byte	0x5
 232 01a1 3101     		.2byte	0x131
 233 01a3 DF040000 		.4byte	0x4df
 234 01a7 14       		.byte	0x14
 235 01a8 08       		.uleb128 0x8
 236 01a9 CF030000 		.4byte	.LASF36
 237 01ad 05       		.byte	0x5
 238 01ae 3601     		.2byte	0x136
 239 01b0 15020000 		.4byte	0x215
 240 01b4 18       		.byte	0x18
 241 01b5 08       		.uleb128 0x8
 242 01b6 CF000000 		.4byte	.LASF37
 243 01ba 05       		.byte	0x5
 244 01bb 3C01     		.2byte	0x13c
 245 01bd 39020000 		.4byte	0x239
 246 01c1 1C       		.byte	0x1c
 247 01c2 08       		.uleb128 0x8
 248 01c3 D0020000 		.4byte	.LASF38
 249 01c7 05       		.byte	0x5
 250 01c8 4001     		.2byte	0x140
 251 01ca 04010000 		.4byte	0x104
 252 01ce 24       		.byte	0x24
 253 01cf 08       		.uleb128 0x8
 254 01d0 5E000000 		.4byte	.LASF39
 255 01d4 05       		.byte	0x5
 256 01d5 4601     		.2byte	0x146
 257 01d7 0F010000 		.4byte	0x10f
 258 01db 28       		.byte	0x28
 259 01dc 08       		.uleb128 0x8
 260 01dd E4030000 		.4byte	.LASF40
 261 01e1 05       		.byte	0x5
 262 01e2 4D01     		.2byte	0x14d
 263 01e4 9E050000 		.4byte	0x59e
 264 01e8 2C       		.byte	0x2c
 265 01e9 08       		.uleb128 0x8
 266 01ea 87030000 		.4byte	.LASF41
 267 01ee 05       		.byte	0x5
 268 01ef 5101     		.2byte	0x151
 269 01f1 F9000000 		.4byte	0xf9
 270 01f5 30       		.byte	0x30
 271 01f6 08       		.uleb128 0x8
 272 01f7 55030000 		.4byte	.LASF42
 273 01fb 05       		.byte	0x5
 274 01fc 5801     		.2byte	0x158
 275 01fe D2020000 		.4byte	0x2d2
 276 0202 34       		.byte	0x34
 277 0203 00       		.byte	0
 278 0204 04       		.uleb128 0x4
 279 0205 50040000 		.4byte	.LASF43
 280 0209 04       		.byte	0x4
 281 020a 44       		.byte	0x44
 282 020b 0F020000 		.4byte	0x20f
 283 020f 09       		.uleb128 0x9
 284 0210 04       		.byte	0x4
 285 0211 30010000 		.4byte	0x130
ARM GAS  /tmp/cc5i3jIi.s 			page 6


 286 0215 04       		.uleb128 0x4
 287 0216 FF040000 		.4byte	.LASF44
 288 021a 04       		.byte	0x4
 289 021b 49       		.byte	0x49
 290 021c 20020000 		.4byte	0x220
 291 0220 05       		.uleb128 0x5
 292 0221 E1000000 		.4byte	.LASF46
 293 0225 04       		.byte	0x4
 294 0226 05       		.byte	0x5
 295 0227 B0       		.byte	0xb0
 296 0228 39020000 		.4byte	0x239
 297 022c 06       		.uleb128 0x6
 298 022d 3F040000 		.4byte	.LASF29
 299 0231 05       		.byte	0x5
 300 0232 B1       		.byte	0xb1
 301 0233 0F020000 		.4byte	0x20f
 302 0237 00       		.byte	0
 303 0238 00       		.byte	0
 304 0239 04       		.uleb128 0x4
 305 023a 11000000 		.4byte	.LASF47
 306 023e 04       		.byte	0x4
 307 023f 50       		.byte	0x50
 308 0240 44020000 		.4byte	0x244
 309 0244 05       		.uleb128 0x5
 310 0245 07020000 		.4byte	.LASF48
 311 0249 08       		.byte	0x8
 312 024a 05       		.byte	0x5
 313 024b B7       		.byte	0xb7
 314 024c 69020000 		.4byte	0x269
 315 0250 06       		.uleb128 0x6
 316 0251 3F040000 		.4byte	.LASF29
 317 0255 05       		.byte	0x5
 318 0256 B8       		.byte	0xb8
 319 0257 0F020000 		.4byte	0x20f
 320 025b 00       		.byte	0
 321 025c 06       		.uleb128 0x6
 322 025d 99000000 		.4byte	.LASF30
 323 0261 05       		.byte	0x5
 324 0262 B9       		.byte	0xb9
 325 0263 0F020000 		.4byte	0x20f
 326 0267 04       		.byte	0x4
 327 0268 00       		.byte	0
 328 0269 04       		.uleb128 0x4
 329 026a 98040000 		.4byte	.LASF49
 330 026e 04       		.byte	0x4
 331 026f 57       		.byte	0x57
 332 0270 74020000 		.4byte	0x274
 333 0274 0A       		.uleb128 0xa
 334 0275 C2040000 		.4byte	.LASF50
 335 0279 14       		.byte	0x14
 336 027a 05       		.byte	0x5
 337 027b 9001     		.2byte	0x190
 338 027d B6020000 		.4byte	0x2b6
 339 0281 08       		.uleb128 0x8
 340 0282 4F000000 		.4byte	.LASF51
 341 0286 05       		.byte	0x5
 342 0287 9101     		.2byte	0x191
ARM GAS  /tmp/cc5i3jIi.s 			page 7


 343 0289 39020000 		.4byte	0x239
 344 028d 00       		.byte	0
 345 028e 08       		.uleb128 0x8
 346 028f C2030000 		.4byte	.LASF52
 347 0293 05       		.byte	0x5
 348 0294 9201     		.2byte	0x192
 349 0296 F9000000 		.4byte	0xf9
 350 029a 08       		.byte	0x8
 351 029b 08       		.uleb128 0x8
 352 029c 5D030000 		.4byte	.LASF53
 353 02a0 05       		.byte	0x5
 354 02a1 9401     		.2byte	0x194
 355 02a3 25040000 		.4byte	0x425
 356 02a7 0C       		.byte	0xc
 357 02a8 08       		.uleb128 0x8
 358 02a9 C6020000 		.4byte	.LASF54
 359 02ad 05       		.byte	0x5
 360 02ae 9B01     		.2byte	0x19b
 361 02b0 0F020000 		.4byte	0x20f
 362 02b4 10       		.byte	0x10
 363 02b5 00       		.byte	0
 364 02b6 04       		.uleb128 0x4
 365 02b7 8F040000 		.4byte	.LASF55
 366 02bb 04       		.byte	0x4
 367 02bc 5C       		.byte	0x5c
 368 02bd C1020000 		.4byte	0x2c1
 369 02c1 09       		.uleb128 0x9
 370 02c2 04       		.byte	0x4
 371 02c3 C7020000 		.4byte	0x2c7
 372 02c7 0B       		.uleb128 0xb
 373 02c8 D2020000 		.4byte	0x2d2
 374 02cc 0C       		.uleb128 0xc
 375 02cd D2020000 		.4byte	0x2d2
 376 02d1 00       		.byte	0
 377 02d2 0D       		.uleb128 0xd
 378 02d3 04       		.byte	0x4
 379 02d4 04       		.uleb128 0x4
 380 02d5 94020000 		.4byte	.LASF56
 381 02d9 04       		.byte	0x4
 382 02da 61       		.byte	0x61
 383 02db DF020000 		.4byte	0x2df
 384 02df 0A       		.uleb128 0xa
 385 02e0 A9030000 		.4byte	.LASF57
 386 02e4 14       		.byte	0x14
 387 02e5 05       		.byte	0x5
 388 02e6 6B01     		.2byte	0x16b
 389 02e8 2E030000 		.4byte	0x32e
 390 02ec 08       		.uleb128 0x8
 391 02ed 41030000 		.4byte	.LASF58
 392 02f1 05       		.byte	0x5
 393 02f2 6C01     		.2byte	0x16c
 394 02f4 A4050000 		.4byte	0x5a4
 395 02f8 00       		.byte	0
 396 02f9 08       		.uleb128 0x8
 397 02fa BE020000 		.4byte	.LASF59
 398 02fe 05       		.byte	0x5
 399 02ff 6D01     		.2byte	0x16d
ARM GAS  /tmp/cc5i3jIi.s 			page 8


 400 0301 A4050000 		.4byte	0x5a4
 401 0305 04       		.byte	0x4
 402 0306 08       		.uleb128 0x8
 403 0307 7E030000 		.4byte	.LASF60
 404 030b 05       		.byte	0x5
 405 030c 6E01     		.2byte	0x16e
 406 030e 25010000 		.4byte	0x125
 407 0312 08       		.byte	0x8
 408 0313 08       		.uleb128 0x8
 409 0314 6A040000 		.4byte	.LASF61
 410 0318 05       		.byte	0x5
 411 0319 6F01     		.2byte	0x16f
 412 031b B6020000 		.4byte	0x2b6
 413 031f 0C       		.byte	0xc
 414 0320 08       		.uleb128 0x8
 415 0321 09010000 		.4byte	.LASF62
 416 0325 05       		.byte	0x5
 417 0326 7101     		.2byte	0x171
 418 0328 D2020000 		.4byte	0x2d2
 419 032c 10       		.byte	0x10
 420 032d 00       		.byte	0
 421 032e 04       		.uleb128 0x4
 422 032f A5040000 		.4byte	.LASF63
 423 0333 04       		.byte	0x4
 424 0334 66       		.byte	0x66
 425 0335 39030000 		.4byte	0x339
 426 0339 0A       		.uleb128 0xa
 427 033a 63020000 		.4byte	.LASF64
 428 033e 0C       		.byte	0xc
 429 033f 05       		.byte	0x5
 430 0340 7B01     		.2byte	0x17b
 431 0342 7B030000 		.4byte	0x37b
 432 0346 08       		.uleb128 0x8
 433 0347 41030000 		.4byte	.LASF58
 434 034b 05       		.byte	0x5
 435 034c 7C01     		.2byte	0x17c
 436 034e A4050000 		.4byte	0x5a4
 437 0352 00       		.byte	0
 438 0353 08       		.uleb128 0x8
 439 0354 BE020000 		.4byte	.LASF59
 440 0358 05       		.byte	0x5
 441 0359 7E01     		.2byte	0x17e
 442 035b A4050000 		.4byte	0x5a4
 443 035f 04       		.byte	0x4
 444 0360 08       		.uleb128 0x8
 445 0361 7E030000 		.4byte	.LASF60
 446 0365 05       		.byte	0x5
 447 0366 8001     		.2byte	0x180
 448 0368 25010000 		.4byte	0x125
 449 036c 08       		.byte	0x8
 450 036d 08       		.uleb128 0x8
 451 036e 18020000 		.4byte	.LASF65
 452 0372 05       		.byte	0x5
 453 0373 8201     		.2byte	0x182
 454 0375 AA050000 		.4byte	0x5aa
 455 0379 0A       		.byte	0xa
 456 037a 00       		.byte	0
ARM GAS  /tmp/cc5i3jIi.s 			page 9


 457 037b 04       		.uleb128 0x4
 458 037c A0000000 		.4byte	.LASF66
 459 0380 04       		.byte	0x4
 460 0381 6B       		.byte	0x6b
 461 0382 86030000 		.4byte	0x386
 462 0386 0A       		.uleb128 0xa
 463 0387 21000000 		.4byte	.LASF67
 464 038b 04       		.byte	0x4
 465 038c 05       		.byte	0x5
 466 038d A201     		.2byte	0x1a2
 467 038f A1030000 		.4byte	0x3a1
 468 0393 08       		.uleb128 0x8
 469 0394 17040000 		.4byte	.LASF68
 470 0398 05       		.byte	0x5
 471 0399 AA01     		.2byte	0x1aa
 472 039b AF050000 		.4byte	0x5af
 473 039f 00       		.byte	0
 474 03a0 00       		.byte	0
 475 03a1 04       		.uleb128 0x4
 476 03a2 EA010000 		.4byte	.LASF69
 477 03a6 04       		.byte	0x4
 478 03a7 70       		.byte	0x70
 479 03a8 AC030000 		.4byte	0x3ac
 480 03ac 0E       		.uleb128 0xe
 481 03ad 83020000 		.4byte	.LASF70
 482 03b1 3001     		.2byte	0x130
 483 03b3 05       		.byte	0x5
 484 03b4 C201     		.2byte	0x1c2
 485 03b6 08040000 		.4byte	0x408
 486 03ba 08       		.uleb128 0x8
 487 03bb 05030000 		.4byte	.LASF71
 488 03bf 05       		.byte	0x5
 489 03c0 C601     		.2byte	0x1c6
 490 03c2 69020000 		.4byte	0x269
 491 03c6 00       		.byte	0
 492 03c7 08       		.uleb128 0x8
 493 03c8 F1000000 		.4byte	.LASF72
 494 03cc 05       		.byte	0x5
 495 03cd CA01     		.2byte	0x1ca
 496 03cf 2E030000 		.4byte	0x32e
 497 03d3 14       		.byte	0x14
 498 03d4 07       		.uleb128 0x7
 499 03d5 64626700 		.ascii	"dbg\000"
 500 03d9 05       		.byte	0x5
 501 03da CE01     		.2byte	0x1ce
 502 03dc 7B030000 		.4byte	0x37b
 503 03e0 20       		.byte	0x20
 504 03e1 08       		.uleb128 0x8
 505 03e2 3A000000 		.4byte	.LASF73
 506 03e6 05       		.byte	0x5
 507 03e7 D201     		.2byte	0x1d2
 508 03e9 30010000 		.4byte	0x130
 509 03ed 24       		.byte	0x24
 510 03ee 07       		.uleb128 0x7
 511 03ef 746D00   		.ascii	"tm\000"
 512 03f2 05       		.byte	0x5
 513 03f3 D701     		.2byte	0x1d7
ARM GAS  /tmp/cc5i3jIi.s 			page 10


 514 03f5 D4040000 		.4byte	0x4d4
 515 03f9 5C       		.byte	0x5c
 516 03fa 08       		.uleb128 0x8
 517 03fb EE030000 		.4byte	.LASF74
 518 03ff 05       		.byte	0x5
 519 0400 E301     		.2byte	0x1e3
 520 0402 C6050000 		.4byte	0x5c6
 521 0406 60       		.byte	0x60
 522 0407 00       		.byte	0
 523 0408 03       		.uleb128 0x3
 524 0409 04       		.byte	0x4
 525 040a 07       		.byte	0x7
 526 040b AF000000 		.4byte	.LASF75
 527 040f 04       		.uleb128 0x4
 528 0410 F6010000 		.4byte	.LASF76
 529 0414 06       		.byte	0x6
 530 0415 65       		.byte	0x65
 531 0416 D2020000 		.4byte	0x2d2
 532 041a 04       		.uleb128 0x4
 533 041b 7B040000 		.4byte	.LASF77
 534 041f 06       		.byte	0x6
 535 0420 6D       		.byte	0x6d
 536 0421 C2000000 		.4byte	0xc2
 537 0425 05       		.uleb128 0x5
 538 0426 B6020000 		.4byte	.LASF78
 539 042a 04       		.byte	0x4
 540 042b 06       		.byte	0x6
 541 042c 89       		.byte	0x89
 542 042d 3E040000 		.4byte	0x43e
 543 0431 0F       		.uleb128 0xf
 544 0432 72313300 		.ascii	"r13\000"
 545 0436 06       		.byte	0x6
 546 0437 8A       		.byte	0x8a
 547 0438 B9040000 		.4byte	0x4b9
 548 043c 00       		.byte	0
 549 043d 00       		.byte	0
 550 043e 05       		.uleb128 0x5
 551 043f 49030000 		.4byte	.LASF79
 552 0443 24       		.byte	0x24
 553 0444 07       		.byte	0x7
 554 0445 FD       		.byte	0xfd
 555 0446 B9040000 		.4byte	0x4b9
 556 044a 07       		.uleb128 0x7
 557 044b 723400   		.ascii	"r4\000"
 558 044e 07       		.byte	0x7
 559 044f 1001     		.2byte	0x110
 560 0451 0F040000 		.4byte	0x40f
 561 0455 00       		.byte	0
 562 0456 07       		.uleb128 0x7
 563 0457 723500   		.ascii	"r5\000"
 564 045a 07       		.byte	0x7
 565 045b 1101     		.2byte	0x111
 566 045d 0F040000 		.4byte	0x40f
 567 0461 04       		.byte	0x4
 568 0462 07       		.uleb128 0x7
 569 0463 723600   		.ascii	"r6\000"
 570 0466 07       		.byte	0x7
ARM GAS  /tmp/cc5i3jIi.s 			page 11


 571 0467 1201     		.2byte	0x112
 572 0469 0F040000 		.4byte	0x40f
 573 046d 08       		.byte	0x8
 574 046e 07       		.uleb128 0x7
 575 046f 723700   		.ascii	"r7\000"
 576 0472 07       		.byte	0x7
 577 0473 1301     		.2byte	0x113
 578 0475 0F040000 		.4byte	0x40f
 579 0479 0C       		.byte	0xc
 580 047a 07       		.uleb128 0x7
 581 047b 723800   		.ascii	"r8\000"
 582 047e 07       		.byte	0x7
 583 047f 1401     		.2byte	0x114
 584 0481 0F040000 		.4byte	0x40f
 585 0485 10       		.byte	0x10
 586 0486 07       		.uleb128 0x7
 587 0487 723900   		.ascii	"r9\000"
 588 048a 07       		.byte	0x7
 589 048b 1501     		.2byte	0x115
 590 048d 0F040000 		.4byte	0x40f
 591 0491 14       		.byte	0x14
 592 0492 07       		.uleb128 0x7
 593 0493 72313000 		.ascii	"r10\000"
 594 0497 07       		.byte	0x7
 595 0498 1601     		.2byte	0x116
 596 049a 0F040000 		.4byte	0x40f
 597 049e 18       		.byte	0x18
 598 049f 07       		.uleb128 0x7
 599 04a0 72313100 		.ascii	"r11\000"
 600 04a4 07       		.byte	0x7
 601 04a5 1701     		.2byte	0x117
 602 04a7 0F040000 		.4byte	0x40f
 603 04ab 1C       		.byte	0x1c
 604 04ac 07       		.uleb128 0x7
 605 04ad 6C7200   		.ascii	"lr\000"
 606 04b0 07       		.byte	0x7
 607 04b1 1801     		.2byte	0x118
 608 04b3 0F040000 		.4byte	0x40f
 609 04b7 20       		.byte	0x20
 610 04b8 00       		.byte	0
 611 04b9 09       		.uleb128 0x9
 612 04ba 04       		.byte	0x4
 613 04bb 3E040000 		.4byte	0x43e
 614 04bf 10       		.uleb128 0x10
 615 04c0 04       		.byte	0x4
 616 04c1 08       		.byte	0x8
 617 04c2 38       		.byte	0x38
 618 04c3 D4040000 		.4byte	0x4d4
 619 04c7 06       		.uleb128 0x6
 620 04c8 8D020000 		.4byte	.LASF80
 621 04cc 08       		.byte	0x8
 622 04cd 3C       		.byte	0x3c
 623 04ce CD000000 		.4byte	0xcd
 624 04d2 00       		.byte	0
 625 04d3 00       		.byte	0
 626 04d4 04       		.uleb128 0x4
 627 04d5 F8000000 		.4byte	.LASF81
ARM GAS  /tmp/cc5i3jIi.s 			page 12


 628 04d9 08       		.byte	0x8
 629 04da 3D       		.byte	0x3d
 630 04db BF040000 		.4byte	0x4bf
 631 04df 11       		.uleb128 0x11
 632 04e0 04       		.byte	0x4
 633 04e1 05       		.byte	0x5
 634 04e2 FA       		.byte	0xfa
 635 04e3 3C050000 		.4byte	0x53c
 636 04e7 12       		.uleb128 0x12
 637 04e8 EB040000 		.4byte	.LASF82
 638 04ec 05       		.byte	0x5
 639 04ed 0101     		.2byte	0x101
 640 04ef 04010000 		.4byte	0x104
 641 04f3 12       		.uleb128 0x12
 642 04f4 86040000 		.4byte	.LASF83
 643 04f8 05       		.byte	0x5
 644 04f9 0801     		.2byte	0x108
 645 04fb 04010000 		.4byte	0x104
 646 04ff 12       		.uleb128 0x12
 647 0500 63040000 		.4byte	.LASF84
 648 0504 05       		.byte	0x5
 649 0505 0F01     		.2byte	0x10f
 650 0507 D2020000 		.4byte	0x2d2
 651 050b 12       		.uleb128 0x12
 652 050c 2C040000 		.4byte	.LASF85
 653 0510 05       		.byte	0x5
 654 0511 1601     		.2byte	0x116
 655 0513 3C050000 		.4byte	0x53c
 656 0517 12       		.uleb128 0x12
 657 0518 54020000 		.4byte	.LASF86
 658 051c 05       		.byte	0x5
 659 051d 1E01     		.2byte	0x11e
 660 051f 67050000 		.4byte	0x567
 661 0523 12       		.uleb128 0x12
 662 0524 F8040000 		.4byte	.LASF87
 663 0528 05       		.byte	0x5
 664 0529 2701     		.2byte	0x127
 665 052b 9E050000 		.4byte	0x59e
 666 052f 12       		.uleb128 0x12
 667 0530 F2020000 		.4byte	.LASF88
 668 0534 05       		.byte	0x5
 669 0535 2F01     		.2byte	0x12f
 670 0537 0F010000 		.4byte	0x10f
 671 053b 00       		.byte	0
 672 053c 09       		.uleb128 0x9
 673 053d 04       		.byte	0x4
 674 053e 04020000 		.4byte	0x204
 675 0542 05       		.uleb128 0x5
 676 0543 32040000 		.4byte	.LASF89
 677 0547 0C       		.byte	0xc
 678 0548 09       		.byte	0x9
 679 0549 34       		.byte	0x34
 680 054a 67050000 		.4byte	0x567
 681 054e 06       		.uleb128 0x6
 682 054f A1030000 		.4byte	.LASF90
 683 0553 09       		.byte	0x9
 684 0554 35       		.byte	0x35
ARM GAS  /tmp/cc5i3jIi.s 			page 13


 685 0555 39020000 		.4byte	0x239
 686 0559 00       		.byte	0
 687 055a 06       		.uleb128 0x6
 688 055b DE020000 		.4byte	.LASF91
 689 055f 09       		.byte	0x9
 690 0560 37       		.byte	0x37
 691 0561 1A010000 		.4byte	0x11a
 692 0565 08       		.byte	0x8
 693 0566 00       		.byte	0
 694 0567 09       		.uleb128 0x9
 695 0568 04       		.byte	0x4
 696 0569 42050000 		.4byte	0x542
 697 056d 05       		.uleb128 0x5
 698 056e 23020000 		.4byte	.LASF92
 699 0572 10       		.byte	0x10
 700 0573 0A       		.byte	0xa
 701 0574 39       		.byte	0x39
 702 0575 9E050000 		.4byte	0x59e
 703 0579 06       		.uleb128 0x6
 704 057a A4020000 		.4byte	.LASF93
 705 057e 0A       		.byte	0xa
 706 057f 3A       		.byte	0x3a
 707 0580 39020000 		.4byte	0x239
 708 0584 00       		.byte	0
 709 0585 06       		.uleb128 0x6
 710 0586 E3040000 		.4byte	.LASF94
 711 058a 0A       		.byte	0xa
 712 058b 3C       		.byte	0x3c
 713 058c 0F020000 		.4byte	0x20f
 714 0590 08       		.byte	0x8
 715 0591 06       		.uleb128 0x6
 716 0592 57000000 		.4byte	.LASF95
 717 0596 0A       		.byte	0xa
 718 0597 3E       		.byte	0x3e
 719 0598 E1050000 		.4byte	0x5e1
 720 059c 0C       		.byte	0xc
 721 059d 00       		.byte	0
 722 059e 09       		.uleb128 0x9
 723 059f 04       		.byte	0x4
 724 05a0 6D050000 		.4byte	0x56d
 725 05a4 09       		.uleb128 0x9
 726 05a5 04       		.byte	0x4
 727 05a6 D4020000 		.4byte	0x2d4
 728 05aa 13       		.uleb128 0x13
 729 05ab 25010000 		.4byte	0x125
 730 05af 13       		.uleb128 0x13
 731 05b0 B4050000 		.4byte	0x5b4
 732 05b4 09       		.uleb128 0x9
 733 05b5 04       		.byte	0x4
 734 05b6 BA050000 		.4byte	0x5ba
 735 05ba 14       		.uleb128 0x14
 736 05bb BF050000 		.4byte	0x5bf
 737 05bf 03       		.uleb128 0x3
 738 05c0 01       		.byte	0x1
 739 05c1 08       		.byte	0x8
 740 05c2 9C030000 		.4byte	.LASF96
 741 05c6 15       		.uleb128 0x15
ARM GAS  /tmp/cc5i3jIi.s 			page 14


 742 05c7 1A040000 		.4byte	0x41a
 743 05cb D6050000 		.4byte	0x5d6
 744 05cf 16       		.uleb128 0x16
 745 05d0 08040000 		.4byte	0x408
 746 05d4 19       		.byte	0x19
 747 05d5 00       		.byte	0
 748 05d6 04       		.uleb128 0x4
 749 05d7 D6020000 		.4byte	.LASF97
 750 05db 0A       		.byte	0xa
 751 05dc 34       		.byte	0x34
 752 05dd 6D050000 		.4byte	0x56d
 753 05e1 09       		.uleb128 0x9
 754 05e2 04       		.byte	0x4
 755 05e3 D6050000 		.4byte	0x5d6
 756 05e7 17       		.uleb128 0x17
 757 05e8 D6040000 		.4byte	.LASF98
 758 05ec 0B       		.byte	0xb
 759 05ed 5506     		.2byte	0x655
 760 05ef F3050000 		.4byte	0x5f3
 761 05f3 13       		.uleb128 0x13
 762 05f4 AC000000 		.4byte	0xac
 763 05f8 18       		.uleb128 0x18
 764 05f9 636800   		.ascii	"ch\000"
 765 05fc 05       		.byte	0x5
 766 05fd 0902     		.2byte	0x209
 767 05ff A1030000 		.4byte	0x3a1
 768 0603 00       		.byte	0
 769              		.section	.debug_abbrev,"",%progbits
 770              	.Ldebug_abbrev0:
 771 0000 01       		.uleb128 0x1
 772 0001 11       		.uleb128 0x11
 773 0002 01       		.byte	0x1
 774 0003 25       		.uleb128 0x25
 775 0004 0E       		.uleb128 0xe
 776 0005 13       		.uleb128 0x13
 777 0006 0B       		.uleb128 0xb
 778 0007 03       		.uleb128 0x3
 779 0008 0E       		.uleb128 0xe
 780 0009 10       		.uleb128 0x10
 781 000a 17       		.uleb128 0x17
 782 000b 00       		.byte	0
 783 000c 00       		.byte	0
 784 000d 02       		.uleb128 0x2
 785 000e 24       		.uleb128 0x24
 786 000f 00       		.byte	0
 787 0010 0B       		.uleb128 0xb
 788 0011 0B       		.uleb128 0xb
 789 0012 3E       		.uleb128 0x3e
 790 0013 0B       		.uleb128 0xb
 791 0014 03       		.uleb128 0x3
 792 0015 08       		.uleb128 0x8
 793 0016 00       		.byte	0
 794 0017 00       		.byte	0
 795 0018 03       		.uleb128 0x3
 796 0019 24       		.uleb128 0x24
 797 001a 00       		.byte	0
 798 001b 0B       		.uleb128 0xb
ARM GAS  /tmp/cc5i3jIi.s 			page 15


 799 001c 0B       		.uleb128 0xb
 800 001d 3E       		.uleb128 0x3e
 801 001e 0B       		.uleb128 0xb
 802 001f 03       		.uleb128 0x3
 803 0020 0E       		.uleb128 0xe
 804 0021 00       		.byte	0
 805 0022 00       		.byte	0
 806 0023 04       		.uleb128 0x4
 807 0024 16       		.uleb128 0x16
 808 0025 00       		.byte	0
 809 0026 03       		.uleb128 0x3
 810 0027 0E       		.uleb128 0xe
 811 0028 3A       		.uleb128 0x3a
 812 0029 0B       		.uleb128 0xb
 813 002a 3B       		.uleb128 0x3b
 814 002b 0B       		.uleb128 0xb
 815 002c 49       		.uleb128 0x49
 816 002d 13       		.uleb128 0x13
 817 002e 00       		.byte	0
 818 002f 00       		.byte	0
 819 0030 05       		.uleb128 0x5
 820 0031 13       		.uleb128 0x13
 821 0032 01       		.byte	0x1
 822 0033 03       		.uleb128 0x3
 823 0034 0E       		.uleb128 0xe
 824 0035 0B       		.uleb128 0xb
 825 0036 0B       		.uleb128 0xb
 826 0037 3A       		.uleb128 0x3a
 827 0038 0B       		.uleb128 0xb
 828 0039 3B       		.uleb128 0x3b
 829 003a 0B       		.uleb128 0xb
 830 003b 01       		.uleb128 0x1
 831 003c 13       		.uleb128 0x13
 832 003d 00       		.byte	0
 833 003e 00       		.byte	0
 834 003f 06       		.uleb128 0x6
 835 0040 0D       		.uleb128 0xd
 836 0041 00       		.byte	0
 837 0042 03       		.uleb128 0x3
 838 0043 0E       		.uleb128 0xe
 839 0044 3A       		.uleb128 0x3a
 840 0045 0B       		.uleb128 0xb
 841 0046 3B       		.uleb128 0x3b
 842 0047 0B       		.uleb128 0xb
 843 0048 49       		.uleb128 0x49
 844 0049 13       		.uleb128 0x13
 845 004a 38       		.uleb128 0x38
 846 004b 0B       		.uleb128 0xb
 847 004c 00       		.byte	0
 848 004d 00       		.byte	0
 849 004e 07       		.uleb128 0x7
 850 004f 0D       		.uleb128 0xd
 851 0050 00       		.byte	0
 852 0051 03       		.uleb128 0x3
 853 0052 08       		.uleb128 0x8
 854 0053 3A       		.uleb128 0x3a
 855 0054 0B       		.uleb128 0xb
ARM GAS  /tmp/cc5i3jIi.s 			page 16


 856 0055 3B       		.uleb128 0x3b
 857 0056 05       		.uleb128 0x5
 858 0057 49       		.uleb128 0x49
 859 0058 13       		.uleb128 0x13
 860 0059 38       		.uleb128 0x38
 861 005a 0B       		.uleb128 0xb
 862 005b 00       		.byte	0
 863 005c 00       		.byte	0
 864 005d 08       		.uleb128 0x8
 865 005e 0D       		.uleb128 0xd
 866 005f 00       		.byte	0
 867 0060 03       		.uleb128 0x3
 868 0061 0E       		.uleb128 0xe
 869 0062 3A       		.uleb128 0x3a
 870 0063 0B       		.uleb128 0xb
 871 0064 3B       		.uleb128 0x3b
 872 0065 05       		.uleb128 0x5
 873 0066 49       		.uleb128 0x49
 874 0067 13       		.uleb128 0x13
 875 0068 38       		.uleb128 0x38
 876 0069 0B       		.uleb128 0xb
 877 006a 00       		.byte	0
 878 006b 00       		.byte	0
 879 006c 09       		.uleb128 0x9
 880 006d 0F       		.uleb128 0xf
 881 006e 00       		.byte	0
 882 006f 0B       		.uleb128 0xb
 883 0070 0B       		.uleb128 0xb
 884 0071 49       		.uleb128 0x49
 885 0072 13       		.uleb128 0x13
 886 0073 00       		.byte	0
 887 0074 00       		.byte	0
 888 0075 0A       		.uleb128 0xa
 889 0076 13       		.uleb128 0x13
 890 0077 01       		.byte	0x1
 891 0078 03       		.uleb128 0x3
 892 0079 0E       		.uleb128 0xe
 893 007a 0B       		.uleb128 0xb
 894 007b 0B       		.uleb128 0xb
 895 007c 3A       		.uleb128 0x3a
 896 007d 0B       		.uleb128 0xb
 897 007e 3B       		.uleb128 0x3b
 898 007f 05       		.uleb128 0x5
 899 0080 01       		.uleb128 0x1
 900 0081 13       		.uleb128 0x13
 901 0082 00       		.byte	0
 902 0083 00       		.byte	0
 903 0084 0B       		.uleb128 0xb
 904 0085 15       		.uleb128 0x15
 905 0086 01       		.byte	0x1
 906 0087 27       		.uleb128 0x27
 907 0088 19       		.uleb128 0x19
 908 0089 01       		.uleb128 0x1
 909 008a 13       		.uleb128 0x13
 910 008b 00       		.byte	0
 911 008c 00       		.byte	0
 912 008d 0C       		.uleb128 0xc
ARM GAS  /tmp/cc5i3jIi.s 			page 17


 913 008e 05       		.uleb128 0x5
 914 008f 00       		.byte	0
 915 0090 49       		.uleb128 0x49
 916 0091 13       		.uleb128 0x13
 917 0092 00       		.byte	0
 918 0093 00       		.byte	0
 919 0094 0D       		.uleb128 0xd
 920 0095 0F       		.uleb128 0xf
 921 0096 00       		.byte	0
 922 0097 0B       		.uleb128 0xb
 923 0098 0B       		.uleb128 0xb
 924 0099 00       		.byte	0
 925 009a 00       		.byte	0
 926 009b 0E       		.uleb128 0xe
 927 009c 13       		.uleb128 0x13
 928 009d 01       		.byte	0x1
 929 009e 03       		.uleb128 0x3
 930 009f 0E       		.uleb128 0xe
 931 00a0 0B       		.uleb128 0xb
 932 00a1 05       		.uleb128 0x5
 933 00a2 3A       		.uleb128 0x3a
 934 00a3 0B       		.uleb128 0xb
 935 00a4 3B       		.uleb128 0x3b
 936 00a5 05       		.uleb128 0x5
 937 00a6 01       		.uleb128 0x1
 938 00a7 13       		.uleb128 0x13
 939 00a8 00       		.byte	0
 940 00a9 00       		.byte	0
 941 00aa 0F       		.uleb128 0xf
 942 00ab 0D       		.uleb128 0xd
 943 00ac 00       		.byte	0
 944 00ad 03       		.uleb128 0x3
 945 00ae 08       		.uleb128 0x8
 946 00af 3A       		.uleb128 0x3a
 947 00b0 0B       		.uleb128 0xb
 948 00b1 3B       		.uleb128 0x3b
 949 00b2 0B       		.uleb128 0xb
 950 00b3 49       		.uleb128 0x49
 951 00b4 13       		.uleb128 0x13
 952 00b5 38       		.uleb128 0x38
 953 00b6 0B       		.uleb128 0xb
 954 00b7 00       		.byte	0
 955 00b8 00       		.byte	0
 956 00b9 10       		.uleb128 0x10
 957 00ba 13       		.uleb128 0x13
 958 00bb 01       		.byte	0x1
 959 00bc 0B       		.uleb128 0xb
 960 00bd 0B       		.uleb128 0xb
 961 00be 3A       		.uleb128 0x3a
 962 00bf 0B       		.uleb128 0xb
 963 00c0 3B       		.uleb128 0x3b
 964 00c1 0B       		.uleb128 0xb
 965 00c2 01       		.uleb128 0x1
 966 00c3 13       		.uleb128 0x13
 967 00c4 00       		.byte	0
 968 00c5 00       		.byte	0
 969 00c6 11       		.uleb128 0x11
ARM GAS  /tmp/cc5i3jIi.s 			page 18


 970 00c7 17       		.uleb128 0x17
 971 00c8 01       		.byte	0x1
 972 00c9 0B       		.uleb128 0xb
 973 00ca 0B       		.uleb128 0xb
 974 00cb 3A       		.uleb128 0x3a
 975 00cc 0B       		.uleb128 0xb
 976 00cd 3B       		.uleb128 0x3b
 977 00ce 0B       		.uleb128 0xb
 978 00cf 01       		.uleb128 0x1
 979 00d0 13       		.uleb128 0x13
 980 00d1 00       		.byte	0
 981 00d2 00       		.byte	0
 982 00d3 12       		.uleb128 0x12
 983 00d4 0D       		.uleb128 0xd
 984 00d5 00       		.byte	0
 985 00d6 03       		.uleb128 0x3
 986 00d7 0E       		.uleb128 0xe
 987 00d8 3A       		.uleb128 0x3a
 988 00d9 0B       		.uleb128 0xb
 989 00da 3B       		.uleb128 0x3b
 990 00db 05       		.uleb128 0x5
 991 00dc 49       		.uleb128 0x49
 992 00dd 13       		.uleb128 0x13
 993 00de 00       		.byte	0
 994 00df 00       		.byte	0
 995 00e0 13       		.uleb128 0x13
 996 00e1 35       		.uleb128 0x35
 997 00e2 00       		.byte	0
 998 00e3 49       		.uleb128 0x49
 999 00e4 13       		.uleb128 0x13
 1000 00e5 00       		.byte	0
 1001 00e6 00       		.byte	0
 1002 00e7 14       		.uleb128 0x14
 1003 00e8 26       		.uleb128 0x26
 1004 00e9 00       		.byte	0
 1005 00ea 49       		.uleb128 0x49
 1006 00eb 13       		.uleb128 0x13
 1007 00ec 00       		.byte	0
 1008 00ed 00       		.byte	0
 1009 00ee 15       		.uleb128 0x15
 1010 00ef 01       		.uleb128 0x1
 1011 00f0 01       		.byte	0x1
 1012 00f1 49       		.uleb128 0x49
 1013 00f2 13       		.uleb128 0x13
 1014 00f3 01       		.uleb128 0x1
 1015 00f4 13       		.uleb128 0x13
 1016 00f5 00       		.byte	0
 1017 00f6 00       		.byte	0
 1018 00f7 16       		.uleb128 0x16
 1019 00f8 21       		.uleb128 0x21
 1020 00f9 00       		.byte	0
 1021 00fa 49       		.uleb128 0x49
 1022 00fb 13       		.uleb128 0x13
 1023 00fc 2F       		.uleb128 0x2f
 1024 00fd 0B       		.uleb128 0xb
 1025 00fe 00       		.byte	0
 1026 00ff 00       		.byte	0
ARM GAS  /tmp/cc5i3jIi.s 			page 19


 1027 0100 17       		.uleb128 0x17
 1028 0101 34       		.uleb128 0x34
 1029 0102 00       		.byte	0
 1030 0103 03       		.uleb128 0x3
 1031 0104 0E       		.uleb128 0xe
 1032 0105 3A       		.uleb128 0x3a
 1033 0106 0B       		.uleb128 0xb
 1034 0107 3B       		.uleb128 0x3b
 1035 0108 05       		.uleb128 0x5
 1036 0109 49       		.uleb128 0x49
 1037 010a 13       		.uleb128 0x13
 1038 010b 3F       		.uleb128 0x3f
 1039 010c 19       		.uleb128 0x19
 1040 010d 3C       		.uleb128 0x3c
 1041 010e 19       		.uleb128 0x19
 1042 010f 00       		.byte	0
 1043 0110 00       		.byte	0
 1044 0111 18       		.uleb128 0x18
 1045 0112 34       		.uleb128 0x34
 1046 0113 00       		.byte	0
 1047 0114 03       		.uleb128 0x3
 1048 0115 08       		.uleb128 0x8
 1049 0116 3A       		.uleb128 0x3a
 1050 0117 0B       		.uleb128 0xb
 1051 0118 3B       		.uleb128 0x3b
 1052 0119 05       		.uleb128 0x5
 1053 011a 49       		.uleb128 0x49
 1054 011b 13       		.uleb128 0x13
 1055 011c 3F       		.uleb128 0x3f
 1056 011d 19       		.uleb128 0x19
 1057 011e 3C       		.uleb128 0x3c
 1058 011f 19       		.uleb128 0x19
 1059 0120 00       		.byte	0
 1060 0121 00       		.byte	0
 1061 0122 00       		.byte	0
 1062              		.section	.debug_aranges,"",%progbits
 1063 0000 14000000 		.4byte	0x14
 1064 0004 0200     		.2byte	0x2
 1065 0006 00000000 		.4byte	.Ldebug_info0
 1066 000a 04       		.byte	0x4
 1067 000b 00       		.byte	0
 1068 000c 0000     		.2byte	0
 1069 000e 0000     		.2byte	0
 1070 0010 00000000 		.4byte	0
 1071 0014 00000000 		.4byte	0
 1072              		.section	.debug_line,"",%progbits
 1073              	.Ldebug_line0:
 1074 0000 04020000 		.section	.debug_str,"MS",%progbits,1
 1074      0200FE01 
 1074      00000201 
 1074      FB0E0D00 
 1074      01010101 
 1075              	.LASF28:
 1076 0000 74687265 		.ascii	"thread_t\000"
 1076      61645F74 
 1076      00
 1077              	.LASF22:
ARM GAS  /tmp/cc5i3jIi.s 			page 20


 1078 0009 74726566 		.ascii	"trefs_t\000"
 1078      735F7400 
 1079              	.LASF47:
 1080 0011 74687265 		.ascii	"threads_queue_t\000"
 1080      6164735F 
 1080      71756575 
 1080      655F7400 
 1081              	.LASF67:
 1082 0021 63685F73 		.ascii	"ch_system_debug\000"
 1082      79737465 
 1082      6D5F6465 
 1082      62756700 
 1083              	.LASF18:
 1084 0031 75696E74 		.ascii	"uint64_t\000"
 1084      36345F74 
 1084      00
 1085              	.LASF73:
 1086 003a 6D61696E 		.ascii	"mainthread\000"
 1086      74687265 
 1086      616400
 1087              	.LASF3:
 1088 0045 73686F72 		.ascii	"short int\000"
 1088      7420696E 
 1088      7400
 1089              	.LASF51:
 1090 004f 725F7175 		.ascii	"r_queue\000"
 1090      65756500 
 1091              	.LASF95:
 1092 0057 6D5F6E65 		.ascii	"m_next\000"
 1092      787400
 1093              	.LASF39:
 1094 005e 705F6570 		.ascii	"p_epending\000"
 1094      656E6469 
 1094      6E6700
 1095              	.LASF100:
 1096 0069 2F686F6D 		.ascii	"/home/maciek/ChibiOS_16.1.5/os/rt/src/chdebug.c\000"
 1096      652F6D61 
 1096      6369656B 
 1096      2F436869 
 1096      62694F53 
 1097              	.LASF30:
 1098 0099 705F7072 		.ascii	"p_prev\000"
 1098      657600
 1099              	.LASF66:
 1100 00a0 73797374 		.ascii	"system_debug_t\000"
 1100      656D5F64 
 1100      65627567 
 1100      5F7400
 1101              	.LASF75:
 1102 00af 73697A65 		.ascii	"sizetype\000"
 1102      74797065 
 1102      00
 1103              	.LASF5:
 1104 00b8 5F5F7569 		.ascii	"__uint16_t\000"
 1104      6E743136 
 1104      5F7400
 1105              	.LASF25:
ARM GAS  /tmp/cc5i3jIi.s 			page 21


 1106 00c3 6576656E 		.ascii	"eventmask_t\000"
 1106      746D6173 
 1106      6B5F7400 
 1107              	.LASF37:
 1108 00cf 705F6D73 		.ascii	"p_msgqueue\000"
 1108      67717565 
 1108      756500
 1109              	.LASF31:
 1110 00da 705F7072 		.ascii	"p_prio\000"
 1110      696F00
 1111              	.LASF46:
 1112 00e1 63685F74 		.ascii	"ch_threads_list\000"
 1112      68726561 
 1112      64735F6C 
 1112      69737400 
 1113              	.LASF72:
 1114 00f1 76746C69 		.ascii	"vtlist\000"
 1114      737400
 1115              	.LASF81:
 1116 00f8 746D5F63 		.ascii	"tm_calibration_t\000"
 1116      616C6962 
 1116      72617469 
 1116      6F6E5F74 
 1116      00
 1117              	.LASF62:
 1118 0109 76745F70 		.ascii	"vt_par\000"
 1118      617200
 1119              	.LASF99:
 1120 0110 474E5520 		.ascii	"GNU C 4.9.3 20150529 (release) [ARM/embedded-4_9-br"
 1120      4320342E 
 1120      392E3320 
 1120      32303135 
 1120      30353239 
 1121 0143 616E6368 		.ascii	"anch revision 224288] -mcpu=cortex-m3 -mno-thumb-in"
 1121      20726576 
 1121      6973696F 
 1121      6E203232 
 1121      34323838 
 1122 0176 74657277 		.ascii	"terwork -mthumb -ggdb -O2 -fomit-frame-pointer -fal"
 1122      6F726B20 
 1122      2D6D7468 
 1122      756D6220 
 1122      2D676764 
 1123 01a9 69676E2D 		.ascii	"ign-functions=16 -ffunction-sections -fdata-section"
 1123      66756E63 
 1123      74696F6E 
 1123      733D3136 
 1123      202D6666 
 1124 01dc 73202D66 		.ascii	"s -fno-common\000"
 1124      6E6F2D63 
 1124      6F6D6D6F 
 1124      6E00
 1125              	.LASF69:
 1126 01ea 63685F73 		.ascii	"ch_system_t\000"
 1126      79737465 
 1126      6D5F7400 
 1127              	.LASF76:
ARM GAS  /tmp/cc5i3jIi.s 			page 22


 1128 01f6 72656761 		.ascii	"regarm_t\000"
 1128      726D5F74 
 1128      00
 1129              	.LASF14:
 1130 01ff 75696E74 		.ascii	"uint8_t\000"
 1130      385F7400 
 1131              	.LASF48:
 1132 0207 63685F74 		.ascii	"ch_threads_queue\000"
 1132      68726561 
 1132      64735F71 
 1132      75657565 
 1132      00
 1133              	.LASF65:
 1134 0218 76745F73 		.ascii	"vt_systime\000"
 1134      79737469 
 1134      6D6500
 1135              	.LASF92:
 1136 0223 63685F6D 		.ascii	"ch_mutex\000"
 1136      75746578 
 1136      00
 1137              	.LASF16:
 1138 022c 696E7433 		.ascii	"int32_t\000"
 1138      325F7400 
 1139              	.LASF45:
 1140 0234 63685F74 		.ascii	"ch_thread\000"
 1140      68726561 
 1140      6400
 1141              	.LASF20:
 1142 023e 746D6F64 		.ascii	"tmode_t\000"
 1142      655F7400 
 1143              	.LASF11:
 1144 0246 6C6F6E67 		.ascii	"long long int\000"
 1144      206C6F6E 
 1144      6720696E 
 1144      7400
 1145              	.LASF86:
 1146 0254 77747365 		.ascii	"wtsemp\000"
 1146      6D7000
 1147              	.LASF23:
 1148 025b 74707269 		.ascii	"tprio_t\000"
 1148      6F5F7400 
 1149              	.LASF64:
 1150 0263 63685F76 		.ascii	"ch_virtual_timers_list\000"
 1150      69727475 
 1150      616C5F74 
 1150      696D6572 
 1150      735F6C69 
 1151              	.LASF8:
 1152 027a 6C6F6E67 		.ascii	"long int\000"
 1152      20696E74 
 1152      00
 1153              	.LASF70:
 1154 0283 63685F73 		.ascii	"ch_system\000"
 1154      79737465 
 1154      6D00
 1155              	.LASF80:
 1156 028d 6F666673 		.ascii	"offset\000"
ARM GAS  /tmp/cc5i3jIi.s 			page 23


 1156      657400
 1157              	.LASF56:
 1158 0294 76697274 		.ascii	"virtual_timer_t\000"
 1158      75616C5F 
 1158      74696D65 
 1158      725F7400 
 1159              	.LASF93:
 1160 02a4 6D5F7175 		.ascii	"m_queue\000"
 1160      65756500 
 1161              	.LASF4:
 1162 02ac 5F5F7569 		.ascii	"__uint8_t\000"
 1162      6E74385F 
 1162      7400
 1163              	.LASF78:
 1164 02b6 636F6E74 		.ascii	"context\000"
 1164      65787400 
 1165              	.LASF59:
 1166 02be 76745F70 		.ascii	"vt_prev\000"
 1166      72657600 
 1167              	.LASF54:
 1168 02c6 725F6375 		.ascii	"r_current\000"
 1168      7272656E 
 1168      7400
 1169              	.LASF38:
 1170 02d0 705F6D73 		.ascii	"p_msg\000"
 1170      6700
 1171              	.LASF97:
 1172 02d6 6D757465 		.ascii	"mutex_t\000"
 1172      785F7400 
 1173              	.LASF91:
 1174 02de 735F636E 		.ascii	"s_cnt\000"
 1174      7400
 1175              	.LASF2:
 1176 02e4 756E7369 		.ascii	"unsigned char\000"
 1176      676E6564 
 1176      20636861 
 1176      7200
 1177              	.LASF88:
 1178 02f2 65776D61 		.ascii	"ewmask\000"
 1178      736B00
 1179              	.LASF1:
 1180 02f9 7369676E 		.ascii	"signed char\000"
 1180      65642063 
 1180      68617200 
 1181              	.LASF71:
 1182 0305 726C6973 		.ascii	"rlist\000"
 1182      7400
 1183              	.LASF13:
 1184 030b 6C6F6E67 		.ascii	"long long unsigned int\000"
 1184      206C6F6E 
 1184      6720756E 
 1184      7369676E 
 1184      65642069 
 1185              	.LASF17:
 1186 0322 75696E74 		.ascii	"uint32_t\000"
 1186      33325F74 
 1186      00
ARM GAS  /tmp/cc5i3jIi.s 			page 24


 1187              	.LASF0:
 1188 032b 756E7369 		.ascii	"unsigned int\000"
 1188      676E6564 
 1188      20696E74 
 1188      00
 1189              	.LASF15:
 1190 0338 75696E74 		.ascii	"uint16_t\000"
 1190      31365F74 
 1190      00
 1191              	.LASF58:
 1192 0341 76745F6E 		.ascii	"vt_next\000"
 1192      65787400 
 1193              	.LASF79:
 1194 0349 706F7274 		.ascii	"port_intctx\000"
 1194      5F696E74 
 1194      63747800 
 1195              	.LASF42:
 1196 0355 705F6D70 		.ascii	"p_mpool\000"
 1196      6F6F6C00 
 1197              	.LASF53:
 1198 035d 725F6374 		.ascii	"r_ctx\000"
 1198      7800
 1199              	.LASF6:
 1200 0363 73686F72 		.ascii	"short unsigned int\000"
 1200      7420756E 
 1200      7369676E 
 1200      65642069 
 1200      6E7400
 1201              	.LASF34:
 1202 0376 705F666C 		.ascii	"p_flags\000"
 1202      61677300 
 1203              	.LASF60:
 1204 037e 76745F64 		.ascii	"vt_delta\000"
 1204      656C7461 
 1204      00
 1205              	.LASF41:
 1206 0387 705F7265 		.ascii	"p_realprio\000"
 1206      616C7072 
 1206      696F00
 1207              	.LASF27:
 1208 0392 73797374 		.ascii	"systime_t\000"
 1208      696D655F 
 1208      7400
 1209              	.LASF96:
 1210 039c 63686172 		.ascii	"char\000"
 1210      00
 1211              	.LASF90:
 1212 03a1 735F7175 		.ascii	"s_queue\000"
 1212      65756500 
 1213              	.LASF57:
 1214 03a9 63685F76 		.ascii	"ch_virtual_timer\000"
 1214      69727475 
 1214      616C5F74 
 1214      696D6572 
 1214      00
 1215              	.LASF33:
 1216 03ba 705F7374 		.ascii	"p_state\000"
ARM GAS  /tmp/cc5i3jIi.s 			page 25


 1216      61746500 
 1217              	.LASF52:
 1218 03c2 725F7072 		.ascii	"r_prio\000"
 1218      696F00
 1219              	.LASF26:
 1220 03c9 636E745F 		.ascii	"cnt_t\000"
 1220      7400
 1221              	.LASF36:
 1222 03cf 705F7761 		.ascii	"p_waiting\000"
 1222      6974696E 
 1222      6700
 1223              	.LASF12:
 1224 03d9 5F5F7569 		.ascii	"__uint64_t\000"
 1224      6E743634 
 1224      5F7400
 1225              	.LASF40:
 1226 03e4 705F6D74 		.ascii	"p_mtxlist\000"
 1226      786C6973 
 1226      7400
 1227              	.LASF74:
 1228 03ee 69646C65 		.ascii	"idle_thread_wa\000"
 1228      5F746872 
 1228      6561645F 
 1228      776100
 1229              	.LASF10:
 1230 03fd 6C6F6E67 		.ascii	"long unsigned int\000"
 1230      20756E73 
 1230      69676E65 
 1230      6420696E 
 1230      7400
 1231              	.LASF19:
 1232 040f 7274636E 		.ascii	"rtcnt_t\000"
 1232      745F7400 
 1233              	.LASF68:
 1234 0417 70616E69 		.ascii	"panic_msg\000"
 1234      635F6D73 
 1234      6700
 1235              	.LASF9:
 1236 0421 5F5F7569 		.ascii	"__uint32_t\000"
 1236      6E743332 
 1236      5F7400
 1237              	.LASF85:
 1238 042c 77747472 		.ascii	"wttrp\000"
 1238      7000
 1239              	.LASF89:
 1240 0432 63685F73 		.ascii	"ch_semaphore\000"
 1240      656D6170 
 1240      686F7265 
 1240      00
 1241              	.LASF29:
 1242 043f 705F6E65 		.ascii	"p_next\000"
 1242      787400
 1243              	.LASF7:
 1244 0446 5F5F696E 		.ascii	"__int32_t\000"
 1244      7433325F 
 1244      7400
 1245              	.LASF43:
ARM GAS  /tmp/cc5i3jIi.s 			page 26


 1246 0450 74687265 		.ascii	"thread_reference_t\000"
 1246      61645F72 
 1246      65666572 
 1246      656E6365 
 1246      5F7400
 1247              	.LASF84:
 1248 0463 77746F62 		.ascii	"wtobjp\000"
 1248      6A7000
 1249              	.LASF61:
 1250 046a 76745F66 		.ascii	"vt_func\000"
 1250      756E6300 
 1251              	.LASF21:
 1252 0472 74737461 		.ascii	"tstate_t\000"
 1252      74655F74 
 1252      00
 1253              	.LASF77:
 1254 047b 73746B61 		.ascii	"stkalign_t\000"
 1254      6C69676E 
 1254      5F7400
 1255              	.LASF83:
 1256 0486 65786974 		.ascii	"exitcode\000"
 1256      636F6465 
 1256      00
 1257              	.LASF55:
 1258 048f 76746675 		.ascii	"vtfunc_t\000"
 1258      6E635F74 
 1258      00
 1259              	.LASF49:
 1260 0498 72656164 		.ascii	"ready_list_t\000"
 1260      795F6C69 
 1260      73745F74 
 1260      00
 1261              	.LASF63:
 1262 04a5 76697274 		.ascii	"virtual_timers_list_t\000"
 1262      75616C5F 
 1262      74696D65 
 1262      72735F6C 
 1262      6973745F 
 1263              	.LASF35:
 1264 04bb 705F7265 		.ascii	"p_refs\000"
 1264      667300
 1265              	.LASF50:
 1266 04c2 63685F72 		.ascii	"ch_ready_list\000"
 1266      65616479 
 1266      5F6C6973 
 1266      7400
 1267              	.LASF32:
 1268 04d0 705F6374 		.ascii	"p_ctx\000"
 1268      7800
 1269              	.LASF98:
 1270 04d6 49544D5F 		.ascii	"ITM_RxBuffer\000"
 1270      52784275 
 1270      66666572 
 1270      00
 1271              	.LASF94:
 1272 04e3 6D5F6F77 		.ascii	"m_owner\000"
 1272      6E657200 
ARM GAS  /tmp/cc5i3jIi.s 			page 27


 1273              	.LASF82:
 1274 04eb 7264796D 		.ascii	"rdymsg\000"
 1274      736700
 1275              	.LASF24:
 1276 04f2 6D73675F 		.ascii	"msg_t\000"
 1276      7400
 1277              	.LASF87:
 1278 04f8 77746D74 		.ascii	"wtmtxp\000"
 1278      787000
 1279              	.LASF44:
 1280 04ff 74687265 		.ascii	"threads_list_t\000"
 1280      6164735F 
 1280      6C697374 
 1280      5F7400
 1281              		.ident	"GCC: (GNU Tools for ARM Embedded Processors) 4.9.3 20150529 (release) [ARM/embedded-4_9-br
ARM GAS  /tmp/cc5i3jIi.s 			page 28


DEFINED SYMBOLS
                            *ABS*:00000000 chdebug.c

NO UNDEFINED SYMBOLS
