ARM GAS  /tmp/ccamfnyq.s 			page 1


   1              		.syntax unified
   2              		.cpu cortex-m3
   3              		.fpu softvfp
   4              		.eabi_attribute 20, 1
   5              		.eabi_attribute 21, 1
   6              		.eabi_attribute 23, 3
   7              		.eabi_attribute 24, 1
   8              		.eabi_attribute 25, 1
   9              		.eabi_attribute 26, 1
  10              		.eabi_attribute 30, 2
  11              		.eabi_attribute 34, 1
  12              		.eabi_attribute 18, 4
  13              		.thumb
  14              		.file	"chmemcore.c"
  15              		.text
  16              	.Ltext0:
  17              		.cfi_sections	.debug_frame
  18              		.section	.text._core_init,"ax",%progbits
  19              		.align	2
  20              		.p2align 4,,15
  21              		.global	_core_init
  22              		.thumb
  23              		.thumb_func
  24              		.type	_core_init, %function
  25              	_core_init:
  26              	.LFB170:
  27              		.file 1 "/home/maciek/ChibiOS_16.1.5/os/rt/src/chmemcore.c"
  28              		.loc 1 78 0
  29              		.cfi_startproc
  30              		@ args = 0, pretend = 0, frame = 0
  31              		@ frame_needed = 0, uses_anonymous_args = 0
  32              		@ link register save eliminated.
  33              		.loc 1 84 0
  34 0000 054A     		ldr	r2, .L2
  35              		.loc 1 85 0
  36 0002 064B     		ldr	r3, .L2+4
  37              		.loc 1 84 0
  38 0004 0648     		ldr	r0, .L2+8
  39              		.loc 1 85 0
  40 0006 0749     		ldr	r1, .L2+12
  41              		.loc 1 84 0
  42 0008 22F00702 		bic	r2, r2, #7
  43              		.loc 1 85 0
  44 000c 23F00703 		bic	r3, r3, #7
  45              		.loc 1 84 0
  46 0010 0260     		str	r2, [r0]
  47              		.loc 1 85 0
  48 0012 0B60     		str	r3, [r1]
  49 0014 7047     		bx	lr
  50              	.L3:
  51 0016 00BF     		.align	2
  52              	.L2:
  53 0018 07000000 		.word	__heap_base__+7
  54 001c 00000000 		.word	__heap_end__
  55 0020 00000000 		.word	.LANCHOR0
  56 0024 00000000 		.word	.LANCHOR1
  57              		.cfi_endproc
ARM GAS  /tmp/ccamfnyq.s 			page 2


  58              	.LFE170:
  59              		.size	_core_init, .-_core_init
  60              		.section	.text.chCoreAlloc,"ax",%progbits
  61              		.align	2
  62              		.p2align 4,,15
  63              		.global	chCoreAlloc
  64              		.thumb
  65              		.thumb_func
  66              		.type	chCoreAlloc, %function
  67              	chCoreAlloc:
  68              	.LFB171:
  69              		.loc 1 109 0
  70              		.cfi_startproc
  71              		@ args = 0, pretend = 0, frame = 0
  72              		@ frame_needed = 0, uses_anonymous_args = 0
  73              		@ link register save eliminated.
  74              	.LVL0:
  75 0000 10B4     		push	{r4}
  76              		.cfi_def_cfa_offset 4
  77              		.cfi_offset 4, -4
  78              	.LBB26:
  79              	.LBB27:
  80              	.LBB28:
  81              	.LBB29:
  82              		.file 2 "/home/maciek/ChibiOS_16.1.5/os/ext/CMSIS/include/core_cmFunc.h"
  83              		.loc 2 548 0
  84 0002 2023     		movs	r3, #32
  85              	@ 548 "/home/maciek/ChibiOS_16.1.5/os/ext/CMSIS/include/core_cmFunc.h" 1
  86 0004 83F31188 		MSR basepri, r3
  87              	@ 0 "" 2
  88              	.LVL1:
  89              		.thumb
  90              	.LBE29:
  91              	.LBE28:
  92              	.LBE27:
  93              	.LBE26:
  94              	.LBB30:
  95              	.LBB31:
  96              		.loc 1 138 0
  97 0008 094C     		ldr	r4, .L8
  98 000a 0A4B     		ldr	r3, .L8+4
  99 000c 2268     		ldr	r2, [r4]
 100 000e 1968     		ldr	r1, [r3]
 101              		.loc 1 136 0
 102 0010 C31D     		adds	r3, r0, #7
 103 0012 23F00703 		bic	r3, r3, #7
 104              	.LVL2:
 105              		.loc 1 138 0
 106 0016 891A     		subs	r1, r1, r2
 107 0018 8B42     		cmp	r3, r1
 108              	.LVL3:
 109              		.loc 1 143 0
 110 001a 9DBF     		ittte	ls
 111 001c 9B18     		addls	r3, r3, r2
 112              	.LVL4:
 113 001e 2360     		strls	r3, [r4]
 114              		.loc 1 145 0
ARM GAS  /tmp/ccamfnyq.s 			page 3


 115 0020 1046     		movls	r0, r2
 116              	.LVL5:
 117              		.loc 1 140 0
 118 0022 0020     		movhi	r0, #0
 119              	.LVL6:
 120              	.LBE31:
 121              	.LBE30:
 122              	.LBB32:
 123              	.LBB33:
 124              	.LBB34:
 125              	.LBB35:
 126              	.LBB36:
 127              		.loc 2 548 0
 128 0024 0023     		movs	r3, #0
 129              	@ 548 "/home/maciek/ChibiOS_16.1.5/os/ext/CMSIS/include/core_cmFunc.h" 1
 130 0026 83F31188 		MSR basepri, r3
 131              	@ 0 "" 2
 132              		.thumb
 133              	.LBE36:
 134              	.LBE35:
 135              	.LBE34:
 136              	.LBE33:
 137              	.LBE32:
 138              		.loc 1 117 0
 139 002a 5DF8044B 		ldr	r4, [sp], #4
 140              		.cfi_restore 4
 141              		.cfi_def_cfa_offset 0
 142 002e 7047     		bx	lr
 143              	.L9:
 144              		.align	2
 145              	.L8:
 146 0030 00000000 		.word	.LANCHOR0
 147 0034 00000000 		.word	.LANCHOR1
 148              		.cfi_endproc
 149              	.LFE171:
 150              		.size	chCoreAlloc, .-chCoreAlloc
 151              		.section	.text.chCoreAllocI,"ax",%progbits
 152              		.align	2
 153              		.p2align 4,,15
 154              		.global	chCoreAllocI
 155              		.thumb
 156              		.thumb_func
 157              		.type	chCoreAllocI, %function
 158              	chCoreAllocI:
 159              	.LFB172:
 160              		.loc 1 131 0
 161              		.cfi_startproc
 162              		@ args = 0, pretend = 0, frame = 0
 163              		@ frame_needed = 0, uses_anonymous_args = 0
 164              		@ link register save eliminated.
 165              	.LVL7:
 166 0000 10B4     		push	{r4}
 167              		.cfi_def_cfa_offset 4
 168              		.cfi_offset 4, -4
 169              		.loc 1 138 0
 170 0002 084B     		ldr	r3, .L14
 171 0004 084C     		ldr	r4, .L14+4
ARM GAS  /tmp/ccamfnyq.s 			page 4


 172 0006 1968     		ldr	r1, [r3]
 173 0008 2268     		ldr	r2, [r4]
 174              		.loc 1 136 0
 175 000a 0730     		adds	r0, r0, #7
 176              	.LVL8:
 177 000c 20F00703 		bic	r3, r0, #7
 178              	.LVL9:
 179              		.loc 1 138 0
 180 0010 891A     		subs	r1, r1, r2
 181 0012 8B42     		cmp	r3, r1
 182              	.LVL10:
 183              		.loc 1 143 0
 184 0014 9DBF     		ittte	ls
 185 0016 9B18     		addls	r3, r3, r2
 186              	.LVL11:
 187 0018 2360     		strls	r3, [r4]
 188              		.loc 1 145 0
 189 001a 1046     		movls	r0, r2
 190              	.LVL12:
 191              		.loc 1 140 0
 192 001c 0020     		movhi	r0, #0
 193              		.loc 1 146 0
 194 001e 5DF8044B 		ldr	r4, [sp], #4
 195              		.cfi_restore 4
 196              		.cfi_def_cfa_offset 0
 197 0022 7047     		bx	lr
 198              	.L15:
 199              		.align	2
 200              	.L14:
 201 0024 00000000 		.word	.LANCHOR1
 202 0028 00000000 		.word	.LANCHOR0
 203              		.cfi_endproc
 204              	.LFE172:
 205              		.size	chCoreAllocI, .-chCoreAllocI
 206              		.section	.text.chCoreGetStatusX,"ax",%progbits
 207              		.align	2
 208              		.p2align 4,,15
 209              		.global	chCoreGetStatusX
 210              		.thumb
 211              		.thumb_func
 212              		.type	chCoreGetStatusX, %function
 213              	chCoreGetStatusX:
 214              	.LFB173:
 215              		.loc 1 155 0
 216              		.cfi_startproc
 217              		@ args = 0, pretend = 0, frame = 0
 218              		@ frame_needed = 0, uses_anonymous_args = 0
 219              		@ link register save eliminated.
 220              		.loc 1 158 0
 221 0000 024A     		ldr	r2, .L17
 222 0002 034B     		ldr	r3, .L17+4
 223 0004 1068     		ldr	r0, [r2]
 224 0006 1B68     		ldr	r3, [r3]
 225              		.loc 1 160 0
 226 0008 C01A     		subs	r0, r0, r3
 227 000a 7047     		bx	lr
 228              	.L18:
ARM GAS  /tmp/ccamfnyq.s 			page 5


 229              		.align	2
 230              	.L17:
 231 000c 00000000 		.word	.LANCHOR1
 232 0010 00000000 		.word	.LANCHOR0
 233              		.cfi_endproc
 234              	.LFE173:
 235              		.size	chCoreGetStatusX, .-chCoreGetStatusX
 236              		.section	.bss.endmem,"aw",%nobits
 237              		.align	2
 238              		.set	.LANCHOR1,. + 0
 239              		.type	endmem, %object
 240              		.size	endmem, 4
 241              	endmem:
 242 0000 00000000 		.space	4
 243              		.section	.bss.nextmem,"aw",%nobits
 244              		.align	2
 245              		.set	.LANCHOR0,. + 0
 246              		.type	nextmem, %object
 247              		.size	nextmem, 4
 248              	nextmem:
 249 0000 00000000 		.space	4
 250              		.text
 251              	.Letext0:
 252              		.file 3 "/opt/stm32/gcc/gcc-arm-none-eabi-4_9-2015q2/lib/gcc/arm-none-eabi/4.9.3/include/stddef.h"
 253              		.file 4 "/opt/stm32/gcc/gcc-arm-none-eabi-4_9-2015q2/arm-none-eabi/include/machine/_default_types.
 254              		.file 5 "/opt/stm32/gcc/gcc-arm-none-eabi-4_9-2015q2/arm-none-eabi/include/sys/_stdint.h"
 255              		.file 6 "/home/maciek/ChibiOS_16.1.5/os/rt/ports/ARMCMx/compilers/GCC/chtypes.h"
 256              		.file 7 "/home/maciek/ChibiOS_16.1.5/os/rt/include/chsystypes.h"
 257              		.file 8 "/home/maciek/ChibiOS_16.1.5/os/rt/include/chschd.h"
 258              		.file 9 "/home/maciek/ChibiOS_16.1.5/os/rt/ports/ARMCMx/chcore.h"
 259              		.file 10 "/home/maciek/ChibiOS_16.1.5/os/rt/ports/ARMCMx/chcore_v7m.h"
 260              		.file 11 "/home/maciek/ChibiOS_16.1.5/os/rt/include/chtm.h"
 261              		.file 12 "/home/maciek/ChibiOS_16.1.5/os/rt/include/chsem.h"
 262              		.file 13 "/home/maciek/ChibiOS_16.1.5/os/rt/include/chmtx.h"
 263              		.file 14 "/home/maciek/ChibiOS_16.1.5/os/rt/include/chsys.h"
 264              		.file 15 "/home/maciek/ChibiOS_16.1.5/os/ext/CMSIS/include/core_cm3.h"
 265              		.section	.debug_info,"",%progbits
 266              	.Ldebug_info0:
 267 0000 2E080000 		.4byte	0x82e
 268 0004 0400     		.2byte	0x4
 269 0006 00000000 		.4byte	.Ldebug_abbrev0
 270 000a 04       		.byte	0x4
 271 000b 01       		.uleb128 0x1
 272 000c A1020000 		.4byte	.LASF112
 273 0010 01       		.byte	0x1
 274 0011 9B030000 		.4byte	.LASF113
 275 0015 00000000 		.4byte	.Ldebug_ranges0+0
 276 0019 00000000 		.4byte	0
 277 001d 00000000 		.4byte	.Ldebug_line0
 278 0021 02       		.uleb128 0x2
 279 0022 04       		.byte	0x4
 280 0023 05       		.byte	0x5
 281 0024 696E7400 		.ascii	"int\000"
 282 0028 03       		.uleb128 0x3
 283 0029 E6010000 		.4byte	.LASF2
 284 002d 03       		.byte	0x3
 285 002e D4       		.byte	0xd4
ARM GAS  /tmp/ccamfnyq.s 			page 6


 286 002f 33000000 		.4byte	0x33
 287 0033 04       		.uleb128 0x4
 288 0034 04       		.byte	0x4
 289 0035 07       		.byte	0x7
 290 0036 87000000 		.4byte	.LASF0
 291 003a 04       		.uleb128 0x4
 292 003b 01       		.byte	0x1
 293 003c 06       		.byte	0x6
 294 003d 3D050000 		.4byte	.LASF1
 295 0041 03       		.uleb128 0x3
 296 0042 8E040000 		.4byte	.LASF3
 297 0046 04       		.byte	0x4
 298 0047 1D       		.byte	0x1d
 299 0048 4C000000 		.4byte	0x4c
 300 004c 04       		.uleb128 0x4
 301 004d 01       		.byte	0x1
 302 004e 08       		.byte	0x8
 303 004f E6040000 		.4byte	.LASF4
 304 0053 04       		.uleb128 0x4
 305 0054 02       		.byte	0x2
 306 0055 05       		.byte	0x5
 307 0056 11040000 		.4byte	.LASF5
 308 005a 03       		.uleb128 0x3
 309 005b 8A010000 		.4byte	.LASF6
 310 005f 04       		.byte	0x4
 311 0060 2B       		.byte	0x2b
 312 0061 65000000 		.4byte	0x65
 313 0065 04       		.uleb128 0x4
 314 0066 02       		.byte	0x2
 315 0067 07       		.byte	0x7
 316 0068 49050000 		.4byte	.LASF7
 317 006c 03       		.uleb128 0x3
 318 006d A3000000 		.4byte	.LASF8
 319 0071 04       		.byte	0x4
 320 0072 3F       		.byte	0x3f
 321 0073 77000000 		.4byte	0x77
 322 0077 04       		.uleb128 0x4
 323 0078 04       		.byte	0x4
 324 0079 05       		.byte	0x5
 325 007a 38040000 		.4byte	.LASF9
 326 007e 03       		.uleb128 0x3
 327 007f F4040000 		.4byte	.LASF10
 328 0083 04       		.byte	0x4
 329 0084 41       		.byte	0x41
 330 0085 89000000 		.4byte	0x89
 331 0089 04       		.uleb128 0x4
 332 008a 04       		.byte	0x4
 333 008b 07       		.byte	0x7
 334 008c B0040000 		.4byte	.LASF11
 335 0090 04       		.uleb128 0x4
 336 0091 08       		.byte	0x8
 337 0092 05       		.byte	0x5
 338 0093 85020000 		.4byte	.LASF12
 339 0097 03       		.uleb128 0x3
 340 0098 04020000 		.4byte	.LASF13
 341 009c 04       		.byte	0x4
 342 009d 5B       		.byte	0x5b
ARM GAS  /tmp/ccamfnyq.s 			page 7


 343 009e A2000000 		.4byte	0xa2
 344 00a2 04       		.uleb128 0x4
 345 00a3 08       		.byte	0x8
 346 00a4 07       		.byte	0x7
 347 00a5 73010000 		.4byte	.LASF14
 348 00a9 03       		.uleb128 0x3
 349 00aa 52020000 		.4byte	.LASF15
 350 00ae 05       		.byte	0x5
 351 00af 14       		.byte	0x14
 352 00b0 41000000 		.4byte	0x41
 353 00b4 03       		.uleb128 0x3
 354 00b5 F5030000 		.4byte	.LASF16
 355 00b9 05       		.byte	0x5
 356 00ba 1A       		.byte	0x1a
 357 00bb 5A000000 		.4byte	0x5a
 358 00bf 03       		.uleb128 0x3
 359 00c0 CF040000 		.4byte	.LASF17
 360 00c4 05       		.byte	0x5
 361 00c5 1F       		.byte	0x1f
 362 00c6 6C000000 		.4byte	0x6c
 363 00ca 03       		.uleb128 0x3
 364 00cb 2A010000 		.4byte	.LASF18
 365 00cf 05       		.byte	0x5
 366 00d0 20       		.byte	0x20
 367 00d1 7E000000 		.4byte	0x7e
 368 00d5 03       		.uleb128 0x3
 369 00d6 79040000 		.4byte	.LASF19
 370 00da 05       		.byte	0x5
 371 00db 26       		.byte	0x26
 372 00dc 97000000 		.4byte	0x97
 373 00e0 03       		.uleb128 0x3
 374 00e1 FE030000 		.4byte	.LASF20
 375 00e5 06       		.byte	0x6
 376 00e6 39       		.byte	0x39
 377 00e7 CA000000 		.4byte	0xca
 378 00eb 03       		.uleb128 0x3
 379 00ec E2030000 		.4byte	.LASF21
 380 00f0 06       		.byte	0x6
 381 00f1 3C       		.byte	0x3c
 382 00f2 A9000000 		.4byte	0xa9
 383 00f6 03       		.uleb128 0x3
 384 00f7 35020000 		.4byte	.LASF22
 385 00fb 06       		.byte	0x6
 386 00fc 3D       		.byte	0x3d
 387 00fd A9000000 		.4byte	0xa9
 388 0101 03       		.uleb128 0x3
 389 0102 A8040000 		.4byte	.LASF23
 390 0106 06       		.byte	0x6
 391 0107 3E       		.byte	0x3e
 392 0108 A9000000 		.4byte	0xa9
 393 010c 03       		.uleb128 0x3
 394 010d 5A010000 		.4byte	.LASF24
 395 0111 06       		.byte	0x6
 396 0112 40       		.byte	0x40
 397 0113 CA000000 		.4byte	0xca
 398 0117 03       		.uleb128 0x3
 399 0118 9B020000 		.4byte	.LASF25
ARM GAS  /tmp/ccamfnyq.s 			page 8


 400 011c 06       		.byte	0x6
 401 011d 41       		.byte	0x41
 402 011e BF000000 		.4byte	0xbf
 403 0122 03       		.uleb128 0x3
 404 0123 33010000 		.4byte	.LASF26
 405 0127 06       		.byte	0x6
 406 0128 43       		.byte	0x43
 407 0129 CA000000 		.4byte	0xca
 408 012d 03       		.uleb128 0x3
 409 012e 95010000 		.4byte	.LASF27
 410 0132 06       		.byte	0x6
 411 0133 45       		.byte	0x45
 412 0134 BF000000 		.4byte	0xbf
 413 0138 03       		.uleb128 0x3
 414 0139 57000000 		.4byte	.LASF28
 415 013d 07       		.byte	0x7
 416 013e 35       		.byte	0x35
 417 013f B4000000 		.4byte	0xb4
 418 0143 03       		.uleb128 0x3
 419 0144 C4010000 		.4byte	.LASF29
 420 0148 07       		.byte	0x7
 421 0149 3F       		.byte	0x3f
 422 014a 4E010000 		.4byte	0x14e
 423 014e 05       		.uleb128 0x5
 424 014f 6C020000 		.4byte	.LASF46
 425 0153 38       		.byte	0x38
 426 0154 08       		.byte	0x8
 427 0155 C2       		.byte	0xc2
 428 0156 17020000 		.4byte	0x217
 429 015a 06       		.uleb128 0x6
 430 015b 72040000 		.4byte	.LASF30
 431 015f 08       		.byte	0x8
 432 0160 C3       		.byte	0xc3
 433 0161 22020000 		.4byte	0x222
 434 0165 00       		.byte	0
 435 0166 06       		.uleb128 0x6
 436 0167 98040000 		.4byte	.LASF31
 437 016b 08       		.byte	0x8
 438 016c C5       		.byte	0xc5
 439 016d 22020000 		.4byte	0x222
 440 0171 04       		.byte	0x4
 441 0172 06       		.uleb128 0x6
 442 0173 50000000 		.4byte	.LASF32
 443 0177 08       		.byte	0x8
 444 0178 C7       		.byte	0xc7
 445 0179 0C010000 		.4byte	0x10c
 446 017d 08       		.byte	0x8
 447 017e 06       		.uleb128 0x6
 448 017f 82040000 		.4byte	.LASF33
 449 0183 08       		.byte	0x8
 450 0184 C8       		.byte	0xc8
 451 0185 38040000 		.4byte	0x438
 452 0189 0C       		.byte	0xc
 453 018a 06       		.uleb128 0x6
 454 018b 3E020000 		.4byte	.LASF34
 455 018f 08       		.byte	0x8
 456 0190 DD       		.byte	0xdd
ARM GAS  /tmp/ccamfnyq.s 			page 9


 457 0191 F6000000 		.4byte	0xf6
 458 0195 10       		.byte	0x10
 459 0196 06       		.uleb128 0x6
 460 0197 83030000 		.4byte	.LASF35
 461 019b 08       		.byte	0x8
 462 019c E1       		.byte	0xe1
 463 019d EB000000 		.4byte	0xeb
 464 01a1 11       		.byte	0x11
 465 01a2 06       		.uleb128 0x6
 466 01a3 15050000 		.4byte	.LASF36
 467 01a7 08       		.byte	0x8
 468 01a8 E6       		.byte	0xe6
 469 01a9 01010000 		.4byte	0x101
 470 01ad 12       		.byte	0x12
 471 01ae 07       		.uleb128 0x7
 472 01af 705F7500 		.ascii	"p_u\000"
 473 01b3 08       		.byte	0x8
 474 01b4 3101     		.2byte	0x131
 475 01b6 F2040000 		.4byte	0x4f2
 476 01ba 14       		.byte	0x14
 477 01bb 08       		.uleb128 0x8
 478 01bc 20000000 		.4byte	.LASF37
 479 01c0 08       		.byte	0x8
 480 01c1 3601     		.2byte	0x136
 481 01c3 28020000 		.4byte	0x228
 482 01c7 18       		.byte	0x18
 483 01c8 08       		.uleb128 0x8
 484 01c9 7C000000 		.4byte	.LASF38
 485 01cd 08       		.byte	0x8
 486 01ce 3C01     		.2byte	0x13c
 487 01d0 4C020000 		.4byte	0x24c
 488 01d4 1C       		.byte	0x1c
 489 01d5 08       		.uleb128 0x8
 490 01d6 DC030000 		.4byte	.LASF39
 491 01da 08       		.byte	0x8
 492 01db 4001     		.2byte	0x140
 493 01dd 17010000 		.4byte	0x117
 494 01e1 24       		.byte	0x24
 495 01e2 08       		.uleb128 0x8
 496 01e3 25040000 		.4byte	.LASF40
 497 01e7 08       		.byte	0x8
 498 01e8 4601     		.2byte	0x146
 499 01ea 22010000 		.4byte	0x122
 500 01ee 28       		.byte	0x28
 501 01ef 08       		.uleb128 0x8
 502 01f0 62020000 		.4byte	.LASF41
 503 01f4 08       		.byte	0x8
 504 01f5 4D01     		.2byte	0x14d
 505 01f7 B1050000 		.4byte	0x5b1
 506 01fb 2C       		.byte	0x2c
 507 01fc 08       		.uleb128 0x8
 508 01fd 06040000 		.4byte	.LASF42
 509 0201 08       		.byte	0x8
 510 0202 5101     		.2byte	0x151
 511 0204 0C010000 		.4byte	0x10c
 512 0208 30       		.byte	0x30
 513 0209 08       		.uleb128 0x8
ARM GAS  /tmp/ccamfnyq.s 			page 10


 514 020a 5A020000 		.4byte	.LASF43
 515 020e 08       		.byte	0x8
 516 020f 5801     		.2byte	0x158
 517 0211 E5020000 		.4byte	0x2e5
 518 0215 34       		.byte	0x34
 519 0216 00       		.byte	0
 520 0217 03       		.uleb128 0x3
 521 0218 22020000 		.4byte	.LASF44
 522 021c 07       		.byte	0x7
 523 021d 44       		.byte	0x44
 524 021e 22020000 		.4byte	0x222
 525 0222 09       		.uleb128 0x9
 526 0223 04       		.byte	0x4
 527 0224 43010000 		.4byte	0x143
 528 0228 03       		.uleb128 0x3
 529 0229 94000000 		.4byte	.LASF45
 530 022d 07       		.byte	0x7
 531 022e 49       		.byte	0x49
 532 022f 33020000 		.4byte	0x233
 533 0233 05       		.uleb128 0x5
 534 0234 00000000 		.4byte	.LASF47
 535 0238 04       		.byte	0x4
 536 0239 08       		.byte	0x8
 537 023a B0       		.byte	0xb0
 538 023b 4C020000 		.4byte	0x24c
 539 023f 06       		.uleb128 0x6
 540 0240 72040000 		.4byte	.LASF30
 541 0244 08       		.byte	0x8
 542 0245 B1       		.byte	0xb1
 543 0246 22020000 		.4byte	0x222
 544 024a 00       		.byte	0
 545 024b 00       		.byte	0
 546 024c 03       		.uleb128 0x3
 547 024d 10000000 		.4byte	.LASF48
 548 0251 07       		.byte	0x7
 549 0252 50       		.byte	0x50
 550 0253 57020000 		.4byte	0x257
 551 0257 05       		.uleb128 0x5
 552 0258 E9000000 		.4byte	.LASF49
 553 025c 08       		.byte	0x8
 554 025d 08       		.byte	0x8
 555 025e B7       		.byte	0xb7
 556 025f 7C020000 		.4byte	0x27c
 557 0263 06       		.uleb128 0x6
 558 0264 72040000 		.4byte	.LASF30
 559 0268 08       		.byte	0x8
 560 0269 B8       		.byte	0xb8
 561 026a 22020000 		.4byte	0x222
 562 026e 00       		.byte	0
 563 026f 06       		.uleb128 0x6
 564 0270 98040000 		.4byte	.LASF31
 565 0274 08       		.byte	0x8
 566 0275 B9       		.byte	0xb9
 567 0276 22020000 		.4byte	0x222
 568 027a 04       		.byte	0x4
 569 027b 00       		.byte	0
 570 027c 03       		.uleb128 0x3
ARM GAS  /tmp/ccamfnyq.s 			page 11


 571 027d C2040000 		.4byte	.LASF50
 572 0281 07       		.byte	0x7
 573 0282 57       		.byte	0x57
 574 0283 87020000 		.4byte	0x287
 575 0287 0A       		.uleb128 0xa
 576 0288 C5000000 		.4byte	.LASF51
 577 028c 14       		.byte	0x14
 578 028d 08       		.byte	0x8
 579 028e 9001     		.2byte	0x190
 580 0290 C9020000 		.4byte	0x2c9
 581 0294 08       		.uleb128 0x8
 582 0295 93020000 		.4byte	.LASF52
 583 0299 08       		.byte	0x8
 584 029a 9101     		.2byte	0x191
 585 029c 4C020000 		.4byte	0x24c
 586 02a0 00       		.byte	0
 587 02a1 08       		.uleb128 0x8
 588 02a2 3F010000 		.4byte	.LASF53
 589 02a6 08       		.byte	0x8
 590 02a7 9201     		.2byte	0x192
 591 02a9 0C010000 		.4byte	0x10c
 592 02ad 08       		.byte	0x8
 593 02ae 08       		.uleb128 0x8
 594 02af 5C050000 		.4byte	.LASF54
 595 02b3 08       		.byte	0x8
 596 02b4 9401     		.2byte	0x194
 597 02b6 38040000 		.4byte	0x438
 598 02ba 0C       		.byte	0xc
 599 02bb 08       		.uleb128 0x8
 600 02bc 1B040000 		.4byte	.LASF55
 601 02c0 08       		.byte	0x8
 602 02c1 9B01     		.2byte	0x19b
 603 02c3 22020000 		.4byte	0x222
 604 02c7 10       		.byte	0x10
 605 02c8 00       		.byte	0
 606 02c9 03       		.uleb128 0x3
 607 02ca FA000000 		.4byte	.LASF56
 608 02ce 07       		.byte	0x7
 609 02cf 5C       		.byte	0x5c
 610 02d0 D4020000 		.4byte	0x2d4
 611 02d4 09       		.uleb128 0x9
 612 02d5 04       		.byte	0x4
 613 02d6 DA020000 		.4byte	0x2da
 614 02da 0B       		.uleb128 0xb
 615 02db E5020000 		.4byte	0x2e5
 616 02df 0C       		.uleb128 0xc
 617 02e0 E5020000 		.4byte	0x2e5
 618 02e4 00       		.byte	0
 619 02e5 0D       		.uleb128 0xd
 620 02e6 04       		.byte	0x4
 621 02e7 03       		.uleb128 0x3
 622 02e8 8B030000 		.4byte	.LASF57
 623 02ec 07       		.byte	0x7
 624 02ed 61       		.byte	0x61
 625 02ee F2020000 		.4byte	0x2f2
 626 02f2 0A       		.uleb128 0xa
 627 02f3 62010000 		.4byte	.LASF58
ARM GAS  /tmp/ccamfnyq.s 			page 12


 628 02f7 14       		.byte	0x14
 629 02f8 08       		.byte	0x8
 630 02f9 6B01     		.2byte	0x16b
 631 02fb 41030000 		.4byte	0x341
 632 02ff 08       		.uleb128 0x8
 633 0300 1C050000 		.4byte	.LASF59
 634 0304 08       		.byte	0x8
 635 0305 6C01     		.2byte	0x16c
 636 0307 B7050000 		.4byte	0x5b7
 637 030b 00       		.byte	0
 638 030c 08       		.uleb128 0x8
 639 030d 91050000 		.4byte	.LASF60
 640 0311 08       		.byte	0x8
 641 0312 6D01     		.2byte	0x16d
 642 0314 B7050000 		.4byte	0x5b7
 643 0318 04       		.byte	0x4
 644 0319 08       		.uleb128 0x8
 645 031a 19020000 		.4byte	.LASF61
 646 031e 08       		.byte	0x8
 647 031f 6E01     		.2byte	0x16e
 648 0321 38010000 		.4byte	0x138
 649 0325 08       		.byte	0x8
 650 0326 08       		.uleb128 0x8
 651 0327 7D050000 		.4byte	.LASF62
 652 032b 08       		.byte	0x8
 653 032c 6F01     		.2byte	0x16f
 654 032e C9020000 		.4byte	0x2c9
 655 0332 0C       		.byte	0xc
 656 0333 08       		.uleb128 0x8
 657 0334 46010000 		.4byte	.LASF63
 658 0338 08       		.byte	0x8
 659 0339 7101     		.2byte	0x171
 660 033b E5020000 		.4byte	0x2e5
 661 033f 10       		.byte	0x10
 662 0340 00       		.byte	0
 663 0341 03       		.uleb128 0x3
 664 0342 FF040000 		.4byte	.LASF64
 665 0346 07       		.byte	0x7
 666 0347 66       		.byte	0x66
 667 0348 4C030000 		.4byte	0x34c
 668 034c 0A       		.uleb128 0xa
 669 034d AD010000 		.4byte	.LASF65
 670 0351 0C       		.byte	0xc
 671 0352 08       		.byte	0x8
 672 0353 7B01     		.2byte	0x17b
 673 0355 8E030000 		.4byte	0x38e
 674 0359 08       		.uleb128 0x8
 675 035a 1C050000 		.4byte	.LASF59
 676 035e 08       		.byte	0x8
 677 035f 7C01     		.2byte	0x17c
 678 0361 B7050000 		.4byte	0x5b7
 679 0365 00       		.byte	0
 680 0366 08       		.uleb128 0x8
 681 0367 91050000 		.4byte	.LASF60
 682 036b 08       		.byte	0x8
 683 036c 7E01     		.2byte	0x17e
 684 036e B7050000 		.4byte	0x5b7
ARM GAS  /tmp/ccamfnyq.s 			page 13


 685 0372 04       		.byte	0x4
 686 0373 08       		.uleb128 0x8
 687 0374 19020000 		.4byte	.LASF61
 688 0378 08       		.byte	0x8
 689 0379 8001     		.2byte	0x180
 690 037b 38010000 		.4byte	0x138
 691 037f 08       		.byte	0x8
 692 0380 08       		.uleb128 0x8
 693 0381 71000000 		.4byte	.LASF66
 694 0385 08       		.byte	0x8
 695 0386 8201     		.2byte	0x182
 696 0388 BD050000 		.4byte	0x5bd
 697 038c 0A       		.byte	0xa
 698 038d 00       		.byte	0
 699 038e 03       		.uleb128 0x3
 700 038f 76020000 		.4byte	.LASF67
 701 0393 07       		.byte	0x7
 702 0394 6B       		.byte	0x6b
 703 0395 99030000 		.4byte	0x399
 704 0399 0A       		.uleb128 0xa
 705 039a 1A010000 		.4byte	.LASF68
 706 039e 04       		.byte	0x4
 707 039f 08       		.byte	0x8
 708 03a0 A201     		.2byte	0x1a2
 709 03a2 B4030000 		.4byte	0x3b4
 710 03a6 08       		.uleb128 0x8
 711 03a7 D2030000 		.4byte	.LASF69
 712 03ab 08       		.byte	0x8
 713 03ac AA01     		.2byte	0x1aa
 714 03ae C2050000 		.4byte	0x5c2
 715 03b2 00       		.byte	0
 716 03b3 00       		.byte	0
 717 03b4 03       		.uleb128 0x3
 718 03b5 24050000 		.4byte	.LASF70
 719 03b9 07       		.byte	0x7
 720 03ba 70       		.byte	0x70
 721 03bb BF030000 		.4byte	0x3bf
 722 03bf 0E       		.uleb128 0xe
 723 03c0 5A040000 		.4byte	.LASF71
 724 03c4 3001     		.2byte	0x130
 725 03c6 08       		.byte	0x8
 726 03c7 C201     		.2byte	0x1c2
 727 03c9 1B040000 		.4byte	0x41b
 728 03cd 08       		.uleb128 0x8
 729 03ce 88040000 		.4byte	.LASF72
 730 03d2 08       		.byte	0x8
 731 03d3 C601     		.2byte	0x1c6
 732 03d5 7C020000 		.4byte	0x27c
 733 03d9 00       		.byte	0
 734 03da 08       		.uleb128 0x8
 735 03db BE000000 		.4byte	.LASF73
 736 03df 08       		.byte	0x8
 737 03e0 CA01     		.2byte	0x1ca
 738 03e2 41030000 		.4byte	0x341
 739 03e6 14       		.byte	0x14
 740 03e7 07       		.uleb128 0x7
 741 03e8 64626700 		.ascii	"dbg\000"
ARM GAS  /tmp/ccamfnyq.s 			page 14


 742 03ec 08       		.byte	0x8
 743 03ed CE01     		.2byte	0x1ce
 744 03ef 8E030000 		.4byte	0x38e
 745 03f3 20       		.byte	0x20
 746 03f4 08       		.uleb128 0x8
 747 03f5 EA030000 		.4byte	.LASF74
 748 03f9 08       		.byte	0x8
 749 03fa D201     		.2byte	0x1d2
 750 03fc 43010000 		.4byte	0x143
 751 0400 24       		.byte	0x24
 752 0401 07       		.uleb128 0x7
 753 0402 746D00   		.ascii	"tm\000"
 754 0405 08       		.byte	0x8
 755 0406 D701     		.2byte	0x1d7
 756 0408 E7040000 		.4byte	0x4e7
 757 040c 5C       		.byte	0x5c
 758 040d 08       		.uleb128 0x8
 759 040e D3000000 		.4byte	.LASF75
 760 0412 08       		.byte	0x8
 761 0413 E301     		.2byte	0x1e3
 762 0415 D9050000 		.4byte	0x5d9
 763 0419 60       		.byte	0x60
 764 041a 00       		.byte	0
 765 041b 04       		.uleb128 0x4
 766 041c 04       		.byte	0x4
 767 041d 07       		.byte	0x7
 768 041e 9F040000 		.4byte	.LASF76
 769 0422 03       		.uleb128 0x3
 770 0423 47000000 		.4byte	.LASF77
 771 0427 09       		.byte	0x9
 772 0428 65       		.byte	0x65
 773 0429 E5020000 		.4byte	0x2e5
 774 042d 03       		.uleb128 0x3
 775 042e 62050000 		.4byte	.LASF78
 776 0432 09       		.byte	0x9
 777 0433 6D       		.byte	0x6d
 778 0434 D5000000 		.4byte	0xd5
 779 0438 05       		.uleb128 0x5
 780 0439 7B030000 		.4byte	.LASF79
 781 043d 04       		.byte	0x4
 782 043e 09       		.byte	0x9
 783 043f 89       		.byte	0x89
 784 0440 51040000 		.4byte	0x451
 785 0444 0F       		.uleb128 0xf
 786 0445 72313300 		.ascii	"r13\000"
 787 0449 09       		.byte	0x9
 788 044a 8A       		.byte	0x8a
 789 044b CC040000 		.4byte	0x4cc
 790 044f 00       		.byte	0
 791 0450 00       		.byte	0
 792 0451 05       		.uleb128 0x5
 793 0452 41040000 		.4byte	.LASF80
 794 0456 24       		.byte	0x24
 795 0457 0A       		.byte	0xa
 796 0458 FD       		.byte	0xfd
 797 0459 CC040000 		.4byte	0x4cc
 798 045d 07       		.uleb128 0x7
ARM GAS  /tmp/ccamfnyq.s 			page 15


 799 045e 723400   		.ascii	"r4\000"
 800 0461 0A       		.byte	0xa
 801 0462 1001     		.2byte	0x110
 802 0464 22040000 		.4byte	0x422
 803 0468 00       		.byte	0
 804 0469 07       		.uleb128 0x7
 805 046a 723500   		.ascii	"r5\000"
 806 046d 0A       		.byte	0xa
 807 046e 1101     		.2byte	0x111
 808 0470 22040000 		.4byte	0x422
 809 0474 04       		.byte	0x4
 810 0475 07       		.uleb128 0x7
 811 0476 723600   		.ascii	"r6\000"
 812 0479 0A       		.byte	0xa
 813 047a 1201     		.2byte	0x112
 814 047c 22040000 		.4byte	0x422
 815 0480 08       		.byte	0x8
 816 0481 07       		.uleb128 0x7
 817 0482 723700   		.ascii	"r7\000"
 818 0485 0A       		.byte	0xa
 819 0486 1301     		.2byte	0x113
 820 0488 22040000 		.4byte	0x422
 821 048c 0C       		.byte	0xc
 822 048d 07       		.uleb128 0x7
 823 048e 723800   		.ascii	"r8\000"
 824 0491 0A       		.byte	0xa
 825 0492 1401     		.2byte	0x114
 826 0494 22040000 		.4byte	0x422
 827 0498 10       		.byte	0x10
 828 0499 07       		.uleb128 0x7
 829 049a 723900   		.ascii	"r9\000"
 830 049d 0A       		.byte	0xa
 831 049e 1501     		.2byte	0x115
 832 04a0 22040000 		.4byte	0x422
 833 04a4 14       		.byte	0x14
 834 04a5 07       		.uleb128 0x7
 835 04a6 72313000 		.ascii	"r10\000"
 836 04aa 0A       		.byte	0xa
 837 04ab 1601     		.2byte	0x116
 838 04ad 22040000 		.4byte	0x422
 839 04b1 18       		.byte	0x18
 840 04b2 07       		.uleb128 0x7
 841 04b3 72313100 		.ascii	"r11\000"
 842 04b7 0A       		.byte	0xa
 843 04b8 1701     		.2byte	0x117
 844 04ba 22040000 		.4byte	0x422
 845 04be 1C       		.byte	0x1c
 846 04bf 07       		.uleb128 0x7
 847 04c0 6C7200   		.ascii	"lr\000"
 848 04c3 0A       		.byte	0xa
 849 04c4 1801     		.2byte	0x118
 850 04c6 22040000 		.4byte	0x422
 851 04ca 20       		.byte	0x20
 852 04cb 00       		.byte	0
 853 04cc 09       		.uleb128 0x9
 854 04cd 04       		.byte	0x4
 855 04ce 51040000 		.4byte	0x451
ARM GAS  /tmp/ccamfnyq.s 			page 16


 856 04d2 10       		.uleb128 0x10
 857 04d3 04       		.byte	0x4
 858 04d4 0B       		.byte	0xb
 859 04d5 38       		.byte	0x38
 860 04d6 E7040000 		.4byte	0x4e7
 861 04da 06       		.uleb128 0x6
 862 04db F4010000 		.4byte	.LASF81
 863 04df 0B       		.byte	0xb
 864 04e0 3C       		.byte	0x3c
 865 04e1 E0000000 		.4byte	0xe0
 866 04e5 00       		.byte	0
 867 04e6 00       		.byte	0
 868 04e7 03       		.uleb128 0x3
 869 04e8 31000000 		.4byte	.LASF82
 870 04ec 0B       		.byte	0xb
 871 04ed 3D       		.byte	0x3d
 872 04ee D2040000 		.4byte	0x4d2
 873 04f2 11       		.uleb128 0x11
 874 04f3 04       		.byte	0x4
 875 04f4 08       		.byte	0x8
 876 04f5 FA       		.byte	0xfa
 877 04f6 4F050000 		.4byte	0x54f
 878 04fa 12       		.uleb128 0x12
 879 04fb ED010000 		.4byte	.LASF83
 880 04ff 08       		.byte	0x8
 881 0500 0101     		.2byte	0x101
 882 0502 17010000 		.4byte	0x117
 883 0506 12       		.uleb128 0x12
 884 0507 AE050000 		.4byte	.LASF84
 885 050b 08       		.byte	0x8
 886 050c 0801     		.2byte	0x108
 887 050e 17010000 		.4byte	0x117
 888 0512 12       		.uleb128 0x12
 889 0513 AD000000 		.4byte	.LASF85
 890 0517 08       		.byte	0x8
 891 0518 0F01     		.2byte	0x10f
 892 051a E5020000 		.4byte	0x2e5
 893 051e 12       		.uleb128 0x12
 894 051f 30050000 		.4byte	.LASF86
 895 0523 08       		.byte	0x8
 896 0524 1601     		.2byte	0x116
 897 0526 4F050000 		.4byte	0x54f
 898 052a 12       		.uleb128 0x12
 899 052b D7040000 		.4byte	.LASF87
 900 052f 08       		.byte	0x8
 901 0530 1E01     		.2byte	0x11e
 902 0532 7A050000 		.4byte	0x57a
 903 0536 12       		.uleb128 0x12
 904 0537 2A000000 		.4byte	.LASF88
 905 053b 08       		.byte	0x8
 906 053c 2701     		.2byte	0x127
 907 053e B1050000 		.4byte	0x5b1
 908 0542 12       		.uleb128 0x12
 909 0543 E2000000 		.4byte	.LASF89
 910 0547 08       		.byte	0x8
 911 0548 2F01     		.2byte	0x12f
 912 054a 22010000 		.4byte	0x122
ARM GAS  /tmp/ccamfnyq.s 			page 17


 913 054e 00       		.byte	0
 914 054f 09       		.uleb128 0x9
 915 0550 04       		.byte	0x4
 916 0551 17020000 		.4byte	0x217
 917 0555 05       		.uleb128 0x5
 918 0556 4D010000 		.4byte	.LASF90
 919 055a 0C       		.byte	0xc
 920 055b 0C       		.byte	0xc
 921 055c 34       		.byte	0x34
 922 055d 7A050000 		.4byte	0x57a
 923 0561 06       		.uleb128 0x6
 924 0562 69000000 		.4byte	.LASF91
 925 0566 0C       		.byte	0xc
 926 0567 35       		.byte	0x35
 927 0568 4C020000 		.4byte	0x24c
 928 056c 00       		.byte	0
 929 056d 06       		.uleb128 0x6
 930 056e 14010000 		.4byte	.LASF92
 931 0572 0C       		.byte	0xc
 932 0573 37       		.byte	0x37
 933 0574 2D010000 		.4byte	0x12d
 934 0578 08       		.byte	0x8
 935 0579 00       		.byte	0
 936 057a 09       		.uleb128 0x9
 937 057b 04       		.byte	0x4
 938 057c 55050000 		.4byte	0x555
 939 0580 05       		.uleb128 0x5
 940 0581 FB010000 		.4byte	.LASF93
 941 0585 10       		.byte	0x10
 942 0586 0D       		.byte	0xd
 943 0587 39       		.byte	0x39
 944 0588 B1050000 		.4byte	0x5b1
 945 058c 06       		.uleb128 0x6
 946 058d 30040000 		.4byte	.LASF94
 947 0591 0D       		.byte	0xd
 948 0592 3A       		.byte	0x3a
 949 0593 4C020000 		.4byte	0x24c
 950 0597 00       		.byte	0
 951 0598 06       		.uleb128 0x6
 952 0599 61000000 		.4byte	.LASF95
 953 059d 0D       		.byte	0xd
 954 059e 3C       		.byte	0x3c
 955 059f 22020000 		.4byte	0x222
 956 05a3 08       		.byte	0x8
 957 05a4 06       		.uleb128 0x6
 958 05a5 36050000 		.4byte	.LASF96
 959 05a9 0D       		.byte	0xd
 960 05aa 3E       		.byte	0x3e
 961 05ab F4050000 		.4byte	0x5f4
 962 05af 0C       		.byte	0xc
 963 05b0 00       		.byte	0
 964 05b1 09       		.uleb128 0x9
 965 05b2 04       		.byte	0x4
 966 05b3 80050000 		.4byte	0x580
 967 05b7 09       		.uleb128 0x9
 968 05b8 04       		.byte	0x4
 969 05b9 E7020000 		.4byte	0x2e7
ARM GAS  /tmp/ccamfnyq.s 			page 18


 970 05bd 13       		.uleb128 0x13
 971 05be 38010000 		.4byte	0x138
 972 05c2 13       		.uleb128 0x13
 973 05c3 C7050000 		.4byte	0x5c7
 974 05c7 09       		.uleb128 0x9
 975 05c8 04       		.byte	0x4
 976 05c9 CD050000 		.4byte	0x5cd
 977 05cd 14       		.uleb128 0x14
 978 05ce D2050000 		.4byte	0x5d2
 979 05d2 04       		.uleb128 0x4
 980 05d3 01       		.byte	0x1
 981 05d4 08       		.byte	0x8
 982 05d5 42000000 		.4byte	.LASF97
 983 05d9 15       		.uleb128 0x15
 984 05da 2D040000 		.4byte	0x42d
 985 05de E9050000 		.4byte	0x5e9
 986 05e2 16       		.uleb128 0x16
 987 05e3 1B040000 		.4byte	0x41b
 988 05e7 19       		.byte	0x19
 989 05e8 00       		.byte	0
 990 05e9 03       		.uleb128 0x3
 991 05ea DE040000 		.4byte	.LASF98
 992 05ee 0D       		.byte	0xd
 993 05ef 34       		.byte	0x34
 994 05f0 80050000 		.4byte	0x580
 995 05f4 09       		.uleb128 0x9
 996 05f5 04       		.byte	0x4
 997 05f6 E9050000 		.4byte	0x5e9
 998 05fa 09       		.uleb128 0x9
 999 05fb 04       		.byte	0x4
 1000 05fc A9000000 		.4byte	0xa9
 1001 0600 17       		.uleb128 0x17
 1002 0601 64040000 		.4byte	.LASF104
 1003 0605 02       		.byte	0x2
 1004 0606 2202     		.2byte	0x222
 1005 0608 03       		.byte	0x3
 1006 0609 1A060000 		.4byte	0x61a
 1007 060d 18       		.uleb128 0x18
 1008 060e A7010000 		.4byte	.LASF102
 1009 0612 02       		.byte	0x2
 1010 0613 2202     		.2byte	0x222
 1011 0615 CA000000 		.4byte	0xca
 1012 0619 00       		.byte	0
 1013 061a 19       		.uleb128 0x19
 1014 061b B4000000 		.4byte	.LASF99
 1015 061f 0A       		.byte	0xa
 1016 0620 C801     		.2byte	0x1c8
 1017 0622 03       		.byte	0x3
 1018 0623 19       		.uleb128 0x19
 1019 0624 85050000 		.4byte	.LASF100
 1020 0628 0A       		.byte	0xa
 1021 0629 E001     		.2byte	0x1e0
 1022 062b 03       		.byte	0x3
 1023 062c 19       		.uleb128 0x19
 1024 062d 0F020000 		.4byte	.LASF101
 1025 0631 0E       		.byte	0xe
 1026 0632 5A01     		.2byte	0x15a
ARM GAS  /tmp/ccamfnyq.s 			page 19


 1027 0634 03       		.byte	0x3
 1028 0635 1A       		.uleb128 0x1a
 1029 0636 99050000 		.4byte	.LASF114
 1030 063a 01       		.byte	0x1
 1031 063b 83       		.byte	0x83
 1032 063c E5020000 		.4byte	0x2e5
 1033 0640 01       		.byte	0x1
 1034 0641 5A060000 		.4byte	0x65a
 1035 0645 1B       		.uleb128 0x1b
 1036 0646 CD030000 		.4byte	.LASF103
 1037 064a 01       		.byte	0x1
 1038 064b 83       		.byte	0x83
 1039 064c 28000000 		.4byte	0x28
 1040 0650 1C       		.uleb128 0x1c
 1041 0651 7000     		.ascii	"p\000"
 1042 0653 01       		.byte	0x1
 1043 0654 84       		.byte	0x84
 1044 0655 E5020000 		.4byte	0x2e5
 1045 0659 00       		.byte	0
 1046 065a 17       		.uleb128 0x17
 1047 065b 9B010000 		.4byte	.LASF105
 1048 065f 0E       		.byte	0xe
 1049 0660 6601     		.2byte	0x166
 1050 0662 03       		.byte	0x3
 1051 0663 75060000 		.4byte	0x675
 1052 0667 1D       		.uleb128 0x1d
 1053 0668 74050000 		.4byte	.LASF106
 1054 066c 85060000 		.4byte	0x685
 1055 0670 9B010000 		.4byte	.LASF105
 1056 0674 00       		.byte	0
 1057 0675 15       		.uleb128 0x15
 1058 0676 D2050000 		.4byte	0x5d2
 1059 067a 85060000 		.4byte	0x685
 1060 067e 16       		.uleb128 0x16
 1061 067f 1B040000 		.4byte	0x41b
 1062 0683 0B       		.byte	0xb
 1063 0684 00       		.byte	0
 1064 0685 14       		.uleb128 0x14
 1065 0686 75060000 		.4byte	0x675
 1066 068a 1E       		.uleb128 0x1e
 1067 068b CD010000 		.4byte	.LASF115
 1068 068f 01       		.byte	0x1
 1069 0690 4E       		.byte	0x4e
 1070 0691 00000000 		.4byte	.LFB170
 1071 0695 28000000 		.4byte	.LFE170-.LFB170
 1072 0699 01       		.uleb128 0x1
 1073 069a 9C       		.byte	0x9c
 1074 069b B6060000 		.4byte	0x6b6
 1075 069f 1F       		.uleb128 0x1f
 1076 06a0 D8010000 		.4byte	.LASF107
 1077 06a4 01       		.byte	0x1
 1078 06a5 50       		.byte	0x50
 1079 06a6 B6060000 		.4byte	0x6b6
 1080 06aa 1F       		.uleb128 0x1f
 1081 06ab B7050000 		.4byte	.LASF108
 1082 06af 01       		.byte	0x1
 1083 06b0 51       		.byte	0x51
ARM GAS  /tmp/ccamfnyq.s 			page 20


 1084 06b1 B6060000 		.4byte	0x6b6
 1085 06b5 00       		.byte	0
 1086 06b6 15       		.uleb128 0x15
 1087 06b7 A9000000 		.4byte	0xa9
 1088 06bb C1060000 		.4byte	0x6c1
 1089 06bf 20       		.uleb128 0x20
 1090 06c0 00       		.byte	0
 1091 06c1 21       		.uleb128 0x21
 1092 06c2 46020000 		.4byte	.LASF116
 1093 06c6 01       		.byte	0x1
 1094 06c7 6D       		.byte	0x6d
 1095 06c8 E5020000 		.4byte	0x2e5
 1096 06cc 00000000 		.4byte	.LFB171
 1097 06d0 38000000 		.4byte	.LFE171-.LFB171
 1098 06d4 01       		.uleb128 0x1
 1099 06d5 9C       		.byte	0x9c
 1100 06d6 A4070000 		.4byte	0x7a4
 1101 06da 22       		.uleb128 0x22
 1102 06db CD030000 		.4byte	.LASF103
 1103 06df 01       		.byte	0x1
 1104 06e0 6D       		.byte	0x6d
 1105 06e1 28000000 		.4byte	0x28
 1106 06e5 00000000 		.4byte	.LLST0
 1107 06e9 1C       		.uleb128 0x1c
 1108 06ea 7000     		.ascii	"p\000"
 1109 06ec 01       		.byte	0x1
 1110 06ed 6E       		.byte	0x6e
 1111 06ee E5020000 		.4byte	0x2e5
 1112 06f2 23       		.uleb128 0x23
 1113 06f3 2C060000 		.4byte	0x62c
 1114 06f7 02000000 		.4byte	.LBB26
 1115 06fb 06000000 		.4byte	.LBE26-.LBB26
 1116 06ff 01       		.byte	0x1
 1117 0700 70       		.byte	0x70
 1118 0701 2E070000 		.4byte	0x72e
 1119 0705 24       		.uleb128 0x24
 1120 0706 1A060000 		.4byte	0x61a
 1121 070a 02000000 		.4byte	.LBB27
 1122 070e 06000000 		.4byte	.LBE27-.LBB27
 1123 0712 0E       		.byte	0xe
 1124 0713 5C01     		.2byte	0x15c
 1125 0715 24       		.uleb128 0x24
 1126 0716 00060000 		.4byte	0x600
 1127 071a 02000000 		.4byte	.LBB28
 1128 071e 06000000 		.4byte	.LBE28-.LBB28
 1129 0722 0A       		.byte	0xa
 1130 0723 D001     		.2byte	0x1d0
 1131 0725 25       		.uleb128 0x25
 1132 0726 0D060000 		.4byte	0x60d
 1133 072a 20       		.byte	0x20
 1134 072b 00       		.byte	0
 1135 072c 00       		.byte	0
 1136 072d 00       		.byte	0
 1137 072e 23       		.uleb128 0x23
 1138 072f 35060000 		.4byte	0x635
 1139 0733 08000000 		.4byte	.LBB30
 1140 0737 1C000000 		.4byte	.LBE30-.LBB30
ARM GAS  /tmp/ccamfnyq.s 			page 21


 1141 073b 01       		.byte	0x1
 1142 073c 71       		.byte	0x71
 1143 073d 5C070000 		.4byte	0x75c
 1144 0741 26       		.uleb128 0x26
 1145 0742 45060000 		.4byte	0x645
 1146 0746 21000000 		.4byte	.LLST1
 1147 074a 27       		.uleb128 0x27
 1148 074b 08000000 		.4byte	.LBB31
 1149 074f 1C000000 		.4byte	.LBE31-.LBB31
 1150 0753 28       		.uleb128 0x28
 1151 0754 50060000 		.4byte	0x650
 1152 0758 01       		.uleb128 0x1
 1153 0759 52       		.byte	0x52
 1154 075a 00       		.byte	0
 1155 075b 00       		.byte	0
 1156 075c 29       		.uleb128 0x29
 1157 075d 5A060000 		.4byte	0x65a
 1158 0761 24000000 		.4byte	.LBB32
 1159 0765 06000000 		.4byte	.LBE32-.LBB32
 1160 0769 01       		.byte	0x1
 1161 076a 72       		.byte	0x72
 1162 076b 27       		.uleb128 0x27
 1163 076c 24000000 		.4byte	.LBB33
 1164 0770 06000000 		.4byte	.LBE33-.LBB33
 1165 0774 2A       		.uleb128 0x2a
 1166 0775 67060000 		.4byte	0x667
 1167 0779 24       		.uleb128 0x24
 1168 077a 23060000 		.4byte	0x623
 1169 077e 24000000 		.4byte	.LBB34
 1170 0782 06000000 		.4byte	.LBE34-.LBB34
 1171 0786 0E       		.byte	0xe
 1172 0787 7301     		.2byte	0x173
 1173 0789 24       		.uleb128 0x24
 1174 078a 00060000 		.4byte	0x600
 1175 078e 24000000 		.4byte	.LBB35
 1176 0792 06000000 		.4byte	.LBE35-.LBB35
 1177 0796 0A       		.byte	0xa
 1178 0797 E301     		.2byte	0x1e3
 1179 0799 25       		.uleb128 0x25
 1180 079a 0D060000 		.4byte	0x60d
 1181 079e 00       		.byte	0
 1182 079f 00       		.byte	0
 1183 07a0 00       		.byte	0
 1184 07a1 00       		.byte	0
 1185 07a2 00       		.byte	0
 1186 07a3 00       		.byte	0
 1187 07a4 2B       		.uleb128 0x2b
 1188 07a5 35060000 		.4byte	0x635
 1189 07a9 00000000 		.4byte	.LFB172
 1190 07ad 2C000000 		.4byte	.LFE172-.LFB172
 1191 07b1 01       		.uleb128 0x1
 1192 07b2 9C       		.byte	0x9c
 1193 07b3 C8070000 		.4byte	0x7c8
 1194 07b7 26       		.uleb128 0x26
 1195 07b8 45060000 		.4byte	0x645
 1196 07bc 62000000 		.4byte	.LLST2
 1197 07c0 28       		.uleb128 0x28
ARM GAS  /tmp/ccamfnyq.s 			page 22


 1198 07c1 50060000 		.4byte	0x650
 1199 07c5 01       		.uleb128 0x1
 1200 07c6 52       		.byte	0x52
 1201 07c7 00       		.byte	0
 1202 07c8 2C       		.uleb128 0x2c
 1203 07c9 03010000 		.4byte	.LASF117
 1204 07cd 01       		.byte	0x1
 1205 07ce 9B       		.byte	0x9b
 1206 07cf 28000000 		.4byte	0x28
 1207 07d3 00000000 		.4byte	.LFB173
 1208 07d7 14000000 		.4byte	.LFE173-.LFB173
 1209 07db 01       		.uleb128 0x1
 1210 07dc 9C       		.byte	0x9c
 1211 07dd 2D       		.uleb128 0x2d
 1212 07de A6050000 		.4byte	.LASF109
 1213 07e2 01       		.byte	0x1
 1214 07e3 3E       		.byte	0x3e
 1215 07e4 FA050000 		.4byte	0x5fa
 1216 07e8 05       		.uleb128 0x5
 1217 07e9 03       		.byte	0x3
 1218 07ea 00000000 		.4byte	nextmem
 1219 07ee 2D       		.uleb128 0x2d
 1220 07ef 6D050000 		.4byte	.LASF110
 1221 07f3 01       		.byte	0x1
 1222 07f4 3F       		.byte	0x3f
 1223 07f5 FA050000 		.4byte	0x5fa
 1224 07f9 05       		.uleb128 0x5
 1225 07fa 03       		.byte	0x3
 1226 07fb 00000000 		.4byte	endmem
 1227 07ff 2E       		.uleb128 0x2e
 1228 0800 4D040000 		.4byte	.LASF111
 1229 0804 0F       		.byte	0xf
 1230 0805 5506     		.2byte	0x655
 1231 0807 0B080000 		.4byte	0x80b
 1232 080b 13       		.uleb128 0x13
 1233 080c BF000000 		.4byte	0xbf
 1234 0810 2F       		.uleb128 0x2f
 1235 0811 636800   		.ascii	"ch\000"
 1236 0814 08       		.byte	0x8
 1237 0815 0902     		.2byte	0x209
 1238 0817 B4030000 		.4byte	0x3b4
 1239 081b 1F       		.uleb128 0x1f
 1240 081c D8010000 		.4byte	.LASF107
 1241 0820 01       		.byte	0x1
 1242 0821 50       		.byte	0x50
 1243 0822 B6060000 		.4byte	0x6b6
 1244 0826 1F       		.uleb128 0x1f
 1245 0827 B7050000 		.4byte	.LASF108
 1246 082b 01       		.byte	0x1
 1247 082c 51       		.byte	0x51
 1248 082d B6060000 		.4byte	0x6b6
 1249 0831 00       		.byte	0
 1250              		.section	.debug_abbrev,"",%progbits
 1251              	.Ldebug_abbrev0:
 1252 0000 01       		.uleb128 0x1
 1253 0001 11       		.uleb128 0x11
 1254 0002 01       		.byte	0x1
ARM GAS  /tmp/ccamfnyq.s 			page 23


 1255 0003 25       		.uleb128 0x25
 1256 0004 0E       		.uleb128 0xe
 1257 0005 13       		.uleb128 0x13
 1258 0006 0B       		.uleb128 0xb
 1259 0007 03       		.uleb128 0x3
 1260 0008 0E       		.uleb128 0xe
 1261 0009 55       		.uleb128 0x55
 1262 000a 17       		.uleb128 0x17
 1263 000b 11       		.uleb128 0x11
 1264 000c 01       		.uleb128 0x1
 1265 000d 10       		.uleb128 0x10
 1266 000e 17       		.uleb128 0x17
 1267 000f 00       		.byte	0
 1268 0010 00       		.byte	0
 1269 0011 02       		.uleb128 0x2
 1270 0012 24       		.uleb128 0x24
 1271 0013 00       		.byte	0
 1272 0014 0B       		.uleb128 0xb
 1273 0015 0B       		.uleb128 0xb
 1274 0016 3E       		.uleb128 0x3e
 1275 0017 0B       		.uleb128 0xb
 1276 0018 03       		.uleb128 0x3
 1277 0019 08       		.uleb128 0x8
 1278 001a 00       		.byte	0
 1279 001b 00       		.byte	0
 1280 001c 03       		.uleb128 0x3
 1281 001d 16       		.uleb128 0x16
 1282 001e 00       		.byte	0
 1283 001f 03       		.uleb128 0x3
 1284 0020 0E       		.uleb128 0xe
 1285 0021 3A       		.uleb128 0x3a
 1286 0022 0B       		.uleb128 0xb
 1287 0023 3B       		.uleb128 0x3b
 1288 0024 0B       		.uleb128 0xb
 1289 0025 49       		.uleb128 0x49
 1290 0026 13       		.uleb128 0x13
 1291 0027 00       		.byte	0
 1292 0028 00       		.byte	0
 1293 0029 04       		.uleb128 0x4
 1294 002a 24       		.uleb128 0x24
 1295 002b 00       		.byte	0
 1296 002c 0B       		.uleb128 0xb
 1297 002d 0B       		.uleb128 0xb
 1298 002e 3E       		.uleb128 0x3e
 1299 002f 0B       		.uleb128 0xb
 1300 0030 03       		.uleb128 0x3
 1301 0031 0E       		.uleb128 0xe
 1302 0032 00       		.byte	0
 1303 0033 00       		.byte	0
 1304 0034 05       		.uleb128 0x5
 1305 0035 13       		.uleb128 0x13
 1306 0036 01       		.byte	0x1
 1307 0037 03       		.uleb128 0x3
 1308 0038 0E       		.uleb128 0xe
 1309 0039 0B       		.uleb128 0xb
 1310 003a 0B       		.uleb128 0xb
 1311 003b 3A       		.uleb128 0x3a
ARM GAS  /tmp/ccamfnyq.s 			page 24


 1312 003c 0B       		.uleb128 0xb
 1313 003d 3B       		.uleb128 0x3b
 1314 003e 0B       		.uleb128 0xb
 1315 003f 01       		.uleb128 0x1
 1316 0040 13       		.uleb128 0x13
 1317 0041 00       		.byte	0
 1318 0042 00       		.byte	0
 1319 0043 06       		.uleb128 0x6
 1320 0044 0D       		.uleb128 0xd
 1321 0045 00       		.byte	0
 1322 0046 03       		.uleb128 0x3
 1323 0047 0E       		.uleb128 0xe
 1324 0048 3A       		.uleb128 0x3a
 1325 0049 0B       		.uleb128 0xb
 1326 004a 3B       		.uleb128 0x3b
 1327 004b 0B       		.uleb128 0xb
 1328 004c 49       		.uleb128 0x49
 1329 004d 13       		.uleb128 0x13
 1330 004e 38       		.uleb128 0x38
 1331 004f 0B       		.uleb128 0xb
 1332 0050 00       		.byte	0
 1333 0051 00       		.byte	0
 1334 0052 07       		.uleb128 0x7
 1335 0053 0D       		.uleb128 0xd
 1336 0054 00       		.byte	0
 1337 0055 03       		.uleb128 0x3
 1338 0056 08       		.uleb128 0x8
 1339 0057 3A       		.uleb128 0x3a
 1340 0058 0B       		.uleb128 0xb
 1341 0059 3B       		.uleb128 0x3b
 1342 005a 05       		.uleb128 0x5
 1343 005b 49       		.uleb128 0x49
 1344 005c 13       		.uleb128 0x13
 1345 005d 38       		.uleb128 0x38
 1346 005e 0B       		.uleb128 0xb
 1347 005f 00       		.byte	0
 1348 0060 00       		.byte	0
 1349 0061 08       		.uleb128 0x8
 1350 0062 0D       		.uleb128 0xd
 1351 0063 00       		.byte	0
 1352 0064 03       		.uleb128 0x3
 1353 0065 0E       		.uleb128 0xe
 1354 0066 3A       		.uleb128 0x3a
 1355 0067 0B       		.uleb128 0xb
 1356 0068 3B       		.uleb128 0x3b
 1357 0069 05       		.uleb128 0x5
 1358 006a 49       		.uleb128 0x49
 1359 006b 13       		.uleb128 0x13
 1360 006c 38       		.uleb128 0x38
 1361 006d 0B       		.uleb128 0xb
 1362 006e 00       		.byte	0
 1363 006f 00       		.byte	0
 1364 0070 09       		.uleb128 0x9
 1365 0071 0F       		.uleb128 0xf
 1366 0072 00       		.byte	0
 1367 0073 0B       		.uleb128 0xb
 1368 0074 0B       		.uleb128 0xb
ARM GAS  /tmp/ccamfnyq.s 			page 25


 1369 0075 49       		.uleb128 0x49
 1370 0076 13       		.uleb128 0x13
 1371 0077 00       		.byte	0
 1372 0078 00       		.byte	0
 1373 0079 0A       		.uleb128 0xa
 1374 007a 13       		.uleb128 0x13
 1375 007b 01       		.byte	0x1
 1376 007c 03       		.uleb128 0x3
 1377 007d 0E       		.uleb128 0xe
 1378 007e 0B       		.uleb128 0xb
 1379 007f 0B       		.uleb128 0xb
 1380 0080 3A       		.uleb128 0x3a
 1381 0081 0B       		.uleb128 0xb
 1382 0082 3B       		.uleb128 0x3b
 1383 0083 05       		.uleb128 0x5
 1384 0084 01       		.uleb128 0x1
 1385 0085 13       		.uleb128 0x13
 1386 0086 00       		.byte	0
 1387 0087 00       		.byte	0
 1388 0088 0B       		.uleb128 0xb
 1389 0089 15       		.uleb128 0x15
 1390 008a 01       		.byte	0x1
 1391 008b 27       		.uleb128 0x27
 1392 008c 19       		.uleb128 0x19
 1393 008d 01       		.uleb128 0x1
 1394 008e 13       		.uleb128 0x13
 1395 008f 00       		.byte	0
 1396 0090 00       		.byte	0
 1397 0091 0C       		.uleb128 0xc
 1398 0092 05       		.uleb128 0x5
 1399 0093 00       		.byte	0
 1400 0094 49       		.uleb128 0x49
 1401 0095 13       		.uleb128 0x13
 1402 0096 00       		.byte	0
 1403 0097 00       		.byte	0
 1404 0098 0D       		.uleb128 0xd
 1405 0099 0F       		.uleb128 0xf
 1406 009a 00       		.byte	0
 1407 009b 0B       		.uleb128 0xb
 1408 009c 0B       		.uleb128 0xb
 1409 009d 00       		.byte	0
 1410 009e 00       		.byte	0
 1411 009f 0E       		.uleb128 0xe
 1412 00a0 13       		.uleb128 0x13
 1413 00a1 01       		.byte	0x1
 1414 00a2 03       		.uleb128 0x3
 1415 00a3 0E       		.uleb128 0xe
 1416 00a4 0B       		.uleb128 0xb
 1417 00a5 05       		.uleb128 0x5
 1418 00a6 3A       		.uleb128 0x3a
 1419 00a7 0B       		.uleb128 0xb
 1420 00a8 3B       		.uleb128 0x3b
 1421 00a9 05       		.uleb128 0x5
 1422 00aa 01       		.uleb128 0x1
 1423 00ab 13       		.uleb128 0x13
 1424 00ac 00       		.byte	0
 1425 00ad 00       		.byte	0
ARM GAS  /tmp/ccamfnyq.s 			page 26


 1426 00ae 0F       		.uleb128 0xf
 1427 00af 0D       		.uleb128 0xd
 1428 00b0 00       		.byte	0
 1429 00b1 03       		.uleb128 0x3
 1430 00b2 08       		.uleb128 0x8
 1431 00b3 3A       		.uleb128 0x3a
 1432 00b4 0B       		.uleb128 0xb
 1433 00b5 3B       		.uleb128 0x3b
 1434 00b6 0B       		.uleb128 0xb
 1435 00b7 49       		.uleb128 0x49
 1436 00b8 13       		.uleb128 0x13
 1437 00b9 38       		.uleb128 0x38
 1438 00ba 0B       		.uleb128 0xb
 1439 00bb 00       		.byte	0
 1440 00bc 00       		.byte	0
 1441 00bd 10       		.uleb128 0x10
 1442 00be 13       		.uleb128 0x13
 1443 00bf 01       		.byte	0x1
 1444 00c0 0B       		.uleb128 0xb
 1445 00c1 0B       		.uleb128 0xb
 1446 00c2 3A       		.uleb128 0x3a
 1447 00c3 0B       		.uleb128 0xb
 1448 00c4 3B       		.uleb128 0x3b
 1449 00c5 0B       		.uleb128 0xb
 1450 00c6 01       		.uleb128 0x1
 1451 00c7 13       		.uleb128 0x13
 1452 00c8 00       		.byte	0
 1453 00c9 00       		.byte	0
 1454 00ca 11       		.uleb128 0x11
 1455 00cb 17       		.uleb128 0x17
 1456 00cc 01       		.byte	0x1
 1457 00cd 0B       		.uleb128 0xb
 1458 00ce 0B       		.uleb128 0xb
 1459 00cf 3A       		.uleb128 0x3a
 1460 00d0 0B       		.uleb128 0xb
 1461 00d1 3B       		.uleb128 0x3b
 1462 00d2 0B       		.uleb128 0xb
 1463 00d3 01       		.uleb128 0x1
 1464 00d4 13       		.uleb128 0x13
 1465 00d5 00       		.byte	0
 1466 00d6 00       		.byte	0
 1467 00d7 12       		.uleb128 0x12
 1468 00d8 0D       		.uleb128 0xd
 1469 00d9 00       		.byte	0
 1470 00da 03       		.uleb128 0x3
 1471 00db 0E       		.uleb128 0xe
 1472 00dc 3A       		.uleb128 0x3a
 1473 00dd 0B       		.uleb128 0xb
 1474 00de 3B       		.uleb128 0x3b
 1475 00df 05       		.uleb128 0x5
 1476 00e0 49       		.uleb128 0x49
 1477 00e1 13       		.uleb128 0x13
 1478 00e2 00       		.byte	0
 1479 00e3 00       		.byte	0
 1480 00e4 13       		.uleb128 0x13
 1481 00e5 35       		.uleb128 0x35
 1482 00e6 00       		.byte	0
ARM GAS  /tmp/ccamfnyq.s 			page 27


 1483 00e7 49       		.uleb128 0x49
 1484 00e8 13       		.uleb128 0x13
 1485 00e9 00       		.byte	0
 1486 00ea 00       		.byte	0
 1487 00eb 14       		.uleb128 0x14
 1488 00ec 26       		.uleb128 0x26
 1489 00ed 00       		.byte	0
 1490 00ee 49       		.uleb128 0x49
 1491 00ef 13       		.uleb128 0x13
 1492 00f0 00       		.byte	0
 1493 00f1 00       		.byte	0
 1494 00f2 15       		.uleb128 0x15
 1495 00f3 01       		.uleb128 0x1
 1496 00f4 01       		.byte	0x1
 1497 00f5 49       		.uleb128 0x49
 1498 00f6 13       		.uleb128 0x13
 1499 00f7 01       		.uleb128 0x1
 1500 00f8 13       		.uleb128 0x13
 1501 00f9 00       		.byte	0
 1502 00fa 00       		.byte	0
 1503 00fb 16       		.uleb128 0x16
 1504 00fc 21       		.uleb128 0x21
 1505 00fd 00       		.byte	0
 1506 00fe 49       		.uleb128 0x49
 1507 00ff 13       		.uleb128 0x13
 1508 0100 2F       		.uleb128 0x2f
 1509 0101 0B       		.uleb128 0xb
 1510 0102 00       		.byte	0
 1511 0103 00       		.byte	0
 1512 0104 17       		.uleb128 0x17
 1513 0105 2E       		.uleb128 0x2e
 1514 0106 01       		.byte	0x1
 1515 0107 03       		.uleb128 0x3
 1516 0108 0E       		.uleb128 0xe
 1517 0109 3A       		.uleb128 0x3a
 1518 010a 0B       		.uleb128 0xb
 1519 010b 3B       		.uleb128 0x3b
 1520 010c 05       		.uleb128 0x5
 1521 010d 27       		.uleb128 0x27
 1522 010e 19       		.uleb128 0x19
 1523 010f 20       		.uleb128 0x20
 1524 0110 0B       		.uleb128 0xb
 1525 0111 01       		.uleb128 0x1
 1526 0112 13       		.uleb128 0x13
 1527 0113 00       		.byte	0
 1528 0114 00       		.byte	0
 1529 0115 18       		.uleb128 0x18
 1530 0116 05       		.uleb128 0x5
 1531 0117 00       		.byte	0
 1532 0118 03       		.uleb128 0x3
 1533 0119 0E       		.uleb128 0xe
 1534 011a 3A       		.uleb128 0x3a
 1535 011b 0B       		.uleb128 0xb
 1536 011c 3B       		.uleb128 0x3b
 1537 011d 05       		.uleb128 0x5
 1538 011e 49       		.uleb128 0x49
 1539 011f 13       		.uleb128 0x13
ARM GAS  /tmp/ccamfnyq.s 			page 28


 1540 0120 00       		.byte	0
 1541 0121 00       		.byte	0
 1542 0122 19       		.uleb128 0x19
 1543 0123 2E       		.uleb128 0x2e
 1544 0124 00       		.byte	0
 1545 0125 03       		.uleb128 0x3
 1546 0126 0E       		.uleb128 0xe
 1547 0127 3A       		.uleb128 0x3a
 1548 0128 0B       		.uleb128 0xb
 1549 0129 3B       		.uleb128 0x3b
 1550 012a 05       		.uleb128 0x5
 1551 012b 27       		.uleb128 0x27
 1552 012c 19       		.uleb128 0x19
 1553 012d 20       		.uleb128 0x20
 1554 012e 0B       		.uleb128 0xb
 1555 012f 00       		.byte	0
 1556 0130 00       		.byte	0
 1557 0131 1A       		.uleb128 0x1a
 1558 0132 2E       		.uleb128 0x2e
 1559 0133 01       		.byte	0x1
 1560 0134 3F       		.uleb128 0x3f
 1561 0135 19       		.uleb128 0x19
 1562 0136 03       		.uleb128 0x3
 1563 0137 0E       		.uleb128 0xe
 1564 0138 3A       		.uleb128 0x3a
 1565 0139 0B       		.uleb128 0xb
 1566 013a 3B       		.uleb128 0x3b
 1567 013b 0B       		.uleb128 0xb
 1568 013c 27       		.uleb128 0x27
 1569 013d 19       		.uleb128 0x19
 1570 013e 49       		.uleb128 0x49
 1571 013f 13       		.uleb128 0x13
 1572 0140 20       		.uleb128 0x20
 1573 0141 0B       		.uleb128 0xb
 1574 0142 01       		.uleb128 0x1
 1575 0143 13       		.uleb128 0x13
 1576 0144 00       		.byte	0
 1577 0145 00       		.byte	0
 1578 0146 1B       		.uleb128 0x1b
 1579 0147 05       		.uleb128 0x5
 1580 0148 00       		.byte	0
 1581 0149 03       		.uleb128 0x3
 1582 014a 0E       		.uleb128 0xe
 1583 014b 3A       		.uleb128 0x3a
 1584 014c 0B       		.uleb128 0xb
 1585 014d 3B       		.uleb128 0x3b
 1586 014e 0B       		.uleb128 0xb
 1587 014f 49       		.uleb128 0x49
 1588 0150 13       		.uleb128 0x13
 1589 0151 00       		.byte	0
 1590 0152 00       		.byte	0
 1591 0153 1C       		.uleb128 0x1c
 1592 0154 34       		.uleb128 0x34
 1593 0155 00       		.byte	0
 1594 0156 03       		.uleb128 0x3
 1595 0157 08       		.uleb128 0x8
 1596 0158 3A       		.uleb128 0x3a
ARM GAS  /tmp/ccamfnyq.s 			page 29


 1597 0159 0B       		.uleb128 0xb
 1598 015a 3B       		.uleb128 0x3b
 1599 015b 0B       		.uleb128 0xb
 1600 015c 49       		.uleb128 0x49
 1601 015d 13       		.uleb128 0x13
 1602 015e 00       		.byte	0
 1603 015f 00       		.byte	0
 1604 0160 1D       		.uleb128 0x1d
 1605 0161 34       		.uleb128 0x34
 1606 0162 00       		.byte	0
 1607 0163 03       		.uleb128 0x3
 1608 0164 0E       		.uleb128 0xe
 1609 0165 49       		.uleb128 0x49
 1610 0166 13       		.uleb128 0x13
 1611 0167 34       		.uleb128 0x34
 1612 0168 19       		.uleb128 0x19
 1613 0169 1C       		.uleb128 0x1c
 1614 016a 0E       		.uleb128 0xe
 1615 016b 00       		.byte	0
 1616 016c 00       		.byte	0
 1617 016d 1E       		.uleb128 0x1e
 1618 016e 2E       		.uleb128 0x2e
 1619 016f 01       		.byte	0x1
 1620 0170 3F       		.uleb128 0x3f
 1621 0171 19       		.uleb128 0x19
 1622 0172 03       		.uleb128 0x3
 1623 0173 0E       		.uleb128 0xe
 1624 0174 3A       		.uleb128 0x3a
 1625 0175 0B       		.uleb128 0xb
 1626 0176 3B       		.uleb128 0x3b
 1627 0177 0B       		.uleb128 0xb
 1628 0178 27       		.uleb128 0x27
 1629 0179 19       		.uleb128 0x19
 1630 017a 11       		.uleb128 0x11
 1631 017b 01       		.uleb128 0x1
 1632 017c 12       		.uleb128 0x12
 1633 017d 06       		.uleb128 0x6
 1634 017e 40       		.uleb128 0x40
 1635 017f 18       		.uleb128 0x18
 1636 0180 9742     		.uleb128 0x2117
 1637 0182 19       		.uleb128 0x19
 1638 0183 01       		.uleb128 0x1
 1639 0184 13       		.uleb128 0x13
 1640 0185 00       		.byte	0
 1641 0186 00       		.byte	0
 1642 0187 1F       		.uleb128 0x1f
 1643 0188 34       		.uleb128 0x34
 1644 0189 00       		.byte	0
 1645 018a 03       		.uleb128 0x3
 1646 018b 0E       		.uleb128 0xe
 1647 018c 3A       		.uleb128 0x3a
 1648 018d 0B       		.uleb128 0xb
 1649 018e 3B       		.uleb128 0x3b
 1650 018f 0B       		.uleb128 0xb
 1651 0190 49       		.uleb128 0x49
 1652 0191 13       		.uleb128 0x13
 1653 0192 3F       		.uleb128 0x3f
ARM GAS  /tmp/ccamfnyq.s 			page 30


 1654 0193 19       		.uleb128 0x19
 1655 0194 3C       		.uleb128 0x3c
 1656 0195 19       		.uleb128 0x19
 1657 0196 00       		.byte	0
 1658 0197 00       		.byte	0
 1659 0198 20       		.uleb128 0x20
 1660 0199 21       		.uleb128 0x21
 1661 019a 00       		.byte	0
 1662 019b 00       		.byte	0
 1663 019c 00       		.byte	0
 1664 019d 21       		.uleb128 0x21
 1665 019e 2E       		.uleb128 0x2e
 1666 019f 01       		.byte	0x1
 1667 01a0 3F       		.uleb128 0x3f
 1668 01a1 19       		.uleb128 0x19
 1669 01a2 03       		.uleb128 0x3
 1670 01a3 0E       		.uleb128 0xe
 1671 01a4 3A       		.uleb128 0x3a
 1672 01a5 0B       		.uleb128 0xb
 1673 01a6 3B       		.uleb128 0x3b
 1674 01a7 0B       		.uleb128 0xb
 1675 01a8 27       		.uleb128 0x27
 1676 01a9 19       		.uleb128 0x19
 1677 01aa 49       		.uleb128 0x49
 1678 01ab 13       		.uleb128 0x13
 1679 01ac 11       		.uleb128 0x11
 1680 01ad 01       		.uleb128 0x1
 1681 01ae 12       		.uleb128 0x12
 1682 01af 06       		.uleb128 0x6
 1683 01b0 40       		.uleb128 0x40
 1684 01b1 18       		.uleb128 0x18
 1685 01b2 9742     		.uleb128 0x2117
 1686 01b4 19       		.uleb128 0x19
 1687 01b5 01       		.uleb128 0x1
 1688 01b6 13       		.uleb128 0x13
 1689 01b7 00       		.byte	0
 1690 01b8 00       		.byte	0
 1691 01b9 22       		.uleb128 0x22
 1692 01ba 05       		.uleb128 0x5
 1693 01bb 00       		.byte	0
 1694 01bc 03       		.uleb128 0x3
 1695 01bd 0E       		.uleb128 0xe
 1696 01be 3A       		.uleb128 0x3a
 1697 01bf 0B       		.uleb128 0xb
 1698 01c0 3B       		.uleb128 0x3b
 1699 01c1 0B       		.uleb128 0xb
 1700 01c2 49       		.uleb128 0x49
 1701 01c3 13       		.uleb128 0x13
 1702 01c4 02       		.uleb128 0x2
 1703 01c5 17       		.uleb128 0x17
 1704 01c6 00       		.byte	0
 1705 01c7 00       		.byte	0
 1706 01c8 23       		.uleb128 0x23
 1707 01c9 1D       		.uleb128 0x1d
 1708 01ca 01       		.byte	0x1
 1709 01cb 31       		.uleb128 0x31
 1710 01cc 13       		.uleb128 0x13
ARM GAS  /tmp/ccamfnyq.s 			page 31


 1711 01cd 11       		.uleb128 0x11
 1712 01ce 01       		.uleb128 0x1
 1713 01cf 12       		.uleb128 0x12
 1714 01d0 06       		.uleb128 0x6
 1715 01d1 58       		.uleb128 0x58
 1716 01d2 0B       		.uleb128 0xb
 1717 01d3 59       		.uleb128 0x59
 1718 01d4 0B       		.uleb128 0xb
 1719 01d5 01       		.uleb128 0x1
 1720 01d6 13       		.uleb128 0x13
 1721 01d7 00       		.byte	0
 1722 01d8 00       		.byte	0
 1723 01d9 24       		.uleb128 0x24
 1724 01da 1D       		.uleb128 0x1d
 1725 01db 01       		.byte	0x1
 1726 01dc 31       		.uleb128 0x31
 1727 01dd 13       		.uleb128 0x13
 1728 01de 11       		.uleb128 0x11
 1729 01df 01       		.uleb128 0x1
 1730 01e0 12       		.uleb128 0x12
 1731 01e1 06       		.uleb128 0x6
 1732 01e2 58       		.uleb128 0x58
 1733 01e3 0B       		.uleb128 0xb
 1734 01e4 59       		.uleb128 0x59
 1735 01e5 05       		.uleb128 0x5
 1736 01e6 00       		.byte	0
 1737 01e7 00       		.byte	0
 1738 01e8 25       		.uleb128 0x25
 1739 01e9 05       		.uleb128 0x5
 1740 01ea 00       		.byte	0
 1741 01eb 31       		.uleb128 0x31
 1742 01ec 13       		.uleb128 0x13
 1743 01ed 1C       		.uleb128 0x1c
 1744 01ee 0B       		.uleb128 0xb
 1745 01ef 00       		.byte	0
 1746 01f0 00       		.byte	0
 1747 01f1 26       		.uleb128 0x26
 1748 01f2 05       		.uleb128 0x5
 1749 01f3 00       		.byte	0
 1750 01f4 31       		.uleb128 0x31
 1751 01f5 13       		.uleb128 0x13
 1752 01f6 02       		.uleb128 0x2
 1753 01f7 17       		.uleb128 0x17
 1754 01f8 00       		.byte	0
 1755 01f9 00       		.byte	0
 1756 01fa 27       		.uleb128 0x27
 1757 01fb 0B       		.uleb128 0xb
 1758 01fc 01       		.byte	0x1
 1759 01fd 11       		.uleb128 0x11
 1760 01fe 01       		.uleb128 0x1
 1761 01ff 12       		.uleb128 0x12
 1762 0200 06       		.uleb128 0x6
 1763 0201 00       		.byte	0
 1764 0202 00       		.byte	0
 1765 0203 28       		.uleb128 0x28
 1766 0204 34       		.uleb128 0x34
 1767 0205 00       		.byte	0
ARM GAS  /tmp/ccamfnyq.s 			page 32


 1768 0206 31       		.uleb128 0x31
 1769 0207 13       		.uleb128 0x13
 1770 0208 02       		.uleb128 0x2
 1771 0209 18       		.uleb128 0x18
 1772 020a 00       		.byte	0
 1773 020b 00       		.byte	0
 1774 020c 29       		.uleb128 0x29
 1775 020d 1D       		.uleb128 0x1d
 1776 020e 01       		.byte	0x1
 1777 020f 31       		.uleb128 0x31
 1778 0210 13       		.uleb128 0x13
 1779 0211 11       		.uleb128 0x11
 1780 0212 01       		.uleb128 0x1
 1781 0213 12       		.uleb128 0x12
 1782 0214 06       		.uleb128 0x6
 1783 0215 58       		.uleb128 0x58
 1784 0216 0B       		.uleb128 0xb
 1785 0217 59       		.uleb128 0x59
 1786 0218 0B       		.uleb128 0xb
 1787 0219 00       		.byte	0
 1788 021a 00       		.byte	0
 1789 021b 2A       		.uleb128 0x2a
 1790 021c 34       		.uleb128 0x34
 1791 021d 00       		.byte	0
 1792 021e 31       		.uleb128 0x31
 1793 021f 13       		.uleb128 0x13
 1794 0220 00       		.byte	0
 1795 0221 00       		.byte	0
 1796 0222 2B       		.uleb128 0x2b
 1797 0223 2E       		.uleb128 0x2e
 1798 0224 01       		.byte	0x1
 1799 0225 31       		.uleb128 0x31
 1800 0226 13       		.uleb128 0x13
 1801 0227 11       		.uleb128 0x11
 1802 0228 01       		.uleb128 0x1
 1803 0229 12       		.uleb128 0x12
 1804 022a 06       		.uleb128 0x6
 1805 022b 40       		.uleb128 0x40
 1806 022c 18       		.uleb128 0x18
 1807 022d 9742     		.uleb128 0x2117
 1808 022f 19       		.uleb128 0x19
 1809 0230 01       		.uleb128 0x1
 1810 0231 13       		.uleb128 0x13
 1811 0232 00       		.byte	0
 1812 0233 00       		.byte	0
 1813 0234 2C       		.uleb128 0x2c
 1814 0235 2E       		.uleb128 0x2e
 1815 0236 00       		.byte	0
 1816 0237 3F       		.uleb128 0x3f
 1817 0238 19       		.uleb128 0x19
 1818 0239 03       		.uleb128 0x3
 1819 023a 0E       		.uleb128 0xe
 1820 023b 3A       		.uleb128 0x3a
 1821 023c 0B       		.uleb128 0xb
 1822 023d 3B       		.uleb128 0x3b
 1823 023e 0B       		.uleb128 0xb
 1824 023f 27       		.uleb128 0x27
ARM GAS  /tmp/ccamfnyq.s 			page 33


 1825 0240 19       		.uleb128 0x19
 1826 0241 49       		.uleb128 0x49
 1827 0242 13       		.uleb128 0x13
 1828 0243 11       		.uleb128 0x11
 1829 0244 01       		.uleb128 0x1
 1830 0245 12       		.uleb128 0x12
 1831 0246 06       		.uleb128 0x6
 1832 0247 40       		.uleb128 0x40
 1833 0248 18       		.uleb128 0x18
 1834 0249 9742     		.uleb128 0x2117
 1835 024b 19       		.uleb128 0x19
 1836 024c 00       		.byte	0
 1837 024d 00       		.byte	0
 1838 024e 2D       		.uleb128 0x2d
 1839 024f 34       		.uleb128 0x34
 1840 0250 00       		.byte	0
 1841 0251 03       		.uleb128 0x3
 1842 0252 0E       		.uleb128 0xe
 1843 0253 3A       		.uleb128 0x3a
 1844 0254 0B       		.uleb128 0xb
 1845 0255 3B       		.uleb128 0x3b
 1846 0256 0B       		.uleb128 0xb
 1847 0257 49       		.uleb128 0x49
 1848 0258 13       		.uleb128 0x13
 1849 0259 02       		.uleb128 0x2
 1850 025a 18       		.uleb128 0x18
 1851 025b 00       		.byte	0
 1852 025c 00       		.byte	0
 1853 025d 2E       		.uleb128 0x2e
 1854 025e 34       		.uleb128 0x34
 1855 025f 00       		.byte	0
 1856 0260 03       		.uleb128 0x3
 1857 0261 0E       		.uleb128 0xe
 1858 0262 3A       		.uleb128 0x3a
 1859 0263 0B       		.uleb128 0xb
 1860 0264 3B       		.uleb128 0x3b
 1861 0265 05       		.uleb128 0x5
 1862 0266 49       		.uleb128 0x49
 1863 0267 13       		.uleb128 0x13
 1864 0268 3F       		.uleb128 0x3f
 1865 0269 19       		.uleb128 0x19
 1866 026a 3C       		.uleb128 0x3c
 1867 026b 19       		.uleb128 0x19
 1868 026c 00       		.byte	0
 1869 026d 00       		.byte	0
 1870 026e 2F       		.uleb128 0x2f
 1871 026f 34       		.uleb128 0x34
 1872 0270 00       		.byte	0
 1873 0271 03       		.uleb128 0x3
 1874 0272 08       		.uleb128 0x8
 1875 0273 3A       		.uleb128 0x3a
 1876 0274 0B       		.uleb128 0xb
 1877 0275 3B       		.uleb128 0x3b
 1878 0276 05       		.uleb128 0x5
 1879 0277 49       		.uleb128 0x49
 1880 0278 13       		.uleb128 0x13
 1881 0279 3F       		.uleb128 0x3f
ARM GAS  /tmp/ccamfnyq.s 			page 34


 1882 027a 19       		.uleb128 0x19
 1883 027b 3C       		.uleb128 0x3c
 1884 027c 19       		.uleb128 0x19
 1885 027d 00       		.byte	0
 1886 027e 00       		.byte	0
 1887 027f 00       		.byte	0
 1888              		.section	.debug_loc,"",%progbits
 1889              	.Ldebug_loc0:
 1890              	.LLST0:
 1891 0000 00000000 		.4byte	.LVL0
 1892 0004 22000000 		.4byte	.LVL5
 1893 0008 0100     		.2byte	0x1
 1894 000a 50       		.byte	0x50
 1895 000b 22000000 		.4byte	.LVL5
 1896 000f 38000000 		.4byte	.LFE171
 1897 0013 0400     		.2byte	0x4
 1898 0015 F3       		.byte	0xf3
 1899 0016 01       		.uleb128 0x1
 1900 0017 50       		.byte	0x50
 1901 0018 9F       		.byte	0x9f
 1902 0019 00000000 		.4byte	0
 1903 001d 00000000 		.4byte	0
 1904              	.LLST1:
 1905 0021 08000000 		.4byte	.LVL1
 1906 0025 16000000 		.4byte	.LVL2
 1907 0029 0100     		.2byte	0x1
 1908 002b 50       		.byte	0x50
 1909 002c 16000000 		.4byte	.LVL2
 1910 0030 1E000000 		.4byte	.LVL4
 1911 0034 0100     		.2byte	0x1
 1912 0036 53       		.byte	0x53
 1913 0037 1E000000 		.4byte	.LVL4
 1914 003b 22000000 		.4byte	.LVL5
 1915 003f 0600     		.2byte	0x6
 1916 0041 70       		.byte	0x70
 1917 0042 07       		.sleb128 7
 1918 0043 09       		.byte	0x9
 1919 0044 F8       		.byte	0xf8
 1920 0045 1A       		.byte	0x1a
 1921 0046 9F       		.byte	0x9f
 1922 0047 22000000 		.4byte	.LVL5
 1923 004b 38000000 		.4byte	.LFE171
 1924 004f 0900     		.2byte	0x9
 1925 0051 F3       		.byte	0xf3
 1926 0052 01       		.uleb128 0x1
 1927 0053 50       		.byte	0x50
 1928 0054 23       		.byte	0x23
 1929 0055 07       		.uleb128 0x7
 1930 0056 09       		.byte	0x9
 1931 0057 F8       		.byte	0xf8
 1932 0058 1A       		.byte	0x1a
 1933 0059 9F       		.byte	0x9f
 1934 005a 00000000 		.4byte	0
 1935 005e 00000000 		.4byte	0
 1936              	.LLST2:
 1937 0062 00000000 		.4byte	.LVL7
 1938 0066 0C000000 		.4byte	.LVL8
ARM GAS  /tmp/ccamfnyq.s 			page 35


 1939 006a 0100     		.2byte	0x1
 1940 006c 50       		.byte	0x50
 1941 006d 0C000000 		.4byte	.LVL8
 1942 0071 10000000 		.4byte	.LVL9
 1943 0075 0300     		.2byte	0x3
 1944 0077 70       		.byte	0x70
 1945 0078 79       		.sleb128 -7
 1946 0079 9F       		.byte	0x9f
 1947 007a 10000000 		.4byte	.LVL9
 1948 007e 18000000 		.4byte	.LVL11
 1949 0082 0100     		.2byte	0x1
 1950 0084 53       		.byte	0x53
 1951 0085 18000000 		.4byte	.LVL11
 1952 0089 1C000000 		.4byte	.LVL12
 1953 008d 0600     		.2byte	0x6
 1954 008f 70       		.byte	0x70
 1955 0090 00       		.sleb128 0
 1956 0091 09       		.byte	0x9
 1957 0092 F8       		.byte	0xf8
 1958 0093 1A       		.byte	0x1a
 1959 0094 9F       		.byte	0x9f
 1960 0095 1C000000 		.4byte	.LVL12
 1961 0099 2C000000 		.4byte	.LFE172
 1962 009d 0900     		.2byte	0x9
 1963 009f F3       		.byte	0xf3
 1964 00a0 01       		.uleb128 0x1
 1965 00a1 50       		.byte	0x50
 1966 00a2 23       		.byte	0x23
 1967 00a3 07       		.uleb128 0x7
 1968 00a4 09       		.byte	0x9
 1969 00a5 F8       		.byte	0xf8
 1970 00a6 1A       		.byte	0x1a
 1971 00a7 9F       		.byte	0x9f
 1972 00a8 00000000 		.4byte	0
 1973 00ac 00000000 		.4byte	0
 1974              		.section	.debug_aranges,"",%progbits
 1975 0000 34000000 		.4byte	0x34
 1976 0004 0200     		.2byte	0x2
 1977 0006 00000000 		.4byte	.Ldebug_info0
 1978 000a 04       		.byte	0x4
 1979 000b 00       		.byte	0
 1980 000c 0000     		.2byte	0
 1981 000e 0000     		.2byte	0
 1982 0010 00000000 		.4byte	.LFB170
 1983 0014 28000000 		.4byte	.LFE170-.LFB170
 1984 0018 00000000 		.4byte	.LFB171
 1985 001c 38000000 		.4byte	.LFE171-.LFB171
 1986 0020 00000000 		.4byte	.LFB172
 1987 0024 2C000000 		.4byte	.LFE172-.LFB172
 1988 0028 00000000 		.4byte	.LFB173
 1989 002c 14000000 		.4byte	.LFE173-.LFB173
 1990 0030 00000000 		.4byte	0
 1991 0034 00000000 		.4byte	0
 1992              		.section	.debug_ranges,"",%progbits
 1993              	.Ldebug_ranges0:
 1994 0000 00000000 		.4byte	.LFB170
 1995 0004 28000000 		.4byte	.LFE170
ARM GAS  /tmp/ccamfnyq.s 			page 36


 1996 0008 00000000 		.4byte	.LFB171
 1997 000c 38000000 		.4byte	.LFE171
 1998 0010 00000000 		.4byte	.LFB172
 1999 0014 2C000000 		.4byte	.LFE172
 2000 0018 00000000 		.4byte	.LFB173
 2001 001c 14000000 		.4byte	.LFE173
 2002 0020 00000000 		.4byte	0
 2003 0024 00000000 		.4byte	0
 2004              		.section	.debug_line,"",%progbits
 2005              	.Ldebug_line0:
 2006 0000 1F030000 		.section	.debug_str,"MS",%progbits,1
 2006      0200AB02 
 2006      00000201 
 2006      FB0E0D00 
 2006      01010101 
 2007              	.LASF47:
 2008 0000 63685F74 		.ascii	"ch_threads_list\000"
 2008      68726561 
 2008      64735F6C 
 2008      69737400 
 2009              	.LASF48:
 2010 0010 74687265 		.ascii	"threads_queue_t\000"
 2010      6164735F 
 2010      71756575 
 2010      655F7400 
 2011              	.LASF37:
 2012 0020 705F7761 		.ascii	"p_waiting\000"
 2012      6974696E 
 2012      6700
 2013              	.LASF88:
 2014 002a 77746D74 		.ascii	"wtmtxp\000"
 2014      787000
 2015              	.LASF82:
 2016 0031 746D5F63 		.ascii	"tm_calibration_t\000"
 2016      616C6962 
 2016      72617469 
 2016      6F6E5F74 
 2016      00
 2017              	.LASF97:
 2018 0042 63686172 		.ascii	"char\000"
 2018      00
 2019              	.LASF77:
 2020 0047 72656761 		.ascii	"regarm_t\000"
 2020      726D5F74 
 2020      00
 2021              	.LASF32:
 2022 0050 705F7072 		.ascii	"p_prio\000"
 2022      696F00
 2023              	.LASF28:
 2024 0057 73797374 		.ascii	"systime_t\000"
 2024      696D655F 
 2024      7400
 2025              	.LASF95:
 2026 0061 6D5F6F77 		.ascii	"m_owner\000"
 2026      6E657200 
 2027              	.LASF91:
 2028 0069 735F7175 		.ascii	"s_queue\000"
ARM GAS  /tmp/ccamfnyq.s 			page 37


 2028      65756500 
 2029              	.LASF66:
 2030 0071 76745F73 		.ascii	"vt_systime\000"
 2030      79737469 
 2030      6D6500
 2031              	.LASF38:
 2032 007c 705F6D73 		.ascii	"p_msgqueue\000"
 2032      67717565 
 2032      756500
 2033              	.LASF0:
 2034 0087 756E7369 		.ascii	"unsigned int\000"
 2034      676E6564 
 2034      20696E74 
 2034      00
 2035              	.LASF45:
 2036 0094 74687265 		.ascii	"threads_list_t\000"
 2036      6164735F 
 2036      6C697374 
 2036      5F7400
 2037              	.LASF8:
 2038 00a3 5F5F696E 		.ascii	"__int32_t\000"
 2038      7433325F 
 2038      7400
 2039              	.LASF85:
 2040 00ad 77746F62 		.ascii	"wtobjp\000"
 2040      6A7000
 2041              	.LASF99:
 2042 00b4 706F7274 		.ascii	"port_lock\000"
 2042      5F6C6F63 
 2042      6B00
 2043              	.LASF73:
 2044 00be 76746C69 		.ascii	"vtlist\000"
 2044      737400
 2045              	.LASF51:
 2046 00c5 63685F72 		.ascii	"ch_ready_list\000"
 2046      65616479 
 2046      5F6C6973 
 2046      7400
 2047              	.LASF75:
 2048 00d3 69646C65 		.ascii	"idle_thread_wa\000"
 2048      5F746872 
 2048      6561645F 
 2048      776100
 2049              	.LASF89:
 2050 00e2 65776D61 		.ascii	"ewmask\000"
 2050      736B00
 2051              	.LASF49:
 2052 00e9 63685F74 		.ascii	"ch_threads_queue\000"
 2052      68726561 
 2052      64735F71 
 2052      75657565 
 2052      00
 2053              	.LASF56:
 2054 00fa 76746675 		.ascii	"vtfunc_t\000"
 2054      6E635F74 
 2054      00
 2055              	.LASF117:
ARM GAS  /tmp/ccamfnyq.s 			page 38


 2056 0103 6368436F 		.ascii	"chCoreGetStatusX\000"
 2056      72654765 
 2056      74537461 
 2056      74757358 
 2056      00
 2057              	.LASF92:
 2058 0114 735F636E 		.ascii	"s_cnt\000"
 2058      7400
 2059              	.LASF68:
 2060 011a 63685F73 		.ascii	"ch_system_debug\000"
 2060      79737465 
 2060      6D5F6465 
 2060      62756700 
 2061              	.LASF18:
 2062 012a 75696E74 		.ascii	"uint32_t\000"
 2062      33325F74 
 2062      00
 2063              	.LASF26:
 2064 0133 6576656E 		.ascii	"eventmask_t\000"
 2064      746D6173 
 2064      6B5F7400 
 2065              	.LASF53:
 2066 013f 725F7072 		.ascii	"r_prio\000"
 2066      696F00
 2067              	.LASF63:
 2068 0146 76745F70 		.ascii	"vt_par\000"
 2068      617200
 2069              	.LASF90:
 2070 014d 63685F73 		.ascii	"ch_semaphore\000"
 2070      656D6170 
 2070      686F7265 
 2070      00
 2071              	.LASF24:
 2072 015a 74707269 		.ascii	"tprio_t\000"
 2072      6F5F7400 
 2073              	.LASF58:
 2074 0162 63685F76 		.ascii	"ch_virtual_timer\000"
 2074      69727475 
 2074      616C5F74 
 2074      696D6572 
 2074      00
 2075              	.LASF14:
 2076 0173 6C6F6E67 		.ascii	"long long unsigned int\000"
 2076      206C6F6E 
 2076      6720756E 
 2076      7369676E 
 2076      65642069 
 2077              	.LASF6:
 2078 018a 5F5F7569 		.ascii	"__uint16_t\000"
 2078      6E743136 
 2078      5F7400
 2079              	.LASF27:
 2080 0195 636E745F 		.ascii	"cnt_t\000"
 2080      7400
 2081              	.LASF105:
 2082 019b 63685379 		.ascii	"chSysUnlock\000"
 2082      73556E6C 
ARM GAS  /tmp/ccamfnyq.s 			page 39


 2082      6F636B00 
 2083              	.LASF102:
 2084 01a7 76616C75 		.ascii	"value\000"
 2084      6500
 2085              	.LASF65:
 2086 01ad 63685F76 		.ascii	"ch_virtual_timers_list\000"
 2086      69727475 
 2086      616C5F74 
 2086      696D6572 
 2086      735F6C69 
 2087              	.LASF29:
 2088 01c4 74687265 		.ascii	"thread_t\000"
 2088      61645F74 
 2088      00
 2089              	.LASF115:
 2090 01cd 5F636F72 		.ascii	"_core_init\000"
 2090      655F696E 
 2090      697400
 2091              	.LASF107:
 2092 01d8 5F5F6865 		.ascii	"__heap_base__\000"
 2092      61705F62 
 2092      6173655F 
 2092      5F00
 2093              	.LASF2:
 2094 01e6 73697A65 		.ascii	"size_t\000"
 2094      5F7400
 2095              	.LASF83:
 2096 01ed 7264796D 		.ascii	"rdymsg\000"
 2096      736700
 2097              	.LASF81:
 2098 01f4 6F666673 		.ascii	"offset\000"
 2098      657400
 2099              	.LASF93:
 2100 01fb 63685F6D 		.ascii	"ch_mutex\000"
 2100      75746578 
 2100      00
 2101              	.LASF13:
 2102 0204 5F5F7569 		.ascii	"__uint64_t\000"
 2102      6E743634 
 2102      5F7400
 2103              	.LASF101:
 2104 020f 63685379 		.ascii	"chSysLock\000"
 2104      734C6F63 
 2104      6B00
 2105              	.LASF61:
 2106 0219 76745F64 		.ascii	"vt_delta\000"
 2106      656C7461 
 2106      00
 2107              	.LASF44:
 2108 0222 74687265 		.ascii	"thread_reference_t\000"
 2108      61645F72 
 2108      65666572 
 2108      656E6365 
 2108      5F7400
 2109              	.LASF22:
 2110 0235 74737461 		.ascii	"tstate_t\000"
 2110      74655F74 
ARM GAS  /tmp/ccamfnyq.s 			page 40


 2110      00
 2111              	.LASF34:
 2112 023e 705F7374 		.ascii	"p_state\000"
 2112      61746500 
 2113              	.LASF116:
 2114 0246 6368436F 		.ascii	"chCoreAlloc\000"
 2114      7265416C 
 2114      6C6F6300 
 2115              	.LASF15:
 2116 0252 75696E74 		.ascii	"uint8_t\000"
 2116      385F7400 
 2117              	.LASF43:
 2118 025a 705F6D70 		.ascii	"p_mpool\000"
 2118      6F6F6C00 
 2119              	.LASF41:
 2120 0262 705F6D74 		.ascii	"p_mtxlist\000"
 2120      786C6973 
 2120      7400
 2121              	.LASF46:
 2122 026c 63685F74 		.ascii	"ch_thread\000"
 2122      68726561 
 2122      6400
 2123              	.LASF67:
 2124 0276 73797374 		.ascii	"system_debug_t\000"
 2124      656D5F64 
 2124      65627567 
 2124      5F7400
 2125              	.LASF12:
 2126 0285 6C6F6E67 		.ascii	"long long int\000"
 2126      206C6F6E 
 2126      6720696E 
 2126      7400
 2127              	.LASF52:
 2128 0293 725F7175 		.ascii	"r_queue\000"
 2128      65756500 
 2129              	.LASF25:
 2130 029b 6D73675F 		.ascii	"msg_t\000"
 2130      7400
 2131              	.LASF112:
 2132 02a1 474E5520 		.ascii	"GNU C 4.9.3 20150529 (release) [ARM/embedded-4_9-br"
 2132      4320342E 
 2132      392E3320 
 2132      32303135 
 2132      30353239 
 2133 02d4 616E6368 		.ascii	"anch revision 224288] -mcpu=cortex-m3 -mno-thumb-in"
 2133      20726576 
 2133      6973696F 
 2133      6E203232 
 2133      34323838 
 2134 0307 74657277 		.ascii	"terwork -mthumb -ggdb -O2 -fomit-frame-pointer -fal"
 2134      6F726B20 
 2134      2D6D7468 
 2134      756D6220 
 2134      2D676764 
 2135 033a 69676E2D 		.ascii	"ign-functions=16 -ffunction-sections -fdata-section"
 2135      66756E63 
 2135      74696F6E 
ARM GAS  /tmp/ccamfnyq.s 			page 41


 2135      733D3136 
 2135      202D6666 
 2136 036d 73202D66 		.ascii	"s -fno-common\000"
 2136      6E6F2D63 
 2136      6F6D6D6F 
 2136      6E00
 2137              	.LASF79:
 2138 037b 636F6E74 		.ascii	"context\000"
 2138      65787400 
 2139              	.LASF35:
 2140 0383 705F666C 		.ascii	"p_flags\000"
 2140      61677300 
 2141              	.LASF57:
 2142 038b 76697274 		.ascii	"virtual_timer_t\000"
 2142      75616C5F 
 2142      74696D65 
 2142      725F7400 
 2143              	.LASF113:
 2144 039b 2F686F6D 		.ascii	"/home/maciek/ChibiOS_16.1.5/os/rt/src/chmemcore.c\000"
 2144      652F6D61 
 2144      6369656B 
 2144      2F436869 
 2144      62694F53 
 2145              	.LASF103:
 2146 03cd 73697A65 		.ascii	"size\000"
 2146      00
 2147              	.LASF69:
 2148 03d2 70616E69 		.ascii	"panic_msg\000"
 2148      635F6D73 
 2148      6700
 2149              	.LASF39:
 2150 03dc 705F6D73 		.ascii	"p_msg\000"
 2150      6700
 2151              	.LASF21:
 2152 03e2 746D6F64 		.ascii	"tmode_t\000"
 2152      655F7400 
 2153              	.LASF74:
 2154 03ea 6D61696E 		.ascii	"mainthread\000"
 2154      74687265 
 2154      616400
 2155              	.LASF16:
 2156 03f5 75696E74 		.ascii	"uint16_t\000"
 2156      31365F74 
 2156      00
 2157              	.LASF20:
 2158 03fe 7274636E 		.ascii	"rtcnt_t\000"
 2158      745F7400 
 2159              	.LASF42:
 2160 0406 705F7265 		.ascii	"p_realprio\000"
 2160      616C7072 
 2160      696F00
 2161              	.LASF5:
 2162 0411 73686F72 		.ascii	"short int\000"
 2162      7420696E 
 2162      7400
 2163              	.LASF55:
 2164 041b 725F6375 		.ascii	"r_current\000"
ARM GAS  /tmp/ccamfnyq.s 			page 42


 2164      7272656E 
 2164      7400
 2165              	.LASF40:
 2166 0425 705F6570 		.ascii	"p_epending\000"
 2166      656E6469 
 2166      6E6700
 2167              	.LASF94:
 2168 0430 6D5F7175 		.ascii	"m_queue\000"
 2168      65756500 
 2169              	.LASF9:
 2170 0438 6C6F6E67 		.ascii	"long int\000"
 2170      20696E74 
 2170      00
 2171              	.LASF80:
 2172 0441 706F7274 		.ascii	"port_intctx\000"
 2172      5F696E74 
 2172      63747800 
 2173              	.LASF111:
 2174 044d 49544D5F 		.ascii	"ITM_RxBuffer\000"
 2174      52784275 
 2174      66666572 
 2174      00
 2175              	.LASF71:
 2176 045a 63685F73 		.ascii	"ch_system\000"
 2176      79737465 
 2176      6D00
 2177              	.LASF104:
 2178 0464 5F5F7365 		.ascii	"__set_BASEPRI\000"
 2178      745F4241 
 2178      53455052 
 2178      4900
 2179              	.LASF30:
 2180 0472 705F6E65 		.ascii	"p_next\000"
 2180      787400
 2181              	.LASF19:
 2182 0479 75696E74 		.ascii	"uint64_t\000"
 2182      36345F74 
 2182      00
 2183              	.LASF33:
 2184 0482 705F6374 		.ascii	"p_ctx\000"
 2184      7800
 2185              	.LASF72:
 2186 0488 726C6973 		.ascii	"rlist\000"
 2186      7400
 2187              	.LASF3:
 2188 048e 5F5F7569 		.ascii	"__uint8_t\000"
 2188      6E74385F 
 2188      7400
 2189              	.LASF31:
 2190 0498 705F7072 		.ascii	"p_prev\000"
 2190      657600
 2191              	.LASF76:
 2192 049f 73697A65 		.ascii	"sizetype\000"
 2192      74797065 
 2192      00
 2193              	.LASF23:
 2194 04a8 74726566 		.ascii	"trefs_t\000"
ARM GAS  /tmp/ccamfnyq.s 			page 43


 2194      735F7400 
 2195              	.LASF11:
 2196 04b0 6C6F6E67 		.ascii	"long unsigned int\000"
 2196      20756E73 
 2196      69676E65 
 2196      6420696E 
 2196      7400
 2197              	.LASF50:
 2198 04c2 72656164 		.ascii	"ready_list_t\000"
 2198      795F6C69 
 2198      73745F74 
 2198      00
 2199              	.LASF17:
 2200 04cf 696E7433 		.ascii	"int32_t\000"
 2200      325F7400 
 2201              	.LASF87:
 2202 04d7 77747365 		.ascii	"wtsemp\000"
 2202      6D7000
 2203              	.LASF98:
 2204 04de 6D757465 		.ascii	"mutex_t\000"
 2204      785F7400 
 2205              	.LASF4:
 2206 04e6 756E7369 		.ascii	"unsigned char\000"
 2206      676E6564 
 2206      20636861 
 2206      7200
 2207              	.LASF10:
 2208 04f4 5F5F7569 		.ascii	"__uint32_t\000"
 2208      6E743332 
 2208      5F7400
 2209              	.LASF64:
 2210 04ff 76697274 		.ascii	"virtual_timers_list_t\000"
 2210      75616C5F 
 2210      74696D65 
 2210      72735F6C 
 2210      6973745F 
 2211              	.LASF36:
 2212 0515 705F7265 		.ascii	"p_refs\000"
 2212      667300
 2213              	.LASF59:
 2214 051c 76745F6E 		.ascii	"vt_next\000"
 2214      65787400 
 2215              	.LASF70:
 2216 0524 63685F73 		.ascii	"ch_system_t\000"
 2216      79737465 
 2216      6D5F7400 
 2217              	.LASF86:
 2218 0530 77747472 		.ascii	"wttrp\000"
 2218      7000
 2219              	.LASF96:
 2220 0536 6D5F6E65 		.ascii	"m_next\000"
 2220      787400
 2221              	.LASF1:
 2222 053d 7369676E 		.ascii	"signed char\000"
 2222      65642063 
 2222      68617200 
 2223              	.LASF7:
ARM GAS  /tmp/ccamfnyq.s 			page 44


 2224 0549 73686F72 		.ascii	"short unsigned int\000"
 2224      7420756E 
 2224      7369676E 
 2224      65642069 
 2224      6E7400
 2225              	.LASF54:
 2226 055c 725F6374 		.ascii	"r_ctx\000"
 2226      7800
 2227              	.LASF78:
 2228 0562 73746B61 		.ascii	"stkalign_t\000"
 2228      6C69676E 
 2228      5F7400
 2229              	.LASF110:
 2230 056d 656E646D 		.ascii	"endmem\000"
 2230      656D00
 2231              	.LASF106:
 2232 0574 5F5F6675 		.ascii	"__func__\000"
 2232      6E635F5F 
 2232      00
 2233              	.LASF62:
 2234 057d 76745F66 		.ascii	"vt_func\000"
 2234      756E6300 
 2235              	.LASF100:
 2236 0585 706F7274 		.ascii	"port_unlock\000"
 2236      5F756E6C 
 2236      6F636B00 
 2237              	.LASF60:
 2238 0591 76745F70 		.ascii	"vt_prev\000"
 2238      72657600 
 2239              	.LASF114:
 2240 0599 6368436F 		.ascii	"chCoreAllocI\000"
 2240      7265416C 
 2240      6C6F6349 
 2240      00
 2241              	.LASF109:
 2242 05a6 6E657874 		.ascii	"nextmem\000"
 2242      6D656D00 
 2243              	.LASF84:
 2244 05ae 65786974 		.ascii	"exitcode\000"
 2244      636F6465 
 2244      00
 2245              	.LASF108:
 2246 05b7 5F5F6865 		.ascii	"__heap_end__\000"
 2246      61705F65 
 2246      6E645F5F 
 2246      00
 2247              		.ident	"GCC: (GNU Tools for ARM Embedded Processors) 4.9.3 20150529 (release) [ARM/embedded-4_9-br
ARM GAS  /tmp/ccamfnyq.s 			page 45


DEFINED SYMBOLS
                            *ABS*:00000000 chmemcore.c
     /tmp/ccamfnyq.s:19     .text._core_init:00000000 $t
     /tmp/ccamfnyq.s:25     .text._core_init:00000000 _core_init
     /tmp/ccamfnyq.s:53     .text._core_init:00000018 $d
     /tmp/ccamfnyq.s:61     .text.chCoreAlloc:00000000 $t
     /tmp/ccamfnyq.s:67     .text.chCoreAlloc:00000000 chCoreAlloc
     /tmp/ccamfnyq.s:146    .text.chCoreAlloc:00000030 $d
     /tmp/ccamfnyq.s:152    .text.chCoreAllocI:00000000 $t
     /tmp/ccamfnyq.s:158    .text.chCoreAllocI:00000000 chCoreAllocI
     /tmp/ccamfnyq.s:201    .text.chCoreAllocI:00000024 $d
     /tmp/ccamfnyq.s:207    .text.chCoreGetStatusX:00000000 $t
     /tmp/ccamfnyq.s:213    .text.chCoreGetStatusX:00000000 chCoreGetStatusX
     /tmp/ccamfnyq.s:231    .text.chCoreGetStatusX:0000000c $d
     /tmp/ccamfnyq.s:237    .bss.endmem:00000000 $d
     /tmp/ccamfnyq.s:241    .bss.endmem:00000000 endmem
     /tmp/ccamfnyq.s:244    .bss.nextmem:00000000 $d
     /tmp/ccamfnyq.s:248    .bss.nextmem:00000000 nextmem
                     .debug_frame:00000010 $d

UNDEFINED SYMBOLS
__heap_base__
__heap_end__
