ARM GAS  /tmp/ccS6kgyk.s 			page 1


   1              		.syntax unified
   2              		.cpu cortex-m3
   3              		.fpu softvfp
   4              		.eabi_attribute 20, 1
   5              		.eabi_attribute 21, 1
   6              		.eabi_attribute 23, 3
   7              		.eabi_attribute 24, 1
   8              		.eabi_attribute 25, 1
   9              		.eabi_attribute 26, 1
  10              		.eabi_attribute 30, 2
  11              		.eabi_attribute 34, 1
  12              		.eabi_attribute 18, 4
  13              		.thumb
  14              		.file	"hal_usbh_debug.c"
  15              		.text
  16              	.Ltext0:
  17              		.cfi_sections	.debug_frame
  18              	.Letext0:
  19              		.file 1 "/opt/stm32/gcc/gcc-arm-none-eabi-4_9-2015q2/arm-none-eabi/include/machine/_default_types.
  20              		.file 2 "/opt/stm32/gcc/gcc-arm-none-eabi-4_9-2015q2/arm-none-eabi/include/sys/_stdint.h"
  21              		.file 3 "/home/maciek/ChibiOS_16.1.5/os/rt/ports/ARMCMx/compilers/GCC/chtypes.h"
  22              		.file 4 "/home/maciek/ChibiOS_16.1.5/os/rt/include/chsystypes.h"
  23              		.file 5 "/home/maciek/ChibiOS_16.1.5/os/rt/include/chschd.h"
  24              		.file 6 "/home/maciek/ChibiOS_16.1.5/os/rt/ports/ARMCMx/chcore.h"
  25              		.file 7 "/home/maciek/ChibiOS_16.1.5/os/rt/ports/ARMCMx/chcore_v7m.h"
  26              		.file 8 "/home/maciek/ChibiOS_16.1.5/os/rt/include/chtm.h"
  27              		.file 9 "/home/maciek/ChibiOS_16.1.5/os/rt/include/chsem.h"
  28              		.file 10 "/home/maciek/ChibiOS_16.1.5/os/rt/include/chmtx.h"
  29              		.file 11 "/home/maciek/ChibiOS_16.1.5/os/ext/CMSIS/include/core_cm3.h"
  30              		.section	.debug_info,"",%progbits
  31              	.Ldebug_info0:
  32 0000 07060000 		.4byte	0x607
  33 0004 0400     		.2byte	0x4
  34 0006 00000000 		.4byte	.Ldebug_abbrev0
  35 000a 04       		.byte	0x4
  36 000b 01       		.uleb128 0x1
  37 000c FB000000 		.4byte	.LASF100
  38 0010 01       		.byte	0x1
  39 0011 21000000 		.4byte	.LASF101
  40 0015 00000000 		.4byte	.Ldebug_line0
  41 0019 02       		.uleb128 0x2
  42 001a 04       		.byte	0x4
  43 001b 05       		.byte	0x5
  44 001c 696E7400 		.ascii	"int\000"
  45 0020 03       		.uleb128 0x3
  46 0021 04       		.byte	0x4
  47 0022 07       		.byte	0x7
  48 0023 21030000 		.4byte	.LASF0
  49 0027 03       		.uleb128 0x3
  50 0028 01       		.byte	0x1
  51 0029 06       		.byte	0x6
  52 002a EF020000 		.4byte	.LASF1
  53 002e 04       		.uleb128 0x4
  54 002f 9A020000 		.4byte	.LASF4
  55 0033 01       		.byte	0x1
  56 0034 1D       		.byte	0x1d
  57 0035 39000000 		.4byte	0x39
ARM GAS  /tmp/ccS6kgyk.s 			page 2


  58 0039 03       		.uleb128 0x3
  59 003a 01       		.byte	0x1
  60 003b 08       		.byte	0x8
  61 003c DA020000 		.4byte	.LASF2
  62 0040 03       		.uleb128 0x3
  63 0041 02       		.byte	0x2
  64 0042 05       		.byte	0x5
  65 0043 7C000000 		.4byte	.LASF3
  66 0047 04       		.uleb128 0x4
  67 0048 AB000000 		.4byte	.LASF5
  68 004c 01       		.byte	0x1
  69 004d 2B       		.byte	0x2b
  70 004e 52000000 		.4byte	0x52
  71 0052 03       		.uleb128 0x3
  72 0053 02       		.byte	0x2
  73 0054 07       		.byte	0x7
  74 0055 7C030000 		.4byte	.LASF6
  75 0059 04       		.uleb128 0x4
  76 005a 72040000 		.4byte	.LASF7
  77 005e 01       		.byte	0x1
  78 005f 3F       		.byte	0x3f
  79 0060 64000000 		.4byte	0x64
  80 0064 03       		.uleb128 0x3
  81 0065 04       		.byte	0x4
  82 0066 05       		.byte	0x5
  83 0067 59020000 		.4byte	.LASF8
  84 006b 04       		.uleb128 0x4
  85 006c 40040000 		.4byte	.LASF9
  86 0070 01       		.byte	0x1
  87 0071 41       		.byte	0x41
  88 0072 76000000 		.4byte	0x76
  89 0076 03       		.uleb128 0x3
  90 0077 04       		.byte	0x4
  91 0078 07       		.byte	0x7
  92 0079 24040000 		.4byte	.LASF10
  93 007d 03       		.uleb128 0x3
  94 007e 08       		.byte	0x8
  95 007f 05       		.byte	0x5
  96 0080 3C020000 		.4byte	.LASF11
  97 0084 04       		.uleb128 0x4
  98 0085 00040000 		.4byte	.LASF12
  99 0089 01       		.byte	0x1
 100 008a 5B       		.byte	0x5b
 101 008b 8F000000 		.4byte	0x8f
 102 008f 03       		.uleb128 0x3
 103 0090 08       		.byte	0x8
 104 0091 07       		.byte	0x7
 105 0092 01030000 		.4byte	.LASF13
 106 0096 04       		.uleb128 0x4
 107 0097 E6010000 		.4byte	.LASF14
 108 009b 02       		.byte	0x2
 109 009c 14       		.byte	0x14
 110 009d 2E000000 		.4byte	0x2e
 111 00a1 04       		.uleb128 0x4
 112 00a2 45030000 		.4byte	.LASF15
 113 00a6 02       		.byte	0x2
 114 00a7 1A       		.byte	0x1a
ARM GAS  /tmp/ccS6kgyk.s 			page 3


 115 00a8 47000000 		.4byte	0x47
 116 00ac 04       		.uleb128 0x4
 117 00ad D3030000 		.4byte	.LASF16
 118 00b1 02       		.byte	0x2
 119 00b2 1F       		.byte	0x1f
 120 00b3 59000000 		.4byte	0x59
 121 00b7 04       		.uleb128 0x4
 122 00b8 0A020000 		.4byte	.LASF17
 123 00bc 02       		.byte	0x2
 124 00bd 20       		.byte	0x20
 125 00be 6B000000 		.4byte	0x6b
 126 00c2 04       		.uleb128 0x4
 127 00c3 68000000 		.4byte	.LASF18
 128 00c7 02       		.byte	0x2
 129 00c8 26       		.byte	0x26
 130 00c9 84000000 		.4byte	0x84
 131 00cd 04       		.uleb128 0x4
 132 00ce DB000000 		.4byte	.LASF19
 133 00d2 03       		.byte	0x3
 134 00d3 39       		.byte	0x39
 135 00d4 B7000000 		.4byte	0xb7
 136 00d8 04       		.uleb128 0x4
 137 00d9 34020000 		.4byte	.LASF20
 138 00dd 03       		.byte	0x3
 139 00de 3C       		.byte	0x3c
 140 00df 96000000 		.4byte	0x96
 141 00e3 04       		.uleb128 0x4
 142 00e4 96040000 		.4byte	.LASF21
 143 00e8 03       		.byte	0x3
 144 00e9 3D       		.byte	0x3d
 145 00ea 96000000 		.4byte	0x96
 146 00ee 04       		.uleb128 0x4
 147 00ef 09000000 		.4byte	.LASF22
 148 00f3 03       		.byte	0x3
 149 00f4 3E       		.byte	0x3e
 150 00f5 96000000 		.4byte	0x96
 151 00f9 04       		.uleb128 0x4
 152 00fa 51020000 		.4byte	.LASF23
 153 00fe 03       		.byte	0x3
 154 00ff 40       		.byte	0x40
 155 0100 B7000000 		.4byte	0xb7
 156 0104 04       		.uleb128 0x4
 157 0105 0F050000 		.4byte	.LASF24
 158 0109 03       		.byte	0x3
 159 010a 41       		.byte	0x41
 160 010b AC000000 		.4byte	0xac
 161 010f 04       		.uleb128 0x4
 162 0110 B6000000 		.4byte	.LASF25
 163 0114 03       		.byte	0x3
 164 0115 43       		.byte	0x43
 165 0116 B7000000 		.4byte	0xb7
 166 011a 04       		.uleb128 0x4
 167 011b E2030000 		.4byte	.LASF26
 168 011f 03       		.byte	0x3
 169 0120 45       		.byte	0x45
 170 0121 AC000000 		.4byte	0xac
 171 0125 04       		.uleb128 0x4
ARM GAS  /tmp/ccS6kgyk.s 			page 4


 172 0126 AB030000 		.4byte	.LASF27
 173 012a 04       		.byte	0x4
 174 012b 35       		.byte	0x35
 175 012c A1000000 		.4byte	0xa1
 176 0130 04       		.uleb128 0x4
 177 0131 00000000 		.4byte	.LASF28
 178 0135 04       		.byte	0x4
 179 0136 3F       		.byte	0x3f
 180 0137 3B010000 		.4byte	0x13b
 181 013b 05       		.uleb128 0x5
 182 013c 13020000 		.4byte	.LASF45
 183 0140 38       		.byte	0x38
 184 0141 05       		.byte	0x5
 185 0142 C2       		.byte	0xc2
 186 0143 04020000 		.4byte	0x204
 187 0147 06       		.uleb128 0x6
 188 0148 D4000000 		.4byte	.LASF29
 189 014c 05       		.byte	0x5
 190 014d C3       		.byte	0xc3
 191 014e 0F020000 		.4byte	0x20f
 192 0152 00       		.byte	0
 193 0153 06       		.uleb128 0x6
 194 0154 9E000000 		.4byte	.LASF30
 195 0158 05       		.byte	0x5
 196 0159 C5       		.byte	0xc5
 197 015a 0F020000 		.4byte	0x20f
 198 015e 04       		.byte	0x4
 199 015f 06       		.uleb128 0x6
 200 0160 CD000000 		.4byte	.LASF31
 201 0164 05       		.byte	0x5
 202 0165 C7       		.byte	0xc7
 203 0166 F9000000 		.4byte	0xf9
 204 016a 08       		.byte	0x8
 205 016b 06       		.uleb128 0x6
 206 016c DE040000 		.4byte	.LASF32
 207 0170 05       		.byte	0x5
 208 0171 C8       		.byte	0xc8
 209 0172 25040000 		.4byte	0x425
 210 0176 0C       		.byte	0xc
 211 0177 06       		.uleb128 0x6
 212 0178 E8030000 		.4byte	.LASF33
 213 017c 05       		.byte	0x5
 214 017d DD       		.byte	0xdd
 215 017e E3000000 		.4byte	0xe3
 216 0182 10       		.byte	0x10
 217 0183 06       		.uleb128 0x6
 218 0184 8F030000 		.4byte	.LASF34
 219 0188 05       		.byte	0x5
 220 0189 E1       		.byte	0xe1
 221 018a D8000000 		.4byte	0xd8
 222 018e 11       		.byte	0x11
 223 018f 06       		.uleb128 0x6
 224 0190 C9040000 		.4byte	.LASF35
 225 0194 05       		.byte	0x5
 226 0195 E6       		.byte	0xe6
 227 0196 EE000000 		.4byte	0xee
 228 019a 12       		.byte	0x12
ARM GAS  /tmp/ccS6kgyk.s 			page 5


 229 019b 07       		.uleb128 0x7
 230 019c 705F7500 		.ascii	"p_u\000"
 231 01a0 05       		.byte	0x5
 232 01a1 3101     		.2byte	0x131
 233 01a3 DF040000 		.4byte	0x4df
 234 01a7 14       		.byte	0x14
 235 01a8 08       		.uleb128 0x8
 236 01a9 F6030000 		.4byte	.LASF36
 237 01ad 05       		.byte	0x5
 238 01ae 3601     		.2byte	0x136
 239 01b0 15020000 		.4byte	0x215
 240 01b4 18       		.byte	0x18
 241 01b5 08       		.uleb128 0x8
 242 01b6 C2000000 		.4byte	.LASF37
 243 01ba 05       		.byte	0x5
 244 01bb 3C01     		.2byte	0x13c
 245 01bd 39020000 		.4byte	0x239
 246 01c1 1C       		.byte	0x1c
 247 01c2 08       		.uleb128 0x8
 248 01c3 C6020000 		.4byte	.LASF38
 249 01c7 05       		.byte	0x5
 250 01c8 4001     		.2byte	0x140
 251 01ca 04010000 		.4byte	0x104
 252 01ce 24       		.byte	0x24
 253 01cf 08       		.uleb128 0x8
 254 01d0 1D020000 		.4byte	.LASF39
 255 01d4 05       		.byte	0x5
 256 01d5 4601     		.2byte	0x146
 257 01d7 0F010000 		.4byte	0x10f
 258 01db 28       		.byte	0x28
 259 01dc 08       		.uleb128 0x8
 260 01dd 0B040000 		.4byte	.LASF40
 261 01e1 05       		.byte	0x5
 262 01e2 4D01     		.2byte	0x14d
 263 01e4 9E050000 		.4byte	0x59e
 264 01e8 2C       		.byte	0x2c
 265 01e9 08       		.uleb128 0x8
 266 01ea A0030000 		.4byte	.LASF41
 267 01ee 05       		.byte	0x5
 268 01ef 5101     		.2byte	0x151
 269 01f1 F9000000 		.4byte	0xf9
 270 01f5 30       		.byte	0x30
 271 01f6 08       		.uleb128 0x8
 272 01f7 F9040000 		.4byte	.LASF42
 273 01fb 05       		.byte	0x5
 274 01fc 5801     		.2byte	0x158
 275 01fe D2020000 		.4byte	0x2d2
 276 0202 34       		.byte	0x34
 277 0203 00       		.byte	0
 278 0204 04       		.uleb128 0x4
 279 0205 7C040000 		.4byte	.LASF43
 280 0209 04       		.byte	0x4
 281 020a 44       		.byte	0x44
 282 020b 0F020000 		.4byte	0x20f
 283 020f 09       		.uleb128 0x9
 284 0210 04       		.byte	0x4
 285 0211 30010000 		.4byte	0x130
ARM GAS  /tmp/ccS6kgyk.s 			page 6


 286 0215 04       		.uleb128 0x4
 287 0216 1C050000 		.4byte	.LASF44
 288 021a 04       		.byte	0x4
 289 021b 49       		.byte	0x49
 290 021c 20020000 		.4byte	0x220
 291 0220 05       		.uleb128 0x5
 292 0221 AC020000 		.4byte	.LASF46
 293 0225 04       		.byte	0x4
 294 0226 05       		.byte	0x5
 295 0227 B0       		.byte	0xb0
 296 0228 39020000 		.4byte	0x239
 297 022c 06       		.uleb128 0x6
 298 022d D4000000 		.4byte	.LASF29
 299 0231 05       		.byte	0x5
 300 0232 B1       		.byte	0xb1
 301 0233 0F020000 		.4byte	0x20f
 302 0237 00       		.byte	0
 303 0238 00       		.byte	0
 304 0239 04       		.uleb128 0x4
 305 023a 6C030000 		.4byte	.LASF47
 306 023e 04       		.byte	0x4
 307 023f 50       		.byte	0x50
 308 0240 44020000 		.4byte	0x244
 309 0244 05       		.uleb128 0x5
 310 0245 EE010000 		.4byte	.LASF48
 311 0249 08       		.byte	0x8
 312 024a 05       		.byte	0x5
 313 024b B7       		.byte	0xb7
 314 024c 69020000 		.4byte	0x269
 315 0250 06       		.uleb128 0x6
 316 0251 D4000000 		.4byte	.LASF29
 317 0255 05       		.byte	0x5
 318 0256 B8       		.byte	0xb8
 319 0257 0F020000 		.4byte	0x20f
 320 025b 00       		.byte	0
 321 025c 06       		.uleb128 0x6
 322 025d 9E000000 		.4byte	.LASF30
 323 0261 05       		.byte	0x5
 324 0262 B9       		.byte	0xb9
 325 0263 0F020000 		.4byte	0x20f
 326 0267 04       		.byte	0x4
 327 0268 00       		.byte	0
 328 0269 04       		.uleb128 0x4
 329 026a BC040000 		.4byte	.LASF49
 330 026e 04       		.byte	0x4
 331 026f 57       		.byte	0x57
 332 0270 74020000 		.4byte	0x274
 333 0274 0A       		.uleb128 0xa
 334 0275 D0040000 		.4byte	.LASF50
 335 0279 14       		.byte	0x14
 336 027a 05       		.byte	0x5
 337 027b 9001     		.2byte	0x190
 338 027d B6020000 		.4byte	0x2b6
 339 0281 08       		.uleb128 0x8
 340 0282 86000000 		.4byte	.LASF51
 341 0286 05       		.byte	0x5
 342 0287 9101     		.2byte	0x191
ARM GAS  /tmp/ccS6kgyk.s 			page 7


 343 0289 39020000 		.4byte	0x239
 344 028d 00       		.byte	0
 345 028e 08       		.uleb128 0x8
 346 028f DB030000 		.4byte	.LASF52
 347 0293 05       		.byte	0x5
 348 0294 9201     		.2byte	0x192
 349 0296 F9000000 		.4byte	0xf9
 350 029a 08       		.byte	0x8
 351 029b 08       		.uleb128 0x8
 352 029c A5000000 		.4byte	.LASF53
 353 02a0 05       		.byte	0x5
 354 02a1 9401     		.2byte	0x194
 355 02a3 25040000 		.4byte	0x425
 356 02a7 0C       		.byte	0xc
 357 02a8 08       		.uleb128 0x8
 358 02a9 BC020000 		.4byte	.LASF54
 359 02ad 05       		.byte	0x5
 360 02ae 9B01     		.2byte	0x19b
 361 02b0 0F020000 		.4byte	0x20f
 362 02b4 10       		.byte	0x10
 363 02b5 00       		.byte	0
 364 02b6 04       		.uleb128 0x4
 365 02b7 B3040000 		.4byte	.LASF55
 366 02bb 04       		.byte	0x4
 367 02bc 5C       		.byte	0x5c
 368 02bd C1020000 		.4byte	0x2c1
 369 02c1 09       		.uleb128 0x9
 370 02c2 04       		.byte	0x4
 371 02c3 C7020000 		.4byte	0x2c7
 372 02c7 0B       		.uleb128 0xb
 373 02c8 D2020000 		.4byte	0x2d2
 374 02cc 0C       		.uleb128 0xc
 375 02cd D2020000 		.4byte	0x2d2
 376 02d1 00       		.byte	0
 377 02d2 0D       		.uleb128 0xd
 378 02d3 04       		.byte	0x4
 379 02d4 04       		.uleb128 0x4
 380 02d5 73020000 		.4byte	.LASF56
 381 02d9 04       		.byte	0x4
 382 02da 61       		.byte	0x61
 383 02db DF020000 		.4byte	0x2df
 384 02df 0A       		.uleb128 0xa
 385 02e0 C2030000 		.4byte	.LASF57
 386 02e4 14       		.byte	0x14
 387 02e5 05       		.byte	0x5
 388 02e6 6B01     		.2byte	0x16b
 389 02e8 2E030000 		.4byte	0x32e
 390 02ec 08       		.uleb128 0x8
 391 02ed 4E030000 		.4byte	.LASF58
 392 02f1 05       		.byte	0x5
 393 02f2 6C01     		.2byte	0x16c
 394 02f4 A4050000 		.4byte	0x5a4
 395 02f8 00       		.byte	0
 396 02f9 08       		.uleb128 0x8
 397 02fa 6A040000 		.4byte	.LASF59
 398 02fe 05       		.byte	0x5
 399 02ff 6D01     		.2byte	0x16d
ARM GAS  /tmp/ccS6kgyk.s 			page 8


 400 0301 A4050000 		.4byte	0x5a4
 401 0305 04       		.byte	0x4
 402 0306 08       		.uleb128 0x8
 403 0307 97030000 		.4byte	.LASF60
 404 030b 05       		.byte	0x5
 405 030c 6E01     		.2byte	0x16e
 406 030e 25010000 		.4byte	0x125
 407 0312 08       		.byte	0x8
 408 0313 08       		.uleb128 0x8
 409 0314 D5010000 		.4byte	.LASF61
 410 0318 05       		.byte	0x5
 411 0319 6F01     		.2byte	0x16f
 412 031b B6020000 		.4byte	0x2b6
 413 031f 0C       		.byte	0xc
 414 0320 08       		.uleb128 0x8
 415 0321 F4000000 		.4byte	.LASF62
 416 0325 05       		.byte	0x5
 417 0326 7101     		.2byte	0x171
 418 0328 D2020000 		.4byte	0x2d2
 419 032c 10       		.byte	0x10
 420 032d 00       		.byte	0
 421 032e 04       		.uleb128 0x4
 422 032f 56030000 		.4byte	.LASF63
 423 0333 04       		.byte	0x4
 424 0334 66       		.byte	0x66
 425 0335 39030000 		.4byte	0x339
 426 0339 0A       		.uleb128 0xa
 427 033a 2E030000 		.4byte	.LASF64
 428 033e 0C       		.byte	0xc
 429 033f 05       		.byte	0x5
 430 0340 7B01     		.2byte	0x17b
 431 0342 7B030000 		.4byte	0x37b
 432 0346 08       		.uleb128 0x8
 433 0347 4E030000 		.4byte	.LASF58
 434 034b 05       		.byte	0x5
 435 034c 7C01     		.2byte	0x17c
 436 034e A4050000 		.4byte	0x5a4
 437 0352 00       		.byte	0
 438 0353 08       		.uleb128 0x8
 439 0354 6A040000 		.4byte	.LASF59
 440 0358 05       		.byte	0x5
 441 0359 7E01     		.2byte	0x17e
 442 035b A4050000 		.4byte	0x5a4
 443 035f 04       		.byte	0x4
 444 0360 08       		.uleb128 0x8
 445 0361 97030000 		.4byte	.LASF60
 446 0365 05       		.byte	0x5
 447 0366 8001     		.2byte	0x180
 448 0368 25010000 		.4byte	0x125
 449 036c 08       		.byte	0x8
 450 036d 08       		.uleb128 0x8
 451 036e FF010000 		.4byte	.LASF65
 452 0372 05       		.byte	0x5
 453 0373 8201     		.2byte	0x182
 454 0375 AA050000 		.4byte	0x5aa
 455 0379 0A       		.byte	0xa
 456 037a 00       		.byte	0
ARM GAS  /tmp/ccS6kgyk.s 			page 9


 457 037b 04       		.uleb128 0x4
 458 037c 83020000 		.4byte	.LASF66
 459 0380 04       		.byte	0x4
 460 0381 6B       		.byte	0x6b
 461 0382 86030000 		.4byte	0x386
 462 0386 0A       		.uleb128 0xa
 463 0387 11000000 		.4byte	.LASF67
 464 038b 04       		.byte	0x4
 465 038c 05       		.byte	0x5
 466 038d A201     		.2byte	0x1a2
 467 038f A1030000 		.4byte	0x3a1
 468 0393 08       		.uleb128 0x8
 469 0394 36040000 		.4byte	.LASF68
 470 0398 05       		.byte	0x5
 471 0399 AA01     		.2byte	0x1aa
 472 039b AF050000 		.4byte	0x5af
 473 039f 00       		.byte	0
 474 03a0 00       		.byte	0
 475 03a1 04       		.uleb128 0x4
 476 03a2 28020000 		.4byte	.LASF69
 477 03a6 04       		.byte	0x4
 478 03a7 70       		.byte	0x70
 479 03a8 AC030000 		.4byte	0x3ac
 480 03ac 0E       		.uleb128 0xe
 481 03ad 62020000 		.4byte	.LASF70
 482 03b1 3001     		.2byte	0x130
 483 03b3 05       		.byte	0x5
 484 03b4 C201     		.2byte	0x1c2
 485 03b6 08040000 		.4byte	0x408
 486 03ba 08       		.uleb128 0x8
 487 03bb FB020000 		.4byte	.LASF71
 488 03bf 05       		.byte	0x5
 489 03c0 C601     		.2byte	0x1c6
 490 03c2 69020000 		.4byte	0x269
 491 03c6 00       		.byte	0
 492 03c7 08       		.uleb128 0x8
 493 03c8 08050000 		.4byte	.LASF72
 494 03cc 05       		.byte	0x5
 495 03cd CA01     		.2byte	0x1ca
 496 03cf 2E030000 		.4byte	0x32e
 497 03d3 14       		.byte	0x14
 498 03d4 07       		.uleb128 0x7
 499 03d5 64626700 		.ascii	"dbg\000"
 500 03d9 05       		.byte	0x5
 501 03da CE01     		.2byte	0x1ce
 502 03dc 7B030000 		.4byte	0x37b
 503 03e0 20       		.byte	0x20
 504 03e1 08       		.uleb128 0x8
 505 03e2 71000000 		.4byte	.LASF73
 506 03e6 05       		.byte	0x5
 507 03e7 D201     		.2byte	0x1d2
 508 03e9 30010000 		.4byte	0x130
 509 03ed 24       		.byte	0x24
 510 03ee 07       		.uleb128 0x7
 511 03ef 746D00   		.ascii	"tm\000"
 512 03f2 05       		.byte	0x5
 513 03f3 D701     		.2byte	0x1d7
ARM GAS  /tmp/ccS6kgyk.s 			page 10


 514 03f5 D4040000 		.4byte	0x4d4
 515 03f9 5C       		.byte	0x5c
 516 03fa 08       		.uleb128 0x8
 517 03fb 15040000 		.4byte	.LASF74
 518 03ff 05       		.byte	0x5
 519 0400 E301     		.2byte	0x1e3
 520 0402 C6050000 		.4byte	0x5c6
 521 0406 60       		.byte	0x60
 522 0407 00       		.byte	0
 523 0408 03       		.uleb128 0x3
 524 0409 04       		.byte	0x4
 525 040a 07       		.byte	0x7
 526 040b 95000000 		.4byte	.LASF75
 527 040f 04       		.uleb128 0x4
 528 0410 DD010000 		.4byte	.LASF76
 529 0414 06       		.byte	0x6
 530 0415 65       		.byte	0x65
 531 0416 D2020000 		.4byte	0x2d2
 532 041a 04       		.uleb128 0x4
 533 041b 9F040000 		.4byte	.LASF77
 534 041f 06       		.byte	0x6
 535 0420 6D       		.byte	0x6d
 536 0421 C2000000 		.4byte	0xc2
 537 0425 05       		.uleb128 0x5
 538 0426 A4020000 		.4byte	.LASF78
 539 042a 04       		.byte	0x4
 540 042b 06       		.byte	0x6
 541 042c 89       		.byte	0x89
 542 042d 3E040000 		.4byte	0x43e
 543 0431 0F       		.uleb128 0xf
 544 0432 72313300 		.ascii	"r13\000"
 545 0436 06       		.byte	0x6
 546 0437 8A       		.byte	0x8a
 547 0438 B9040000 		.4byte	0x4b9
 548 043c 00       		.byte	0
 549 043d 00       		.byte	0
 550 043e 05       		.uleb128 0x5
 551 043f 5E040000 		.4byte	.LASF79
 552 0443 24       		.byte	0x24
 553 0444 07       		.byte	0x7
 554 0445 FD       		.byte	0xfd
 555 0446 B9040000 		.4byte	0x4b9
 556 044a 07       		.uleb128 0x7
 557 044b 723400   		.ascii	"r4\000"
 558 044e 07       		.byte	0x7
 559 044f 1001     		.2byte	0x110
 560 0451 0F040000 		.4byte	0x40f
 561 0455 00       		.byte	0
 562 0456 07       		.uleb128 0x7
 563 0457 723500   		.ascii	"r5\000"
 564 045a 07       		.byte	0x7
 565 045b 1101     		.2byte	0x111
 566 045d 0F040000 		.4byte	0x40f
 567 0461 04       		.byte	0x4
 568 0462 07       		.uleb128 0x7
 569 0463 723600   		.ascii	"r6\000"
 570 0466 07       		.byte	0x7
ARM GAS  /tmp/ccS6kgyk.s 			page 11


 571 0467 1201     		.2byte	0x112
 572 0469 0F040000 		.4byte	0x40f
 573 046d 08       		.byte	0x8
 574 046e 07       		.uleb128 0x7
 575 046f 723700   		.ascii	"r7\000"
 576 0472 07       		.byte	0x7
 577 0473 1301     		.2byte	0x113
 578 0475 0F040000 		.4byte	0x40f
 579 0479 0C       		.byte	0xc
 580 047a 07       		.uleb128 0x7
 581 047b 723800   		.ascii	"r8\000"
 582 047e 07       		.byte	0x7
 583 047f 1401     		.2byte	0x114
 584 0481 0F040000 		.4byte	0x40f
 585 0485 10       		.byte	0x10
 586 0486 07       		.uleb128 0x7
 587 0487 723900   		.ascii	"r9\000"
 588 048a 07       		.byte	0x7
 589 048b 1501     		.2byte	0x115
 590 048d 0F040000 		.4byte	0x40f
 591 0491 14       		.byte	0x14
 592 0492 07       		.uleb128 0x7
 593 0493 72313000 		.ascii	"r10\000"
 594 0497 07       		.byte	0x7
 595 0498 1601     		.2byte	0x116
 596 049a 0F040000 		.4byte	0x40f
 597 049e 18       		.byte	0x18
 598 049f 07       		.uleb128 0x7
 599 04a0 72313100 		.ascii	"r11\000"
 600 04a4 07       		.byte	0x7
 601 04a5 1701     		.2byte	0x117
 602 04a7 0F040000 		.4byte	0x40f
 603 04ab 1C       		.byte	0x1c
 604 04ac 07       		.uleb128 0x7
 605 04ad 6C7200   		.ascii	"lr\000"
 606 04b0 07       		.byte	0x7
 607 04b1 1801     		.2byte	0x118
 608 04b3 0F040000 		.4byte	0x40f
 609 04b7 20       		.byte	0x20
 610 04b8 00       		.byte	0
 611 04b9 09       		.uleb128 0x9
 612 04ba 04       		.byte	0x4
 613 04bb 3E040000 		.4byte	0x43e
 614 04bf 10       		.uleb128 0x10
 615 04c0 04       		.byte	0x4
 616 04c1 08       		.byte	0x8
 617 04c2 38       		.byte	0x38
 618 04c3 D4040000 		.4byte	0x4d4
 619 04c7 06       		.uleb128 0x6
 620 04c8 6C020000 		.4byte	.LASF80
 621 04cc 08       		.byte	0x8
 622 04cd 3C       		.byte	0x3c
 623 04ce CD000000 		.4byte	0xcd
 624 04d2 00       		.byte	0
 625 04d3 00       		.byte	0
 626 04d4 04       		.uleb128 0x4
 627 04d5 E3000000 		.4byte	.LASF81
ARM GAS  /tmp/ccS6kgyk.s 			page 12


 628 04d9 08       		.byte	0x8
 629 04da 3D       		.byte	0x3d
 630 04db BF040000 		.4byte	0x4bf
 631 04df 11       		.uleb128 0x11
 632 04e0 04       		.byte	0x4
 633 04e1 05       		.byte	0x5
 634 04e2 FA       		.byte	0xfa
 635 04e3 3C050000 		.4byte	0x53c
 636 04e7 12       		.uleb128 0x12
 637 04e8 01050000 		.4byte	.LASF82
 638 04ec 05       		.byte	0x5
 639 04ed 0101     		.2byte	0x101
 640 04ef 04010000 		.4byte	0x104
 641 04f3 12       		.uleb128 0x12
 642 04f4 AA040000 		.4byte	.LASF83
 643 04f8 05       		.byte	0x5
 644 04f9 0801     		.2byte	0x108
 645 04fb 04010000 		.4byte	0x104
 646 04ff 12       		.uleb128 0x12
 647 0500 8F040000 		.4byte	.LASF84
 648 0504 05       		.byte	0x5
 649 0505 0F01     		.2byte	0x10f
 650 0507 D2020000 		.4byte	0x2d2
 651 050b 12       		.uleb128 0x12
 652 050c 4B040000 		.4byte	.LASF85
 653 0510 05       		.byte	0x5
 654 0511 1601     		.2byte	0x116
 655 0513 3C050000 		.4byte	0x53c
 656 0517 12       		.uleb128 0x12
 657 0518 4A020000 		.4byte	.LASF86
 658 051c 05       		.byte	0x5
 659 051d 1E01     		.2byte	0x11e
 660 051f 67050000 		.4byte	0x567
 661 0523 12       		.uleb128 0x12
 662 0524 15050000 		.4byte	.LASF87
 663 0528 05       		.byte	0x5
 664 0529 2701     		.2byte	0x127
 665 052b 9E050000 		.4byte	0x59e
 666 052f 12       		.uleb128 0x12
 667 0530 E8020000 		.4byte	.LASF88
 668 0534 05       		.byte	0x5
 669 0535 2F01     		.2byte	0x12f
 670 0537 0F010000 		.4byte	0x10f
 671 053b 00       		.byte	0
 672 053c 09       		.uleb128 0x9
 673 053d 04       		.byte	0x4
 674 053e 04020000 		.4byte	0x204
 675 0542 05       		.uleb128 0x5
 676 0543 51040000 		.4byte	.LASF89
 677 0547 0C       		.byte	0xc
 678 0548 09       		.byte	0x9
 679 0549 34       		.byte	0x34
 680 054a 67050000 		.4byte	0x567
 681 054e 06       		.uleb128 0x6
 682 054f BA030000 		.4byte	.LASF90
 683 0553 09       		.byte	0x9
 684 0554 35       		.byte	0x35
ARM GAS  /tmp/ccS6kgyk.s 			page 13


 685 0555 39020000 		.4byte	0x239
 686 0559 00       		.byte	0
 687 055a 06       		.uleb128 0x6
 688 055b D4020000 		.4byte	.LASF91
 689 055f 09       		.byte	0x9
 690 0560 37       		.byte	0x37
 691 0561 1A010000 		.4byte	0x11a
 692 0565 08       		.byte	0x8
 693 0566 00       		.byte	0
 694 0567 09       		.uleb128 0x9
 695 0568 04       		.byte	0x4
 696 0569 42050000 		.4byte	0x542
 697 056d 05       		.uleb128 0x5
 698 056e 18030000 		.4byte	.LASF92
 699 0572 10       		.byte	0x10
 700 0573 0A       		.byte	0xa
 701 0574 39       		.byte	0x39
 702 0575 9E050000 		.4byte	0x59e
 703 0579 06       		.uleb128 0x6
 704 057a 92020000 		.4byte	.LASF93
 705 057e 0A       		.byte	0xa
 706 057f 3A       		.byte	0x3a
 707 0580 39020000 		.4byte	0x239
 708 0584 00       		.byte	0
 709 0585 06       		.uleb128 0x6
 710 0586 F1040000 		.4byte	.LASF94
 711 058a 0A       		.byte	0xa
 712 058b 3C       		.byte	0x3c
 713 058c 0F020000 		.4byte	0x20f
 714 0590 08       		.byte	0x8
 715 0591 06       		.uleb128 0x6
 716 0592 8E000000 		.4byte	.LASF95
 717 0596 0A       		.byte	0xa
 718 0597 3E       		.byte	0x3e
 719 0598 E1050000 		.4byte	0x5e1
 720 059c 0C       		.byte	0xc
 721 059d 00       		.byte	0
 722 059e 09       		.uleb128 0x9
 723 059f 04       		.byte	0x4
 724 05a0 6D050000 		.4byte	0x56d
 725 05a4 09       		.uleb128 0x9
 726 05a5 04       		.byte	0x4
 727 05a6 D4020000 		.4byte	0x2d4
 728 05aa 13       		.uleb128 0x13
 729 05ab 25010000 		.4byte	0x125
 730 05af 13       		.uleb128 0x13
 731 05b0 B4050000 		.4byte	0x5b4
 732 05b4 09       		.uleb128 0x9
 733 05b5 04       		.byte	0x4
 734 05b6 BA050000 		.4byte	0x5ba
 735 05ba 14       		.uleb128 0x14
 736 05bb BF050000 		.4byte	0x5bf
 737 05bf 03       		.uleb128 0x3
 738 05c0 01       		.byte	0x1
 739 05c1 08       		.byte	0x8
 740 05c2 B5030000 		.4byte	.LASF96
 741 05c6 15       		.uleb128 0x15
ARM GAS  /tmp/ccS6kgyk.s 			page 14


 742 05c7 1A040000 		.4byte	0x41a
 743 05cb D6050000 		.4byte	0x5d6
 744 05cf 16       		.uleb128 0x16
 745 05d0 08040000 		.4byte	0x408
 746 05d4 19       		.byte	0x19
 747 05d5 00       		.byte	0
 748 05d6 04       		.uleb128 0x4
 749 05d7 CC020000 		.4byte	.LASF97
 750 05db 0A       		.byte	0xa
 751 05dc 34       		.byte	0x34
 752 05dd 6D050000 		.4byte	0x56d
 753 05e1 09       		.uleb128 0x9
 754 05e2 04       		.byte	0x4
 755 05e3 D6050000 		.4byte	0x5d6
 756 05e7 03       		.uleb128 0x3
 757 05e8 01       		.byte	0x1
 758 05e9 02       		.byte	0x2
 759 05ea F0030000 		.4byte	.LASF98
 760 05ee 17       		.uleb128 0x17
 761 05ef E4040000 		.4byte	.LASF99
 762 05f3 0B       		.byte	0xb
 763 05f4 5506     		.2byte	0x655
 764 05f6 FA050000 		.4byte	0x5fa
 765 05fa 13       		.uleb128 0x13
 766 05fb AC000000 		.4byte	0xac
 767 05ff 18       		.uleb128 0x18
 768 0600 636800   		.ascii	"ch\000"
 769 0603 05       		.byte	0x5
 770 0604 0902     		.2byte	0x209
 771 0606 A1030000 		.4byte	0x3a1
 772 060a 00       		.byte	0
 773              		.section	.debug_abbrev,"",%progbits
 774              	.Ldebug_abbrev0:
 775 0000 01       		.uleb128 0x1
 776 0001 11       		.uleb128 0x11
 777 0002 01       		.byte	0x1
 778 0003 25       		.uleb128 0x25
 779 0004 0E       		.uleb128 0xe
 780 0005 13       		.uleb128 0x13
 781 0006 0B       		.uleb128 0xb
 782 0007 03       		.uleb128 0x3
 783 0008 0E       		.uleb128 0xe
 784 0009 10       		.uleb128 0x10
 785 000a 17       		.uleb128 0x17
 786 000b 00       		.byte	0
 787 000c 00       		.byte	0
 788 000d 02       		.uleb128 0x2
 789 000e 24       		.uleb128 0x24
 790 000f 00       		.byte	0
 791 0010 0B       		.uleb128 0xb
 792 0011 0B       		.uleb128 0xb
 793 0012 3E       		.uleb128 0x3e
 794 0013 0B       		.uleb128 0xb
 795 0014 03       		.uleb128 0x3
 796 0015 08       		.uleb128 0x8
 797 0016 00       		.byte	0
 798 0017 00       		.byte	0
ARM GAS  /tmp/ccS6kgyk.s 			page 15


 799 0018 03       		.uleb128 0x3
 800 0019 24       		.uleb128 0x24
 801 001a 00       		.byte	0
 802 001b 0B       		.uleb128 0xb
 803 001c 0B       		.uleb128 0xb
 804 001d 3E       		.uleb128 0x3e
 805 001e 0B       		.uleb128 0xb
 806 001f 03       		.uleb128 0x3
 807 0020 0E       		.uleb128 0xe
 808 0021 00       		.byte	0
 809 0022 00       		.byte	0
 810 0023 04       		.uleb128 0x4
 811 0024 16       		.uleb128 0x16
 812 0025 00       		.byte	0
 813 0026 03       		.uleb128 0x3
 814 0027 0E       		.uleb128 0xe
 815 0028 3A       		.uleb128 0x3a
 816 0029 0B       		.uleb128 0xb
 817 002a 3B       		.uleb128 0x3b
 818 002b 0B       		.uleb128 0xb
 819 002c 49       		.uleb128 0x49
 820 002d 13       		.uleb128 0x13
 821 002e 00       		.byte	0
 822 002f 00       		.byte	0
 823 0030 05       		.uleb128 0x5
 824 0031 13       		.uleb128 0x13
 825 0032 01       		.byte	0x1
 826 0033 03       		.uleb128 0x3
 827 0034 0E       		.uleb128 0xe
 828 0035 0B       		.uleb128 0xb
 829 0036 0B       		.uleb128 0xb
 830 0037 3A       		.uleb128 0x3a
 831 0038 0B       		.uleb128 0xb
 832 0039 3B       		.uleb128 0x3b
 833 003a 0B       		.uleb128 0xb
 834 003b 01       		.uleb128 0x1
 835 003c 13       		.uleb128 0x13
 836 003d 00       		.byte	0
 837 003e 00       		.byte	0
 838 003f 06       		.uleb128 0x6
 839 0040 0D       		.uleb128 0xd
 840 0041 00       		.byte	0
 841 0042 03       		.uleb128 0x3
 842 0043 0E       		.uleb128 0xe
 843 0044 3A       		.uleb128 0x3a
 844 0045 0B       		.uleb128 0xb
 845 0046 3B       		.uleb128 0x3b
 846 0047 0B       		.uleb128 0xb
 847 0048 49       		.uleb128 0x49
 848 0049 13       		.uleb128 0x13
 849 004a 38       		.uleb128 0x38
 850 004b 0B       		.uleb128 0xb
 851 004c 00       		.byte	0
 852 004d 00       		.byte	0
 853 004e 07       		.uleb128 0x7
 854 004f 0D       		.uleb128 0xd
 855 0050 00       		.byte	0
ARM GAS  /tmp/ccS6kgyk.s 			page 16


 856 0051 03       		.uleb128 0x3
 857 0052 08       		.uleb128 0x8
 858 0053 3A       		.uleb128 0x3a
 859 0054 0B       		.uleb128 0xb
 860 0055 3B       		.uleb128 0x3b
 861 0056 05       		.uleb128 0x5
 862 0057 49       		.uleb128 0x49
 863 0058 13       		.uleb128 0x13
 864 0059 38       		.uleb128 0x38
 865 005a 0B       		.uleb128 0xb
 866 005b 00       		.byte	0
 867 005c 00       		.byte	0
 868 005d 08       		.uleb128 0x8
 869 005e 0D       		.uleb128 0xd
 870 005f 00       		.byte	0
 871 0060 03       		.uleb128 0x3
 872 0061 0E       		.uleb128 0xe
 873 0062 3A       		.uleb128 0x3a
 874 0063 0B       		.uleb128 0xb
 875 0064 3B       		.uleb128 0x3b
 876 0065 05       		.uleb128 0x5
 877 0066 49       		.uleb128 0x49
 878 0067 13       		.uleb128 0x13
 879 0068 38       		.uleb128 0x38
 880 0069 0B       		.uleb128 0xb
 881 006a 00       		.byte	0
 882 006b 00       		.byte	0
 883 006c 09       		.uleb128 0x9
 884 006d 0F       		.uleb128 0xf
 885 006e 00       		.byte	0
 886 006f 0B       		.uleb128 0xb
 887 0070 0B       		.uleb128 0xb
 888 0071 49       		.uleb128 0x49
 889 0072 13       		.uleb128 0x13
 890 0073 00       		.byte	0
 891 0074 00       		.byte	0
 892 0075 0A       		.uleb128 0xa
 893 0076 13       		.uleb128 0x13
 894 0077 01       		.byte	0x1
 895 0078 03       		.uleb128 0x3
 896 0079 0E       		.uleb128 0xe
 897 007a 0B       		.uleb128 0xb
 898 007b 0B       		.uleb128 0xb
 899 007c 3A       		.uleb128 0x3a
 900 007d 0B       		.uleb128 0xb
 901 007e 3B       		.uleb128 0x3b
 902 007f 05       		.uleb128 0x5
 903 0080 01       		.uleb128 0x1
 904 0081 13       		.uleb128 0x13
 905 0082 00       		.byte	0
 906 0083 00       		.byte	0
 907 0084 0B       		.uleb128 0xb
 908 0085 15       		.uleb128 0x15
 909 0086 01       		.byte	0x1
 910 0087 27       		.uleb128 0x27
 911 0088 19       		.uleb128 0x19
 912 0089 01       		.uleb128 0x1
ARM GAS  /tmp/ccS6kgyk.s 			page 17


 913 008a 13       		.uleb128 0x13
 914 008b 00       		.byte	0
 915 008c 00       		.byte	0
 916 008d 0C       		.uleb128 0xc
 917 008e 05       		.uleb128 0x5
 918 008f 00       		.byte	0
 919 0090 49       		.uleb128 0x49
 920 0091 13       		.uleb128 0x13
 921 0092 00       		.byte	0
 922 0093 00       		.byte	0
 923 0094 0D       		.uleb128 0xd
 924 0095 0F       		.uleb128 0xf
 925 0096 00       		.byte	0
 926 0097 0B       		.uleb128 0xb
 927 0098 0B       		.uleb128 0xb
 928 0099 00       		.byte	0
 929 009a 00       		.byte	0
 930 009b 0E       		.uleb128 0xe
 931 009c 13       		.uleb128 0x13
 932 009d 01       		.byte	0x1
 933 009e 03       		.uleb128 0x3
 934 009f 0E       		.uleb128 0xe
 935 00a0 0B       		.uleb128 0xb
 936 00a1 05       		.uleb128 0x5
 937 00a2 3A       		.uleb128 0x3a
 938 00a3 0B       		.uleb128 0xb
 939 00a4 3B       		.uleb128 0x3b
 940 00a5 05       		.uleb128 0x5
 941 00a6 01       		.uleb128 0x1
 942 00a7 13       		.uleb128 0x13
 943 00a8 00       		.byte	0
 944 00a9 00       		.byte	0
 945 00aa 0F       		.uleb128 0xf
 946 00ab 0D       		.uleb128 0xd
 947 00ac 00       		.byte	0
 948 00ad 03       		.uleb128 0x3
 949 00ae 08       		.uleb128 0x8
 950 00af 3A       		.uleb128 0x3a
 951 00b0 0B       		.uleb128 0xb
 952 00b1 3B       		.uleb128 0x3b
 953 00b2 0B       		.uleb128 0xb
 954 00b3 49       		.uleb128 0x49
 955 00b4 13       		.uleb128 0x13
 956 00b5 38       		.uleb128 0x38
 957 00b6 0B       		.uleb128 0xb
 958 00b7 00       		.byte	0
 959 00b8 00       		.byte	0
 960 00b9 10       		.uleb128 0x10
 961 00ba 13       		.uleb128 0x13
 962 00bb 01       		.byte	0x1
 963 00bc 0B       		.uleb128 0xb
 964 00bd 0B       		.uleb128 0xb
 965 00be 3A       		.uleb128 0x3a
 966 00bf 0B       		.uleb128 0xb
 967 00c0 3B       		.uleb128 0x3b
 968 00c1 0B       		.uleb128 0xb
 969 00c2 01       		.uleb128 0x1
ARM GAS  /tmp/ccS6kgyk.s 			page 18


 970 00c3 13       		.uleb128 0x13
 971 00c4 00       		.byte	0
 972 00c5 00       		.byte	0
 973 00c6 11       		.uleb128 0x11
 974 00c7 17       		.uleb128 0x17
 975 00c8 01       		.byte	0x1
 976 00c9 0B       		.uleb128 0xb
 977 00ca 0B       		.uleb128 0xb
 978 00cb 3A       		.uleb128 0x3a
 979 00cc 0B       		.uleb128 0xb
 980 00cd 3B       		.uleb128 0x3b
 981 00ce 0B       		.uleb128 0xb
 982 00cf 01       		.uleb128 0x1
 983 00d0 13       		.uleb128 0x13
 984 00d1 00       		.byte	0
 985 00d2 00       		.byte	0
 986 00d3 12       		.uleb128 0x12
 987 00d4 0D       		.uleb128 0xd
 988 00d5 00       		.byte	0
 989 00d6 03       		.uleb128 0x3
 990 00d7 0E       		.uleb128 0xe
 991 00d8 3A       		.uleb128 0x3a
 992 00d9 0B       		.uleb128 0xb
 993 00da 3B       		.uleb128 0x3b
 994 00db 05       		.uleb128 0x5
 995 00dc 49       		.uleb128 0x49
 996 00dd 13       		.uleb128 0x13
 997 00de 00       		.byte	0
 998 00df 00       		.byte	0
 999 00e0 13       		.uleb128 0x13
 1000 00e1 35       		.uleb128 0x35
 1001 00e2 00       		.byte	0
 1002 00e3 49       		.uleb128 0x49
 1003 00e4 13       		.uleb128 0x13
 1004 00e5 00       		.byte	0
 1005 00e6 00       		.byte	0
 1006 00e7 14       		.uleb128 0x14
 1007 00e8 26       		.uleb128 0x26
 1008 00e9 00       		.byte	0
 1009 00ea 49       		.uleb128 0x49
 1010 00eb 13       		.uleb128 0x13
 1011 00ec 00       		.byte	0
 1012 00ed 00       		.byte	0
 1013 00ee 15       		.uleb128 0x15
 1014 00ef 01       		.uleb128 0x1
 1015 00f0 01       		.byte	0x1
 1016 00f1 49       		.uleb128 0x49
 1017 00f2 13       		.uleb128 0x13
 1018 00f3 01       		.uleb128 0x1
 1019 00f4 13       		.uleb128 0x13
 1020 00f5 00       		.byte	0
 1021 00f6 00       		.byte	0
 1022 00f7 16       		.uleb128 0x16
 1023 00f8 21       		.uleb128 0x21
 1024 00f9 00       		.byte	0
 1025 00fa 49       		.uleb128 0x49
 1026 00fb 13       		.uleb128 0x13
ARM GAS  /tmp/ccS6kgyk.s 			page 19


 1027 00fc 2F       		.uleb128 0x2f
 1028 00fd 0B       		.uleb128 0xb
 1029 00fe 00       		.byte	0
 1030 00ff 00       		.byte	0
 1031 0100 17       		.uleb128 0x17
 1032 0101 34       		.uleb128 0x34
 1033 0102 00       		.byte	0
 1034 0103 03       		.uleb128 0x3
 1035 0104 0E       		.uleb128 0xe
 1036 0105 3A       		.uleb128 0x3a
 1037 0106 0B       		.uleb128 0xb
 1038 0107 3B       		.uleb128 0x3b
 1039 0108 05       		.uleb128 0x5
 1040 0109 49       		.uleb128 0x49
 1041 010a 13       		.uleb128 0x13
 1042 010b 3F       		.uleb128 0x3f
 1043 010c 19       		.uleb128 0x19
 1044 010d 3C       		.uleb128 0x3c
 1045 010e 19       		.uleb128 0x19
 1046 010f 00       		.byte	0
 1047 0110 00       		.byte	0
 1048 0111 18       		.uleb128 0x18
 1049 0112 34       		.uleb128 0x34
 1050 0113 00       		.byte	0
 1051 0114 03       		.uleb128 0x3
 1052 0115 08       		.uleb128 0x8
 1053 0116 3A       		.uleb128 0x3a
 1054 0117 0B       		.uleb128 0xb
 1055 0118 3B       		.uleb128 0x3b
 1056 0119 05       		.uleb128 0x5
 1057 011a 49       		.uleb128 0x49
 1058 011b 13       		.uleb128 0x13
 1059 011c 3F       		.uleb128 0x3f
 1060 011d 19       		.uleb128 0x19
 1061 011e 3C       		.uleb128 0x3c
 1062 011f 19       		.uleb128 0x19
 1063 0120 00       		.byte	0
 1064 0121 00       		.byte	0
 1065 0122 00       		.byte	0
 1066              		.section	.debug_aranges,"",%progbits
 1067 0000 14000000 		.4byte	0x14
 1068 0004 0200     		.2byte	0x2
 1069 0006 00000000 		.4byte	.Ldebug_info0
 1070 000a 04       		.byte	0x4
 1071 000b 00       		.byte	0
 1072 000c 0000     		.2byte	0
 1073 000e 0000     		.2byte	0
 1074 0010 00000000 		.4byte	0
 1075 0014 00000000 		.4byte	0
 1076              		.section	.debug_line,"",%progbits
 1077              	.Ldebug_line0:
 1078 0000 04020000 		.section	.debug_str,"MS",%progbits,1
 1078      0200FE01 
 1078      00000201 
 1078      FB0E0D00 
 1078      01010101 
 1079              	.LASF28:
ARM GAS  /tmp/ccS6kgyk.s 			page 20


 1080 0000 74687265 		.ascii	"thread_t\000"
 1080      61645F74 
 1080      00
 1081              	.LASF22:
 1082 0009 74726566 		.ascii	"trefs_t\000"
 1082      735F7400 
 1083              	.LASF67:
 1084 0011 63685F73 		.ascii	"ch_system_debug\000"
 1084      79737465 
 1084      6D5F6465 
 1084      62756700 
 1085              	.LASF101:
 1086 0021 2F686F6D 		.ascii	"/home/maciek/ChibiOS_16.1.5/community/os/hal/src/us"
 1086      652F6D61 
 1086      6369656B 
 1086      2F436869 
 1086      62694F53 
 1087 0054 62682F68 		.ascii	"bh/hal_usbh_debug.c\000"
 1087      616C5F75 
 1087      7362685F 
 1087      64656275 
 1087      672E6300 
 1088              	.LASF18:
 1089 0068 75696E74 		.ascii	"uint64_t\000"
 1089      36345F74 
 1089      00
 1090              	.LASF73:
 1091 0071 6D61696E 		.ascii	"mainthread\000"
 1091      74687265 
 1091      616400
 1092              	.LASF3:
 1093 007c 73686F72 		.ascii	"short int\000"
 1093      7420696E 
 1093      7400
 1094              	.LASF51:
 1095 0086 725F7175 		.ascii	"r_queue\000"
 1095      65756500 
 1096              	.LASF95:
 1097 008e 6D5F6E65 		.ascii	"m_next\000"
 1097      787400
 1098              	.LASF75:
 1099 0095 73697A65 		.ascii	"sizetype\000"
 1099      74797065 
 1099      00
 1100              	.LASF30:
 1101 009e 705F7072 		.ascii	"p_prev\000"
 1101      657600
 1102              	.LASF53:
 1103 00a5 725F6374 		.ascii	"r_ctx\000"
 1103      7800
 1104              	.LASF5:
 1105 00ab 5F5F7569 		.ascii	"__uint16_t\000"
 1105      6E743136 
 1105      5F7400
 1106              	.LASF25:
 1107 00b6 6576656E 		.ascii	"eventmask_t\000"
 1107      746D6173 
ARM GAS  /tmp/ccS6kgyk.s 			page 21


 1107      6B5F7400 
 1108              	.LASF37:
 1109 00c2 705F6D73 		.ascii	"p_msgqueue\000"
 1109      67717565 
 1109      756500
 1110              	.LASF31:
 1111 00cd 705F7072 		.ascii	"p_prio\000"
 1111      696F00
 1112              	.LASF29:
 1113 00d4 705F6E65 		.ascii	"p_next\000"
 1113      787400
 1114              	.LASF19:
 1115 00db 7274636E 		.ascii	"rtcnt_t\000"
 1115      745F7400 
 1116              	.LASF81:
 1117 00e3 746D5F63 		.ascii	"tm_calibration_t\000"
 1117      616C6962 
 1117      72617469 
 1117      6F6E5F74 
 1117      00
 1118              	.LASF62:
 1119 00f4 76745F70 		.ascii	"vt_par\000"
 1119      617200
 1120              	.LASF100:
 1121 00fb 474E5520 		.ascii	"GNU C 4.9.3 20150529 (release) [ARM/embedded-4_9-br"
 1121      4320342E 
 1121      392E3320 
 1121      32303135 
 1121      30353239 
 1122 012e 616E6368 		.ascii	"anch revision 224288] -mcpu=cortex-m3 -mno-thumb-in"
 1122      20726576 
 1122      6973696F 
 1122      6E203232 
 1122      34323838 
 1123 0161 74657277 		.ascii	"terwork -mthumb -ggdb -O2 -fomit-frame-pointer -fal"
 1123      6F726B20 
 1123      2D6D7468 
 1123      756D6220 
 1123      2D676764 
 1124 0194 69676E2D 		.ascii	"ign-functions=16 -ffunction-sections -fdata-section"
 1124      66756E63 
 1124      74696F6E 
 1124      733D3136 
 1124      202D6666 
 1125 01c7 73202D66 		.ascii	"s -fno-common\000"
 1125      6E6F2D63 
 1125      6F6D6D6F 
 1125      6E00
 1126              	.LASF61:
 1127 01d5 76745F66 		.ascii	"vt_func\000"
 1127      756E6300 
 1128              	.LASF76:
 1129 01dd 72656761 		.ascii	"regarm_t\000"
 1129      726D5F74 
 1129      00
 1130              	.LASF14:
 1131 01e6 75696E74 		.ascii	"uint8_t\000"
ARM GAS  /tmp/ccS6kgyk.s 			page 22


 1131      385F7400 
 1132              	.LASF48:
 1133 01ee 63685F74 		.ascii	"ch_threads_queue\000"
 1133      68726561 
 1133      64735F71 
 1133      75657565 
 1133      00
 1134              	.LASF65:
 1135 01ff 76745F73 		.ascii	"vt_systime\000"
 1135      79737469 
 1135      6D6500
 1136              	.LASF17:
 1137 020a 75696E74 		.ascii	"uint32_t\000"
 1137      33325F74 
 1137      00
 1138              	.LASF45:
 1139 0213 63685F74 		.ascii	"ch_thread\000"
 1139      68726561 
 1139      6400
 1140              	.LASF39:
 1141 021d 705F6570 		.ascii	"p_epending\000"
 1141      656E6469 
 1141      6E6700
 1142              	.LASF69:
 1143 0228 63685F73 		.ascii	"ch_system_t\000"
 1143      79737465 
 1143      6D5F7400 
 1144              	.LASF20:
 1145 0234 746D6F64 		.ascii	"tmode_t\000"
 1145      655F7400 
 1146              	.LASF11:
 1147 023c 6C6F6E67 		.ascii	"long long int\000"
 1147      206C6F6E 
 1147      6720696E 
 1147      7400
 1148              	.LASF86:
 1149 024a 77747365 		.ascii	"wtsemp\000"
 1149      6D7000
 1150              	.LASF23:
 1151 0251 74707269 		.ascii	"tprio_t\000"
 1151      6F5F7400 
 1152              	.LASF8:
 1153 0259 6C6F6E67 		.ascii	"long int\000"
 1153      20696E74 
 1153      00
 1154              	.LASF70:
 1155 0262 63685F73 		.ascii	"ch_system\000"
 1155      79737465 
 1155      6D00
 1156              	.LASF80:
 1157 026c 6F666673 		.ascii	"offset\000"
 1157      657400
 1158              	.LASF56:
 1159 0273 76697274 		.ascii	"virtual_timer_t\000"
 1159      75616C5F 
 1159      74696D65 
 1159      725F7400 
ARM GAS  /tmp/ccS6kgyk.s 			page 23


 1160              	.LASF66:
 1161 0283 73797374 		.ascii	"system_debug_t\000"
 1161      656D5F64 
 1161      65627567 
 1161      5F7400
 1162              	.LASF93:
 1163 0292 6D5F7175 		.ascii	"m_queue\000"
 1163      65756500 
 1164              	.LASF4:
 1165 029a 5F5F7569 		.ascii	"__uint8_t\000"
 1165      6E74385F 
 1165      7400
 1166              	.LASF78:
 1167 02a4 636F6E74 		.ascii	"context\000"
 1167      65787400 
 1168              	.LASF46:
 1169 02ac 63685F74 		.ascii	"ch_threads_list\000"
 1169      68726561 
 1169      64735F6C 
 1169      69737400 
 1170              	.LASF54:
 1171 02bc 725F6375 		.ascii	"r_current\000"
 1171      7272656E 
 1171      7400
 1172              	.LASF38:
 1173 02c6 705F6D73 		.ascii	"p_msg\000"
 1173      6700
 1174              	.LASF97:
 1175 02cc 6D757465 		.ascii	"mutex_t\000"
 1175      785F7400 
 1176              	.LASF91:
 1177 02d4 735F636E 		.ascii	"s_cnt\000"
 1177      7400
 1178              	.LASF2:
 1179 02da 756E7369 		.ascii	"unsigned char\000"
 1179      676E6564 
 1179      20636861 
 1179      7200
 1180              	.LASF88:
 1181 02e8 65776D61 		.ascii	"ewmask\000"
 1181      736B00
 1182              	.LASF1:
 1183 02ef 7369676E 		.ascii	"signed char\000"
 1183      65642063 
 1183      68617200 
 1184              	.LASF71:
 1185 02fb 726C6973 		.ascii	"rlist\000"
 1185      7400
 1186              	.LASF13:
 1187 0301 6C6F6E67 		.ascii	"long long unsigned int\000"
 1187      206C6F6E 
 1187      6720756E 
 1187      7369676E 
 1187      65642069 
 1188              	.LASF92:
 1189 0318 63685F6D 		.ascii	"ch_mutex\000"
 1189      75746578 
ARM GAS  /tmp/ccS6kgyk.s 			page 24


 1189      00
 1190              	.LASF0:
 1191 0321 756E7369 		.ascii	"unsigned int\000"
 1191      676E6564 
 1191      20696E74 
 1191      00
 1192              	.LASF64:
 1193 032e 63685F76 		.ascii	"ch_virtual_timers_list\000"
 1193      69727475 
 1193      616C5F74 
 1193      696D6572 
 1193      735F6C69 
 1194              	.LASF15:
 1195 0345 75696E74 		.ascii	"uint16_t\000"
 1195      31365F74 
 1195      00
 1196              	.LASF58:
 1197 034e 76745F6E 		.ascii	"vt_next\000"
 1197      65787400 
 1198              	.LASF63:
 1199 0356 76697274 		.ascii	"virtual_timers_list_t\000"
 1199      75616C5F 
 1199      74696D65 
 1199      72735F6C 
 1199      6973745F 
 1200              	.LASF47:
 1201 036c 74687265 		.ascii	"threads_queue_t\000"
 1201      6164735F 
 1201      71756575 
 1201      655F7400 
 1202              	.LASF6:
 1203 037c 73686F72 		.ascii	"short unsigned int\000"
 1203      7420756E 
 1203      7369676E 
 1203      65642069 
 1203      6E7400
 1204              	.LASF34:
 1205 038f 705F666C 		.ascii	"p_flags\000"
 1205      61677300 
 1206              	.LASF60:
 1207 0397 76745F64 		.ascii	"vt_delta\000"
 1207      656C7461 
 1207      00
 1208              	.LASF41:
 1209 03a0 705F7265 		.ascii	"p_realprio\000"
 1209      616C7072 
 1209      696F00
 1210              	.LASF27:
 1211 03ab 73797374 		.ascii	"systime_t\000"
 1211      696D655F 
 1211      7400
 1212              	.LASF96:
 1213 03b5 63686172 		.ascii	"char\000"
 1213      00
 1214              	.LASF90:
 1215 03ba 735F7175 		.ascii	"s_queue\000"
 1215      65756500 
ARM GAS  /tmp/ccS6kgyk.s 			page 25


 1216              	.LASF57:
 1217 03c2 63685F76 		.ascii	"ch_virtual_timer\000"
 1217      69727475 
 1217      616C5F74 
 1217      696D6572 
 1217      00
 1218              	.LASF16:
 1219 03d3 696E7433 		.ascii	"int32_t\000"
 1219      325F7400 
 1220              	.LASF52:
 1221 03db 725F7072 		.ascii	"r_prio\000"
 1221      696F00
 1222              	.LASF26:
 1223 03e2 636E745F 		.ascii	"cnt_t\000"
 1223      7400
 1224              	.LASF33:
 1225 03e8 705F7374 		.ascii	"p_state\000"
 1225      61746500 
 1226              	.LASF98:
 1227 03f0 5F426F6F 		.ascii	"_Bool\000"
 1227      6C00
 1228              	.LASF36:
 1229 03f6 705F7761 		.ascii	"p_waiting\000"
 1229      6974696E 
 1229      6700
 1230              	.LASF12:
 1231 0400 5F5F7569 		.ascii	"__uint64_t\000"
 1231      6E743634 
 1231      5F7400
 1232              	.LASF40:
 1233 040b 705F6D74 		.ascii	"p_mtxlist\000"
 1233      786C6973 
 1233      7400
 1234              	.LASF74:
 1235 0415 69646C65 		.ascii	"idle_thread_wa\000"
 1235      5F746872 
 1235      6561645F 
 1235      776100
 1236              	.LASF10:
 1237 0424 6C6F6E67 		.ascii	"long unsigned int\000"
 1237      20756E73 
 1237      69676E65 
 1237      6420696E 
 1237      7400
 1238              	.LASF68:
 1239 0436 70616E69 		.ascii	"panic_msg\000"
 1239      635F6D73 
 1239      6700
 1240              	.LASF9:
 1241 0440 5F5F7569 		.ascii	"__uint32_t\000"
 1241      6E743332 
 1241      5F7400
 1242              	.LASF85:
 1243 044b 77747472 		.ascii	"wttrp\000"
 1243      7000
 1244              	.LASF89:
 1245 0451 63685F73 		.ascii	"ch_semaphore\000"
ARM GAS  /tmp/ccS6kgyk.s 			page 26


 1245      656D6170 
 1245      686F7265 
 1245      00
 1246              	.LASF79:
 1247 045e 706F7274 		.ascii	"port_intctx\000"
 1247      5F696E74 
 1247      63747800 
 1248              	.LASF59:
 1249 046a 76745F70 		.ascii	"vt_prev\000"
 1249      72657600 
 1250              	.LASF7:
 1251 0472 5F5F696E 		.ascii	"__int32_t\000"
 1251      7433325F 
 1251      7400
 1252              	.LASF43:
 1253 047c 74687265 		.ascii	"thread_reference_t\000"
 1253      61645F72 
 1253      65666572 
 1253      656E6365 
 1253      5F7400
 1254              	.LASF84:
 1255 048f 77746F62 		.ascii	"wtobjp\000"
 1255      6A7000
 1256              	.LASF21:
 1257 0496 74737461 		.ascii	"tstate_t\000"
 1257      74655F74 
 1257      00
 1258              	.LASF77:
 1259 049f 73746B61 		.ascii	"stkalign_t\000"
 1259      6C69676E 
 1259      5F7400
 1260              	.LASF83:
 1261 04aa 65786974 		.ascii	"exitcode\000"
 1261      636F6465 
 1261      00
 1262              	.LASF55:
 1263 04b3 76746675 		.ascii	"vtfunc_t\000"
 1263      6E635F74 
 1263      00
 1264              	.LASF49:
 1265 04bc 72656164 		.ascii	"ready_list_t\000"
 1265      795F6C69 
 1265      73745F74 
 1265      00
 1266              	.LASF35:
 1267 04c9 705F7265 		.ascii	"p_refs\000"
 1267      667300
 1268              	.LASF50:
 1269 04d0 63685F72 		.ascii	"ch_ready_list\000"
 1269      65616479 
 1269      5F6C6973 
 1269      7400
 1270              	.LASF32:
 1271 04de 705F6374 		.ascii	"p_ctx\000"
 1271      7800
 1272              	.LASF99:
 1273 04e4 49544D5F 		.ascii	"ITM_RxBuffer\000"
ARM GAS  /tmp/ccS6kgyk.s 			page 27


 1273      52784275 
 1273      66666572 
 1273      00
 1274              	.LASF94:
 1275 04f1 6D5F6F77 		.ascii	"m_owner\000"
 1275      6E657200 
 1276              	.LASF42:
 1277 04f9 705F6D70 		.ascii	"p_mpool\000"
 1277      6F6F6C00 
 1278              	.LASF82:
 1279 0501 7264796D 		.ascii	"rdymsg\000"
 1279      736700
 1280              	.LASF72:
 1281 0508 76746C69 		.ascii	"vtlist\000"
 1281      737400
 1282              	.LASF24:
 1283 050f 6D73675F 		.ascii	"msg_t\000"
 1283      7400
 1284              	.LASF87:
 1285 0515 77746D74 		.ascii	"wtmtxp\000"
 1285      787000
 1286              	.LASF44:
 1287 051c 74687265 		.ascii	"threads_list_t\000"
 1287      6164735F 
 1287      6C697374 
 1287      5F7400
 1288              		.ident	"GCC: (GNU Tools for ARM Embedded Processors) 4.9.3 20150529 (release) [ARM/embedded-4_9-br
ARM GAS  /tmp/ccS6kgyk.s 			page 28


DEFINED SYMBOLS
                            *ABS*:00000000 hal_usbh_debug.c

NO UNDEFINED SYMBOLS
