ARM GAS  /tmp/cc1OJu7a.s 			page 1


   1              		.syntax unified
   2              		.cpu cortex-m3
   3              		.fpu softvfp
   4              		.eabi_attribute 20, 1
   5              		.eabi_attribute 21, 1
   6              		.eabi_attribute 23, 3
   7              		.eabi_attribute 24, 1
   8              		.eabi_attribute 25, 1
   9              		.eabi_attribute 26, 1
  10              		.eabi_attribute 30, 2
  11              		.eabi_attribute 34, 1
  12              		.eabi_attribute 18, 4
  13              		.thumb
  14              		.file	"pal.c"
  15              		.text
  16              	.Ltext0:
  17              		.cfi_sections	.debug_frame
  18              		.section	.text.palReadBus,"ax",%progbits
  19              		.align	2
  20              		.p2align 4,,15
  21              		.global	palReadBus
  22              		.thumb
  23              		.thumb_func
  24              		.type	palReadBus, %function
  25              	palReadBus:
  26              	.LFB207:
  27              		.file 1 "/home/maciek/ChibiOS_16.1.5/os/hal/src/pal.c"
  28              		.loc 1 65 0
  29              		.cfi_startproc
  30              		@ args = 0, pretend = 0, frame = 0
  31              		@ frame_needed = 0, uses_anonymous_args = 0
  32              		@ link register save eliminated.
  33              	.LVL0:
  34              		.loc 1 69 0
  35 0000 0368     		ldr	r3, [r0]
  36 0002 8168     		ldr	r1, [r0, #8]
  37 0004 9B68     		ldr	r3, [r3, #8]
  38 0006 4268     		ldr	r2, [r0, #4]
  39 0008 23FA01F0 		lsr	r0, r3, r1
  40              	.LVL1:
  41              		.loc 1 70 0
  42 000c 1040     		ands	r0, r0, r2
  43 000e 7047     		bx	lr
  44              		.cfi_endproc
  45              	.LFE207:
  46              		.size	palReadBus, .-palReadBus
  47              		.section	.text.palWriteBus,"ax",%progbits
  48              		.align	2
  49              		.p2align 4,,15
  50              		.global	palWriteBus
  51              		.thumb
  52              		.thumb_func
  53              		.type	palWriteBus, %function
  54              	palWriteBus:
  55              	.LFB208:
  56              		.loc 1 90 0
  57              		.cfi_startproc
ARM GAS  /tmp/cc1OJu7a.s 			page 2


  58              		@ args = 0, pretend = 0, frame = 0
  59              		@ frame_needed = 0, uses_anonymous_args = 0
  60              		@ link register save eliminated.
  61              	.LVL2:
  62 0000 30B4     		push	{r4, r5}
  63              		.cfi_def_cfa_offset 8
  64              		.cfi_offset 4, -8
  65              		.cfi_offset 5, -4
  66              		.loc 1 94 0
  67 0002 4368     		ldr	r3, [r0, #4]
  68 0004 8468     		ldr	r4, [r0, #8]
  69 0006 23EA0102 		bic	r2, r3, r1
  70 000a 04F11005 		add	r5, r4, #16
  71 000e 0B40     		ands	r3, r3, r1
  72 0010 03FA04F1 		lsl	r1, r3, r4
  73              	.LVL3:
  74 0014 02FA05F3 		lsl	r3, r2, r5
  75 0018 0268     		ldr	r2, [r0]
  76 001a 0B43     		orrs	r3, r3, r1
  77 001c 1361     		str	r3, [r2, #16]
  78              		.loc 1 95 0
  79 001e 30BC     		pop	{r4, r5}
  80              		.cfi_restore 5
  81              		.cfi_restore 4
  82              		.cfi_def_cfa_offset 0
  83 0020 7047     		bx	lr
  84              		.cfi_endproc
  85              	.LFE208:
  86              		.size	palWriteBus, .-palWriteBus
  87 0022 00BF     		.section	.text.palSetBusMode,"ax",%progbits
  88              		.align	2
  89              		.p2align 4,,15
  90              		.global	palSetBusMode
  91              		.thumb
  92              		.thumb_func
  93              		.type	palSetBusMode, %function
  94              	palSetBusMode:
  95              	.LFB209:
  96              		.loc 1 113 0
  97              		.cfi_startproc
  98              		@ args = 0, pretend = 0, frame = 0
  99              		@ frame_needed = 0, uses_anonymous_args = 0
 100              		@ link register save eliminated.
 101              	.LVL4:
 102              		.loc 1 117 0
 103 0000 8368     		ldr	r3, [r0, #8]
 104              		.loc 1 113 0
 105 0002 0A46     		mov	r2, r1
 106              		.loc 1 117 0
 107 0004 4168     		ldr	r1, [r0, #4]
 108              	.LVL5:
 109 0006 0068     		ldr	r0, [r0]
 110              	.LVL6:
 111 0008 9940     		lsls	r1, r1, r3
 112 000a FFF7FEBF 		b	_pal_lld_setgroupmode
 113              	.LVL7:
 114              		.cfi_endproc
ARM GAS  /tmp/cc1OJu7a.s 			page 3


 115              	.LFE209:
 116              		.size	palSetBusMode, .-palSetBusMode
 117 000e 00BF     		.text
 118              	.Letext0:
 119              		.file 2 "/opt/stm32/gcc/gcc-arm-none-eabi-4_9-2015q2/arm-none-eabi/include/machine/_default_types.
 120              		.file 3 "/opt/stm32/gcc/gcc-arm-none-eabi-4_9-2015q2/arm-none-eabi/include/sys/_stdint.h"
 121              		.file 4 "/opt/stm32/gcc/gcc-arm-none-eabi-4_9-2015q2/arm-none-eabi/include/stdint.h"
 122              		.file 5 "/home/maciek/ChibiOS_16.1.5/os/rt/ports/ARMCMx/compilers/GCC/chtypes.h"
 123              		.file 6 "/home/maciek/ChibiOS_16.1.5/os/rt/include/chsystypes.h"
 124              		.file 7 "/home/maciek/ChibiOS_16.1.5/os/rt/include/chschd.h"
 125              		.file 8 "/home/maciek/ChibiOS_16.1.5/os/ext/CMSIS/ST/STM32F1xx/stm32f103xe.h"
 126              		.file 9 "/home/maciek/ChibiOS_16.1.5/os/rt/ports/ARMCMx/chcore.h"
 127              		.file 10 "/home/maciek/ChibiOS_16.1.5/os/rt/ports/ARMCMx/chcore_v7m.h"
 128              		.file 11 "/home/maciek/ChibiOS_16.1.5/os/rt/include/chtm.h"
 129              		.file 12 "/home/maciek/ChibiOS_16.1.5/os/rt/include/chsem.h"
 130              		.file 13 "/home/maciek/ChibiOS_16.1.5/os/rt/include/chmtx.h"
 131              		.file 14 "/home/maciek/ChibiOS_16.1.5/os/hal/ports/STM32/LLD/GPIOv1/pal_lld.h"
 132              		.file 15 "/home/maciek/ChibiOS_16.1.5/os/hal/include/pal.h"
 133              		.file 16 "/home/maciek/ChibiOS_16.1.5/os/ext/CMSIS/include/core_cm3.h"
 134              		.section	.debug_info,"",%progbits
 135              	.Ldebug_info0:
 136 0000 07080000 		.4byte	0x807
 137 0004 0400     		.2byte	0x4
 138 0006 00000000 		.4byte	.Ldebug_abbrev0
 139 000a 04       		.byte	0x4
 140 000b 01       		.uleb128 0x1
 141 000c EA000000 		.4byte	.LASF115
 142 0010 01       		.byte	0x1
 143 0011 44020000 		.4byte	.LASF116
 144 0015 00000000 		.4byte	.Ldebug_ranges0+0
 145 0019 00000000 		.4byte	0
 146 001d 00000000 		.4byte	.Ldebug_line0
 147 0021 02       		.uleb128 0x2
 148 0022 04       		.byte	0x4
 149 0023 05       		.byte	0x5
 150 0024 696E7400 		.ascii	"int\000"
 151 0028 03       		.uleb128 0x3
 152 0029 04       		.byte	0x4
 153 002a 07       		.byte	0x7
 154 002b 28020000 		.4byte	.LASF0
 155 002f 03       		.uleb128 0x3
 156 0030 01       		.byte	0x1
 157 0031 06       		.byte	0x6
 158 0032 C9000000 		.4byte	.LASF1
 159 0036 04       		.uleb128 0x4
 160 0037 23000000 		.4byte	.LASF4
 161 003b 02       		.byte	0x2
 162 003c 1D       		.byte	0x1d
 163 003d 41000000 		.4byte	0x41
 164 0041 03       		.uleb128 0x3
 165 0042 01       		.byte	0x1
 166 0043 08       		.byte	0x8
 167 0044 CC030000 		.4byte	.LASF2
 168 0048 03       		.uleb128 0x3
 169 0049 02       		.byte	0x2
 170 004a 05       		.byte	0x5
 171 004b E4030000 		.4byte	.LASF3
ARM GAS  /tmp/cc1OJu7a.s 			page 4


 172 004f 04       		.uleb128 0x4
 173 0050 C3040000 		.4byte	.LASF5
 174 0054 02       		.byte	0x2
 175 0055 2B       		.byte	0x2b
 176 0056 5A000000 		.4byte	0x5a
 177 005a 03       		.uleb128 0x3
 178 005b 02       		.byte	0x2
 179 005c 07       		.byte	0x7
 180 005d 94020000 		.4byte	.LASF6
 181 0061 04       		.uleb128 0x4
 182 0062 E5020000 		.4byte	.LASF7
 183 0066 02       		.byte	0x2
 184 0067 3F       		.byte	0x3f
 185 0068 6C000000 		.4byte	0x6c
 186 006c 03       		.uleb128 0x3
 187 006d 04       		.byte	0x4
 188 006e 05       		.byte	0x5
 189 006f C9010000 		.4byte	.LASF8
 190 0073 04       		.uleb128 0x4
 191 0074 EC010000 		.4byte	.LASF9
 192 0078 02       		.byte	0x2
 193 0079 41       		.byte	0x41
 194 007a 7E000000 		.4byte	0x7e
 195 007e 03       		.uleb128 0x3
 196 007f 04       		.byte	0x4
 197 0080 07       		.byte	0x7
 198 0081 9C040000 		.4byte	.LASF10
 199 0085 03       		.uleb128 0x3
 200 0086 08       		.byte	0x8
 201 0087 05       		.byte	0x5
 202 0088 BB000000 		.4byte	.LASF11
 203 008c 04       		.uleb128 0x4
 204 008d 09030000 		.4byte	.LASF12
 205 0091 02       		.byte	0x2
 206 0092 5B       		.byte	0x5b
 207 0093 97000000 		.4byte	0x97
 208 0097 03       		.uleb128 0x3
 209 0098 08       		.byte	0x8
 210 0099 07       		.byte	0x7
 211 009a 55000000 		.4byte	.LASF13
 212 009e 04       		.uleb128 0x4
 213 009f 77050000 		.4byte	.LASF14
 214 00a3 03       		.byte	0x3
 215 00a4 14       		.byte	0x14
 216 00a5 36000000 		.4byte	0x36
 217 00a9 04       		.uleb128 0x4
 218 00aa DB010000 		.4byte	.LASF15
 219 00ae 03       		.byte	0x3
 220 00af 1A       		.byte	0x1a
 221 00b0 4F000000 		.4byte	0x4f
 222 00b4 04       		.uleb128 0x4
 223 00b5 C4030000 		.4byte	.LASF16
 224 00b9 03       		.byte	0x3
 225 00ba 1F       		.byte	0x1f
 226 00bb 61000000 		.4byte	0x61
 227 00bf 04       		.uleb128 0x4
 228 00c0 6B040000 		.4byte	.LASF17
ARM GAS  /tmp/cc1OJu7a.s 			page 5


 229 00c4 03       		.byte	0x3
 230 00c5 20       		.byte	0x20
 231 00c6 73000000 		.4byte	0x73
 232 00ca 04       		.uleb128 0x4
 233 00cb 1A000000 		.4byte	.LASF18
 234 00cf 03       		.byte	0x3
 235 00d0 26       		.byte	0x26
 236 00d1 8C000000 		.4byte	0x8c
 237 00d5 04       		.uleb128 0x4
 238 00d6 0B040000 		.4byte	.LASF19
 239 00da 04       		.byte	0x4
 240 00db 34       		.byte	0x34
 241 00dc 28000000 		.4byte	0x28
 242 00e0 04       		.uleb128 0x4
 243 00e1 36050000 		.4byte	.LASF20
 244 00e5 05       		.byte	0x5
 245 00e6 39       		.byte	0x39
 246 00e7 BF000000 		.4byte	0xbf
 247 00eb 04       		.uleb128 0x4
 248 00ec C3020000 		.4byte	.LASF21
 249 00f0 05       		.byte	0x5
 250 00f1 3C       		.byte	0x3c
 251 00f2 9E000000 		.4byte	0x9e
 252 00f6 04       		.uleb128 0x4
 253 00f7 D2010000 		.4byte	.LASF22
 254 00fb 05       		.byte	0x5
 255 00fc 3D       		.byte	0x3d
 256 00fd 9E000000 		.4byte	0x9e
 257 0101 04       		.uleb128 0x4
 258 0102 87030000 		.4byte	.LASF23
 259 0106 05       		.byte	0x5
 260 0107 3E       		.byte	0x3e
 261 0108 9E000000 		.4byte	0x9e
 262 010c 04       		.uleb128 0x4
 263 010d A6030000 		.4byte	.LASF24
 264 0111 05       		.byte	0x5
 265 0112 40       		.byte	0x40
 266 0113 BF000000 		.4byte	0xbf
 267 0117 04       		.uleb128 0x4
 268 0118 B1020000 		.4byte	.LASF25
 269 011c 05       		.byte	0x5
 270 011d 41       		.byte	0x41
 271 011e B4000000 		.4byte	0xb4
 272 0122 04       		.uleb128 0x4
 273 0123 D9020000 		.4byte	.LASF26
 274 0127 05       		.byte	0x5
 275 0128 43       		.byte	0x43
 276 0129 BF000000 		.4byte	0xbf
 277 012d 04       		.uleb128 0x4
 278 012e 22020000 		.4byte	.LASF27
 279 0132 05       		.byte	0x5
 280 0133 45       		.byte	0x45
 281 0134 B4000000 		.4byte	0xb4
 282 0138 04       		.uleb128 0x4
 283 0139 DE040000 		.4byte	.LASF28
 284 013d 06       		.byte	0x6
 285 013e 35       		.byte	0x35
ARM GAS  /tmp/cc1OJu7a.s 			page 6


 286 013f A9000000 		.4byte	0xa9
 287 0143 04       		.uleb128 0x4
 288 0144 CE040000 		.4byte	.LASF29
 289 0148 06       		.byte	0x6
 290 0149 3F       		.byte	0x3f
 291 014a 4E010000 		.4byte	0x14e
 292 014e 05       		.uleb128 0x5
 293 014f A7020000 		.4byte	.LASF46
 294 0153 38       		.byte	0x38
 295 0154 07       		.byte	0x7
 296 0155 C2       		.byte	0xc2
 297 0156 17020000 		.4byte	0x217
 298 015a 06       		.uleb128 0x6
 299 015b 04040000 		.4byte	.LASF30
 300 015f 07       		.byte	0x7
 301 0160 C3       		.byte	0xc3
 302 0161 22020000 		.4byte	0x222
 303 0165 00       		.byte	0
 304 0166 06       		.uleb128 0x6
 305 0167 9F030000 		.4byte	.LASF31
 306 016b 07       		.byte	0x7
 307 016c C5       		.byte	0xc5
 308 016d 22020000 		.4byte	0x222
 309 0171 04       		.byte	0x4
 310 0172 06       		.uleb128 0x6
 311 0173 B4000000 		.4byte	.LASF32
 312 0177 07       		.byte	0x7
 313 0178 C7       		.byte	0xc7
 314 0179 0C010000 		.4byte	0x10c
 315 017d 08       		.byte	0x8
 316 017e 06       		.uleb128 0x6
 317 017f A8050000 		.4byte	.LASF33
 318 0183 07       		.byte	0x7
 319 0184 C8       		.byte	0xc8
 320 0185 AE040000 		.4byte	0x4ae
 321 0189 0C       		.byte	0xc
 322 018a 06       		.uleb128 0x6
 323 018b EE030000 		.4byte	.LASF34
 324 018f 07       		.byte	0x7
 325 0190 DD       		.byte	0xdd
 326 0191 F6000000 		.4byte	0xf6
 327 0195 10       		.byte	0x10
 328 0196 06       		.uleb128 0x6
 329 0197 18040000 		.4byte	.LASF35
 330 019b 07       		.byte	0x7
 331 019c E1       		.byte	0xe1
 332 019d EB000000 		.4byte	0xeb
 333 01a1 11       		.byte	0x11
 334 01a2 06       		.uleb128 0x6
 335 01a3 6A050000 		.4byte	.LASF36
 336 01a7 07       		.byte	0x7
 337 01a8 E6       		.byte	0xe6
 338 01a9 01010000 		.4byte	0x101
 339 01ad 12       		.byte	0x12
 340 01ae 07       		.uleb128 0x7
 341 01af 705F7500 		.ascii	"p_u\000"
 342 01b3 07       		.byte	0x7
ARM GAS  /tmp/cc1OJu7a.s 			page 7


 343 01b4 3101     		.2byte	0x131
 344 01b6 68050000 		.4byte	0x568
 345 01ba 14       		.byte	0x14
 346 01bb 08       		.uleb128 0x8
 347 01bc 14030000 		.4byte	.LASF37
 348 01c0 07       		.byte	0x7
 349 01c1 3601     		.2byte	0x136
 350 01c3 28020000 		.4byte	0x228
 351 01c7 18       		.byte	0x18
 352 01c8 08       		.uleb128 0x8
 353 01c9 71020000 		.4byte	.LASF38
 354 01cd 07       		.byte	0x7
 355 01ce 3C01     		.2byte	0x13c
 356 01d0 4C020000 		.4byte	0x24c
 357 01d4 1C       		.byte	0x1c
 358 01d5 08       		.uleb128 0x8
 359 01d6 91050000 		.4byte	.LASF39
 360 01da 07       		.byte	0x7
 361 01db 4001     		.2byte	0x140
 362 01dd 17010000 		.4byte	0x117
 363 01e1 24       		.byte	0x24
 364 01e2 08       		.uleb128 0x8
 365 01e3 60040000 		.4byte	.LASF40
 366 01e7 07       		.byte	0x7
 367 01e8 4601     		.2byte	0x146
 368 01ea 22010000 		.4byte	0x122
 369 01ee 28       		.byte	0x28
 370 01ef 08       		.uleb128 0x8
 371 01f0 DA030000 		.4byte	.LASF41
 372 01f4 07       		.byte	0x7
 373 01f5 4D01     		.2byte	0x14d
 374 01f7 27060000 		.4byte	0x627
 375 01fb 2C       		.byte	0x2c
 376 01fc 08       		.uleb128 0x8
 377 01fd E8040000 		.4byte	.LASF42
 378 0201 07       		.byte	0x7
 379 0202 5101     		.2byte	0x151
 380 0204 0C010000 		.4byte	0x10c
 381 0208 30       		.byte	0x30
 382 0209 08       		.uleb128 0x8
 383 020a DA000000 		.4byte	.LASF43
 384 020e 07       		.byte	0x7
 385 020f 5801     		.2byte	0x158
 386 0211 E5020000 		.4byte	0x2e5
 387 0215 34       		.byte	0x34
 388 0216 00       		.byte	0
 389 0217 04       		.uleb128 0x4
 390 0218 27030000 		.4byte	.LASF44
 391 021c 06       		.byte	0x6
 392 021d 44       		.byte	0x44
 393 021e 22020000 		.4byte	0x222
 394 0222 09       		.uleb128 0x9
 395 0223 04       		.byte	0x4
 396 0224 43010000 		.4byte	0x143
 397 0228 04       		.uleb128 0x4
 398 0229 FA020000 		.4byte	.LASF45
 399 022d 06       		.byte	0x6
ARM GAS  /tmp/cc1OJu7a.s 			page 8


 400 022e 49       		.byte	0x49
 401 022f 33020000 		.4byte	0x233
 402 0233 05       		.uleb128 0x5
 403 0234 8C040000 		.4byte	.LASF47
 404 0238 04       		.byte	0x4
 405 0239 07       		.byte	0x7
 406 023a B0       		.byte	0xb0
 407 023b 4C020000 		.4byte	0x24c
 408 023f 06       		.uleb128 0x6
 409 0240 04040000 		.4byte	.LASF30
 410 0244 07       		.byte	0x7
 411 0245 B1       		.byte	0xb1
 412 0246 22020000 		.4byte	0x222
 413 024a 00       		.byte	0
 414 024b 00       		.byte	0
 415 024c 04       		.uleb128 0x4
 416 024d 51050000 		.4byte	.LASF48
 417 0251 06       		.byte	0x6
 418 0252 50       		.byte	0x50
 419 0253 57020000 		.4byte	0x257
 420 0257 05       		.uleb128 0x5
 421 0258 A3000000 		.4byte	.LASF49
 422 025c 08       		.byte	0x8
 423 025d 07       		.byte	0x7
 424 025e B7       		.byte	0xb7
 425 025f 7C020000 		.4byte	0x27c
 426 0263 06       		.uleb128 0x6
 427 0264 04040000 		.4byte	.LASF30
 428 0268 07       		.byte	0x7
 429 0269 B8       		.byte	0xb8
 430 026a 22020000 		.4byte	0x222
 431 026e 00       		.byte	0
 432 026f 06       		.uleb128 0x6
 433 0270 9F030000 		.4byte	.LASF31
 434 0274 07       		.byte	0x7
 435 0275 B9       		.byte	0xb9
 436 0276 22020000 		.4byte	0x222
 437 027a 04       		.byte	0x4
 438 027b 00       		.byte	0
 439 027c 04       		.uleb128 0x4
 440 027d 00000000 		.4byte	.LASF50
 441 0281 06       		.byte	0x6
 442 0282 57       		.byte	0x57
 443 0283 87020000 		.4byte	0x287
 444 0287 0A       		.uleb128 0xa
 445 0288 CB020000 		.4byte	.LASF51
 446 028c 14       		.byte	0x14
 447 028d 07       		.byte	0x7
 448 028e 9001     		.2byte	0x190
 449 0290 C9020000 		.4byte	0x2c9
 450 0294 08       		.uleb128 0x8
 451 0295 7B040000 		.4byte	.LASF52
 452 0299 07       		.byte	0x7
 453 029a 9101     		.2byte	0x191
 454 029c 4C020000 		.4byte	0x24c
 455 02a0 00       		.byte	0
 456 02a1 08       		.uleb128 0x8
ARM GAS  /tmp/cc1OJu7a.s 			page 9


 457 02a2 F6030000 		.4byte	.LASF53
 458 02a6 07       		.byte	0x7
 459 02a7 9201     		.2byte	0x192
 460 02a9 0C010000 		.4byte	0x10c
 461 02ad 08       		.byte	0x8
 462 02ae 08       		.uleb128 0x8
 463 02af 51030000 		.4byte	.LASF54
 464 02b3 07       		.byte	0x7
 465 02b4 9401     		.2byte	0x194
 466 02b6 AE040000 		.4byte	0x4ae
 467 02ba 0C       		.byte	0xc
 468 02bb 08       		.uleb128 0x8
 469 02bc 68030000 		.4byte	.LASF55
 470 02c0 07       		.byte	0x7
 471 02c1 9B01     		.2byte	0x19b
 472 02c3 22020000 		.4byte	0x222
 473 02c7 10       		.byte	0x10
 474 02c8 00       		.byte	0
 475 02c9 04       		.uleb128 0x4
 476 02ca F3040000 		.4byte	.LASF56
 477 02ce 06       		.byte	0x6
 478 02cf 5C       		.byte	0x5c
 479 02d0 D4020000 		.4byte	0x2d4
 480 02d4 09       		.uleb128 0x9
 481 02d5 04       		.byte	0x4
 482 02d6 DA020000 		.4byte	0x2da
 483 02da 0B       		.uleb128 0xb
 484 02db E5020000 		.4byte	0x2e5
 485 02df 0C       		.uleb128 0xc
 486 02e0 E5020000 		.4byte	0x2e5
 487 02e4 00       		.byte	0
 488 02e5 0D       		.uleb128 0xd
 489 02e6 04       		.byte	0x4
 490 02e7 04       		.uleb128 0x4
 491 02e8 8F030000 		.4byte	.LASF57
 492 02ec 06       		.byte	0x6
 493 02ed 61       		.byte	0x61
 494 02ee F2020000 		.4byte	0x2f2
 495 02f2 0A       		.uleb128 0xa
 496 02f3 42040000 		.4byte	.LASF58
 497 02f7 14       		.byte	0x14
 498 02f8 07       		.byte	0x7
 499 02f9 6B01     		.2byte	0x16b
 500 02fb 41030000 		.4byte	0x341
 501 02ff 08       		.uleb128 0x8
 502 0300 35020000 		.4byte	.LASF59
 503 0304 07       		.byte	0x7
 504 0305 6C01     		.2byte	0x16c
 505 0307 2D060000 		.4byte	0x62d
 506 030b 00       		.byte	0
 507 030c 08       		.uleb128 0x8
 508 030d 05020000 		.4byte	.LASF60
 509 0311 07       		.byte	0x7
 510 0312 6D01     		.2byte	0x16d
 511 0314 2D060000 		.4byte	0x62d
 512 0318 04       		.byte	0x4
 513 0319 08       		.uleb128 0x8
ARM GAS  /tmp/cc1OJu7a.s 			page 10


 514 031a 83040000 		.4byte	.LASF61
 515 031e 07       		.byte	0x7
 516 031f 6E01     		.2byte	0x16e
 517 0321 38010000 		.4byte	0x138
 518 0325 08       		.byte	0x8
 519 0326 08       		.uleb128 0x8
 520 0327 AE050000 		.4byte	.LASF62
 521 032b 07       		.byte	0x7
 522 032c 6F01     		.2byte	0x16f
 523 032e C9020000 		.4byte	0x2c9
 524 0332 0C       		.byte	0xc
 525 0333 08       		.uleb128 0x8
 526 0334 3E050000 		.4byte	.LASF63
 527 0338 07       		.byte	0x7
 528 0339 7101     		.2byte	0x171
 529 033b E5020000 		.4byte	0x2e5
 530 033f 10       		.byte	0x10
 531 0340 00       		.byte	0
 532 0341 04       		.uleb128 0x4
 533 0342 80000000 		.4byte	.LASF64
 534 0346 06       		.byte	0x6
 535 0347 66       		.byte	0x66
 536 0348 4C030000 		.4byte	0x34c
 537 034c 0A       		.uleb128 0xa
 538 034d 3A030000 		.4byte	.LASF65
 539 0351 0C       		.byte	0xc
 540 0352 07       		.byte	0x7
 541 0353 7B01     		.2byte	0x17b
 542 0355 8E030000 		.4byte	0x38e
 543 0359 08       		.uleb128 0x8
 544 035a 35020000 		.4byte	.LASF59
 545 035e 07       		.byte	0x7
 546 035f 7C01     		.2byte	0x17c
 547 0361 2D060000 		.4byte	0x62d
 548 0365 00       		.byte	0
 549 0366 08       		.uleb128 0x8
 550 0367 05020000 		.4byte	.LASF60
 551 036b 07       		.byte	0x7
 552 036c 7E01     		.2byte	0x17e
 553 036e 2D060000 		.4byte	0x62d
 554 0372 04       		.byte	0x4
 555 0373 08       		.uleb128 0x8
 556 0374 83040000 		.4byte	.LASF61
 557 0378 07       		.byte	0x7
 558 0379 8001     		.2byte	0x180
 559 037b 38010000 		.4byte	0x138
 560 037f 08       		.byte	0x8
 561 0380 08       		.uleb128 0x8
 562 0381 86050000 		.4byte	.LASF66
 563 0385 07       		.byte	0x7
 564 0386 8201     		.2byte	0x182
 565 0388 33060000 		.4byte	0x633
 566 038c 0A       		.byte	0xa
 567 038d 00       		.byte	0
 568 038e 04       		.uleb128 0x4
 569 038f 39000000 		.4byte	.LASF67
 570 0393 06       		.byte	0x6
ARM GAS  /tmp/cc1OJu7a.s 			page 11


 571 0394 6B       		.byte	0x6b
 572 0395 99030000 		.4byte	0x399
 573 0399 0A       		.uleb128 0xa
 574 039a AE030000 		.4byte	.LASF68
 575 039e 04       		.byte	0x4
 576 039f 07       		.byte	0x7
 577 03a0 A201     		.2byte	0x1a2
 578 03a2 B4030000 		.4byte	0x3b4
 579 03a6 08       		.uleb128 0x8
 580 03a7 FC040000 		.4byte	.LASF69
 581 03ab 07       		.byte	0x7
 582 03ac AA01     		.2byte	0x1aa
 583 03ae 38060000 		.4byte	0x638
 584 03b2 00       		.byte	0
 585 03b3 00       		.byte	0
 586 03b4 04       		.uleb128 0x4
 587 03b5 B7020000 		.4byte	.LASF70
 588 03b9 06       		.byte	0x6
 589 03ba 70       		.byte	0x70
 590 03bb BF030000 		.4byte	0x3bf
 591 03bf 0E       		.uleb128 0xe
 592 03c0 38040000 		.4byte	.LASF71
 593 03c4 3001     		.2byte	0x130
 594 03c6 07       		.byte	0x7
 595 03c7 C201     		.2byte	0x1c2
 596 03c9 1B040000 		.4byte	0x41b
 597 03cd 08       		.uleb128 0x8
 598 03ce 71050000 		.4byte	.LASF72
 599 03d2 07       		.byte	0x7
 600 03d3 C601     		.2byte	0x1c6
 601 03d5 7C020000 		.4byte	0x27c
 602 03d9 00       		.byte	0
 603 03da 08       		.uleb128 0x8
 604 03db 0D020000 		.4byte	.LASF73
 605 03df 07       		.byte	0x7
 606 03e0 CA01     		.2byte	0x1ca
 607 03e2 41030000 		.4byte	0x341
 608 03e6 14       		.byte	0x14
 609 03e7 07       		.uleb128 0x7
 610 03e8 64626700 		.ascii	"dbg\000"
 611 03ec 07       		.byte	0x7
 612 03ed CE01     		.2byte	0x1ce
 613 03ef 8E030000 		.4byte	0x38e
 614 03f3 20       		.byte	0x20
 615 03f4 08       		.uleb128 0x8
 616 03f5 75000000 		.4byte	.LASF74
 617 03f9 07       		.byte	0x7
 618 03fa D201     		.2byte	0x1d2
 619 03fc 43010000 		.4byte	0x143
 620 0400 24       		.byte	0x24
 621 0401 07       		.uleb128 0x7
 622 0402 746D00   		.ascii	"tm\000"
 623 0405 07       		.byte	0x7
 624 0406 D701     		.2byte	0x1d7
 625 0408 5D050000 		.4byte	0x55d
 626 040c 5C       		.byte	0x5c
 627 040d 08       		.uleb128 0x8
ARM GAS  /tmp/cc1OJu7a.s 			page 12


 628 040e 29040000 		.4byte	.LASF75
 629 0412 07       		.byte	0x7
 630 0413 E301     		.2byte	0x1e3
 631 0415 4F060000 		.4byte	0x64f
 632 0419 60       		.byte	0x60
 633 041a 00       		.byte	0
 634 041b 03       		.uleb128 0x3
 635 041c 04       		.byte	0x4
 636 041d 07       		.byte	0x7
 637 041e 1E030000 		.4byte	.LASF76
 638 0422 0F       		.uleb128 0xf
 639 0423 BF000000 		.4byte	0xbf
 640 0427 10       		.uleb128 0x10
 641 0428 1C       		.byte	0x1c
 642 0429 08       		.byte	0x8
 643 042a EA01     		.2byte	0x1ea
 644 042c 8C040000 		.4byte	0x48c
 645 0430 07       		.uleb128 0x7
 646 0431 43524C00 		.ascii	"CRL\000"
 647 0435 08       		.byte	0x8
 648 0436 EC01     		.2byte	0x1ec
 649 0438 22040000 		.4byte	0x422
 650 043c 00       		.byte	0
 651 043d 07       		.uleb128 0x7
 652 043e 43524800 		.ascii	"CRH\000"
 653 0442 08       		.byte	0x8
 654 0443 ED01     		.2byte	0x1ed
 655 0445 22040000 		.4byte	0x422
 656 0449 04       		.byte	0x4
 657 044a 07       		.uleb128 0x7
 658 044b 49445200 		.ascii	"IDR\000"
 659 044f 08       		.byte	0x8
 660 0450 EE01     		.2byte	0x1ee
 661 0452 22040000 		.4byte	0x422
 662 0456 08       		.byte	0x8
 663 0457 07       		.uleb128 0x7
 664 0458 4F445200 		.ascii	"ODR\000"
 665 045c 08       		.byte	0x8
 666 045d EF01     		.2byte	0x1ef
 667 045f 22040000 		.4byte	0x422
 668 0463 0C       		.byte	0xc
 669 0464 08       		.uleb128 0x8
 670 0465 D5000000 		.4byte	.LASF77
 671 0469 08       		.byte	0x8
 672 046a F001     		.2byte	0x1f0
 673 046c 22040000 		.4byte	0x422
 674 0470 10       		.byte	0x10
 675 0471 07       		.uleb128 0x7
 676 0472 42525200 		.ascii	"BRR\000"
 677 0476 08       		.byte	0x8
 678 0477 F101     		.2byte	0x1f1
 679 0479 22040000 		.4byte	0x422
 680 047d 14       		.byte	0x14
 681 047e 08       		.uleb128 0x8
 682 047f 89020000 		.4byte	.LASF78
 683 0483 08       		.byte	0x8
 684 0484 F201     		.2byte	0x1f2
ARM GAS  /tmp/cc1OJu7a.s 			page 13


 685 0486 22040000 		.4byte	0x422
 686 048a 18       		.byte	0x18
 687 048b 00       		.byte	0
 688 048c 11       		.uleb128 0x11
 689 048d 7C020000 		.4byte	.LASF79
 690 0491 08       		.byte	0x8
 691 0492 F301     		.2byte	0x1f3
 692 0494 27040000 		.4byte	0x427
 693 0498 04       		.uleb128 0x4
 694 0499 FC010000 		.4byte	.LASF80
 695 049d 09       		.byte	0x9
 696 049e 65       		.byte	0x65
 697 049f E5020000 		.4byte	0x2e5
 698 04a3 04       		.uleb128 0x4
 699 04a4 EF020000 		.4byte	.LASF81
 700 04a8 09       		.byte	0x9
 701 04a9 6D       		.byte	0x6d
 702 04aa CA000000 		.4byte	0xca
 703 04ae 05       		.uleb128 0x5
 704 04af 18050000 		.4byte	.LASF82
 705 04b3 04       		.byte	0x4
 706 04b4 09       		.byte	0x9
 707 04b5 89       		.byte	0x89
 708 04b6 C7040000 		.4byte	0x4c7
 709 04ba 12       		.uleb128 0x12
 710 04bb 72313300 		.ascii	"r13\000"
 711 04bf 09       		.byte	0x9
 712 04c0 8A       		.byte	0x8a
 713 04c1 42050000 		.4byte	0x542
 714 04c5 00       		.byte	0
 715 04c6 00       		.byte	0
 716 04c7 05       		.uleb128 0x5
 717 04c8 2D000000 		.4byte	.LASF83
 718 04cc 24       		.byte	0x24
 719 04cd 0A       		.byte	0xa
 720 04ce FD       		.byte	0xfd
 721 04cf 42050000 		.4byte	0x542
 722 04d3 07       		.uleb128 0x7
 723 04d4 723400   		.ascii	"r4\000"
 724 04d7 0A       		.byte	0xa
 725 04d8 1001     		.2byte	0x110
 726 04da 98040000 		.4byte	0x498
 727 04de 00       		.byte	0
 728 04df 07       		.uleb128 0x7
 729 04e0 723500   		.ascii	"r5\000"
 730 04e3 0A       		.byte	0xa
 731 04e4 1101     		.2byte	0x111
 732 04e6 98040000 		.4byte	0x498
 733 04ea 04       		.byte	0x4
 734 04eb 07       		.uleb128 0x7
 735 04ec 723600   		.ascii	"r6\000"
 736 04ef 0A       		.byte	0xa
 737 04f0 1201     		.2byte	0x112
 738 04f2 98040000 		.4byte	0x498
 739 04f6 08       		.byte	0x8
 740 04f7 07       		.uleb128 0x7
 741 04f8 723700   		.ascii	"r7\000"
ARM GAS  /tmp/cc1OJu7a.s 			page 14


 742 04fb 0A       		.byte	0xa
 743 04fc 1301     		.2byte	0x113
 744 04fe 98040000 		.4byte	0x498
 745 0502 0C       		.byte	0xc
 746 0503 07       		.uleb128 0x7
 747 0504 723800   		.ascii	"r8\000"
 748 0507 0A       		.byte	0xa
 749 0508 1401     		.2byte	0x114
 750 050a 98040000 		.4byte	0x498
 751 050e 10       		.byte	0x10
 752 050f 07       		.uleb128 0x7
 753 0510 723900   		.ascii	"r9\000"
 754 0513 0A       		.byte	0xa
 755 0514 1501     		.2byte	0x115
 756 0516 98040000 		.4byte	0x498
 757 051a 14       		.byte	0x14
 758 051b 07       		.uleb128 0x7
 759 051c 72313000 		.ascii	"r10\000"
 760 0520 0A       		.byte	0xa
 761 0521 1601     		.2byte	0x116
 762 0523 98040000 		.4byte	0x498
 763 0527 18       		.byte	0x18
 764 0528 07       		.uleb128 0x7
 765 0529 72313100 		.ascii	"r11\000"
 766 052d 0A       		.byte	0xa
 767 052e 1701     		.2byte	0x117
 768 0530 98040000 		.4byte	0x498
 769 0534 1C       		.byte	0x1c
 770 0535 07       		.uleb128 0x7
 771 0536 6C7200   		.ascii	"lr\000"
 772 0539 0A       		.byte	0xa
 773 053a 1801     		.2byte	0x118
 774 053c 98040000 		.4byte	0x498
 775 0540 20       		.byte	0x20
 776 0541 00       		.byte	0
 777 0542 09       		.uleb128 0x9
 778 0543 04       		.byte	0x4
 779 0544 C7040000 		.4byte	0x4c7
 780 0548 13       		.uleb128 0x13
 781 0549 04       		.byte	0x4
 782 054a 0B       		.byte	0xb
 783 054b 38       		.byte	0x38
 784 054c 5D050000 		.4byte	0x55d
 785 0550 06       		.uleb128 0x6
 786 0551 06050000 		.4byte	.LASF84
 787 0555 0B       		.byte	0xb
 788 0556 3C       		.byte	0x3c
 789 0557 E0000000 		.4byte	0xe0
 790 055b 00       		.byte	0
 791 055c 00       		.byte	0
 792 055d 04       		.uleb128 0x4
 793 055e 57030000 		.4byte	.LASF85
 794 0562 0B       		.byte	0xb
 795 0563 3D       		.byte	0x3d
 796 0564 48050000 		.4byte	0x548
 797 0568 14       		.uleb128 0x14
 798 0569 04       		.byte	0x4
ARM GAS  /tmp/cc1OJu7a.s 			page 15


 799 056a 07       		.byte	0x7
 800 056b FA       		.byte	0xfa
 801 056c C5050000 		.4byte	0x5c5
 802 0570 15       		.uleb128 0x15
 803 0571 13000000 		.4byte	.LASF86
 804 0575 07       		.byte	0x7
 805 0576 0101     		.2byte	0x101
 806 0578 17010000 		.4byte	0x117
 807 057c 15       		.uleb128 0x15
 808 057d 6C000000 		.4byte	.LASF87
 809 0581 07       		.byte	0x7
 810 0582 0801     		.2byte	0x108
 811 0584 17010000 		.4byte	0x117
 812 0588 15       		.uleb128 0x15
 813 0589 7F050000 		.4byte	.LASF88
 814 058d 07       		.byte	0x7
 815 058e 0F01     		.2byte	0x10f
 816 0590 E5020000 		.4byte	0x2e5
 817 0594 15       		.uleb128 0x15
 818 0595 0D000000 		.4byte	.LASF89
 819 0599 07       		.byte	0x7
 820 059a 1601     		.2byte	0x116
 821 059c C5050000 		.4byte	0x5c5
 822 05a0 15       		.uleb128 0x15
 823 05a1 3D020000 		.4byte	.LASF90
 824 05a5 07       		.byte	0x7
 825 05a6 1E01     		.2byte	0x11e
 826 05a8 F0050000 		.4byte	0x5f0
 827 05ac 15       		.uleb128 0x15
 828 05ad 74040000 		.4byte	.LASF91
 829 05b1 07       		.byte	0x7
 830 05b2 2701     		.2byte	0x127
 831 05b4 27060000 		.4byte	0x627
 832 05b8 15       		.uleb128 0x15
 833 05b9 FD030000 		.4byte	.LASF92
 834 05bd 07       		.byte	0x7
 835 05be 2F01     		.2byte	0x12f
 836 05c0 22010000 		.4byte	0x122
 837 05c4 00       		.byte	0
 838 05c5 09       		.uleb128 0x9
 839 05c6 04       		.byte	0x4
 840 05c7 17020000 		.4byte	0x217
 841 05cb 05       		.uleb128 0x5
 842 05cc 53040000 		.4byte	.LASF93
 843 05d0 0C       		.byte	0xc
 844 05d1 0C       		.byte	0xc
 845 05d2 34       		.byte	0x34
 846 05d3 F0050000 		.4byte	0x5f0
 847 05d7 06       		.uleb128 0x6
 848 05d8 E4010000 		.4byte	.LASF94
 849 05dc 0C       		.byte	0xc
 850 05dd 35       		.byte	0x35
 851 05de 4C020000 		.4byte	0x24c
 852 05e2 00       		.byte	0
 853 05e3 06       		.uleb128 0x6
 854 05e4 8E020000 		.4byte	.LASF95
 855 05e8 0C       		.byte	0xc
ARM GAS  /tmp/cc1OJu7a.s 			page 16


 856 05e9 37       		.byte	0x37
 857 05ea 2D010000 		.4byte	0x12d
 858 05ee 08       		.byte	0x8
 859 05ef 00       		.byte	0
 860 05f0 09       		.uleb128 0x9
 861 05f1 04       		.byte	0x4
 862 05f2 CB050000 		.4byte	0x5cb
 863 05f6 05       		.uleb128 0x5
 864 05f7 61050000 		.4byte	.LASF96
 865 05fb 10       		.byte	0x10
 866 05fc 0D       		.byte	0xd
 867 05fd 39       		.byte	0x39
 868 05fe 27060000 		.4byte	0x627
 869 0602 06       		.uleb128 0x6
 870 0603 E2000000 		.4byte	.LASF97
 871 0607 0D       		.byte	0xd
 872 0608 3A       		.byte	0x3a
 873 0609 4C020000 		.4byte	0x24c
 874 060d 00       		.byte	0
 875 060e 06       		.uleb128 0x6
 876 060f A0050000 		.4byte	.LASF98
 877 0613 0D       		.byte	0xd
 878 0614 3C       		.byte	0x3c
 879 0615 22020000 		.4byte	0x222
 880 0619 08       		.byte	0x8
 881 061a 06       		.uleb128 0x6
 882 061b D7040000 		.4byte	.LASF99
 883 061f 0D       		.byte	0xd
 884 0620 3E       		.byte	0x3e
 885 0621 6A060000 		.4byte	0x66a
 886 0625 0C       		.byte	0xc
 887 0626 00       		.byte	0
 888 0627 09       		.uleb128 0x9
 889 0628 04       		.byte	0x4
 890 0629 F6050000 		.4byte	0x5f6
 891 062d 09       		.uleb128 0x9
 892 062e 04       		.byte	0x4
 893 062f E7020000 		.4byte	0x2e7
 894 0633 0F       		.uleb128 0xf
 895 0634 38010000 		.4byte	0x138
 896 0638 0F       		.uleb128 0xf
 897 0639 3D060000 		.4byte	0x63d
 898 063d 09       		.uleb128 0x9
 899 063e 04       		.byte	0x4
 900 063f 43060000 		.4byte	0x643
 901 0643 16       		.uleb128 0x16
 902 0644 48060000 		.4byte	0x648
 903 0648 03       		.uleb128 0x3
 904 0649 01       		.byte	0x1
 905 064a 08       		.byte	0x8
 906 064b AE040000 		.4byte	.LASF100
 907 064f 17       		.uleb128 0x17
 908 0650 A3040000 		.4byte	0x4a3
 909 0654 5F060000 		.4byte	0x65f
 910 0658 18       		.uleb128 0x18
 911 0659 1B040000 		.4byte	0x41b
 912 065d 19       		.byte	0x19
ARM GAS  /tmp/cc1OJu7a.s 			page 17


 913 065e 00       		.byte	0
 914 065f 04       		.uleb128 0x4
 915 0660 14020000 		.4byte	.LASF101
 916 0664 0D       		.byte	0xd
 917 0665 34       		.byte	0x34
 918 0666 F6050000 		.4byte	0x5f6
 919 066a 09       		.uleb128 0x9
 920 066b 04       		.byte	0x4
 921 066c 5F060000 		.4byte	0x65f
 922 0670 03       		.uleb128 0x3
 923 0671 01       		.byte	0x1
 924 0672 02       		.byte	0x2
 925 0673 BE030000 		.4byte	.LASF102
 926 0677 04       		.uleb128 0x4
 927 0678 48000000 		.4byte	.LASF103
 928 067c 0E       		.byte	0xe
 929 067d 92       		.byte	0x92
 930 067e BF000000 		.4byte	0xbf
 931 0682 04       		.uleb128 0x4
 932 0683 97050000 		.4byte	.LASF104
 933 0687 0E       		.byte	0xe
 934 0688 97       		.byte	0x97
 935 0689 BF000000 		.4byte	0xbf
 936 068d 04       		.uleb128 0x4
 937 068e 0D050000 		.4byte	.LASF105
 938 0692 0E       		.byte	0xe
 939 0693 A4       		.byte	0xa4
 940 0694 98060000 		.4byte	0x698
 941 0698 09       		.uleb128 0x9
 942 0699 04       		.byte	0x4
 943 069a 8C040000 		.4byte	0x48c
 944 069e 13       		.uleb128 0x13
 945 069f 0C       		.byte	0xc
 946 06a0 0F       		.byte	0xf
 947 06a1 7A       		.byte	0x7a
 948 06a2 CB060000 		.4byte	0x6cb
 949 06a6 06       		.uleb128 0x6
 950 06a7 72030000 		.4byte	.LASF106
 951 06ab 0F       		.byte	0xf
 952 06ac 7E       		.byte	0x7e
 953 06ad 8D060000 		.4byte	0x68d
 954 06b1 00       		.byte	0
 955 06b2 06       		.uleb128 0x6
 956 06b3 F7010000 		.4byte	.LASF107
 957 06b7 0F       		.byte	0xf
 958 06b8 84       		.byte	0x84
 959 06b9 77060000 		.4byte	0x677
 960 06bd 04       		.byte	0x4
 961 06be 06       		.uleb128 0x6
 962 06bf 06050000 		.4byte	.LASF84
 963 06c3 0F       		.byte	0xf
 964 06c4 88       		.byte	0x88
 965 06c5 D5000000 		.4byte	0xd5
 966 06c9 08       		.byte	0x8
 967 06ca 00       		.byte	0
 968 06cb 04       		.uleb128 0x4
 969 06cc 1C020000 		.4byte	.LASF108
ARM GAS  /tmp/cc1OJu7a.s 			page 18


 970 06d0 0F       		.byte	0xf
 971 06d1 89       		.byte	0x89
 972 06d2 9E060000 		.4byte	0x69e
 973 06d6 19       		.uleb128 0x19
 974 06d7 B8040000 		.4byte	.LASF117
 975 06db 01       		.byte	0x1
 976 06dc 41       		.byte	0x41
 977 06dd 77060000 		.4byte	0x677
 978 06e1 00000000 		.4byte	.LFB207
 979 06e5 10000000 		.4byte	.LFE207-.LFB207
 980 06e9 01       		.uleb128 0x1
 981 06ea 9C       		.byte	0x9c
 982 06eb 08070000 		.4byte	0x708
 983 06ef 1A       		.uleb128 0x1a
 984 06f0 62757300 		.ascii	"bus\000"
 985 06f4 01       		.byte	0x1
 986 06f5 41       		.byte	0x41
 987 06f6 08070000 		.4byte	0x708
 988 06fa 00000000 		.4byte	.LLST0
 989 06fe 1B       		.uleb128 0x1b
 990 06ff 20040000 		.4byte	.LASF110
 991 0703 1E070000 		.4byte	0x71e
 992 0707 00       		.byte	0
 993 0708 09       		.uleb128 0x9
 994 0709 04       		.byte	0x4
 995 070a CB060000 		.4byte	0x6cb
 996 070e 17       		.uleb128 0x17
 997 070f 48060000 		.4byte	0x648
 998 0713 1E070000 		.4byte	0x71e
 999 0717 18       		.uleb128 0x18
 1000 0718 1B040000 		.4byte	0x41b
 1001 071c 0A       		.byte	0xa
 1002 071d 00       		.byte	0
 1003 071e 16       		.uleb128 0x16
 1004 071f 0E070000 		.4byte	0x70e
 1005 0723 1C       		.uleb128 0x1c
 1006 0724 45050000 		.4byte	.LASF111
 1007 0728 01       		.byte	0x1
 1008 0729 5A       		.byte	0x5a
 1009 072a 00000000 		.4byte	.LFB208
 1010 072e 22000000 		.4byte	.LFE208-.LFB208
 1011 0732 01       		.uleb128 0x1
 1012 0733 9C       		.byte	0x9c
 1013 0734 5E070000 		.4byte	0x75e
 1014 0738 1D       		.uleb128 0x1d
 1015 0739 62757300 		.ascii	"bus\000"
 1016 073d 01       		.byte	0x1
 1017 073e 5A       		.byte	0x5a
 1018 073f 08070000 		.4byte	0x708
 1019 0743 01       		.uleb128 0x1
 1020 0744 50       		.byte	0x50
 1021 0745 1E       		.uleb128 0x1e
 1022 0746 C4010000 		.4byte	.LASF109
 1023 074a 01       		.byte	0x1
 1024 074b 5A       		.byte	0x5a
 1025 074c 77060000 		.4byte	0x677
 1026 0750 21000000 		.4byte	.LLST1
ARM GAS  /tmp/cc1OJu7a.s 			page 19


 1027 0754 1B       		.uleb128 0x1b
 1028 0755 20040000 		.4byte	.LASF110
 1029 0759 6E070000 		.4byte	0x76e
 1030 075d 00       		.byte	0
 1031 075e 17       		.uleb128 0x17
 1032 075f 48060000 		.4byte	0x648
 1033 0763 6E070000 		.4byte	0x76e
 1034 0767 18       		.uleb128 0x18
 1035 0768 1B040000 		.4byte	0x41b
 1036 076c 0B       		.byte	0xb
 1037 076d 00       		.byte	0
 1038 076e 16       		.uleb128 0x16
 1039 076f 5E070000 		.4byte	0x75e
 1040 0773 1C       		.uleb128 0x1c
 1041 0774 79030000 		.4byte	.LASF112
 1042 0778 01       		.byte	0x1
 1043 0779 71       		.byte	0x71
 1044 077a 00000000 		.4byte	.LFB209
 1045 077e 0E000000 		.4byte	.LFE209-.LFB209
 1046 0782 01       		.uleb128 0x1
 1047 0783 9C       		.byte	0x9c
 1048 0784 C1070000 		.4byte	0x7c1
 1049 0788 1A       		.uleb128 0x1a
 1050 0789 62757300 		.ascii	"bus\000"
 1051 078d 01       		.byte	0x1
 1052 078e 71       		.byte	0x71
 1053 078f 08070000 		.4byte	0x708
 1054 0793 42000000 		.4byte	.LLST2
 1055 0797 1E       		.uleb128 0x1e
 1056 0798 B3040000 		.4byte	.LASF113
 1057 079c 01       		.byte	0x1
 1058 079d 71       		.byte	0x71
 1059 079e 82060000 		.4byte	0x682
 1060 07a2 63000000 		.4byte	.LLST3
 1061 07a6 1B       		.uleb128 0x1b
 1062 07a7 20040000 		.4byte	.LASF110
 1063 07ab D1070000 		.4byte	0x7d1
 1064 07af 1F       		.uleb128 0x1f
 1065 07b0 0E000000 		.4byte	.LVL7
 1066 07b4 F2070000 		.4byte	0x7f2
 1067 07b8 20       		.uleb128 0x20
 1068 07b9 01       		.uleb128 0x1
 1069 07ba 52       		.byte	0x52
 1070 07bb 03       		.uleb128 0x3
 1071 07bc F3       		.byte	0xf3
 1072 07bd 01       		.uleb128 0x1
 1073 07be 51       		.byte	0x51
 1074 07bf 00       		.byte	0
 1075 07c0 00       		.byte	0
 1076 07c1 17       		.uleb128 0x17
 1077 07c2 48060000 		.4byte	0x648
 1078 07c6 D1070000 		.4byte	0x7d1
 1079 07ca 18       		.uleb128 0x18
 1080 07cb 1B040000 		.4byte	0x41b
 1081 07cf 0D       		.byte	0xd
 1082 07d0 00       		.byte	0
 1083 07d1 16       		.uleb128 0x16
ARM GAS  /tmp/cc1OJu7a.s 			page 20


 1084 07d2 C1070000 		.4byte	0x7c1
 1085 07d6 21       		.uleb128 0x21
 1086 07d7 96000000 		.4byte	.LASF114
 1087 07db 10       		.byte	0x10
 1088 07dc 5506     		.2byte	0x655
 1089 07de E2070000 		.4byte	0x7e2
 1090 07e2 0F       		.uleb128 0xf
 1091 07e3 B4000000 		.4byte	0xb4
 1092 07e7 22       		.uleb128 0x22
 1093 07e8 636800   		.ascii	"ch\000"
 1094 07eb 07       		.byte	0x7
 1095 07ec 0902     		.2byte	0x209
 1096 07ee B4030000 		.4byte	0x3b4
 1097 07f2 23       		.uleb128 0x23
 1098 07f3 20050000 		.4byte	.LASF118
 1099 07f7 0E       		.byte	0xe
 1100 07f8 6D01     		.2byte	0x16d
 1101 07fa 0C       		.uleb128 0xc
 1102 07fb 8D060000 		.4byte	0x68d
 1103 07ff 0C       		.uleb128 0xc
 1104 0800 77060000 		.4byte	0x677
 1105 0804 0C       		.uleb128 0xc
 1106 0805 82060000 		.4byte	0x682
 1107 0809 00       		.byte	0
 1108 080a 00       		.byte	0
 1109              		.section	.debug_abbrev,"",%progbits
 1110              	.Ldebug_abbrev0:
 1111 0000 01       		.uleb128 0x1
 1112 0001 11       		.uleb128 0x11
 1113 0002 01       		.byte	0x1
 1114 0003 25       		.uleb128 0x25
 1115 0004 0E       		.uleb128 0xe
 1116 0005 13       		.uleb128 0x13
 1117 0006 0B       		.uleb128 0xb
 1118 0007 03       		.uleb128 0x3
 1119 0008 0E       		.uleb128 0xe
 1120 0009 55       		.uleb128 0x55
 1121 000a 17       		.uleb128 0x17
 1122 000b 11       		.uleb128 0x11
 1123 000c 01       		.uleb128 0x1
 1124 000d 10       		.uleb128 0x10
 1125 000e 17       		.uleb128 0x17
 1126 000f 00       		.byte	0
 1127 0010 00       		.byte	0
 1128 0011 02       		.uleb128 0x2
 1129 0012 24       		.uleb128 0x24
 1130 0013 00       		.byte	0
 1131 0014 0B       		.uleb128 0xb
 1132 0015 0B       		.uleb128 0xb
 1133 0016 3E       		.uleb128 0x3e
 1134 0017 0B       		.uleb128 0xb
 1135 0018 03       		.uleb128 0x3
 1136 0019 08       		.uleb128 0x8
 1137 001a 00       		.byte	0
 1138 001b 00       		.byte	0
 1139 001c 03       		.uleb128 0x3
 1140 001d 24       		.uleb128 0x24
ARM GAS  /tmp/cc1OJu7a.s 			page 21


 1141 001e 00       		.byte	0
 1142 001f 0B       		.uleb128 0xb
 1143 0020 0B       		.uleb128 0xb
 1144 0021 3E       		.uleb128 0x3e
 1145 0022 0B       		.uleb128 0xb
 1146 0023 03       		.uleb128 0x3
 1147 0024 0E       		.uleb128 0xe
 1148 0025 00       		.byte	0
 1149 0026 00       		.byte	0
 1150 0027 04       		.uleb128 0x4
 1151 0028 16       		.uleb128 0x16
 1152 0029 00       		.byte	0
 1153 002a 03       		.uleb128 0x3
 1154 002b 0E       		.uleb128 0xe
 1155 002c 3A       		.uleb128 0x3a
 1156 002d 0B       		.uleb128 0xb
 1157 002e 3B       		.uleb128 0x3b
 1158 002f 0B       		.uleb128 0xb
 1159 0030 49       		.uleb128 0x49
 1160 0031 13       		.uleb128 0x13
 1161 0032 00       		.byte	0
 1162 0033 00       		.byte	0
 1163 0034 05       		.uleb128 0x5
 1164 0035 13       		.uleb128 0x13
 1165 0036 01       		.byte	0x1
 1166 0037 03       		.uleb128 0x3
 1167 0038 0E       		.uleb128 0xe
 1168 0039 0B       		.uleb128 0xb
 1169 003a 0B       		.uleb128 0xb
 1170 003b 3A       		.uleb128 0x3a
 1171 003c 0B       		.uleb128 0xb
 1172 003d 3B       		.uleb128 0x3b
 1173 003e 0B       		.uleb128 0xb
 1174 003f 01       		.uleb128 0x1
 1175 0040 13       		.uleb128 0x13
 1176 0041 00       		.byte	0
 1177 0042 00       		.byte	0
 1178 0043 06       		.uleb128 0x6
 1179 0044 0D       		.uleb128 0xd
 1180 0045 00       		.byte	0
 1181 0046 03       		.uleb128 0x3
 1182 0047 0E       		.uleb128 0xe
 1183 0048 3A       		.uleb128 0x3a
 1184 0049 0B       		.uleb128 0xb
 1185 004a 3B       		.uleb128 0x3b
 1186 004b 0B       		.uleb128 0xb
 1187 004c 49       		.uleb128 0x49
 1188 004d 13       		.uleb128 0x13
 1189 004e 38       		.uleb128 0x38
 1190 004f 0B       		.uleb128 0xb
 1191 0050 00       		.byte	0
 1192 0051 00       		.byte	0
 1193 0052 07       		.uleb128 0x7
 1194 0053 0D       		.uleb128 0xd
 1195 0054 00       		.byte	0
 1196 0055 03       		.uleb128 0x3
 1197 0056 08       		.uleb128 0x8
ARM GAS  /tmp/cc1OJu7a.s 			page 22


 1198 0057 3A       		.uleb128 0x3a
 1199 0058 0B       		.uleb128 0xb
 1200 0059 3B       		.uleb128 0x3b
 1201 005a 05       		.uleb128 0x5
 1202 005b 49       		.uleb128 0x49
 1203 005c 13       		.uleb128 0x13
 1204 005d 38       		.uleb128 0x38
 1205 005e 0B       		.uleb128 0xb
 1206 005f 00       		.byte	0
 1207 0060 00       		.byte	0
 1208 0061 08       		.uleb128 0x8
 1209 0062 0D       		.uleb128 0xd
 1210 0063 00       		.byte	0
 1211 0064 03       		.uleb128 0x3
 1212 0065 0E       		.uleb128 0xe
 1213 0066 3A       		.uleb128 0x3a
 1214 0067 0B       		.uleb128 0xb
 1215 0068 3B       		.uleb128 0x3b
 1216 0069 05       		.uleb128 0x5
 1217 006a 49       		.uleb128 0x49
 1218 006b 13       		.uleb128 0x13
 1219 006c 38       		.uleb128 0x38
 1220 006d 0B       		.uleb128 0xb
 1221 006e 00       		.byte	0
 1222 006f 00       		.byte	0
 1223 0070 09       		.uleb128 0x9
 1224 0071 0F       		.uleb128 0xf
 1225 0072 00       		.byte	0
 1226 0073 0B       		.uleb128 0xb
 1227 0074 0B       		.uleb128 0xb
 1228 0075 49       		.uleb128 0x49
 1229 0076 13       		.uleb128 0x13
 1230 0077 00       		.byte	0
 1231 0078 00       		.byte	0
 1232 0079 0A       		.uleb128 0xa
 1233 007a 13       		.uleb128 0x13
 1234 007b 01       		.byte	0x1
 1235 007c 03       		.uleb128 0x3
 1236 007d 0E       		.uleb128 0xe
 1237 007e 0B       		.uleb128 0xb
 1238 007f 0B       		.uleb128 0xb
 1239 0080 3A       		.uleb128 0x3a
 1240 0081 0B       		.uleb128 0xb
 1241 0082 3B       		.uleb128 0x3b
 1242 0083 05       		.uleb128 0x5
 1243 0084 01       		.uleb128 0x1
 1244 0085 13       		.uleb128 0x13
 1245 0086 00       		.byte	0
 1246 0087 00       		.byte	0
 1247 0088 0B       		.uleb128 0xb
 1248 0089 15       		.uleb128 0x15
 1249 008a 01       		.byte	0x1
 1250 008b 27       		.uleb128 0x27
 1251 008c 19       		.uleb128 0x19
 1252 008d 01       		.uleb128 0x1
 1253 008e 13       		.uleb128 0x13
 1254 008f 00       		.byte	0
ARM GAS  /tmp/cc1OJu7a.s 			page 23


 1255 0090 00       		.byte	0
 1256 0091 0C       		.uleb128 0xc
 1257 0092 05       		.uleb128 0x5
 1258 0093 00       		.byte	0
 1259 0094 49       		.uleb128 0x49
 1260 0095 13       		.uleb128 0x13
 1261 0096 00       		.byte	0
 1262 0097 00       		.byte	0
 1263 0098 0D       		.uleb128 0xd
 1264 0099 0F       		.uleb128 0xf
 1265 009a 00       		.byte	0
 1266 009b 0B       		.uleb128 0xb
 1267 009c 0B       		.uleb128 0xb
 1268 009d 00       		.byte	0
 1269 009e 00       		.byte	0
 1270 009f 0E       		.uleb128 0xe
 1271 00a0 13       		.uleb128 0x13
 1272 00a1 01       		.byte	0x1
 1273 00a2 03       		.uleb128 0x3
 1274 00a3 0E       		.uleb128 0xe
 1275 00a4 0B       		.uleb128 0xb
 1276 00a5 05       		.uleb128 0x5
 1277 00a6 3A       		.uleb128 0x3a
 1278 00a7 0B       		.uleb128 0xb
 1279 00a8 3B       		.uleb128 0x3b
 1280 00a9 05       		.uleb128 0x5
 1281 00aa 01       		.uleb128 0x1
 1282 00ab 13       		.uleb128 0x13
 1283 00ac 00       		.byte	0
 1284 00ad 00       		.byte	0
 1285 00ae 0F       		.uleb128 0xf
 1286 00af 35       		.uleb128 0x35
 1287 00b0 00       		.byte	0
 1288 00b1 49       		.uleb128 0x49
 1289 00b2 13       		.uleb128 0x13
 1290 00b3 00       		.byte	0
 1291 00b4 00       		.byte	0
 1292 00b5 10       		.uleb128 0x10
 1293 00b6 13       		.uleb128 0x13
 1294 00b7 01       		.byte	0x1
 1295 00b8 0B       		.uleb128 0xb
 1296 00b9 0B       		.uleb128 0xb
 1297 00ba 3A       		.uleb128 0x3a
 1298 00bb 0B       		.uleb128 0xb
 1299 00bc 3B       		.uleb128 0x3b
 1300 00bd 05       		.uleb128 0x5
 1301 00be 01       		.uleb128 0x1
 1302 00bf 13       		.uleb128 0x13
 1303 00c0 00       		.byte	0
 1304 00c1 00       		.byte	0
 1305 00c2 11       		.uleb128 0x11
 1306 00c3 16       		.uleb128 0x16
 1307 00c4 00       		.byte	0
 1308 00c5 03       		.uleb128 0x3
 1309 00c6 0E       		.uleb128 0xe
 1310 00c7 3A       		.uleb128 0x3a
 1311 00c8 0B       		.uleb128 0xb
ARM GAS  /tmp/cc1OJu7a.s 			page 24


 1312 00c9 3B       		.uleb128 0x3b
 1313 00ca 05       		.uleb128 0x5
 1314 00cb 49       		.uleb128 0x49
 1315 00cc 13       		.uleb128 0x13
 1316 00cd 00       		.byte	0
 1317 00ce 00       		.byte	0
 1318 00cf 12       		.uleb128 0x12
 1319 00d0 0D       		.uleb128 0xd
 1320 00d1 00       		.byte	0
 1321 00d2 03       		.uleb128 0x3
 1322 00d3 08       		.uleb128 0x8
 1323 00d4 3A       		.uleb128 0x3a
 1324 00d5 0B       		.uleb128 0xb
 1325 00d6 3B       		.uleb128 0x3b
 1326 00d7 0B       		.uleb128 0xb
 1327 00d8 49       		.uleb128 0x49
 1328 00d9 13       		.uleb128 0x13
 1329 00da 38       		.uleb128 0x38
 1330 00db 0B       		.uleb128 0xb
 1331 00dc 00       		.byte	0
 1332 00dd 00       		.byte	0
 1333 00de 13       		.uleb128 0x13
 1334 00df 13       		.uleb128 0x13
 1335 00e0 01       		.byte	0x1
 1336 00e1 0B       		.uleb128 0xb
 1337 00e2 0B       		.uleb128 0xb
 1338 00e3 3A       		.uleb128 0x3a
 1339 00e4 0B       		.uleb128 0xb
 1340 00e5 3B       		.uleb128 0x3b
 1341 00e6 0B       		.uleb128 0xb
 1342 00e7 01       		.uleb128 0x1
 1343 00e8 13       		.uleb128 0x13
 1344 00e9 00       		.byte	0
 1345 00ea 00       		.byte	0
 1346 00eb 14       		.uleb128 0x14
 1347 00ec 17       		.uleb128 0x17
 1348 00ed 01       		.byte	0x1
 1349 00ee 0B       		.uleb128 0xb
 1350 00ef 0B       		.uleb128 0xb
 1351 00f0 3A       		.uleb128 0x3a
 1352 00f1 0B       		.uleb128 0xb
 1353 00f2 3B       		.uleb128 0x3b
 1354 00f3 0B       		.uleb128 0xb
 1355 00f4 01       		.uleb128 0x1
 1356 00f5 13       		.uleb128 0x13
 1357 00f6 00       		.byte	0
 1358 00f7 00       		.byte	0
 1359 00f8 15       		.uleb128 0x15
 1360 00f9 0D       		.uleb128 0xd
 1361 00fa 00       		.byte	0
 1362 00fb 03       		.uleb128 0x3
 1363 00fc 0E       		.uleb128 0xe
 1364 00fd 3A       		.uleb128 0x3a
 1365 00fe 0B       		.uleb128 0xb
 1366 00ff 3B       		.uleb128 0x3b
 1367 0100 05       		.uleb128 0x5
 1368 0101 49       		.uleb128 0x49
ARM GAS  /tmp/cc1OJu7a.s 			page 25


 1369 0102 13       		.uleb128 0x13
 1370 0103 00       		.byte	0
 1371 0104 00       		.byte	0
 1372 0105 16       		.uleb128 0x16
 1373 0106 26       		.uleb128 0x26
 1374 0107 00       		.byte	0
 1375 0108 49       		.uleb128 0x49
 1376 0109 13       		.uleb128 0x13
 1377 010a 00       		.byte	0
 1378 010b 00       		.byte	0
 1379 010c 17       		.uleb128 0x17
 1380 010d 01       		.uleb128 0x1
 1381 010e 01       		.byte	0x1
 1382 010f 49       		.uleb128 0x49
 1383 0110 13       		.uleb128 0x13
 1384 0111 01       		.uleb128 0x1
 1385 0112 13       		.uleb128 0x13
 1386 0113 00       		.byte	0
 1387 0114 00       		.byte	0
 1388 0115 18       		.uleb128 0x18
 1389 0116 21       		.uleb128 0x21
 1390 0117 00       		.byte	0
 1391 0118 49       		.uleb128 0x49
 1392 0119 13       		.uleb128 0x13
 1393 011a 2F       		.uleb128 0x2f
 1394 011b 0B       		.uleb128 0xb
 1395 011c 00       		.byte	0
 1396 011d 00       		.byte	0
 1397 011e 19       		.uleb128 0x19
 1398 011f 2E       		.uleb128 0x2e
 1399 0120 01       		.byte	0x1
 1400 0121 3F       		.uleb128 0x3f
 1401 0122 19       		.uleb128 0x19
 1402 0123 03       		.uleb128 0x3
 1403 0124 0E       		.uleb128 0xe
 1404 0125 3A       		.uleb128 0x3a
 1405 0126 0B       		.uleb128 0xb
 1406 0127 3B       		.uleb128 0x3b
 1407 0128 0B       		.uleb128 0xb
 1408 0129 27       		.uleb128 0x27
 1409 012a 19       		.uleb128 0x19
 1410 012b 49       		.uleb128 0x49
 1411 012c 13       		.uleb128 0x13
 1412 012d 11       		.uleb128 0x11
 1413 012e 01       		.uleb128 0x1
 1414 012f 12       		.uleb128 0x12
 1415 0130 06       		.uleb128 0x6
 1416 0131 40       		.uleb128 0x40
 1417 0132 18       		.uleb128 0x18
 1418 0133 9742     		.uleb128 0x2117
 1419 0135 19       		.uleb128 0x19
 1420 0136 01       		.uleb128 0x1
 1421 0137 13       		.uleb128 0x13
 1422 0138 00       		.byte	0
 1423 0139 00       		.byte	0
 1424 013a 1A       		.uleb128 0x1a
 1425 013b 05       		.uleb128 0x5
ARM GAS  /tmp/cc1OJu7a.s 			page 26


 1426 013c 00       		.byte	0
 1427 013d 03       		.uleb128 0x3
 1428 013e 08       		.uleb128 0x8
 1429 013f 3A       		.uleb128 0x3a
 1430 0140 0B       		.uleb128 0xb
 1431 0141 3B       		.uleb128 0x3b
 1432 0142 0B       		.uleb128 0xb
 1433 0143 49       		.uleb128 0x49
 1434 0144 13       		.uleb128 0x13
 1435 0145 02       		.uleb128 0x2
 1436 0146 17       		.uleb128 0x17
 1437 0147 00       		.byte	0
 1438 0148 00       		.byte	0
 1439 0149 1B       		.uleb128 0x1b
 1440 014a 34       		.uleb128 0x34
 1441 014b 00       		.byte	0
 1442 014c 03       		.uleb128 0x3
 1443 014d 0E       		.uleb128 0xe
 1444 014e 49       		.uleb128 0x49
 1445 014f 13       		.uleb128 0x13
 1446 0150 34       		.uleb128 0x34
 1447 0151 19       		.uleb128 0x19
 1448 0152 00       		.byte	0
 1449 0153 00       		.byte	0
 1450 0154 1C       		.uleb128 0x1c
 1451 0155 2E       		.uleb128 0x2e
 1452 0156 01       		.byte	0x1
 1453 0157 3F       		.uleb128 0x3f
 1454 0158 19       		.uleb128 0x19
 1455 0159 03       		.uleb128 0x3
 1456 015a 0E       		.uleb128 0xe
 1457 015b 3A       		.uleb128 0x3a
 1458 015c 0B       		.uleb128 0xb
 1459 015d 3B       		.uleb128 0x3b
 1460 015e 0B       		.uleb128 0xb
 1461 015f 27       		.uleb128 0x27
 1462 0160 19       		.uleb128 0x19
 1463 0161 11       		.uleb128 0x11
 1464 0162 01       		.uleb128 0x1
 1465 0163 12       		.uleb128 0x12
 1466 0164 06       		.uleb128 0x6
 1467 0165 40       		.uleb128 0x40
 1468 0166 18       		.uleb128 0x18
 1469 0167 9742     		.uleb128 0x2117
 1470 0169 19       		.uleb128 0x19
 1471 016a 01       		.uleb128 0x1
 1472 016b 13       		.uleb128 0x13
 1473 016c 00       		.byte	0
 1474 016d 00       		.byte	0
 1475 016e 1D       		.uleb128 0x1d
 1476 016f 05       		.uleb128 0x5
 1477 0170 00       		.byte	0
 1478 0171 03       		.uleb128 0x3
 1479 0172 08       		.uleb128 0x8
 1480 0173 3A       		.uleb128 0x3a
 1481 0174 0B       		.uleb128 0xb
 1482 0175 3B       		.uleb128 0x3b
ARM GAS  /tmp/cc1OJu7a.s 			page 27


 1483 0176 0B       		.uleb128 0xb
 1484 0177 49       		.uleb128 0x49
 1485 0178 13       		.uleb128 0x13
 1486 0179 02       		.uleb128 0x2
 1487 017a 18       		.uleb128 0x18
 1488 017b 00       		.byte	0
 1489 017c 00       		.byte	0
 1490 017d 1E       		.uleb128 0x1e
 1491 017e 05       		.uleb128 0x5
 1492 017f 00       		.byte	0
 1493 0180 03       		.uleb128 0x3
 1494 0181 0E       		.uleb128 0xe
 1495 0182 3A       		.uleb128 0x3a
 1496 0183 0B       		.uleb128 0xb
 1497 0184 3B       		.uleb128 0x3b
 1498 0185 0B       		.uleb128 0xb
 1499 0186 49       		.uleb128 0x49
 1500 0187 13       		.uleb128 0x13
 1501 0188 02       		.uleb128 0x2
 1502 0189 17       		.uleb128 0x17
 1503 018a 00       		.byte	0
 1504 018b 00       		.byte	0
 1505 018c 1F       		.uleb128 0x1f
 1506 018d 898201   		.uleb128 0x4109
 1507 0190 01       		.byte	0x1
 1508 0191 11       		.uleb128 0x11
 1509 0192 01       		.uleb128 0x1
 1510 0193 9542     		.uleb128 0x2115
 1511 0195 19       		.uleb128 0x19
 1512 0196 31       		.uleb128 0x31
 1513 0197 13       		.uleb128 0x13
 1514 0198 00       		.byte	0
 1515 0199 00       		.byte	0
 1516 019a 20       		.uleb128 0x20
 1517 019b 8A8201   		.uleb128 0x410a
 1518 019e 00       		.byte	0
 1519 019f 02       		.uleb128 0x2
 1520 01a0 18       		.uleb128 0x18
 1521 01a1 9142     		.uleb128 0x2111
 1522 01a3 18       		.uleb128 0x18
 1523 01a4 00       		.byte	0
 1524 01a5 00       		.byte	0
 1525 01a6 21       		.uleb128 0x21
 1526 01a7 34       		.uleb128 0x34
 1527 01a8 00       		.byte	0
 1528 01a9 03       		.uleb128 0x3
 1529 01aa 0E       		.uleb128 0xe
 1530 01ab 3A       		.uleb128 0x3a
 1531 01ac 0B       		.uleb128 0xb
 1532 01ad 3B       		.uleb128 0x3b
 1533 01ae 05       		.uleb128 0x5
 1534 01af 49       		.uleb128 0x49
 1535 01b0 13       		.uleb128 0x13
 1536 01b1 3F       		.uleb128 0x3f
 1537 01b2 19       		.uleb128 0x19
 1538 01b3 3C       		.uleb128 0x3c
 1539 01b4 19       		.uleb128 0x19
ARM GAS  /tmp/cc1OJu7a.s 			page 28


 1540 01b5 00       		.byte	0
 1541 01b6 00       		.byte	0
 1542 01b7 22       		.uleb128 0x22
 1543 01b8 34       		.uleb128 0x34
 1544 01b9 00       		.byte	0
 1545 01ba 03       		.uleb128 0x3
 1546 01bb 08       		.uleb128 0x8
 1547 01bc 3A       		.uleb128 0x3a
 1548 01bd 0B       		.uleb128 0xb
 1549 01be 3B       		.uleb128 0x3b
 1550 01bf 05       		.uleb128 0x5
 1551 01c0 49       		.uleb128 0x49
 1552 01c1 13       		.uleb128 0x13
 1553 01c2 3F       		.uleb128 0x3f
 1554 01c3 19       		.uleb128 0x19
 1555 01c4 3C       		.uleb128 0x3c
 1556 01c5 19       		.uleb128 0x19
 1557 01c6 00       		.byte	0
 1558 01c7 00       		.byte	0
 1559 01c8 23       		.uleb128 0x23
 1560 01c9 2E       		.uleb128 0x2e
 1561 01ca 01       		.byte	0x1
 1562 01cb 3F       		.uleb128 0x3f
 1563 01cc 19       		.uleb128 0x19
 1564 01cd 03       		.uleb128 0x3
 1565 01ce 0E       		.uleb128 0xe
 1566 01cf 3A       		.uleb128 0x3a
 1567 01d0 0B       		.uleb128 0xb
 1568 01d1 3B       		.uleb128 0x3b
 1569 01d2 05       		.uleb128 0x5
 1570 01d3 27       		.uleb128 0x27
 1571 01d4 19       		.uleb128 0x19
 1572 01d5 3C       		.uleb128 0x3c
 1573 01d6 19       		.uleb128 0x19
 1574 01d7 00       		.byte	0
 1575 01d8 00       		.byte	0
 1576 01d9 00       		.byte	0
 1577              		.section	.debug_loc,"",%progbits
 1578              	.Ldebug_loc0:
 1579              	.LLST0:
 1580 0000 00000000 		.4byte	.LVL0
 1581 0004 0C000000 		.4byte	.LVL1
 1582 0008 0100     		.2byte	0x1
 1583 000a 50       		.byte	0x50
 1584 000b 0C000000 		.4byte	.LVL1
 1585 000f 10000000 		.4byte	.LFE207
 1586 0013 0400     		.2byte	0x4
 1587 0015 F3       		.byte	0xf3
 1588 0016 01       		.uleb128 0x1
 1589 0017 50       		.byte	0x50
 1590 0018 9F       		.byte	0x9f
 1591 0019 00000000 		.4byte	0
 1592 001d 00000000 		.4byte	0
 1593              	.LLST1:
 1594 0021 00000000 		.4byte	.LVL2
 1595 0025 14000000 		.4byte	.LVL3
 1596 0029 0100     		.2byte	0x1
ARM GAS  /tmp/cc1OJu7a.s 			page 29


 1597 002b 51       		.byte	0x51
 1598 002c 14000000 		.4byte	.LVL3
 1599 0030 22000000 		.4byte	.LFE208
 1600 0034 0400     		.2byte	0x4
 1601 0036 F3       		.byte	0xf3
 1602 0037 01       		.uleb128 0x1
 1603 0038 51       		.byte	0x51
 1604 0039 9F       		.byte	0x9f
 1605 003a 00000000 		.4byte	0
 1606 003e 00000000 		.4byte	0
 1607              	.LLST2:
 1608 0042 00000000 		.4byte	.LVL4
 1609 0046 08000000 		.4byte	.LVL6
 1610 004a 0100     		.2byte	0x1
 1611 004c 50       		.byte	0x50
 1612 004d 08000000 		.4byte	.LVL6
 1613 0051 0E000000 		.4byte	.LFE209
 1614 0055 0400     		.2byte	0x4
 1615 0057 F3       		.byte	0xf3
 1616 0058 01       		.uleb128 0x1
 1617 0059 50       		.byte	0x50
 1618 005a 9F       		.byte	0x9f
 1619 005b 00000000 		.4byte	0
 1620 005f 00000000 		.4byte	0
 1621              	.LLST3:
 1622 0063 00000000 		.4byte	.LVL4
 1623 0067 06000000 		.4byte	.LVL5
 1624 006b 0100     		.2byte	0x1
 1625 006d 51       		.byte	0x51
 1626 006e 06000000 		.4byte	.LVL5
 1627 0072 0D000000 		.4byte	.LVL7-1
 1628 0076 0100     		.2byte	0x1
 1629 0078 52       		.byte	0x52
 1630 0079 0D000000 		.4byte	.LVL7-1
 1631 007d 0E000000 		.4byte	.LFE209
 1632 0081 0400     		.2byte	0x4
 1633 0083 F3       		.byte	0xf3
 1634 0084 01       		.uleb128 0x1
 1635 0085 51       		.byte	0x51
 1636 0086 9F       		.byte	0x9f
 1637 0087 00000000 		.4byte	0
 1638 008b 00000000 		.4byte	0
 1639              		.section	.debug_aranges,"",%progbits
 1640 0000 2C000000 		.4byte	0x2c
 1641 0004 0200     		.2byte	0x2
 1642 0006 00000000 		.4byte	.Ldebug_info0
 1643 000a 04       		.byte	0x4
 1644 000b 00       		.byte	0
 1645 000c 0000     		.2byte	0
 1646 000e 0000     		.2byte	0
 1647 0010 00000000 		.4byte	.LFB207
 1648 0014 10000000 		.4byte	.LFE207-.LFB207
 1649 0018 00000000 		.4byte	.LFB208
 1650 001c 22000000 		.4byte	.LFE208-.LFB208
 1651 0020 00000000 		.4byte	.LFB209
 1652 0024 0E000000 		.4byte	.LFE209-.LFB209
 1653 0028 00000000 		.4byte	0
ARM GAS  /tmp/cc1OJu7a.s 			page 30


 1654 002c 00000000 		.4byte	0
 1655              		.section	.debug_ranges,"",%progbits
 1656              	.Ldebug_ranges0:
 1657 0000 00000000 		.4byte	.LFB207
 1658 0004 10000000 		.4byte	.LFE207
 1659 0008 00000000 		.4byte	.LFB208
 1660 000c 22000000 		.4byte	.LFE208
 1661 0010 00000000 		.4byte	.LFB209
 1662 0014 0E000000 		.4byte	.LFE209
 1663 0018 00000000 		.4byte	0
 1664 001c 00000000 		.4byte	0
 1665              		.section	.debug_line,"",%progbits
 1666              	.Ldebug_line0:
 1667 0000 7B030000 		.section	.debug_str,"MS",%progbits,1
 1667      02003E03 
 1667      00000201 
 1667      FB0E0D00 
 1667      01010101 
 1668              	.LASF50:
 1669 0000 72656164 		.ascii	"ready_list_t\000"
 1669      795F6C69 
 1669      73745F74 
 1669      00
 1670              	.LASF89:
 1671 000d 77747472 		.ascii	"wttrp\000"
 1671      7000
 1672              	.LASF86:
 1673 0013 7264796D 		.ascii	"rdymsg\000"
 1673      736700
 1674              	.LASF18:
 1675 001a 75696E74 		.ascii	"uint64_t\000"
 1675      36345F74 
 1675      00
 1676              	.LASF4:
 1677 0023 5F5F7569 		.ascii	"__uint8_t\000"
 1677      6E74385F 
 1677      7400
 1678              	.LASF83:
 1679 002d 706F7274 		.ascii	"port_intctx\000"
 1679      5F696E74 
 1679      63747800 
 1680              	.LASF67:
 1681 0039 73797374 		.ascii	"system_debug_t\000"
 1681      656D5F64 
 1681      65627567 
 1681      5F7400
 1682              	.LASF103:
 1683 0048 696F706F 		.ascii	"ioportmask_t\000"
 1683      72746D61 
 1683      736B5F74 
 1683      00
 1684              	.LASF13:
 1685 0055 6C6F6E67 		.ascii	"long long unsigned int\000"
 1685      206C6F6E 
 1685      6720756E 
 1685      7369676E 
 1685      65642069 
ARM GAS  /tmp/cc1OJu7a.s 			page 31


 1686              	.LASF87:
 1687 006c 65786974 		.ascii	"exitcode\000"
 1687      636F6465 
 1687      00
 1688              	.LASF74:
 1689 0075 6D61696E 		.ascii	"mainthread\000"
 1689      74687265 
 1689      616400
 1690              	.LASF64:
 1691 0080 76697274 		.ascii	"virtual_timers_list_t\000"
 1691      75616C5F 
 1691      74696D65 
 1691      72735F6C 
 1691      6973745F 
 1692              	.LASF114:
 1693 0096 49544D5F 		.ascii	"ITM_RxBuffer\000"
 1693      52784275 
 1693      66666572 
 1693      00
 1694              	.LASF49:
 1695 00a3 63685F74 		.ascii	"ch_threads_queue\000"
 1695      68726561 
 1695      64735F71 
 1695      75657565 
 1695      00
 1696              	.LASF32:
 1697 00b4 705F7072 		.ascii	"p_prio\000"
 1697      696F00
 1698              	.LASF11:
 1699 00bb 6C6F6E67 		.ascii	"long long int\000"
 1699      206C6F6E 
 1699      6720696E 
 1699      7400
 1700              	.LASF1:
 1701 00c9 7369676E 		.ascii	"signed char\000"
 1701      65642063 
 1701      68617200 
 1702              	.LASF77:
 1703 00d5 42535252 		.ascii	"BSRR\000"
 1703      00
 1704              	.LASF43:
 1705 00da 705F6D70 		.ascii	"p_mpool\000"
 1705      6F6F6C00 
 1706              	.LASF97:
 1707 00e2 6D5F7175 		.ascii	"m_queue\000"
 1707      65756500 
 1708              	.LASF115:
 1709 00ea 474E5520 		.ascii	"GNU C 4.9.3 20150529 (release) [ARM/embedded-4_9-br"
 1709      4320342E 
 1709      392E3320 
 1709      32303135 
 1709      30353239 
 1710 011d 616E6368 		.ascii	"anch revision 224288] -mcpu=cortex-m3 -mno-thumb-in"
 1710      20726576 
 1710      6973696F 
 1710      6E203232 
 1710      34323838 
ARM GAS  /tmp/cc1OJu7a.s 			page 32


 1711 0150 74657277 		.ascii	"terwork -mthumb -ggdb -O2 -fomit-frame-pointer -fal"
 1711      6F726B20 
 1711      2D6D7468 
 1711      756D6220 
 1711      2D676764 
 1712 0183 69676E2D 		.ascii	"ign-functions=16 -ffunction-sections -fdata-section"
 1712      66756E63 
 1712      74696F6E 
 1712      733D3136 
 1712      202D6666 
 1713 01b6 73202D66 		.ascii	"s -fno-common\000"
 1713      6E6F2D63 
 1713      6F6D6D6F 
 1713      6E00
 1714              	.LASF109:
 1715 01c4 62697473 		.ascii	"bits\000"
 1715      00
 1716              	.LASF8:
 1717 01c9 6C6F6E67 		.ascii	"long int\000"
 1717      20696E74 
 1717      00
 1718              	.LASF22:
 1719 01d2 74737461 		.ascii	"tstate_t\000"
 1719      74655F74 
 1719      00
 1720              	.LASF15:
 1721 01db 75696E74 		.ascii	"uint16_t\000"
 1721      31365F74 
 1721      00
 1722              	.LASF94:
 1723 01e4 735F7175 		.ascii	"s_queue\000"
 1723      65756500 
 1724              	.LASF9:
 1725 01ec 5F5F7569 		.ascii	"__uint32_t\000"
 1725      6E743332 
 1725      5F7400
 1726              	.LASF107:
 1727 01f7 6D61736B 		.ascii	"mask\000"
 1727      00
 1728              	.LASF80:
 1729 01fc 72656761 		.ascii	"regarm_t\000"
 1729      726D5F74 
 1729      00
 1730              	.LASF60:
 1731 0205 76745F70 		.ascii	"vt_prev\000"
 1731      72657600 
 1732              	.LASF73:
 1733 020d 76746C69 		.ascii	"vtlist\000"
 1733      737400
 1734              	.LASF101:
 1735 0214 6D757465 		.ascii	"mutex_t\000"
 1735      785F7400 
 1736              	.LASF108:
 1737 021c 494F4275 		.ascii	"IOBus\000"
 1737      7300
 1738              	.LASF27:
 1739 0222 636E745F 		.ascii	"cnt_t\000"
ARM GAS  /tmp/cc1OJu7a.s 			page 33


 1739      7400
 1740              	.LASF0:
 1741 0228 756E7369 		.ascii	"unsigned int\000"
 1741      676E6564 
 1741      20696E74 
 1741      00
 1742              	.LASF59:
 1743 0235 76745F6E 		.ascii	"vt_next\000"
 1743      65787400 
 1744              	.LASF90:
 1745 023d 77747365 		.ascii	"wtsemp\000"
 1745      6D7000
 1746              	.LASF116:
 1747 0244 2F686F6D 		.ascii	"/home/maciek/ChibiOS_16.1.5/os/hal/src/pal.c\000"
 1747      652F6D61 
 1747      6369656B 
 1747      2F436869 
 1747      62694F53 
 1748              	.LASF38:
 1749 0271 705F6D73 		.ascii	"p_msgqueue\000"
 1749      67717565 
 1749      756500
 1750              	.LASF79:
 1751 027c 4750494F 		.ascii	"GPIO_TypeDef\000"
 1751      5F547970 
 1751      65446566 
 1751      00
 1752              	.LASF78:
 1753 0289 4C434B52 		.ascii	"LCKR\000"
 1753      00
 1754              	.LASF95:
 1755 028e 735F636E 		.ascii	"s_cnt\000"
 1755      7400
 1756              	.LASF6:
 1757 0294 73686F72 		.ascii	"short unsigned int\000"
 1757      7420756E 
 1757      7369676E 
 1757      65642069 
 1757      6E7400
 1758              	.LASF46:
 1759 02a7 63685F74 		.ascii	"ch_thread\000"
 1759      68726561 
 1759      6400
 1760              	.LASF25:
 1761 02b1 6D73675F 		.ascii	"msg_t\000"
 1761      7400
 1762              	.LASF70:
 1763 02b7 63685F73 		.ascii	"ch_system_t\000"
 1763      79737465 
 1763      6D5F7400 
 1764              	.LASF21:
 1765 02c3 746D6F64 		.ascii	"tmode_t\000"
 1765      655F7400 
 1766              	.LASF51:
 1767 02cb 63685F72 		.ascii	"ch_ready_list\000"
 1767      65616479 
 1767      5F6C6973 
ARM GAS  /tmp/cc1OJu7a.s 			page 34


 1767      7400
 1768              	.LASF26:
 1769 02d9 6576656E 		.ascii	"eventmask_t\000"
 1769      746D6173 
 1769      6B5F7400 
 1770              	.LASF7:
 1771 02e5 5F5F696E 		.ascii	"__int32_t\000"
 1771      7433325F 
 1771      7400
 1772              	.LASF81:
 1773 02ef 73746B61 		.ascii	"stkalign_t\000"
 1773      6C69676E 
 1773      5F7400
 1774              	.LASF45:
 1775 02fa 74687265 		.ascii	"threads_list_t\000"
 1775      6164735F 
 1775      6C697374 
 1775      5F7400
 1776              	.LASF12:
 1777 0309 5F5F7569 		.ascii	"__uint64_t\000"
 1777      6E743634 
 1777      5F7400
 1778              	.LASF37:
 1779 0314 705F7761 		.ascii	"p_waiting\000"
 1779      6974696E 
 1779      6700
 1780              	.LASF76:
 1781 031e 73697A65 		.ascii	"sizetype\000"
 1781      74797065 
 1781      00
 1782              	.LASF44:
 1783 0327 74687265 		.ascii	"thread_reference_t\000"
 1783      61645F72 
 1783      65666572 
 1783      656E6365 
 1783      5F7400
 1784              	.LASF65:
 1785 033a 63685F76 		.ascii	"ch_virtual_timers_list\000"
 1785      69727475 
 1785      616C5F74 
 1785      696D6572 
 1785      735F6C69 
 1786              	.LASF54:
 1787 0351 725F6374 		.ascii	"r_ctx\000"
 1787      7800
 1788              	.LASF85:
 1789 0357 746D5F63 		.ascii	"tm_calibration_t\000"
 1789      616C6962 
 1789      72617469 
 1789      6F6E5F74 
 1789      00
 1790              	.LASF55:
 1791 0368 725F6375 		.ascii	"r_current\000"
 1791      7272656E 
 1791      7400
 1792              	.LASF106:
 1793 0372 706F7274 		.ascii	"portid\000"
ARM GAS  /tmp/cc1OJu7a.s 			page 35


 1793      696400
 1794              	.LASF112:
 1795 0379 70616C53 		.ascii	"palSetBusMode\000"
 1795      65744275 
 1795      734D6F64 
 1795      6500
 1796              	.LASF23:
 1797 0387 74726566 		.ascii	"trefs_t\000"
 1797      735F7400 
 1798              	.LASF57:
 1799 038f 76697274 		.ascii	"virtual_timer_t\000"
 1799      75616C5F 
 1799      74696D65 
 1799      725F7400 
 1800              	.LASF31:
 1801 039f 705F7072 		.ascii	"p_prev\000"
 1801      657600
 1802              	.LASF24:
 1803 03a6 74707269 		.ascii	"tprio_t\000"
 1803      6F5F7400 
 1804              	.LASF68:
 1805 03ae 63685F73 		.ascii	"ch_system_debug\000"
 1805      79737465 
 1805      6D5F6465 
 1805      62756700 
 1806              	.LASF102:
 1807 03be 5F426F6F 		.ascii	"_Bool\000"
 1807      6C00
 1808              	.LASF16:
 1809 03c4 696E7433 		.ascii	"int32_t\000"
 1809      325F7400 
 1810              	.LASF2:
 1811 03cc 756E7369 		.ascii	"unsigned char\000"
 1811      676E6564 
 1811      20636861 
 1811      7200
 1812              	.LASF41:
 1813 03da 705F6D74 		.ascii	"p_mtxlist\000"
 1813      786C6973 
 1813      7400
 1814              	.LASF3:
 1815 03e4 73686F72 		.ascii	"short int\000"
 1815      7420696E 
 1815      7400
 1816              	.LASF34:
 1817 03ee 705F7374 		.ascii	"p_state\000"
 1817      61746500 
 1818              	.LASF53:
 1819 03f6 725F7072 		.ascii	"r_prio\000"
 1819      696F00
 1820              	.LASF92:
 1821 03fd 65776D61 		.ascii	"ewmask\000"
 1821      736B00
 1822              	.LASF30:
 1823 0404 705F6E65 		.ascii	"p_next\000"
 1823      787400
 1824              	.LASF19:
ARM GAS  /tmp/cc1OJu7a.s 			page 36


 1825 040b 75696E74 		.ascii	"uint_fast8_t\000"
 1825      5F666173 
 1825      74385F74 
 1825      00
 1826              	.LASF35:
 1827 0418 705F666C 		.ascii	"p_flags\000"
 1827      61677300 
 1828              	.LASF110:
 1829 0420 5F5F6675 		.ascii	"__func__\000"
 1829      6E635F5F 
 1829      00
 1830              	.LASF75:
 1831 0429 69646C65 		.ascii	"idle_thread_wa\000"
 1831      5F746872 
 1831      6561645F 
 1831      776100
 1832              	.LASF71:
 1833 0438 63685F73 		.ascii	"ch_system\000"
 1833      79737465 
 1833      6D00
 1834              	.LASF58:
 1835 0442 63685F76 		.ascii	"ch_virtual_timer\000"
 1835      69727475 
 1835      616C5F74 
 1835      696D6572 
 1835      00
 1836              	.LASF93:
 1837 0453 63685F73 		.ascii	"ch_semaphore\000"
 1837      656D6170 
 1837      686F7265 
 1837      00
 1838              	.LASF40:
 1839 0460 705F6570 		.ascii	"p_epending\000"
 1839      656E6469 
 1839      6E6700
 1840              	.LASF17:
 1841 046b 75696E74 		.ascii	"uint32_t\000"
 1841      33325F74 
 1841      00
 1842              	.LASF91:
 1843 0474 77746D74 		.ascii	"wtmtxp\000"
 1843      787000
 1844              	.LASF52:
 1845 047b 725F7175 		.ascii	"r_queue\000"
 1845      65756500 
 1846              	.LASF61:
 1847 0483 76745F64 		.ascii	"vt_delta\000"
 1847      656C7461 
 1847      00
 1848              	.LASF47:
 1849 048c 63685F74 		.ascii	"ch_threads_list\000"
 1849      68726561 
 1849      64735F6C 
 1849      69737400 
 1850              	.LASF10:
 1851 049c 6C6F6E67 		.ascii	"long unsigned int\000"
 1851      20756E73 
ARM GAS  /tmp/cc1OJu7a.s 			page 37


 1851      69676E65 
 1851      6420696E 
 1851      7400
 1852              	.LASF100:
 1853 04ae 63686172 		.ascii	"char\000"
 1853      00
 1854              	.LASF113:
 1855 04b3 6D6F6465 		.ascii	"mode\000"
 1855      00
 1856              	.LASF117:
 1857 04b8 70616C52 		.ascii	"palReadBus\000"
 1857      65616442 
 1857      757300
 1858              	.LASF5:
 1859 04c3 5F5F7569 		.ascii	"__uint16_t\000"
 1859      6E743136 
 1859      5F7400
 1860              	.LASF29:
 1861 04ce 74687265 		.ascii	"thread_t\000"
 1861      61645F74 
 1861      00
 1862              	.LASF99:
 1863 04d7 6D5F6E65 		.ascii	"m_next\000"
 1863      787400
 1864              	.LASF28:
 1865 04de 73797374 		.ascii	"systime_t\000"
 1865      696D655F 
 1865      7400
 1866              	.LASF42:
 1867 04e8 705F7265 		.ascii	"p_realprio\000"
 1867      616C7072 
 1867      696F00
 1868              	.LASF56:
 1869 04f3 76746675 		.ascii	"vtfunc_t\000"
 1869      6E635F74 
 1869      00
 1870              	.LASF69:
 1871 04fc 70616E69 		.ascii	"panic_msg\000"
 1871      635F6D73 
 1871      6700
 1872              	.LASF84:
 1873 0506 6F666673 		.ascii	"offset\000"
 1873      657400
 1874              	.LASF105:
 1875 050d 696F706F 		.ascii	"ioportid_t\000"
 1875      72746964 
 1875      5F7400
 1876              	.LASF82:
 1877 0518 636F6E74 		.ascii	"context\000"
 1877      65787400 
 1878              	.LASF118:
 1879 0520 5F70616C 		.ascii	"_pal_lld_setgroupmode\000"
 1879      5F6C6C64 
 1879      5F736574 
 1879      67726F75 
 1879      706D6F64 
 1880              	.LASF20:
ARM GAS  /tmp/cc1OJu7a.s 			page 38


 1881 0536 7274636E 		.ascii	"rtcnt_t\000"
 1881      745F7400 
 1882              	.LASF63:
 1883 053e 76745F70 		.ascii	"vt_par\000"
 1883      617200
 1884              	.LASF111:
 1885 0545 70616C57 		.ascii	"palWriteBus\000"
 1885      72697465 
 1885      42757300 
 1886              	.LASF48:
 1887 0551 74687265 		.ascii	"threads_queue_t\000"
 1887      6164735F 
 1887      71756575 
 1887      655F7400 
 1888              	.LASF96:
 1889 0561 63685F6D 		.ascii	"ch_mutex\000"
 1889      75746578 
 1889      00
 1890              	.LASF36:
 1891 056a 705F7265 		.ascii	"p_refs\000"
 1891      667300
 1892              	.LASF72:
 1893 0571 726C6973 		.ascii	"rlist\000"
 1893      7400
 1894              	.LASF14:
 1895 0577 75696E74 		.ascii	"uint8_t\000"
 1895      385F7400 
 1896              	.LASF88:
 1897 057f 77746F62 		.ascii	"wtobjp\000"
 1897      6A7000
 1898              	.LASF66:
 1899 0586 76745F73 		.ascii	"vt_systime\000"
 1899      79737469 
 1899      6D6500
 1900              	.LASF39:
 1901 0591 705F6D73 		.ascii	"p_msg\000"
 1901      6700
 1902              	.LASF104:
 1903 0597 696F6D6F 		.ascii	"iomode_t\000"
 1903      64655F74 
 1903      00
 1904              	.LASF98:
 1905 05a0 6D5F6F77 		.ascii	"m_owner\000"
 1905      6E657200 
 1906              	.LASF33:
 1907 05a8 705F6374 		.ascii	"p_ctx\000"
 1907      7800
 1908              	.LASF62:
 1909 05ae 76745F66 		.ascii	"vt_func\000"
 1909      756E6300 
 1910              		.ident	"GCC: (GNU Tools for ARM Embedded Processors) 4.9.3 20150529 (release) [ARM/embedded-4_9-br
ARM GAS  /tmp/cc1OJu7a.s 			page 39


DEFINED SYMBOLS
                            *ABS*:00000000 pal.c
     /tmp/cc1OJu7a.s:19     .text.palReadBus:00000000 $t
     /tmp/cc1OJu7a.s:25     .text.palReadBus:00000000 palReadBus
     /tmp/cc1OJu7a.s:48     .text.palWriteBus:00000000 $t
     /tmp/cc1OJu7a.s:54     .text.palWriteBus:00000000 palWriteBus
     /tmp/cc1OJu7a.s:88     .text.palSetBusMode:00000000 $t
     /tmp/cc1OJu7a.s:94     .text.palSetBusMode:00000000 palSetBusMode
                     .debug_frame:00000010 $d

UNDEFINED SYMBOLS
_pal_lld_setgroupmode
