ARM GAS  /tmp/ccRzCiZv.s 			page 1


   1              		.syntax unified
   2              		.cpu cortex-m3
   3              		.fpu softvfp
   4              		.eabi_attribute 20, 1
   5              		.eabi_attribute 21, 1
   6              		.eabi_attribute 23, 3
   7              		.eabi_attribute 24, 1
   8              		.eabi_attribute 25, 1
   9              		.eabi_attribute 26, 1
  10              		.eabi_attribute 30, 2
  11              		.eabi_attribute 34, 1
  12              		.eabi_attribute 18, 4
  13              		.thumb
  14              		.file	"st.c"
  15              		.text
  16              	.Ltext0:
  17              		.cfi_sections	.debug_frame
  18              		.section	.text.stInit,"ax",%progbits
  19              		.align	2
  20              		.p2align 4,,15
  21              		.global	stInit
  22              		.thumb
  23              		.thumb_func
  24              		.type	stInit, %function
  25              	stInit:
  26              	.LFB207:
  27              		.file 1 "/home/maciek/ChibiOS_16.1.5/os/hal/src/st.c"
  28              		.loc 1 60 0
  29              		.cfi_startproc
  30              		@ args = 0, pretend = 0, frame = 0
  31              		@ frame_needed = 0, uses_anonymous_args = 0
  32              		@ link register save eliminated.
  33              		.loc 1 62 0
  34 0000 FFF7FEBF 		b	st_lld_init
  35              	.LVL0:
  36              		.cfi_endproc
  37              	.LFE207:
  38              		.size	stInit, .-stInit
  39              		.section	.text.stStartAlarm,"ax",%progbits
  40              		.align	2
  41              		.p2align 4,,15
  42              		.global	stStartAlarm
  43              		.thumb
  44              		.thumb_func
  45              		.type	stStartAlarm, %function
  46              	stStartAlarm:
  47              	.LFB208:
  48              		.loc 1 77 0
  49              		.cfi_startproc
  50              		@ args = 0, pretend = 0, frame = 0
  51              		@ frame_needed = 0, uses_anonymous_args = 0
  52              		@ link register save eliminated.
  53              	.LVL1:
  54              	.LBB10:
  55              	.LBB11:
  56              		.file 2 "/home/maciek/ChibiOS_16.1.5/os/hal/ports/STM32/LLD/TIMv1/st_lld.h"
  57              		.loc 2 155 0
ARM GAS  /tmp/ccRzCiZv.s 			page 2


  58 0000 4FF08043 		mov	r3, #1073741824
  59              		.loc 2 156 0
  60 0004 0021     		movs	r1, #0
  61              		.loc 2 157 0
  62 0006 0222     		movs	r2, #2
  63              		.loc 2 155 0
  64 0008 5863     		str	r0, [r3, #52]
  65              		.loc 2 156 0
  66 000a 1961     		str	r1, [r3, #16]
  67              		.loc 2 157 0
  68 000c DA60     		str	r2, [r3, #12]
  69 000e 7047     		bx	lr
  70              	.LBE11:
  71              	.LBE10:
  72              		.cfi_endproc
  73              	.LFE208:
  74              		.size	stStartAlarm, .-stStartAlarm
  75              		.section	.text.stStopAlarm,"ax",%progbits
  76              		.align	2
  77              		.p2align 4,,15
  78              		.global	stStopAlarm
  79              		.thumb
  80              		.thumb_func
  81              		.type	stStopAlarm, %function
  82              	stStopAlarm:
  83              	.LFB209:
  84              		.loc 1 91 0
  85              		.cfi_startproc
  86              		@ args = 0, pretend = 0, frame = 0
  87              		@ frame_needed = 0, uses_anonymous_args = 0
  88              		@ link register save eliminated.
  89              	.LBB12:
  90              	.LBB13:
  91              		.loc 2 167 0
  92 0000 4FF08043 		mov	r3, #1073741824
  93 0004 0022     		movs	r2, #0
  94 0006 DA60     		str	r2, [r3, #12]
  95 0008 7047     		bx	lr
  96              	.LBE13:
  97              	.LBE12:
  98              		.cfi_endproc
  99              	.LFE209:
 100              		.size	stStopAlarm, .-stStopAlarm
 101 000a 00BF     		.section	.text.stSetAlarm,"ax",%progbits
 102              		.align	2
 103              		.p2align 4,,15
 104              		.global	stSetAlarm
 105              		.thumb
 106              		.thumb_func
 107              		.type	stSetAlarm, %function
 108              	stSetAlarm:
 109              	.LFB210:
 110              		.loc 1 105 0
 111              		.cfi_startproc
 112              		@ args = 0, pretend = 0, frame = 0
 113              		@ frame_needed = 0, uses_anonymous_args = 0
 114              		@ link register save eliminated.
ARM GAS  /tmp/ccRzCiZv.s 			page 3


 115              	.LVL2:
 116              	.LBB14:
 117              	.LBB15:
 118              		.loc 2 179 0
 119 0000 4FF08043 		mov	r3, #1073741824
 120 0004 5863     		str	r0, [r3, #52]
 121 0006 7047     		bx	lr
 122              	.LBE15:
 123              	.LBE14:
 124              		.cfi_endproc
 125              	.LFE210:
 126              		.size	stSetAlarm, .-stSetAlarm
 127              		.section	.text.stGetAlarm,"ax",%progbits
 128              		.align	2
 129              		.p2align 4,,15
 130              		.global	stGetAlarm
 131              		.thumb
 132              		.thumb_func
 133              		.type	stGetAlarm, %function
 134              	stGetAlarm:
 135              	.LFB211:
 136              		.loc 1 121 0
 137              		.cfi_startproc
 138              		@ args = 0, pretend = 0, frame = 0
 139              		@ frame_needed = 0, uses_anonymous_args = 0
 140              		@ link register save eliminated.
 141              	.LBB16:
 142              	.LBB17:
 143              		.loc 2 191 0
 144 0000 4FF08043 		mov	r3, #1073741824
 145 0004 586B     		ldr	r0, [r3, #52]
 146              	.LBE17:
 147              	.LBE16:
 148              		.loc 1 126 0
 149 0006 80B2     		uxth	r0, r0
 150 0008 7047     		bx	lr
 151              		.cfi_endproc
 152              	.LFE211:
 153              		.size	stGetAlarm, .-stGetAlarm
 154 000a 00BF     		.text
 155              	.Letext0:
 156              		.file 3 "/opt/stm32/gcc/gcc-arm-none-eabi-4_9-2015q2/arm-none-eabi/include/machine/_default_types.
 157              		.file 4 "/opt/stm32/gcc/gcc-arm-none-eabi-4_9-2015q2/arm-none-eabi/include/sys/_stdint.h"
 158              		.file 5 "/home/maciek/ChibiOS_16.1.5/os/rt/ports/ARMCMx/compilers/GCC/chtypes.h"
 159              		.file 6 "/home/maciek/ChibiOS_16.1.5/os/rt/include/chsystypes.h"
 160              		.file 7 "/home/maciek/ChibiOS_16.1.5/os/rt/include/chschd.h"
 161              		.file 8 "/home/maciek/ChibiOS_16.1.5/os/rt/ports/ARMCMx/chcore.h"
 162              		.file 9 "/home/maciek/ChibiOS_16.1.5/os/rt/ports/ARMCMx/chcore_v7m.h"
 163              		.file 10 "/home/maciek/ChibiOS_16.1.5/os/rt/include/chtm.h"
 164              		.file 11 "/home/maciek/ChibiOS_16.1.5/os/rt/include/chsem.h"
 165              		.file 12 "/home/maciek/ChibiOS_16.1.5/os/rt/include/chmtx.h"
 166              		.file 13 "/home/maciek/ChibiOS_16.1.5/os/hal/ports/STM32/LLD/TIMv1/stm32_tim.h"
 167              		.file 14 "/home/maciek/ChibiOS_16.1.5/os/ext/CMSIS/include/core_cm3.h"
 168              		.section	.debug_info,"",%progbits
 169              	.Ldebug_info0:
 170 0000 CC080000 		.4byte	0x8cc
 171 0004 0400     		.2byte	0x4
ARM GAS  /tmp/ccRzCiZv.s 			page 4


 172 0006 00000000 		.4byte	.Ldebug_abbrev0
 173 000a 04       		.byte	0x4
 174 000b 01       		.uleb128 0x1
 175 000c EA000000 		.4byte	.LASF119
 176 0010 01       		.byte	0x1
 177 0011 A3020000 		.4byte	.LASF120
 178 0015 00000000 		.4byte	.Ldebug_ranges0+0
 179 0019 00000000 		.4byte	0
 180 001d 00000000 		.4byte	.Ldebug_line0
 181 0021 02       		.uleb128 0x2
 182 0022 04       		.byte	0x4
 183 0023 05       		.byte	0x5
 184 0024 696E7400 		.ascii	"int\000"
 185 0028 03       		.uleb128 0x3
 186 0029 04       		.byte	0x4
 187 002a 07       		.byte	0x7
 188 002b 67020000 		.4byte	.LASF0
 189 002f 03       		.uleb128 0x3
 190 0030 01       		.byte	0x1
 191 0031 06       		.byte	0x6
 192 0032 D6000000 		.4byte	.LASF1
 193 0036 04       		.uleb128 0x4
 194 0037 28000000 		.4byte	.LASF4
 195 003b 03       		.byte	0x3
 196 003c 1D       		.byte	0x1d
 197 003d 41000000 		.4byte	0x41
 198 0041 03       		.uleb128 0x3
 199 0042 01       		.byte	0x1
 200 0043 08       		.byte	0x8
 201 0044 F8030000 		.4byte	.LASF2
 202 0048 03       		.uleb128 0x3
 203 0049 02       		.byte	0x2
 204 004a 05       		.byte	0x5
 205 004b 10040000 		.4byte	.LASF3
 206 004f 04       		.uleb128 0x4
 207 0050 DB040000 		.4byte	.LASF5
 208 0054 03       		.byte	0x3
 209 0055 2B       		.byte	0x2b
 210 0056 5A000000 		.4byte	0x5a
 211 005a 03       		.uleb128 0x3
 212 005b 02       		.byte	0x2
 213 005c 07       		.byte	0x7
 214 005d 0C020000 		.4byte	.LASF6
 215 0061 04       		.uleb128 0x4
 216 0062 07030000 		.4byte	.LASF7
 217 0066 03       		.byte	0x3
 218 0067 3F       		.byte	0x3f
 219 0068 6C000000 		.4byte	0x6c
 220 006c 03       		.uleb128 0x3
 221 006d 04       		.byte	0x4
 222 006e 05       		.byte	0x5
 223 006f CE010000 		.4byte	.LASF8
 224 0073 04       		.uleb128 0x4
 225 0074 1F020000 		.4byte	.LASF9
 226 0078 03       		.byte	0x3
 227 0079 41       		.byte	0x41
 228 007a 7E000000 		.4byte	0x7e
ARM GAS  /tmp/ccRzCiZv.s 			page 5


 229 007e 03       		.uleb128 0x3
 230 007f 04       		.byte	0x4
 231 0080 07       		.byte	0x7
 232 0081 B8040000 		.4byte	.LASF10
 233 0085 03       		.uleb128 0x3
 234 0086 08       		.byte	0x8
 235 0087 05       		.byte	0x5
 236 0088 ED010000 		.4byte	.LASF11
 237 008c 04       		.uleb128 0x4
 238 008d A8030000 		.4byte	.LASF12
 239 0091 03       		.byte	0x3
 240 0092 5B       		.byte	0x5b
 241 0093 97000000 		.4byte	0x97
 242 0097 03       		.uleb128 0x3
 243 0098 08       		.byte	0x8
 244 0099 07       		.byte	0x7
 245 009a 4D000000 		.4byte	.LASF13
 246 009e 04       		.uleb128 0x4
 247 009f 37040000 		.4byte	.LASF14
 248 00a3 04       		.byte	0x4
 249 00a4 14       		.byte	0x14
 250 00a5 36000000 		.4byte	0x36
 251 00a9 04       		.uleb128 0x4
 252 00aa FB010000 		.4byte	.LASF15
 253 00ae 04       		.byte	0x4
 254 00af 1A       		.byte	0x1a
 255 00b0 4F000000 		.4byte	0x4f
 256 00b4 04       		.uleb128 0x4
 257 00b5 F0030000 		.4byte	.LASF16
 258 00b9 04       		.byte	0x4
 259 00ba 1F       		.byte	0x1f
 260 00bb 61000000 		.4byte	0x61
 261 00bf 04       		.uleb128 0x4
 262 00c0 87040000 		.4byte	.LASF17
 263 00c4 04       		.byte	0x4
 264 00c5 20       		.byte	0x20
 265 00c6 73000000 		.4byte	0x73
 266 00ca 04       		.uleb128 0x4
 267 00cb 1F000000 		.4byte	.LASF18
 268 00cf 04       		.byte	0x4
 269 00d0 26       		.byte	0x26
 270 00d1 8C000000 		.4byte	0x8c
 271 00d5 04       		.uleb128 0x4
 272 00d6 45050000 		.4byte	.LASF19
 273 00da 05       		.byte	0x5
 274 00db 39       		.byte	0x39
 275 00dc BF000000 		.4byte	0xbf
 276 00e0 04       		.uleb128 0x4
 277 00e1 D7010000 		.4byte	.LASF20
 278 00e5 05       		.byte	0x5
 279 00e6 3C       		.byte	0x3c
 280 00e7 9E000000 		.4byte	0x9e
 281 00eb 04       		.uleb128 0x4
 282 00ec DF010000 		.4byte	.LASF21
 283 00f0 05       		.byte	0x5
 284 00f1 3D       		.byte	0x3d
 285 00f2 9E000000 		.4byte	0x9e
ARM GAS  /tmp/ccRzCiZv.s 			page 6


 286 00f6 04       		.uleb128 0x4
 287 00f7 B3030000 		.4byte	.LASF22
 288 00fb 05       		.byte	0x5
 289 00fc 3E       		.byte	0x3e
 290 00fd 9E000000 		.4byte	0x9e
 291 0101 04       		.uleb128 0x4
 292 0102 D2030000 		.4byte	.LASF23
 293 0106 05       		.byte	0x5
 294 0107 40       		.byte	0x40
 295 0108 BF000000 		.4byte	0xbf
 296 010c 04       		.uleb128 0x4
 297 010d CF020000 		.4byte	.LASF24
 298 0111 05       		.byte	0x5
 299 0112 41       		.byte	0x41
 300 0113 B4000000 		.4byte	0xb4
 301 0117 04       		.uleb128 0x4
 302 0118 FB020000 		.4byte	.LASF25
 303 011c 05       		.byte	0x5
 304 011d 43       		.byte	0x43
 305 011e BF000000 		.4byte	0xbf
 306 0122 04       		.uleb128 0x4
 307 0123 61020000 		.4byte	.LASF26
 308 0127 05       		.byte	0x5
 309 0128 45       		.byte	0x45
 310 0129 B4000000 		.4byte	0xb4
 311 012d 04       		.uleb128 0x4
 312 012e FB040000 		.4byte	.LASF27
 313 0132 06       		.byte	0x6
 314 0133 35       		.byte	0x35
 315 0134 A9000000 		.4byte	0xa9
 316 0138 04       		.uleb128 0x4
 317 0139 EB040000 		.4byte	.LASF28
 318 013d 06       		.byte	0x6
 319 013e 3F       		.byte	0x3f
 320 013f 43010000 		.4byte	0x143
 321 0143 05       		.uleb128 0x5
 322 0144 99020000 		.4byte	.LASF45
 323 0148 38       		.byte	0x38
 324 0149 07       		.byte	0x7
 325 014a C2       		.byte	0xc2
 326 014b 0C020000 		.4byte	0x20c
 327 014f 06       		.uleb128 0x6
 328 0150 30040000 		.4byte	.LASF29
 329 0154 07       		.byte	0x7
 330 0155 C3       		.byte	0xc3
 331 0156 17020000 		.4byte	0x217
 332 015a 00       		.byte	0
 333 015b 06       		.uleb128 0x6
 334 015c CB030000 		.4byte	.LASF30
 335 0160 07       		.byte	0x7
 336 0161 C5       		.byte	0xc5
 337 0162 17020000 		.4byte	0x217
 338 0166 04       		.byte	0x4
 339 0167 06       		.uleb128 0x6
 340 0168 BD000000 		.4byte	.LASF31
 341 016c 07       		.byte	0x7
 342 016d C7       		.byte	0xc7
ARM GAS  /tmp/ccRzCiZv.s 			page 7


 343 016e 01010000 		.4byte	0x101
 344 0172 08       		.byte	0x8
 345 0173 06       		.uleb128 0x6
 346 0174 DD050000 		.4byte	.LASF32
 347 0178 07       		.byte	0x7
 348 0179 C8       		.byte	0xc8
 349 017a 52040000 		.4byte	0x452
 350 017e 0C       		.byte	0xc
 351 017f 06       		.uleb128 0x6
 352 0180 1A040000 		.4byte	.LASF33
 353 0184 07       		.byte	0x7
 354 0185 DD       		.byte	0xdd
 355 0186 EB000000 		.4byte	0xeb
 356 018a 10       		.byte	0x10
 357 018b 06       		.uleb128 0x6
 358 018c BC050000 		.4byte	.LASF34
 359 0190 07       		.byte	0x7
 360 0191 E1       		.byte	0xe1
 361 0192 E0000000 		.4byte	0xe0
 362 0196 11       		.byte	0x11
 363 0197 06       		.uleb128 0x6
 364 0198 7F050000 		.4byte	.LASF35
 365 019c 07       		.byte	0x7
 366 019d E6       		.byte	0xe6
 367 019e F6000000 		.4byte	0xf6
 368 01a2 12       		.byte	0x12
 369 01a3 07       		.uleb128 0x7
 370 01a4 705F7500 		.ascii	"p_u\000"
 371 01a8 07       		.byte	0x7
 372 01a9 3101     		.2byte	0x131
 373 01ab 0C050000 		.4byte	0x50c
 374 01af 14       		.byte	0x14
 375 01b0 08       		.uleb128 0x8
 376 01b1 3E030000 		.4byte	.LASF36
 377 01b5 07       		.byte	0x7
 378 01b6 3601     		.2byte	0x136
 379 01b8 1D020000 		.4byte	0x21d
 380 01bc 18       		.byte	0x18
 381 01bd 08       		.uleb128 0x8
 382 01be 83020000 		.4byte	.LASF37
 383 01c2 07       		.byte	0x7
 384 01c3 3C01     		.2byte	0x13c
 385 01c5 41020000 		.4byte	0x241
 386 01c9 1C       		.byte	0x1c
 387 01ca 08       		.uleb128 0x8
 388 01cb 3F050000 		.4byte	.LASF38
 389 01cf 07       		.byte	0x7
 390 01d0 4001     		.2byte	0x140
 391 01d2 0C010000 		.4byte	0x10c
 392 01d6 24       		.byte	0x24
 393 01d7 08       		.uleb128 0x8
 394 01d8 7C040000 		.4byte	.LASF39
 395 01dc 07       		.byte	0x7
 396 01dd 4601     		.2byte	0x146
 397 01df 17010000 		.4byte	0x117
 398 01e3 28       		.byte	0x28
 399 01e4 08       		.uleb128 0x8
ARM GAS  /tmp/ccRzCiZv.s 			page 8


 400 01e5 06040000 		.4byte	.LASF40
 401 01e9 07       		.byte	0x7
 402 01ea 4D01     		.2byte	0x14d
 403 01ec CB050000 		.4byte	0x5cb
 404 01f0 2C       		.byte	0x2c
 405 01f1 08       		.uleb128 0x8
 406 01f2 05050000 		.4byte	.LASF41
 407 01f6 07       		.byte	0x7
 408 01f7 5101     		.2byte	0x151
 409 01f9 01010000 		.4byte	0x101
 410 01fd 30       		.byte	0x30
 411 01fe 08       		.uleb128 0x8
 412 01ff 2A020000 		.4byte	.LASF42
 413 0203 07       		.byte	0x7
 414 0204 5801     		.2byte	0x158
 415 0206 DA020000 		.4byte	0x2da
 416 020a 34       		.byte	0x34
 417 020b 00       		.byte	0
 418 020c 04       		.uleb128 0x4
 419 020d 51030000 		.4byte	.LASF43
 420 0211 06       		.byte	0x6
 421 0212 44       		.byte	0x44
 422 0213 17020000 		.4byte	0x217
 423 0217 09       		.uleb128 0x9
 424 0218 04       		.byte	0x4
 425 0219 38010000 		.4byte	0x138
 426 021d 04       		.uleb128 0x4
 427 021e 2F030000 		.4byte	.LASF44
 428 0222 06       		.byte	0x6
 429 0223 49       		.byte	0x49
 430 0224 28020000 		.4byte	0x228
 431 0228 05       		.uleb128 0x5
 432 0229 A8040000 		.4byte	.LASF46
 433 022d 04       		.byte	0x4
 434 022e 07       		.byte	0x7
 435 022f B0       		.byte	0xb0
 436 0230 41020000 		.4byte	0x241
 437 0234 06       		.uleb128 0x6
 438 0235 30040000 		.4byte	.LASF29
 439 0239 07       		.byte	0x7
 440 023a B1       		.byte	0xb1
 441 023b 17020000 		.4byte	0x217
 442 023f 00       		.byte	0
 443 0240 00       		.byte	0
 444 0241 04       		.uleb128 0x4
 445 0242 66050000 		.4byte	.LASF47
 446 0246 06       		.byte	0x6
 447 0247 50       		.byte	0x50
 448 0248 4C020000 		.4byte	0x24c
 449 024c 05       		.uleb128 0x5
 450 024d AC000000 		.4byte	.LASF48
 451 0251 08       		.byte	0x8
 452 0252 07       		.byte	0x7
 453 0253 B7       		.byte	0xb7
 454 0254 71020000 		.4byte	0x271
 455 0258 06       		.uleb128 0x6
 456 0259 30040000 		.4byte	.LASF29
ARM GAS  /tmp/ccRzCiZv.s 			page 9


 457 025d 07       		.byte	0x7
 458 025e B8       		.byte	0xb8
 459 025f 17020000 		.4byte	0x217
 460 0263 00       		.byte	0
 461 0264 06       		.uleb128 0x6
 462 0265 CB030000 		.4byte	.LASF30
 463 0269 07       		.byte	0x7
 464 026a B9       		.byte	0xb9
 465 026b 17020000 		.4byte	0x217
 466 026f 04       		.byte	0x4
 467 0270 00       		.byte	0
 468 0271 04       		.uleb128 0x4
 469 0272 00000000 		.4byte	.LASF49
 470 0276 06       		.byte	0x6
 471 0277 57       		.byte	0x57
 472 0278 7C020000 		.4byte	0x27c
 473 027c 0A       		.uleb128 0xa
 474 027d ED020000 		.4byte	.LASF50
 475 0281 14       		.byte	0x14
 476 0282 07       		.byte	0x7
 477 0283 9001     		.2byte	0x190
 478 0285 BE020000 		.4byte	0x2be
 479 0289 08       		.uleb128 0x8
 480 028a 97040000 		.4byte	.LASF51
 481 028e 07       		.byte	0x7
 482 028f 9101     		.2byte	0x191
 483 0291 41020000 		.4byte	0x241
 484 0295 00       		.byte	0
 485 0296 08       		.uleb128 0x8
 486 0297 22040000 		.4byte	.LASF52
 487 029b 07       		.byte	0x7
 488 029c 9201     		.2byte	0x192
 489 029e 01010000 		.4byte	0x101
 490 02a2 08       		.byte	0x8
 491 02a3 08       		.uleb128 0x8
 492 02a4 82030000 		.4byte	.LASF53
 493 02a8 07       		.byte	0x7
 494 02a9 9401     		.2byte	0x194
 495 02ab 52040000 		.4byte	0x452
 496 02af 0C       		.byte	0xc
 497 02b0 08       		.uleb128 0x8
 498 02b1 9E030000 		.4byte	.LASF54
 499 02b5 07       		.byte	0x7
 500 02b6 9B01     		.2byte	0x19b
 501 02b8 17020000 		.4byte	0x217
 502 02bc 10       		.byte	0x10
 503 02bd 00       		.byte	0
 504 02be 04       		.uleb128 0x4
 505 02bf 10050000 		.4byte	.LASF55
 506 02c3 06       		.byte	0x6
 507 02c4 5C       		.byte	0x5c
 508 02c5 C9020000 		.4byte	0x2c9
 509 02c9 09       		.uleb128 0x9
 510 02ca 04       		.byte	0x4
 511 02cb CF020000 		.4byte	0x2cf
 512 02cf 0B       		.uleb128 0xb
 513 02d0 DA020000 		.4byte	0x2da
ARM GAS  /tmp/ccRzCiZv.s 			page 10


 514 02d4 0C       		.uleb128 0xc
 515 02d5 DA020000 		.4byte	0x2da
 516 02d9 00       		.byte	0
 517 02da 0D       		.uleb128 0xd
 518 02db 04       		.byte	0x4
 519 02dc 04       		.uleb128 0x4
 520 02dd BB030000 		.4byte	.LASF56
 521 02e1 06       		.byte	0x6
 522 02e2 61       		.byte	0x61
 523 02e3 E7020000 		.4byte	0x2e7
 524 02e7 0A       		.uleb128 0xa
 525 02e8 48040000 		.4byte	.LASF57
 526 02ec 14       		.byte	0x14
 527 02ed 07       		.byte	0x7
 528 02ee 6B01     		.2byte	0x16b
 529 02f0 36030000 		.4byte	0x336
 530 02f4 08       		.uleb128 0x8
 531 02f5 74020000 		.4byte	.LASF58
 532 02f9 07       		.byte	0x7
 533 02fa 6C01     		.2byte	0x16c
 534 02fc D1050000 		.4byte	0x5d1
 535 0300 00       		.byte	0
 536 0301 08       		.uleb128 0x8
 537 0302 3B020000 		.4byte	.LASF59
 538 0306 07       		.byte	0x7
 539 0307 6D01     		.2byte	0x16d
 540 0309 D1050000 		.4byte	0x5d1
 541 030d 04       		.byte	0x4
 542 030e 08       		.uleb128 0x8
 543 030f 9F040000 		.4byte	.LASF60
 544 0313 07       		.byte	0x7
 545 0314 6E01     		.2byte	0x16e
 546 0316 2D010000 		.4byte	0x12d
 547 031a 08       		.byte	0x8
 548 031b 08       		.uleb128 0x8
 549 031c E3050000 		.4byte	.LASF61
 550 0320 07       		.byte	0x7
 551 0321 6F01     		.2byte	0x16f
 552 0323 BE020000 		.4byte	0x2be
 553 0327 0C       		.byte	0xc
 554 0328 08       		.uleb128 0x8
 555 0329 5F050000 		.4byte	.LASF62
 556 032d 07       		.byte	0x7
 557 032e 7101     		.2byte	0x171
 558 0330 DA020000 		.4byte	0x2da
 559 0334 10       		.byte	0x10
 560 0335 00       		.byte	0
 561 0336 04       		.uleb128 0x4
 562 0337 78000000 		.4byte	.LASF63
 563 033b 06       		.byte	0x6
 564 033c 66       		.byte	0x66
 565 033d 41030000 		.4byte	0x341
 566 0341 0A       		.uleb128 0xa
 567 0342 64030000 		.4byte	.LASF64
 568 0346 0C       		.byte	0xc
 569 0347 07       		.byte	0x7
 570 0348 7B01     		.2byte	0x17b
ARM GAS  /tmp/ccRzCiZv.s 			page 11


 571 034a 83030000 		.4byte	0x383
 572 034e 08       		.uleb128 0x8
 573 034f 74020000 		.4byte	.LASF58
 574 0353 07       		.byte	0x7
 575 0354 7C01     		.2byte	0x17c
 576 0356 D1050000 		.4byte	0x5d1
 577 035a 00       		.byte	0
 578 035b 08       		.uleb128 0x8
 579 035c 3B020000 		.4byte	.LASF59
 580 0360 07       		.byte	0x7
 581 0361 7E01     		.2byte	0x17e
 582 0363 D1050000 		.4byte	0x5d1
 583 0367 04       		.byte	0x4
 584 0368 08       		.uleb128 0x8
 585 0369 9F040000 		.4byte	.LASF60
 586 036d 07       		.byte	0x7
 587 036e 8001     		.2byte	0x180
 588 0370 2D010000 		.4byte	0x12d
 589 0374 08       		.byte	0x8
 590 0375 08       		.uleb128 0x8
 591 0376 A9050000 		.4byte	.LASF65
 592 037a 07       		.byte	0x7
 593 037b 8201     		.2byte	0x182
 594 037d D7050000 		.4byte	0x5d7
 595 0381 0A       		.byte	0xa
 596 0382 00       		.byte	0
 597 0383 04       		.uleb128 0x4
 598 0384 3E000000 		.4byte	.LASF66
 599 0388 06       		.byte	0x6
 600 0389 6B       		.byte	0x6b
 601 038a 8E030000 		.4byte	0x38e
 602 038e 0A       		.uleb128 0xa
 603 038f DA030000 		.4byte	.LASF67
 604 0393 04       		.byte	0x4
 605 0394 07       		.byte	0x7
 606 0395 A201     		.2byte	0x1a2
 607 0397 A9030000 		.4byte	0x3a9
 608 039b 08       		.uleb128 0x8
 609 039c 19050000 		.4byte	.LASF68
 610 03a0 07       		.byte	0x7
 611 03a1 AA01     		.2byte	0x1aa
 612 03a3 DC050000 		.4byte	0x5dc
 613 03a7 00       		.byte	0
 614 03a8 00       		.byte	0
 615 03a9 04       		.uleb128 0x4
 616 03aa D5020000 		.4byte	.LASF69
 617 03ae 06       		.byte	0x6
 618 03af 70       		.byte	0x70
 619 03b0 B4030000 		.4byte	0x3b4
 620 03b4 0E       		.uleb128 0xe
 621 03b5 C4010000 		.4byte	.LASF70
 622 03b9 3001     		.2byte	0x130
 623 03bb 07       		.byte	0x7
 624 03bc C201     		.2byte	0x1c2
 625 03be 10040000 		.4byte	0x410
 626 03c2 08       		.uleb128 0x8
 627 03c3 86050000 		.4byte	.LASF71
ARM GAS  /tmp/ccRzCiZv.s 			page 12


 628 03c7 07       		.byte	0x7
 629 03c8 C601     		.2byte	0x1c6
 630 03ca 71020000 		.4byte	0x271
 631 03ce 00       		.byte	0
 632 03cf 08       		.uleb128 0x8
 633 03d0 43020000 		.4byte	.LASF72
 634 03d4 07       		.byte	0x7
 635 03d5 CA01     		.2byte	0x1ca
 636 03d7 36030000 		.4byte	0x336
 637 03db 14       		.byte	0x14
 638 03dc 07       		.uleb128 0x7
 639 03dd 64626700 		.ascii	"dbg\000"
 640 03e1 07       		.byte	0x7
 641 03e2 CE01     		.2byte	0x1ce
 642 03e4 83030000 		.4byte	0x383
 643 03e8 20       		.byte	0x20
 644 03e9 08       		.uleb128 0x8
 645 03ea 6D000000 		.4byte	.LASF73
 646 03ee 07       		.byte	0x7
 647 03ef D201     		.2byte	0x1d2
 648 03f1 38010000 		.4byte	0x138
 649 03f5 24       		.byte	0x24
 650 03f6 07       		.uleb128 0x7
 651 03f7 746D00   		.ascii	"tm\000"
 652 03fa 07       		.byte	0x7
 653 03fb D701     		.2byte	0x1d7
 654 03fd 01050000 		.4byte	0x501
 655 0401 5C       		.byte	0x5c
 656 0402 08       		.uleb128 0x8
 657 0403 52020000 		.4byte	.LASF74
 658 0407 07       		.byte	0x7
 659 0408 E301     		.2byte	0x1e3
 660 040a F3050000 		.4byte	0x5f3
 661 040e 60       		.byte	0x60
 662 040f 00       		.byte	0
 663 0410 03       		.uleb128 0x3
 664 0411 04       		.byte	0x4
 665 0412 07       		.byte	0x7
 666 0413 48030000 		.4byte	.LASF75
 667 0417 0F       		.uleb128 0xf
 668 0418 BF000000 		.4byte	0xbf
 669 041c 10       		.uleb128 0x10
 670 041d BF000000 		.4byte	0xbf
 671 0421 2C040000 		.4byte	0x42c
 672 0425 11       		.uleb128 0x11
 673 0426 10040000 		.4byte	0x410
 674 042a 01       		.byte	0x1
 675 042b 00       		.byte	0
 676 042c 10       		.uleb128 0x10
 677 042d BF000000 		.4byte	0xbf
 678 0431 3C040000 		.4byte	0x43c
 679 0435 11       		.uleb128 0x11
 680 0436 10040000 		.4byte	0x410
 681 043a 03       		.byte	0x3
 682 043b 00       		.byte	0
 683 043c 04       		.uleb128 0x4
 684 043d 32020000 		.4byte	.LASF76
ARM GAS  /tmp/ccRzCiZv.s 			page 13


 685 0441 08       		.byte	0x8
 686 0442 65       		.byte	0x65
 687 0443 DA020000 		.4byte	0x2da
 688 0447 04       		.uleb128 0x4
 689 0448 24030000 		.4byte	.LASF77
 690 044c 08       		.byte	0x8
 691 044d 6D       		.byte	0x6d
 692 044e CA000000 		.4byte	0xca
 693 0452 05       		.uleb128 0x5
 694 0453 37050000 		.4byte	.LASF78
 695 0457 04       		.byte	0x4
 696 0458 08       		.byte	0x8
 697 0459 89       		.byte	0x89
 698 045a 6B040000 		.4byte	0x46b
 699 045e 12       		.uleb128 0x12
 700 045f 72313300 		.ascii	"r13\000"
 701 0463 08       		.byte	0x8
 702 0464 8A       		.byte	0x8a
 703 0465 E6040000 		.4byte	0x4e6
 704 0469 00       		.byte	0
 705 046a 00       		.byte	0
 706 046b 05       		.uleb128 0x5
 707 046c 32000000 		.4byte	.LASF79
 708 0470 24       		.byte	0x24
 709 0471 09       		.byte	0x9
 710 0472 FD       		.byte	0xfd
 711 0473 E6040000 		.4byte	0x4e6
 712 0477 07       		.uleb128 0x7
 713 0478 723400   		.ascii	"r4\000"
 714 047b 09       		.byte	0x9
 715 047c 1001     		.2byte	0x110
 716 047e 3C040000 		.4byte	0x43c
 717 0482 00       		.byte	0
 718 0483 07       		.uleb128 0x7
 719 0484 723500   		.ascii	"r5\000"
 720 0487 09       		.byte	0x9
 721 0488 1101     		.2byte	0x111
 722 048a 3C040000 		.4byte	0x43c
 723 048e 04       		.byte	0x4
 724 048f 07       		.uleb128 0x7
 725 0490 723600   		.ascii	"r6\000"
 726 0493 09       		.byte	0x9
 727 0494 1201     		.2byte	0x112
 728 0496 3C040000 		.4byte	0x43c
 729 049a 08       		.byte	0x8
 730 049b 07       		.uleb128 0x7
 731 049c 723700   		.ascii	"r7\000"
 732 049f 09       		.byte	0x9
 733 04a0 1301     		.2byte	0x113
 734 04a2 3C040000 		.4byte	0x43c
 735 04a6 0C       		.byte	0xc
 736 04a7 07       		.uleb128 0x7
 737 04a8 723800   		.ascii	"r8\000"
 738 04ab 09       		.byte	0x9
 739 04ac 1401     		.2byte	0x114
 740 04ae 3C040000 		.4byte	0x43c
 741 04b2 10       		.byte	0x10
ARM GAS  /tmp/ccRzCiZv.s 			page 14


 742 04b3 07       		.uleb128 0x7
 743 04b4 723900   		.ascii	"r9\000"
 744 04b7 09       		.byte	0x9
 745 04b8 1501     		.2byte	0x115
 746 04ba 3C040000 		.4byte	0x43c
 747 04be 14       		.byte	0x14
 748 04bf 07       		.uleb128 0x7
 749 04c0 72313000 		.ascii	"r10\000"
 750 04c4 09       		.byte	0x9
 751 04c5 1601     		.2byte	0x116
 752 04c7 3C040000 		.4byte	0x43c
 753 04cb 18       		.byte	0x18
 754 04cc 07       		.uleb128 0x7
 755 04cd 72313100 		.ascii	"r11\000"
 756 04d1 09       		.byte	0x9
 757 04d2 1701     		.2byte	0x117
 758 04d4 3C040000 		.4byte	0x43c
 759 04d8 1C       		.byte	0x1c
 760 04d9 07       		.uleb128 0x7
 761 04da 6C7200   		.ascii	"lr\000"
 762 04dd 09       		.byte	0x9
 763 04de 1801     		.2byte	0x118
 764 04e0 3C040000 		.4byte	0x43c
 765 04e4 20       		.byte	0x20
 766 04e5 00       		.byte	0
 767 04e6 09       		.uleb128 0x9
 768 04e7 04       		.byte	0x4
 769 04e8 6B040000 		.4byte	0x46b
 770 04ec 13       		.uleb128 0x13
 771 04ed 04       		.byte	0x4
 772 04ee 0A       		.byte	0xa
 773 04ef 38       		.byte	0x38
 774 04f0 01050000 		.4byte	0x501
 775 04f4 06       		.uleb128 0x6
 776 04f5 23050000 		.4byte	.LASF80
 777 04f9 0A       		.byte	0xa
 778 04fa 3C       		.byte	0x3c
 779 04fb D5000000 		.4byte	0xd5
 780 04ff 00       		.byte	0
 781 0500 00       		.byte	0
 782 0501 04       		.uleb128 0x4
 783 0502 88030000 		.4byte	.LASF81
 784 0506 0A       		.byte	0xa
 785 0507 3D       		.byte	0x3d
 786 0508 EC040000 		.4byte	0x4ec
 787 050c 14       		.uleb128 0x14
 788 050d 04       		.byte	0x4
 789 050e 07       		.byte	0x7
 790 050f FA       		.byte	0xfa
 791 0510 69050000 		.4byte	0x569
 792 0514 15       		.uleb128 0x15
 793 0515 18000000 		.4byte	.LASF82
 794 0519 07       		.byte	0x7
 795 051a 0101     		.2byte	0x101
 796 051c 0C010000 		.4byte	0x10c
 797 0520 15       		.uleb128 0x15
 798 0521 64000000 		.4byte	.LASF83
ARM GAS  /tmp/ccRzCiZv.s 			page 15


 799 0525 07       		.byte	0x7
 800 0526 0801     		.2byte	0x108
 801 0528 0C010000 		.4byte	0x10c
 802 052c 15       		.uleb128 0x15
 803 052d A2050000 		.4byte	.LASF84
 804 0531 07       		.byte	0x7
 805 0532 0F01     		.2byte	0x10f
 806 0534 DA020000 		.4byte	0x2da
 807 0538 15       		.uleb128 0x15
 808 0539 12000000 		.4byte	.LASF85
 809 053d 07       		.byte	0x7
 810 053e 1601     		.2byte	0x116
 811 0540 69050000 		.4byte	0x569
 812 0544 15       		.uleb128 0x15
 813 0545 7C020000 		.4byte	.LASF86
 814 0549 07       		.byte	0x7
 815 054a 1E01     		.2byte	0x11e
 816 054c 94050000 		.4byte	0x594
 817 0550 15       		.uleb128 0x15
 818 0551 90040000 		.4byte	.LASF87
 819 0555 07       		.byte	0x7
 820 0556 2701     		.2byte	0x127
 821 0558 CB050000 		.4byte	0x5cb
 822 055c 15       		.uleb128 0x15
 823 055d 29040000 		.4byte	.LASF88
 824 0561 07       		.byte	0x7
 825 0562 2F01     		.2byte	0x12f
 826 0564 17010000 		.4byte	0x117
 827 0568 00       		.byte	0
 828 0569 09       		.uleb128 0x9
 829 056a 04       		.byte	0x4
 830 056b 0C020000 		.4byte	0x20c
 831 056f 05       		.uleb128 0x5
 832 0570 6A040000 		.4byte	.LASF89
 833 0574 0C       		.byte	0xc
 834 0575 0B       		.byte	0xb
 835 0576 34       		.byte	0x34
 836 0577 94050000 		.4byte	0x594
 837 057b 06       		.uleb128 0x6
 838 057c 04020000 		.4byte	.LASF90
 839 0580 0B       		.byte	0xb
 840 0581 35       		.byte	0x35
 841 0582 41020000 		.4byte	0x241
 842 0586 00       		.byte	0
 843 0587 06       		.uleb128 0x6
 844 0588 8E020000 		.4byte	.LASF91
 845 058c 0B       		.byte	0xb
 846 058d 37       		.byte	0x37
 847 058e 22010000 		.4byte	0x122
 848 0592 08       		.byte	0x8
 849 0593 00       		.byte	0
 850 0594 09       		.uleb128 0x9
 851 0595 04       		.byte	0x4
 852 0596 6F050000 		.4byte	0x56f
 853 059a 05       		.uleb128 0x5
 854 059b 76050000 		.4byte	.LASF92
 855 059f 10       		.byte	0x10
ARM GAS  /tmp/ccRzCiZv.s 			page 16


 856 05a0 0C       		.byte	0xc
 857 05a1 39       		.byte	0x39
 858 05a2 CB050000 		.4byte	0x5cb
 859 05a6 06       		.uleb128 0x6
 860 05a7 E2000000 		.4byte	.LASF93
 861 05ab 0C       		.byte	0xc
 862 05ac 3A       		.byte	0x3a
 863 05ad 41020000 		.4byte	0x241
 864 05b1 00       		.byte	0
 865 05b2 06       		.uleb128 0x6
 866 05b3 D5050000 		.4byte	.LASF94
 867 05b7 0C       		.byte	0xc
 868 05b8 3C       		.byte	0x3c
 869 05b9 17020000 		.4byte	0x217
 870 05bd 08       		.byte	0x8
 871 05be 06       		.uleb128 0x6
 872 05bf F4040000 		.4byte	.LASF95
 873 05c3 0C       		.byte	0xc
 874 05c4 3E       		.byte	0x3e
 875 05c5 0E060000 		.4byte	0x60e
 876 05c9 0C       		.byte	0xc
 877 05ca 00       		.byte	0
 878 05cb 09       		.uleb128 0x9
 879 05cc 04       		.byte	0x4
 880 05cd 9A050000 		.4byte	0x59a
 881 05d1 09       		.uleb128 0x9
 882 05d2 04       		.byte	0x4
 883 05d3 DC020000 		.4byte	0x2dc
 884 05d7 0F       		.uleb128 0xf
 885 05d8 2D010000 		.4byte	0x12d
 886 05dc 0F       		.uleb128 0xf
 887 05dd E1050000 		.4byte	0x5e1
 888 05e1 09       		.uleb128 0x9
 889 05e2 04       		.byte	0x4
 890 05e3 E7050000 		.4byte	0x5e7
 891 05e7 16       		.uleb128 0x16
 892 05e8 EC050000 		.4byte	0x5ec
 893 05ec 03       		.uleb128 0x3
 894 05ed 01       		.byte	0x1
 895 05ee 08       		.byte	0x8
 896 05ef D6040000 		.4byte	.LASF96
 897 05f3 10       		.uleb128 0x10
 898 05f4 47040000 		.4byte	0x447
 899 05f8 03060000 		.4byte	0x603
 900 05fc 11       		.uleb128 0x11
 901 05fd 10040000 		.4byte	0x410
 902 0601 19       		.byte	0x19
 903 0602 00       		.byte	0
 904 0603 04       		.uleb128 0x4
 905 0604 4A020000 		.4byte	.LASF97
 906 0608 0C       		.byte	0xc
 907 0609 34       		.byte	0x34
 908 060a 9A050000 		.4byte	0x59a
 909 060e 09       		.uleb128 0x9
 910 060f 04       		.byte	0x4
 911 0610 03060000 		.4byte	0x603
 912 0614 03       		.uleb128 0x3
ARM GAS  /tmp/ccRzCiZv.s 			page 17


 913 0615 01       		.byte	0x1
 914 0616 02       		.byte	0x2
 915 0617 EA030000 		.4byte	.LASF98
 916 061b 17       		.uleb128 0x17
 917 061c 60       		.byte	0x60
 918 061d 0D       		.byte	0xd
 919 061e A101     		.2byte	0x1a1
 920 0620 27070000 		.4byte	0x727
 921 0624 07       		.uleb128 0x7
 922 0625 43523100 		.ascii	"CR1\000"
 923 0629 0D       		.byte	0xd
 924 062a A201     		.2byte	0x1a2
 925 062c 17040000 		.4byte	0x417
 926 0630 00       		.byte	0
 927 0631 07       		.uleb128 0x7
 928 0632 43523200 		.ascii	"CR2\000"
 929 0636 0D       		.byte	0xd
 930 0637 A301     		.2byte	0x1a3
 931 0639 17040000 		.4byte	0x417
 932 063d 04       		.byte	0x4
 933 063e 08       		.uleb128 0x8
 934 063f 94020000 		.4byte	.LASF99
 935 0643 0D       		.byte	0xd
 936 0644 A401     		.2byte	0x1a4
 937 0646 17040000 		.4byte	0x417
 938 064a 08       		.byte	0x8
 939 064b 08       		.uleb128 0x8
 940 064c 0D000000 		.4byte	.LASF100
 941 0650 0D       		.byte	0xd
 942 0651 A501     		.2byte	0x1a5
 943 0653 17040000 		.4byte	0x417
 944 0657 0C       		.byte	0xc
 945 0658 07       		.uleb128 0x7
 946 0659 535200   		.ascii	"SR\000"
 947 065c 0D       		.byte	0xd
 948 065d A601     		.2byte	0x1a6
 949 065f 17040000 		.4byte	0x417
 950 0663 10       		.byte	0x10
 951 0664 07       		.uleb128 0x7
 952 0665 45475200 		.ascii	"EGR\000"
 953 0669 0D       		.byte	0xd
 954 066a A701     		.2byte	0x1a7
 955 066c 17040000 		.4byte	0x417
 956 0670 14       		.byte	0x14
 957 0671 08       		.uleb128 0x8
 958 0672 C4000000 		.4byte	.LASF101
 959 0676 0D       		.byte	0xd
 960 0677 A801     		.2byte	0x1a8
 961 0679 17040000 		.4byte	0x417
 962 067d 18       		.byte	0x18
 963 067e 08       		.uleb128 0x8
 964 067f CA000000 		.4byte	.LASF102
 965 0683 0D       		.byte	0xd
 966 0684 A901     		.2byte	0x1a9
 967 0686 17040000 		.4byte	0x417
 968 068a 1C       		.byte	0x1c
 969 068b 08       		.uleb128 0x8
ARM GAS  /tmp/ccRzCiZv.s 			page 18


 970 068c E8010000 		.4byte	.LASF103
 971 0690 0D       		.byte	0xd
 972 0691 AA01     		.2byte	0x1aa
 973 0693 17040000 		.4byte	0x417
 974 0697 20       		.byte	0x20
 975 0698 07       		.uleb128 0x7
 976 0699 434E5400 		.ascii	"CNT\000"
 977 069d 0D       		.byte	0xd
 978 069e AB01     		.2byte	0x1ab
 979 06a0 17040000 		.4byte	0x417
 980 06a4 24       		.byte	0x24
 981 06a5 07       		.uleb128 0x7
 982 06a6 50534300 		.ascii	"PSC\000"
 983 06aa 0D       		.byte	0xd
 984 06ab AC01     		.2byte	0x1ac
 985 06ad 17040000 		.4byte	0x417
 986 06b1 28       		.byte	0x28
 987 06b2 07       		.uleb128 0x7
 988 06b3 41525200 		.ascii	"ARR\000"
 989 06b7 0D       		.byte	0xd
 990 06b8 AD01     		.2byte	0x1ad
 991 06ba 17040000 		.4byte	0x417
 992 06be 2C       		.byte	0x2c
 993 06bf 07       		.uleb128 0x7
 994 06c0 52435200 		.ascii	"RCR\000"
 995 06c4 0D       		.byte	0xd
 996 06c5 AE01     		.2byte	0x1ae
 997 06c7 17040000 		.4byte	0x417
 998 06cb 30       		.byte	0x30
 999 06cc 07       		.uleb128 0x7
 1000 06cd 43435200 		.ascii	"CCR\000"
 1001 06d1 0D       		.byte	0xd
 1002 06d2 AF01     		.2byte	0x1af
 1003 06d4 27070000 		.4byte	0x727
 1004 06d8 34       		.byte	0x34
 1005 06d9 08       		.uleb128 0x8
 1006 06da A7000000 		.4byte	.LASF104
 1007 06de 0D       		.byte	0xd
 1008 06df B001     		.2byte	0x1b0
 1009 06e1 17040000 		.4byte	0x417
 1010 06e5 44       		.byte	0x44
 1011 06e6 07       		.uleb128 0x7
 1012 06e7 44435200 		.ascii	"DCR\000"
 1013 06eb 0D       		.byte	0xd
 1014 06ec B101     		.2byte	0x1b1
 1015 06ee 17040000 		.4byte	0x417
 1016 06f2 48       		.byte	0x48
 1017 06f3 08       		.uleb128 0x8
 1018 06f4 E6040000 		.4byte	.LASF105
 1019 06f8 0D       		.byte	0xd
 1020 06f9 B201     		.2byte	0x1b2
 1021 06fb 17040000 		.4byte	0x417
 1022 06ff 4C       		.byte	0x4c
 1023 0700 07       		.uleb128 0x7
 1024 0701 4F5200   		.ascii	"OR\000"
 1025 0704 0D       		.byte	0xd
 1026 0705 B301     		.2byte	0x1b3
ARM GAS  /tmp/ccRzCiZv.s 			page 19


 1027 0707 17040000 		.4byte	0x417
 1028 070b 50       		.byte	0x50
 1029 070c 08       		.uleb128 0x8
 1030 070d D0000000 		.4byte	.LASF106
 1031 0711 0D       		.byte	0xd
 1032 0712 B401     		.2byte	0x1b4
 1033 0714 17040000 		.4byte	0x417
 1034 0718 54       		.byte	0x54
 1035 0719 08       		.uleb128 0x8
 1036 071a 77040000 		.4byte	.LASF107
 1037 071e 0D       		.byte	0xd
 1038 071f B501     		.2byte	0x1b5
 1039 0721 2C070000 		.4byte	0x72c
 1040 0725 58       		.byte	0x58
 1041 0726 00       		.byte	0
 1042 0727 0F       		.uleb128 0xf
 1043 0728 2C040000 		.4byte	0x42c
 1044 072c 0F       		.uleb128 0xf
 1045 072d 1C040000 		.4byte	0x41c
 1046 0731 18       		.uleb128 0x18
 1047 0732 E1020000 		.4byte	.LASF108
 1048 0736 0D       		.byte	0xd
 1049 0737 B601     		.2byte	0x1b6
 1050 0739 1B060000 		.4byte	0x61b
 1051 073d 19       		.uleb128 0x19
 1052 073e 11030000 		.4byte	.LASF109
 1053 0742 02       		.byte	0x2
 1054 0743 99       		.byte	0x99
 1055 0744 03       		.byte	0x3
 1056 0745 55070000 		.4byte	0x755
 1057 0749 1A       		.uleb128 0x1a
 1058 074a 99030000 		.4byte	.LASF111
 1059 074e 02       		.byte	0x2
 1060 074f 99       		.byte	0x99
 1061 0750 2D010000 		.4byte	0x12d
 1062 0754 00       		.byte	0
 1063 0755 1B       		.uleb128 0x1b
 1064 0756 4D050000 		.4byte	.LASF121
 1065 075a 02       		.byte	0x2
 1066 075b A5       		.byte	0xa5
 1067 075c 03       		.byte	0x3
 1068 075d 19       		.uleb128 0x19
 1069 075e C4050000 		.4byte	.LASF110
 1070 0762 02       		.byte	0x2
 1071 0763 B1       		.byte	0xb1
 1072 0764 03       		.byte	0x3
 1073 0765 75070000 		.4byte	0x775
 1074 0769 1A       		.uleb128 0x1a
 1075 076a 99030000 		.4byte	.LASF111
 1076 076e 02       		.byte	0x2
 1077 076f B1       		.byte	0xb1
 1078 0770 2D010000 		.4byte	0x12d
 1079 0774 00       		.byte	0
 1080 0775 1C       		.uleb128 0x1c
 1081 0776 59040000 		.4byte	.LASF122
 1082 077a 02       		.byte	0x2
 1083 077b BD       		.byte	0xbd
ARM GAS  /tmp/ccRzCiZv.s 			page 20


 1084 077c 2D010000 		.4byte	0x12d
 1085 0780 03       		.byte	0x3
 1086 0781 1D       		.uleb128 0x1d
 1087 0782 7B030000 		.4byte	.LASF112
 1088 0786 01       		.byte	0x1
 1089 0787 3C       		.byte	0x3c
 1090 0788 00000000 		.4byte	.LFB207
 1091 078c 04000000 		.4byte	.LFE207-.LFB207
 1092 0790 01       		.uleb128 0x1
 1093 0791 9C       		.byte	0x9c
 1094 0792 A0070000 		.4byte	0x7a0
 1095 0796 1E       		.uleb128 0x1e
 1096 0797 04000000 		.4byte	.LVL0
 1097 079b C8080000 		.4byte	0x8c8
 1098 079f 00       		.byte	0
 1099 07a0 1D       		.uleb128 0x1d
 1100 07a1 2A050000 		.4byte	.LASF113
 1101 07a5 01       		.byte	0x1
 1102 07a6 4D       		.byte	0x4d
 1103 07a7 00000000 		.4byte	.LFB208
 1104 07ab 10000000 		.4byte	.LFE208-.LFB208
 1105 07af 01       		.uleb128 0x1
 1106 07b0 9C       		.byte	0x9c
 1107 07b1 E3070000 		.4byte	0x7e3
 1108 07b5 1F       		.uleb128 0x1f
 1109 07b6 B4050000 		.4byte	.LASF116
 1110 07ba 01       		.byte	0x1
 1111 07bb 4D       		.byte	0x4d
 1112 07bc 2D010000 		.4byte	0x12d
 1113 07c0 01       		.uleb128 0x1
 1114 07c1 50       		.byte	0x50
 1115 07c2 20       		.uleb128 0x20
 1116 07c3 3F040000 		.4byte	.LASF117
 1117 07c7 F3070000 		.4byte	0x7f3
 1118 07cb 21       		.uleb128 0x21
 1119 07cc 3D070000 		.4byte	0x73d
 1120 07d0 00000000 		.4byte	.LBB10
 1121 07d4 10000000 		.4byte	.LBE10-.LBB10
 1122 07d8 01       		.byte	0x1
 1123 07d9 51       		.byte	0x51
 1124 07da 22       		.uleb128 0x22
 1125 07db 49070000 		.4byte	0x749
 1126 07df 01       		.uleb128 0x1
 1127 07e0 50       		.byte	0x50
 1128 07e1 00       		.byte	0
 1129 07e2 00       		.byte	0
 1130 07e3 10       		.uleb128 0x10
 1131 07e4 EC050000 		.4byte	0x5ec
 1132 07e8 F3070000 		.4byte	0x7f3
 1133 07ec 11       		.uleb128 0x11
 1134 07ed 10040000 		.4byte	0x410
 1135 07f1 0C       		.byte	0xc
 1136 07f2 00       		.byte	0
 1137 07f3 16       		.uleb128 0x16
 1138 07f4 E3070000 		.4byte	0x7e3
 1139 07f8 1D       		.uleb128 0x1d
 1140 07f9 CA040000 		.4byte	.LASF114
ARM GAS  /tmp/ccRzCiZv.s 			page 21


 1141 07fd 01       		.byte	0x1
 1142 07fe 5B       		.byte	0x5b
 1143 07ff 00000000 		.4byte	.LFB209
 1144 0803 0A000000 		.4byte	.LFE209-.LFB209
 1145 0807 01       		.uleb128 0x1
 1146 0808 9C       		.byte	0x9c
 1147 0809 1D080000 		.4byte	0x81d
 1148 080d 23       		.uleb128 0x23
 1149 080e 55070000 		.4byte	0x755
 1150 0812 00000000 		.4byte	.LBB12
 1151 0816 0A000000 		.4byte	.LBE12-.LBB12
 1152 081a 01       		.byte	0x1
 1153 081b 5D       		.byte	0x5d
 1154 081c 00       		.byte	0
 1155 081d 1D       		.uleb128 0x1d
 1156 081e 8C050000 		.4byte	.LASF115
 1157 0822 01       		.byte	0x1
 1158 0823 69       		.byte	0x69
 1159 0824 00000000 		.4byte	.LFB210
 1160 0828 08000000 		.4byte	.LFE210-.LFB210
 1161 082c 01       		.uleb128 0x1
 1162 082d 9C       		.byte	0x9c
 1163 082e 60080000 		.4byte	0x860
 1164 0832 1F       		.uleb128 0x1f
 1165 0833 B4050000 		.4byte	.LASF116
 1166 0837 01       		.byte	0x1
 1167 0838 69       		.byte	0x69
 1168 0839 2D010000 		.4byte	0x12d
 1169 083d 01       		.uleb128 0x1
 1170 083e 50       		.byte	0x50
 1171 083f 20       		.uleb128 0x20
 1172 0840 3F040000 		.4byte	.LASF117
 1173 0844 70080000 		.4byte	0x870
 1174 0848 21       		.uleb128 0x21
 1175 0849 5D070000 		.4byte	0x75d
 1176 084d 00000000 		.4byte	.LBB14
 1177 0851 08000000 		.4byte	.LBE14-.LBB14
 1178 0855 01       		.byte	0x1
 1179 0856 6D       		.byte	0x6d
 1180 0857 22       		.uleb128 0x22
 1181 0858 69070000 		.4byte	0x769
 1182 085c 01       		.uleb128 0x1
 1183 085d 50       		.byte	0x50
 1184 085e 00       		.byte	0
 1185 085f 00       		.byte	0
 1186 0860 10       		.uleb128 0x10
 1187 0861 EC050000 		.4byte	0x5ec
 1188 0865 70080000 		.4byte	0x870
 1189 0869 11       		.uleb128 0x11
 1190 086a 10040000 		.4byte	0x410
 1191 086e 0A       		.byte	0xa
 1192 086f 00       		.byte	0
 1193 0870 16       		.uleb128 0x16
 1194 0871 60080000 		.4byte	0x860
 1195 0875 24       		.uleb128 0x24
 1196 0876 97050000 		.4byte	.LASF123
 1197 087a 01       		.byte	0x1
ARM GAS  /tmp/ccRzCiZv.s 			page 22


 1198 087b 79       		.byte	0x79
 1199 087c 2D010000 		.4byte	0x12d
 1200 0880 00000000 		.4byte	.LFB211
 1201 0884 0A000000 		.4byte	.LFE211-.LFB211
 1202 0888 01       		.uleb128 0x1
 1203 0889 9C       		.byte	0x9c
 1204 088a A7080000 		.4byte	0x8a7
 1205 088e 20       		.uleb128 0x20
 1206 088f 3F040000 		.4byte	.LASF117
 1207 0893 A7080000 		.4byte	0x8a7
 1208 0897 23       		.uleb128 0x23
 1209 0898 75070000 		.4byte	0x775
 1210 089c 00000000 		.4byte	.LBB16
 1211 08a0 06000000 		.4byte	.LBE16-.LBB16
 1212 08a4 01       		.byte	0x1
 1213 08a5 7D       		.byte	0x7d
 1214 08a6 00       		.byte	0
 1215 08a7 16       		.uleb128 0x16
 1216 08a8 60080000 		.4byte	0x860
 1217 08ac 25       		.uleb128 0x25
 1218 08ad 8E000000 		.4byte	.LASF118
 1219 08b1 0E       		.byte	0xe
 1220 08b2 5506     		.2byte	0x655
 1221 08b4 B8080000 		.4byte	0x8b8
 1222 08b8 0F       		.uleb128 0xf
 1223 08b9 B4000000 		.4byte	0xb4
 1224 08bd 26       		.uleb128 0x26
 1225 08be 636800   		.ascii	"ch\000"
 1226 08c1 07       		.byte	0x7
 1227 08c2 0902     		.2byte	0x209
 1228 08c4 A9030000 		.4byte	0x3a9
 1229 08c8 27       		.uleb128 0x27
 1230 08c9 9B000000 		.4byte	.LASF124
 1231 08cd 02       		.byte	0x2
 1232 08ce 7B       		.byte	0x7b
 1233 08cf 00       		.byte	0
 1234              		.section	.debug_abbrev,"",%progbits
 1235              	.Ldebug_abbrev0:
 1236 0000 01       		.uleb128 0x1
 1237 0001 11       		.uleb128 0x11
 1238 0002 01       		.byte	0x1
 1239 0003 25       		.uleb128 0x25
 1240 0004 0E       		.uleb128 0xe
 1241 0005 13       		.uleb128 0x13
 1242 0006 0B       		.uleb128 0xb
 1243 0007 03       		.uleb128 0x3
 1244 0008 0E       		.uleb128 0xe
 1245 0009 55       		.uleb128 0x55
 1246 000a 17       		.uleb128 0x17
 1247 000b 11       		.uleb128 0x11
 1248 000c 01       		.uleb128 0x1
 1249 000d 10       		.uleb128 0x10
 1250 000e 17       		.uleb128 0x17
 1251 000f 00       		.byte	0
 1252 0010 00       		.byte	0
 1253 0011 02       		.uleb128 0x2
 1254 0012 24       		.uleb128 0x24
ARM GAS  /tmp/ccRzCiZv.s 			page 23


 1255 0013 00       		.byte	0
 1256 0014 0B       		.uleb128 0xb
 1257 0015 0B       		.uleb128 0xb
 1258 0016 3E       		.uleb128 0x3e
 1259 0017 0B       		.uleb128 0xb
 1260 0018 03       		.uleb128 0x3
 1261 0019 08       		.uleb128 0x8
 1262 001a 00       		.byte	0
 1263 001b 00       		.byte	0
 1264 001c 03       		.uleb128 0x3
 1265 001d 24       		.uleb128 0x24
 1266 001e 00       		.byte	0
 1267 001f 0B       		.uleb128 0xb
 1268 0020 0B       		.uleb128 0xb
 1269 0021 3E       		.uleb128 0x3e
 1270 0022 0B       		.uleb128 0xb
 1271 0023 03       		.uleb128 0x3
 1272 0024 0E       		.uleb128 0xe
 1273 0025 00       		.byte	0
 1274 0026 00       		.byte	0
 1275 0027 04       		.uleb128 0x4
 1276 0028 16       		.uleb128 0x16
 1277 0029 00       		.byte	0
 1278 002a 03       		.uleb128 0x3
 1279 002b 0E       		.uleb128 0xe
 1280 002c 3A       		.uleb128 0x3a
 1281 002d 0B       		.uleb128 0xb
 1282 002e 3B       		.uleb128 0x3b
 1283 002f 0B       		.uleb128 0xb
 1284 0030 49       		.uleb128 0x49
 1285 0031 13       		.uleb128 0x13
 1286 0032 00       		.byte	0
 1287 0033 00       		.byte	0
 1288 0034 05       		.uleb128 0x5
 1289 0035 13       		.uleb128 0x13
 1290 0036 01       		.byte	0x1
 1291 0037 03       		.uleb128 0x3
 1292 0038 0E       		.uleb128 0xe
 1293 0039 0B       		.uleb128 0xb
 1294 003a 0B       		.uleb128 0xb
 1295 003b 3A       		.uleb128 0x3a
 1296 003c 0B       		.uleb128 0xb
 1297 003d 3B       		.uleb128 0x3b
 1298 003e 0B       		.uleb128 0xb
 1299 003f 01       		.uleb128 0x1
 1300 0040 13       		.uleb128 0x13
 1301 0041 00       		.byte	0
 1302 0042 00       		.byte	0
 1303 0043 06       		.uleb128 0x6
 1304 0044 0D       		.uleb128 0xd
 1305 0045 00       		.byte	0
 1306 0046 03       		.uleb128 0x3
 1307 0047 0E       		.uleb128 0xe
 1308 0048 3A       		.uleb128 0x3a
 1309 0049 0B       		.uleb128 0xb
 1310 004a 3B       		.uleb128 0x3b
 1311 004b 0B       		.uleb128 0xb
ARM GAS  /tmp/ccRzCiZv.s 			page 24


 1312 004c 49       		.uleb128 0x49
 1313 004d 13       		.uleb128 0x13
 1314 004e 38       		.uleb128 0x38
 1315 004f 0B       		.uleb128 0xb
 1316 0050 00       		.byte	0
 1317 0051 00       		.byte	0
 1318 0052 07       		.uleb128 0x7
 1319 0053 0D       		.uleb128 0xd
 1320 0054 00       		.byte	0
 1321 0055 03       		.uleb128 0x3
 1322 0056 08       		.uleb128 0x8
 1323 0057 3A       		.uleb128 0x3a
 1324 0058 0B       		.uleb128 0xb
 1325 0059 3B       		.uleb128 0x3b
 1326 005a 05       		.uleb128 0x5
 1327 005b 49       		.uleb128 0x49
 1328 005c 13       		.uleb128 0x13
 1329 005d 38       		.uleb128 0x38
 1330 005e 0B       		.uleb128 0xb
 1331 005f 00       		.byte	0
 1332 0060 00       		.byte	0
 1333 0061 08       		.uleb128 0x8
 1334 0062 0D       		.uleb128 0xd
 1335 0063 00       		.byte	0
 1336 0064 03       		.uleb128 0x3
 1337 0065 0E       		.uleb128 0xe
 1338 0066 3A       		.uleb128 0x3a
 1339 0067 0B       		.uleb128 0xb
 1340 0068 3B       		.uleb128 0x3b
 1341 0069 05       		.uleb128 0x5
 1342 006a 49       		.uleb128 0x49
 1343 006b 13       		.uleb128 0x13
 1344 006c 38       		.uleb128 0x38
 1345 006d 0B       		.uleb128 0xb
 1346 006e 00       		.byte	0
 1347 006f 00       		.byte	0
 1348 0070 09       		.uleb128 0x9
 1349 0071 0F       		.uleb128 0xf
 1350 0072 00       		.byte	0
 1351 0073 0B       		.uleb128 0xb
 1352 0074 0B       		.uleb128 0xb
 1353 0075 49       		.uleb128 0x49
 1354 0076 13       		.uleb128 0x13
 1355 0077 00       		.byte	0
 1356 0078 00       		.byte	0
 1357 0079 0A       		.uleb128 0xa
 1358 007a 13       		.uleb128 0x13
 1359 007b 01       		.byte	0x1
 1360 007c 03       		.uleb128 0x3
 1361 007d 0E       		.uleb128 0xe
 1362 007e 0B       		.uleb128 0xb
 1363 007f 0B       		.uleb128 0xb
 1364 0080 3A       		.uleb128 0x3a
 1365 0081 0B       		.uleb128 0xb
 1366 0082 3B       		.uleb128 0x3b
 1367 0083 05       		.uleb128 0x5
 1368 0084 01       		.uleb128 0x1
ARM GAS  /tmp/ccRzCiZv.s 			page 25


 1369 0085 13       		.uleb128 0x13
 1370 0086 00       		.byte	0
 1371 0087 00       		.byte	0
 1372 0088 0B       		.uleb128 0xb
 1373 0089 15       		.uleb128 0x15
 1374 008a 01       		.byte	0x1
 1375 008b 27       		.uleb128 0x27
 1376 008c 19       		.uleb128 0x19
 1377 008d 01       		.uleb128 0x1
 1378 008e 13       		.uleb128 0x13
 1379 008f 00       		.byte	0
 1380 0090 00       		.byte	0
 1381 0091 0C       		.uleb128 0xc
 1382 0092 05       		.uleb128 0x5
 1383 0093 00       		.byte	0
 1384 0094 49       		.uleb128 0x49
 1385 0095 13       		.uleb128 0x13
 1386 0096 00       		.byte	0
 1387 0097 00       		.byte	0
 1388 0098 0D       		.uleb128 0xd
 1389 0099 0F       		.uleb128 0xf
 1390 009a 00       		.byte	0
 1391 009b 0B       		.uleb128 0xb
 1392 009c 0B       		.uleb128 0xb
 1393 009d 00       		.byte	0
 1394 009e 00       		.byte	0
 1395 009f 0E       		.uleb128 0xe
 1396 00a0 13       		.uleb128 0x13
 1397 00a1 01       		.byte	0x1
 1398 00a2 03       		.uleb128 0x3
 1399 00a3 0E       		.uleb128 0xe
 1400 00a4 0B       		.uleb128 0xb
 1401 00a5 05       		.uleb128 0x5
 1402 00a6 3A       		.uleb128 0x3a
 1403 00a7 0B       		.uleb128 0xb
 1404 00a8 3B       		.uleb128 0x3b
 1405 00a9 05       		.uleb128 0x5
 1406 00aa 01       		.uleb128 0x1
 1407 00ab 13       		.uleb128 0x13
 1408 00ac 00       		.byte	0
 1409 00ad 00       		.byte	0
 1410 00ae 0F       		.uleb128 0xf
 1411 00af 35       		.uleb128 0x35
 1412 00b0 00       		.byte	0
 1413 00b1 49       		.uleb128 0x49
 1414 00b2 13       		.uleb128 0x13
 1415 00b3 00       		.byte	0
 1416 00b4 00       		.byte	0
 1417 00b5 10       		.uleb128 0x10
 1418 00b6 01       		.uleb128 0x1
 1419 00b7 01       		.byte	0x1
 1420 00b8 49       		.uleb128 0x49
 1421 00b9 13       		.uleb128 0x13
 1422 00ba 01       		.uleb128 0x1
 1423 00bb 13       		.uleb128 0x13
 1424 00bc 00       		.byte	0
 1425 00bd 00       		.byte	0
ARM GAS  /tmp/ccRzCiZv.s 			page 26


 1426 00be 11       		.uleb128 0x11
 1427 00bf 21       		.uleb128 0x21
 1428 00c0 00       		.byte	0
 1429 00c1 49       		.uleb128 0x49
 1430 00c2 13       		.uleb128 0x13
 1431 00c3 2F       		.uleb128 0x2f
 1432 00c4 0B       		.uleb128 0xb
 1433 00c5 00       		.byte	0
 1434 00c6 00       		.byte	0
 1435 00c7 12       		.uleb128 0x12
 1436 00c8 0D       		.uleb128 0xd
 1437 00c9 00       		.byte	0
 1438 00ca 03       		.uleb128 0x3
 1439 00cb 08       		.uleb128 0x8
 1440 00cc 3A       		.uleb128 0x3a
 1441 00cd 0B       		.uleb128 0xb
 1442 00ce 3B       		.uleb128 0x3b
 1443 00cf 0B       		.uleb128 0xb
 1444 00d0 49       		.uleb128 0x49
 1445 00d1 13       		.uleb128 0x13
 1446 00d2 38       		.uleb128 0x38
 1447 00d3 0B       		.uleb128 0xb
 1448 00d4 00       		.byte	0
 1449 00d5 00       		.byte	0
 1450 00d6 13       		.uleb128 0x13
 1451 00d7 13       		.uleb128 0x13
 1452 00d8 01       		.byte	0x1
 1453 00d9 0B       		.uleb128 0xb
 1454 00da 0B       		.uleb128 0xb
 1455 00db 3A       		.uleb128 0x3a
 1456 00dc 0B       		.uleb128 0xb
 1457 00dd 3B       		.uleb128 0x3b
 1458 00de 0B       		.uleb128 0xb
 1459 00df 01       		.uleb128 0x1
 1460 00e0 13       		.uleb128 0x13
 1461 00e1 00       		.byte	0
 1462 00e2 00       		.byte	0
 1463 00e3 14       		.uleb128 0x14
 1464 00e4 17       		.uleb128 0x17
 1465 00e5 01       		.byte	0x1
 1466 00e6 0B       		.uleb128 0xb
 1467 00e7 0B       		.uleb128 0xb
 1468 00e8 3A       		.uleb128 0x3a
 1469 00e9 0B       		.uleb128 0xb
 1470 00ea 3B       		.uleb128 0x3b
 1471 00eb 0B       		.uleb128 0xb
 1472 00ec 01       		.uleb128 0x1
 1473 00ed 13       		.uleb128 0x13
 1474 00ee 00       		.byte	0
 1475 00ef 00       		.byte	0
 1476 00f0 15       		.uleb128 0x15
 1477 00f1 0D       		.uleb128 0xd
 1478 00f2 00       		.byte	0
 1479 00f3 03       		.uleb128 0x3
 1480 00f4 0E       		.uleb128 0xe
 1481 00f5 3A       		.uleb128 0x3a
 1482 00f6 0B       		.uleb128 0xb
ARM GAS  /tmp/ccRzCiZv.s 			page 27


 1483 00f7 3B       		.uleb128 0x3b
 1484 00f8 05       		.uleb128 0x5
 1485 00f9 49       		.uleb128 0x49
 1486 00fa 13       		.uleb128 0x13
 1487 00fb 00       		.byte	0
 1488 00fc 00       		.byte	0
 1489 00fd 16       		.uleb128 0x16
 1490 00fe 26       		.uleb128 0x26
 1491 00ff 00       		.byte	0
 1492 0100 49       		.uleb128 0x49
 1493 0101 13       		.uleb128 0x13
 1494 0102 00       		.byte	0
 1495 0103 00       		.byte	0
 1496 0104 17       		.uleb128 0x17
 1497 0105 13       		.uleb128 0x13
 1498 0106 01       		.byte	0x1
 1499 0107 0B       		.uleb128 0xb
 1500 0108 0B       		.uleb128 0xb
 1501 0109 3A       		.uleb128 0x3a
 1502 010a 0B       		.uleb128 0xb
 1503 010b 3B       		.uleb128 0x3b
 1504 010c 05       		.uleb128 0x5
 1505 010d 01       		.uleb128 0x1
 1506 010e 13       		.uleb128 0x13
 1507 010f 00       		.byte	0
 1508 0110 00       		.byte	0
 1509 0111 18       		.uleb128 0x18
 1510 0112 16       		.uleb128 0x16
 1511 0113 00       		.byte	0
 1512 0114 03       		.uleb128 0x3
 1513 0115 0E       		.uleb128 0xe
 1514 0116 3A       		.uleb128 0x3a
 1515 0117 0B       		.uleb128 0xb
 1516 0118 3B       		.uleb128 0x3b
 1517 0119 05       		.uleb128 0x5
 1518 011a 49       		.uleb128 0x49
 1519 011b 13       		.uleb128 0x13
 1520 011c 00       		.byte	0
 1521 011d 00       		.byte	0
 1522 011e 19       		.uleb128 0x19
 1523 011f 2E       		.uleb128 0x2e
 1524 0120 01       		.byte	0x1
 1525 0121 03       		.uleb128 0x3
 1526 0122 0E       		.uleb128 0xe
 1527 0123 3A       		.uleb128 0x3a
 1528 0124 0B       		.uleb128 0xb
 1529 0125 3B       		.uleb128 0x3b
 1530 0126 0B       		.uleb128 0xb
 1531 0127 27       		.uleb128 0x27
 1532 0128 19       		.uleb128 0x19
 1533 0129 20       		.uleb128 0x20
 1534 012a 0B       		.uleb128 0xb
 1535 012b 01       		.uleb128 0x1
 1536 012c 13       		.uleb128 0x13
 1537 012d 00       		.byte	0
 1538 012e 00       		.byte	0
 1539 012f 1A       		.uleb128 0x1a
ARM GAS  /tmp/ccRzCiZv.s 			page 28


 1540 0130 05       		.uleb128 0x5
 1541 0131 00       		.byte	0
 1542 0132 03       		.uleb128 0x3
 1543 0133 0E       		.uleb128 0xe
 1544 0134 3A       		.uleb128 0x3a
 1545 0135 0B       		.uleb128 0xb
 1546 0136 3B       		.uleb128 0x3b
 1547 0137 0B       		.uleb128 0xb
 1548 0138 49       		.uleb128 0x49
 1549 0139 13       		.uleb128 0x13
 1550 013a 00       		.byte	0
 1551 013b 00       		.byte	0
 1552 013c 1B       		.uleb128 0x1b
 1553 013d 2E       		.uleb128 0x2e
 1554 013e 00       		.byte	0
 1555 013f 03       		.uleb128 0x3
 1556 0140 0E       		.uleb128 0xe
 1557 0141 3A       		.uleb128 0x3a
 1558 0142 0B       		.uleb128 0xb
 1559 0143 3B       		.uleb128 0x3b
 1560 0144 0B       		.uleb128 0xb
 1561 0145 27       		.uleb128 0x27
 1562 0146 19       		.uleb128 0x19
 1563 0147 20       		.uleb128 0x20
 1564 0148 0B       		.uleb128 0xb
 1565 0149 00       		.byte	0
 1566 014a 00       		.byte	0
 1567 014b 1C       		.uleb128 0x1c
 1568 014c 2E       		.uleb128 0x2e
 1569 014d 00       		.byte	0
 1570 014e 03       		.uleb128 0x3
 1571 014f 0E       		.uleb128 0xe
 1572 0150 3A       		.uleb128 0x3a
 1573 0151 0B       		.uleb128 0xb
 1574 0152 3B       		.uleb128 0x3b
 1575 0153 0B       		.uleb128 0xb
 1576 0154 27       		.uleb128 0x27
 1577 0155 19       		.uleb128 0x19
 1578 0156 49       		.uleb128 0x49
 1579 0157 13       		.uleb128 0x13
 1580 0158 20       		.uleb128 0x20
 1581 0159 0B       		.uleb128 0xb
 1582 015a 00       		.byte	0
 1583 015b 00       		.byte	0
 1584 015c 1D       		.uleb128 0x1d
 1585 015d 2E       		.uleb128 0x2e
 1586 015e 01       		.byte	0x1
 1587 015f 3F       		.uleb128 0x3f
 1588 0160 19       		.uleb128 0x19
 1589 0161 03       		.uleb128 0x3
 1590 0162 0E       		.uleb128 0xe
 1591 0163 3A       		.uleb128 0x3a
 1592 0164 0B       		.uleb128 0xb
 1593 0165 3B       		.uleb128 0x3b
 1594 0166 0B       		.uleb128 0xb
 1595 0167 27       		.uleb128 0x27
 1596 0168 19       		.uleb128 0x19
ARM GAS  /tmp/ccRzCiZv.s 			page 29


 1597 0169 11       		.uleb128 0x11
 1598 016a 01       		.uleb128 0x1
 1599 016b 12       		.uleb128 0x12
 1600 016c 06       		.uleb128 0x6
 1601 016d 40       		.uleb128 0x40
 1602 016e 18       		.uleb128 0x18
 1603 016f 9742     		.uleb128 0x2117
 1604 0171 19       		.uleb128 0x19
 1605 0172 01       		.uleb128 0x1
 1606 0173 13       		.uleb128 0x13
 1607 0174 00       		.byte	0
 1608 0175 00       		.byte	0
 1609 0176 1E       		.uleb128 0x1e
 1610 0177 898201   		.uleb128 0x4109
 1611 017a 00       		.byte	0
 1612 017b 11       		.uleb128 0x11
 1613 017c 01       		.uleb128 0x1
 1614 017d 9542     		.uleb128 0x2115
 1615 017f 19       		.uleb128 0x19
 1616 0180 31       		.uleb128 0x31
 1617 0181 13       		.uleb128 0x13
 1618 0182 00       		.byte	0
 1619 0183 00       		.byte	0
 1620 0184 1F       		.uleb128 0x1f
 1621 0185 05       		.uleb128 0x5
 1622 0186 00       		.byte	0
 1623 0187 03       		.uleb128 0x3
 1624 0188 0E       		.uleb128 0xe
 1625 0189 3A       		.uleb128 0x3a
 1626 018a 0B       		.uleb128 0xb
 1627 018b 3B       		.uleb128 0x3b
 1628 018c 0B       		.uleb128 0xb
 1629 018d 49       		.uleb128 0x49
 1630 018e 13       		.uleb128 0x13
 1631 018f 02       		.uleb128 0x2
 1632 0190 18       		.uleb128 0x18
 1633 0191 00       		.byte	0
 1634 0192 00       		.byte	0
 1635 0193 20       		.uleb128 0x20
 1636 0194 34       		.uleb128 0x34
 1637 0195 00       		.byte	0
 1638 0196 03       		.uleb128 0x3
 1639 0197 0E       		.uleb128 0xe
 1640 0198 49       		.uleb128 0x49
 1641 0199 13       		.uleb128 0x13
 1642 019a 34       		.uleb128 0x34
 1643 019b 19       		.uleb128 0x19
 1644 019c 00       		.byte	0
 1645 019d 00       		.byte	0
 1646 019e 21       		.uleb128 0x21
 1647 019f 1D       		.uleb128 0x1d
 1648 01a0 01       		.byte	0x1
 1649 01a1 31       		.uleb128 0x31
 1650 01a2 13       		.uleb128 0x13
 1651 01a3 11       		.uleb128 0x11
 1652 01a4 01       		.uleb128 0x1
 1653 01a5 12       		.uleb128 0x12
ARM GAS  /tmp/ccRzCiZv.s 			page 30


 1654 01a6 06       		.uleb128 0x6
 1655 01a7 58       		.uleb128 0x58
 1656 01a8 0B       		.uleb128 0xb
 1657 01a9 59       		.uleb128 0x59
 1658 01aa 0B       		.uleb128 0xb
 1659 01ab 00       		.byte	0
 1660 01ac 00       		.byte	0
 1661 01ad 22       		.uleb128 0x22
 1662 01ae 05       		.uleb128 0x5
 1663 01af 00       		.byte	0
 1664 01b0 31       		.uleb128 0x31
 1665 01b1 13       		.uleb128 0x13
 1666 01b2 02       		.uleb128 0x2
 1667 01b3 18       		.uleb128 0x18
 1668 01b4 00       		.byte	0
 1669 01b5 00       		.byte	0
 1670 01b6 23       		.uleb128 0x23
 1671 01b7 1D       		.uleb128 0x1d
 1672 01b8 00       		.byte	0
 1673 01b9 31       		.uleb128 0x31
 1674 01ba 13       		.uleb128 0x13
 1675 01bb 11       		.uleb128 0x11
 1676 01bc 01       		.uleb128 0x1
 1677 01bd 12       		.uleb128 0x12
 1678 01be 06       		.uleb128 0x6
 1679 01bf 58       		.uleb128 0x58
 1680 01c0 0B       		.uleb128 0xb
 1681 01c1 59       		.uleb128 0x59
 1682 01c2 0B       		.uleb128 0xb
 1683 01c3 00       		.byte	0
 1684 01c4 00       		.byte	0
 1685 01c5 24       		.uleb128 0x24
 1686 01c6 2E       		.uleb128 0x2e
 1687 01c7 01       		.byte	0x1
 1688 01c8 3F       		.uleb128 0x3f
 1689 01c9 19       		.uleb128 0x19
 1690 01ca 03       		.uleb128 0x3
 1691 01cb 0E       		.uleb128 0xe
 1692 01cc 3A       		.uleb128 0x3a
 1693 01cd 0B       		.uleb128 0xb
 1694 01ce 3B       		.uleb128 0x3b
 1695 01cf 0B       		.uleb128 0xb
 1696 01d0 27       		.uleb128 0x27
 1697 01d1 19       		.uleb128 0x19
 1698 01d2 49       		.uleb128 0x49
 1699 01d3 13       		.uleb128 0x13
 1700 01d4 11       		.uleb128 0x11
 1701 01d5 01       		.uleb128 0x1
 1702 01d6 12       		.uleb128 0x12
 1703 01d7 06       		.uleb128 0x6
 1704 01d8 40       		.uleb128 0x40
 1705 01d9 18       		.uleb128 0x18
 1706 01da 9742     		.uleb128 0x2117
 1707 01dc 19       		.uleb128 0x19
 1708 01dd 01       		.uleb128 0x1
 1709 01de 13       		.uleb128 0x13
 1710 01df 00       		.byte	0
ARM GAS  /tmp/ccRzCiZv.s 			page 31


 1711 01e0 00       		.byte	0
 1712 01e1 25       		.uleb128 0x25
 1713 01e2 34       		.uleb128 0x34
 1714 01e3 00       		.byte	0
 1715 01e4 03       		.uleb128 0x3
 1716 01e5 0E       		.uleb128 0xe
 1717 01e6 3A       		.uleb128 0x3a
 1718 01e7 0B       		.uleb128 0xb
 1719 01e8 3B       		.uleb128 0x3b
 1720 01e9 05       		.uleb128 0x5
 1721 01ea 49       		.uleb128 0x49
 1722 01eb 13       		.uleb128 0x13
 1723 01ec 3F       		.uleb128 0x3f
 1724 01ed 19       		.uleb128 0x19
 1725 01ee 3C       		.uleb128 0x3c
 1726 01ef 19       		.uleb128 0x19
 1727 01f0 00       		.byte	0
 1728 01f1 00       		.byte	0
 1729 01f2 26       		.uleb128 0x26
 1730 01f3 34       		.uleb128 0x34
 1731 01f4 00       		.byte	0
 1732 01f5 03       		.uleb128 0x3
 1733 01f6 08       		.uleb128 0x8
 1734 01f7 3A       		.uleb128 0x3a
 1735 01f8 0B       		.uleb128 0xb
 1736 01f9 3B       		.uleb128 0x3b
 1737 01fa 05       		.uleb128 0x5
 1738 01fb 49       		.uleb128 0x49
 1739 01fc 13       		.uleb128 0x13
 1740 01fd 3F       		.uleb128 0x3f
 1741 01fe 19       		.uleb128 0x19
 1742 01ff 3C       		.uleb128 0x3c
 1743 0200 19       		.uleb128 0x19
 1744 0201 00       		.byte	0
 1745 0202 00       		.byte	0
 1746 0203 27       		.uleb128 0x27
 1747 0204 2E       		.uleb128 0x2e
 1748 0205 00       		.byte	0
 1749 0206 3F       		.uleb128 0x3f
 1750 0207 19       		.uleb128 0x19
 1751 0208 03       		.uleb128 0x3
 1752 0209 0E       		.uleb128 0xe
 1753 020a 3A       		.uleb128 0x3a
 1754 020b 0B       		.uleb128 0xb
 1755 020c 3B       		.uleb128 0x3b
 1756 020d 0B       		.uleb128 0xb
 1757 020e 27       		.uleb128 0x27
 1758 020f 19       		.uleb128 0x19
 1759 0210 3C       		.uleb128 0x3c
 1760 0211 19       		.uleb128 0x19
 1761 0212 00       		.byte	0
 1762 0213 00       		.byte	0
 1763 0214 00       		.byte	0
 1764              		.section	.debug_aranges,"",%progbits
 1765 0000 3C000000 		.4byte	0x3c
 1766 0004 0200     		.2byte	0x2
 1767 0006 00000000 		.4byte	.Ldebug_info0
ARM GAS  /tmp/ccRzCiZv.s 			page 32


 1768 000a 04       		.byte	0x4
 1769 000b 00       		.byte	0
 1770 000c 0000     		.2byte	0
 1771 000e 0000     		.2byte	0
 1772 0010 00000000 		.4byte	.LFB207
 1773 0014 04000000 		.4byte	.LFE207-.LFB207
 1774 0018 00000000 		.4byte	.LFB208
 1775 001c 10000000 		.4byte	.LFE208-.LFB208
 1776 0020 00000000 		.4byte	.LFB209
 1777 0024 0A000000 		.4byte	.LFE209-.LFB209
 1778 0028 00000000 		.4byte	.LFB210
 1779 002c 08000000 		.4byte	.LFE210-.LFB210
 1780 0030 00000000 		.4byte	.LFB211
 1781 0034 0A000000 		.4byte	.LFE211-.LFB211
 1782 0038 00000000 		.4byte	0
 1783 003c 00000000 		.4byte	0
 1784              		.section	.debug_ranges,"",%progbits
 1785              	.Ldebug_ranges0:
 1786 0000 00000000 		.4byte	.LFB207
 1787 0004 04000000 		.4byte	.LFE207
 1788 0008 00000000 		.4byte	.LFB208
 1789 000c 10000000 		.4byte	.LFE208
 1790 0010 00000000 		.4byte	.LFB209
 1791 0014 0A000000 		.4byte	.LFE209
 1792 0018 00000000 		.4byte	.LFB210
 1793 001c 08000000 		.4byte	.LFE210
 1794 0020 00000000 		.4byte	.LFB211
 1795 0024 0A000000 		.4byte	.LFE211
 1796 0028 00000000 		.4byte	0
 1797 002c 00000000 		.4byte	0
 1798              		.section	.debug_line,"",%progbits
 1799              	.Ldebug_line0:
 1800 0000 FA020000 		.section	.debug_str,"MS",%progbits,1
 1800      02008102 
 1800      00000201 
 1800      FB0E0D00 
 1800      01010101 
 1801              	.LASF49:
 1802 0000 72656164 		.ascii	"ready_list_t\000"
 1802      795F6C69 
 1802      73745F74 
 1802      00
 1803              	.LASF100:
 1804 000d 44494552 		.ascii	"DIER\000"
 1804      00
 1805              	.LASF85:
 1806 0012 77747472 		.ascii	"wttrp\000"
 1806      7000
 1807              	.LASF82:
 1808 0018 7264796D 		.ascii	"rdymsg\000"
 1808      736700
 1809              	.LASF18:
 1810 001f 75696E74 		.ascii	"uint64_t\000"
 1810      36345F74 
 1810      00
 1811              	.LASF4:
 1812 0028 5F5F7569 		.ascii	"__uint8_t\000"
ARM GAS  /tmp/ccRzCiZv.s 			page 33


 1812      6E74385F 
 1812      7400
 1813              	.LASF79:
 1814 0032 706F7274 		.ascii	"port_intctx\000"
 1814      5F696E74 
 1814      63747800 
 1815              	.LASF66:
 1816 003e 73797374 		.ascii	"system_debug_t\000"
 1816      656D5F64 
 1816      65627567 
 1816      5F7400
 1817              	.LASF13:
 1818 004d 6C6F6E67 		.ascii	"long long unsigned int\000"
 1818      206C6F6E 
 1818      6720756E 
 1818      7369676E 
 1818      65642069 
 1819              	.LASF83:
 1820 0064 65786974 		.ascii	"exitcode\000"
 1820      636F6465 
 1820      00
 1821              	.LASF73:
 1822 006d 6D61696E 		.ascii	"mainthread\000"
 1822      74687265 
 1822      616400
 1823              	.LASF63:
 1824 0078 76697274 		.ascii	"virtual_timers_list_t\000"
 1824      75616C5F 
 1824      74696D65 
 1824      72735F6C 
 1824      6973745F 
 1825              	.LASF118:
 1826 008e 49544D5F 		.ascii	"ITM_RxBuffer\000"
 1826      52784275 
 1826      66666572 
 1826      00
 1827              	.LASF124:
 1828 009b 73745F6C 		.ascii	"st_lld_init\000"
 1828      6C645F69 
 1828      6E697400 
 1829              	.LASF104:
 1830 00a7 42445452 		.ascii	"BDTR\000"
 1830      00
 1831              	.LASF48:
 1832 00ac 63685F74 		.ascii	"ch_threads_queue\000"
 1832      68726561 
 1832      64735F71 
 1832      75657565 
 1832      00
 1833              	.LASF31:
 1834 00bd 705F7072 		.ascii	"p_prio\000"
 1834      696F00
 1835              	.LASF101:
 1836 00c4 43434D52 		.ascii	"CCMR1\000"
 1836      3100
 1837              	.LASF102:
 1838 00ca 43434D52 		.ascii	"CCMR2\000"
ARM GAS  /tmp/ccRzCiZv.s 			page 34


 1838      3200
 1839              	.LASF106:
 1840 00d0 43434D52 		.ascii	"CCMR3\000"
 1840      3300
 1841              	.LASF1:
 1842 00d6 7369676E 		.ascii	"signed char\000"
 1842      65642063 
 1842      68617200 
 1843              	.LASF93:
 1844 00e2 6D5F7175 		.ascii	"m_queue\000"
 1844      65756500 
 1845              	.LASF119:
 1846 00ea 474E5520 		.ascii	"GNU C 4.9.3 20150529 (release) [ARM/embedded-4_9-br"
 1846      4320342E 
 1846      392E3320 
 1846      32303135 
 1846      30353239 
 1847 011d 616E6368 		.ascii	"anch revision 224288] -mcpu=cortex-m3 -mno-thumb-in"
 1847      20726576 
 1847      6973696F 
 1847      6E203232 
 1847      34323838 
 1848 0150 74657277 		.ascii	"terwork -mthumb -ggdb -O2 -fomit-frame-pointer -fal"
 1848      6F726B20 
 1848      2D6D7468 
 1848      756D6220 
 1848      2D676764 
 1849 0183 69676E2D 		.ascii	"ign-functions=16 -ffunction-sections -fdata-section"
 1849      66756E63 
 1849      74696F6E 
 1849      733D3136 
 1849      202D6666 
 1850 01b6 73202D66 		.ascii	"s -fno-common\000"
 1850      6E6F2D63 
 1850      6F6D6D6F 
 1850      6E00
 1851              	.LASF70:
 1852 01c4 63685F73 		.ascii	"ch_system\000"
 1852      79737465 
 1852      6D00
 1853              	.LASF8:
 1854 01ce 6C6F6E67 		.ascii	"long int\000"
 1854      20696E74 
 1854      00
 1855              	.LASF20:
 1856 01d7 746D6F64 		.ascii	"tmode_t\000"
 1856      655F7400 
 1857              	.LASF21:
 1858 01df 74737461 		.ascii	"tstate_t\000"
 1858      74655F74 
 1858      00
 1859              	.LASF103:
 1860 01e8 43434552 		.ascii	"CCER\000"
 1860      00
 1861              	.LASF11:
 1862 01ed 6C6F6E67 		.ascii	"long long int\000"
 1862      206C6F6E 
ARM GAS  /tmp/ccRzCiZv.s 			page 35


 1862      6720696E 
 1862      7400
 1863              	.LASF15:
 1864 01fb 75696E74 		.ascii	"uint16_t\000"
 1864      31365F74 
 1864      00
 1865              	.LASF90:
 1866 0204 735F7175 		.ascii	"s_queue\000"
 1866      65756500 
 1867              	.LASF6:
 1868 020c 73686F72 		.ascii	"short unsigned int\000"
 1868      7420756E 
 1868      7369676E 
 1868      65642069 
 1868      6E7400
 1869              	.LASF9:
 1870 021f 5F5F7569 		.ascii	"__uint32_t\000"
 1870      6E743332 
 1870      5F7400
 1871              	.LASF42:
 1872 022a 705F6D70 		.ascii	"p_mpool\000"
 1872      6F6F6C00 
 1873              	.LASF76:
 1874 0232 72656761 		.ascii	"regarm_t\000"
 1874      726D5F74 
 1874      00
 1875              	.LASF59:
 1876 023b 76745F70 		.ascii	"vt_prev\000"
 1876      72657600 
 1877              	.LASF72:
 1878 0243 76746C69 		.ascii	"vtlist\000"
 1878      737400
 1879              	.LASF97:
 1880 024a 6D757465 		.ascii	"mutex_t\000"
 1880      785F7400 
 1881              	.LASF74:
 1882 0252 69646C65 		.ascii	"idle_thread_wa\000"
 1882      5F746872 
 1882      6561645F 
 1882      776100
 1883              	.LASF26:
 1884 0261 636E745F 		.ascii	"cnt_t\000"
 1884      7400
 1885              	.LASF0:
 1886 0267 756E7369 		.ascii	"unsigned int\000"
 1886      676E6564 
 1886      20696E74 
 1886      00
 1887              	.LASF58:
 1888 0274 76745F6E 		.ascii	"vt_next\000"
 1888      65787400 
 1889              	.LASF86:
 1890 027c 77747365 		.ascii	"wtsemp\000"
 1890      6D7000
 1891              	.LASF37:
 1892 0283 705F6D73 		.ascii	"p_msgqueue\000"
 1892      67717565 
ARM GAS  /tmp/ccRzCiZv.s 			page 36


 1892      756500
 1893              	.LASF91:
 1894 028e 735F636E 		.ascii	"s_cnt\000"
 1894      7400
 1895              	.LASF99:
 1896 0294 534D4352 		.ascii	"SMCR\000"
 1896      00
 1897              	.LASF45:
 1898 0299 63685F74 		.ascii	"ch_thread\000"
 1898      68726561 
 1898      6400
 1899              	.LASF120:
 1900 02a3 2F686F6D 		.ascii	"/home/maciek/ChibiOS_16.1.5/os/hal/src/st.c\000"
 1900      652F6D61 
 1900      6369656B 
 1900      2F436869 
 1900      62694F53 
 1901              	.LASF24:
 1902 02cf 6D73675F 		.ascii	"msg_t\000"
 1902      7400
 1903              	.LASF69:
 1904 02d5 63685F73 		.ascii	"ch_system_t\000"
 1904      79737465 
 1904      6D5F7400 
 1905              	.LASF108:
 1906 02e1 73746D33 		.ascii	"stm32_tim_t\000"
 1906      325F7469 
 1906      6D5F7400 
 1907              	.LASF50:
 1908 02ed 63685F72 		.ascii	"ch_ready_list\000"
 1908      65616479 
 1908      5F6C6973 
 1908      7400
 1909              	.LASF25:
 1910 02fb 6576656E 		.ascii	"eventmask_t\000"
 1910      746D6173 
 1910      6B5F7400 
 1911              	.LASF7:
 1912 0307 5F5F696E 		.ascii	"__int32_t\000"
 1912      7433325F 
 1912      7400
 1913              	.LASF109:
 1914 0311 73745F6C 		.ascii	"st_lld_start_alarm\000"
 1914      6C645F73 
 1914      74617274 
 1914      5F616C61 
 1914      726D00
 1915              	.LASF77:
 1916 0324 73746B61 		.ascii	"stkalign_t\000"
 1916      6C69676E 
 1916      5F7400
 1917              	.LASF44:
 1918 032f 74687265 		.ascii	"threads_list_t\000"
 1918      6164735F 
 1918      6C697374 
 1918      5F7400
 1919              	.LASF36:
ARM GAS  /tmp/ccRzCiZv.s 			page 37


 1920 033e 705F7761 		.ascii	"p_waiting\000"
 1920      6974696E 
 1920      6700
 1921              	.LASF75:
 1922 0348 73697A65 		.ascii	"sizetype\000"
 1922      74797065 
 1922      00
 1923              	.LASF43:
 1924 0351 74687265 		.ascii	"thread_reference_t\000"
 1924      61645F72 
 1924      65666572 
 1924      656E6365 
 1924      5F7400
 1925              	.LASF64:
 1926 0364 63685F76 		.ascii	"ch_virtual_timers_list\000"
 1926      69727475 
 1926      616C5F74 
 1926      696D6572 
 1926      735F6C69 
 1927              	.LASF112:
 1928 037b 7374496E 		.ascii	"stInit\000"
 1928      697400
 1929              	.LASF53:
 1930 0382 725F6374 		.ascii	"r_ctx\000"
 1930      7800
 1931              	.LASF81:
 1932 0388 746D5F63 		.ascii	"tm_calibration_t\000"
 1932      616C6962 
 1932      72617469 
 1932      6F6E5F74 
 1932      00
 1933              	.LASF111:
 1934 0399 74696D65 		.ascii	"time\000"
 1934      00
 1935              	.LASF54:
 1936 039e 725F6375 		.ascii	"r_current\000"
 1936      7272656E 
 1936      7400
 1937              	.LASF12:
 1938 03a8 5F5F7569 		.ascii	"__uint64_t\000"
 1938      6E743634 
 1938      5F7400
 1939              	.LASF22:
 1940 03b3 74726566 		.ascii	"trefs_t\000"
 1940      735F7400 
 1941              	.LASF56:
 1942 03bb 76697274 		.ascii	"virtual_timer_t\000"
 1942      75616C5F 
 1942      74696D65 
 1942      725F7400 
 1943              	.LASF30:
 1944 03cb 705F7072 		.ascii	"p_prev\000"
 1944      657600
 1945              	.LASF23:
 1946 03d2 74707269 		.ascii	"tprio_t\000"
 1946      6F5F7400 
 1947              	.LASF67:
ARM GAS  /tmp/ccRzCiZv.s 			page 38


 1948 03da 63685F73 		.ascii	"ch_system_debug\000"
 1948      79737465 
 1948      6D5F6465 
 1948      62756700 
 1949              	.LASF98:
 1950 03ea 5F426F6F 		.ascii	"_Bool\000"
 1950      6C00
 1951              	.LASF16:
 1952 03f0 696E7433 		.ascii	"int32_t\000"
 1952      325F7400 
 1953              	.LASF2:
 1954 03f8 756E7369 		.ascii	"unsigned char\000"
 1954      676E6564 
 1954      20636861 
 1954      7200
 1955              	.LASF40:
 1956 0406 705F6D74 		.ascii	"p_mtxlist\000"
 1956      786C6973 
 1956      7400
 1957              	.LASF3:
 1958 0410 73686F72 		.ascii	"short int\000"
 1958      7420696E 
 1958      7400
 1959              	.LASF33:
 1960 041a 705F7374 		.ascii	"p_state\000"
 1960      61746500 
 1961              	.LASF52:
 1962 0422 725F7072 		.ascii	"r_prio\000"
 1962      696F00
 1963              	.LASF88:
 1964 0429 65776D61 		.ascii	"ewmask\000"
 1964      736B00
 1965              	.LASF29:
 1966 0430 705F6E65 		.ascii	"p_next\000"
 1966      787400
 1967              	.LASF14:
 1968 0437 75696E74 		.ascii	"uint8_t\000"
 1968      385F7400 
 1969              	.LASF117:
 1970 043f 5F5F6675 		.ascii	"__func__\000"
 1970      6E635F5F 
 1970      00
 1971              	.LASF57:
 1972 0448 63685F76 		.ascii	"ch_virtual_timer\000"
 1972      69727475 
 1972      616C5F74 
 1972      696D6572 
 1972      00
 1973              	.LASF122:
 1974 0459 73745F6C 		.ascii	"st_lld_get_alarm\000"
 1974      6C645F67 
 1974      65745F61 
 1974      6C61726D 
 1974      00
 1975              	.LASF89:
 1976 046a 63685F73 		.ascii	"ch_semaphore\000"
 1976      656D6170 
ARM GAS  /tmp/ccRzCiZv.s 			page 39


 1976      686F7265 
 1976      00
 1977              	.LASF107:
 1978 0477 43435852 		.ascii	"CCXR\000"
 1978      00
 1979              	.LASF39:
 1980 047c 705F6570 		.ascii	"p_epending\000"
 1980      656E6469 
 1980      6E6700
 1981              	.LASF17:
 1982 0487 75696E74 		.ascii	"uint32_t\000"
 1982      33325F74 
 1982      00
 1983              	.LASF87:
 1984 0490 77746D74 		.ascii	"wtmtxp\000"
 1984      787000
 1985              	.LASF51:
 1986 0497 725F7175 		.ascii	"r_queue\000"
 1986      65756500 
 1987              	.LASF60:
 1988 049f 76745F64 		.ascii	"vt_delta\000"
 1988      656C7461 
 1988      00
 1989              	.LASF46:
 1990 04a8 63685F74 		.ascii	"ch_threads_list\000"
 1990      68726561 
 1990      64735F6C 
 1990      69737400 
 1991              	.LASF10:
 1992 04b8 6C6F6E67 		.ascii	"long unsigned int\000"
 1992      20756E73 
 1992      69676E65 
 1992      6420696E 
 1992      7400
 1993              	.LASF114:
 1994 04ca 73745374 		.ascii	"stStopAlarm\000"
 1994      6F70416C 
 1994      61726D00 
 1995              	.LASF96:
 1996 04d6 63686172 		.ascii	"char\000"
 1996      00
 1997              	.LASF5:
 1998 04db 5F5F7569 		.ascii	"__uint16_t\000"
 1998      6E743136 
 1998      5F7400
 1999              	.LASF105:
 2000 04e6 444D4152 		.ascii	"DMAR\000"
 2000      00
 2001              	.LASF28:
 2002 04eb 74687265 		.ascii	"thread_t\000"
 2002      61645F74 
 2002      00
 2003              	.LASF95:
 2004 04f4 6D5F6E65 		.ascii	"m_next\000"
 2004      787400
 2005              	.LASF27:
 2006 04fb 73797374 		.ascii	"systime_t\000"
ARM GAS  /tmp/ccRzCiZv.s 			page 40


 2006      696D655F 
 2006      7400
 2007              	.LASF41:
 2008 0505 705F7265 		.ascii	"p_realprio\000"
 2008      616C7072 
 2008      696F00
 2009              	.LASF55:
 2010 0510 76746675 		.ascii	"vtfunc_t\000"
 2010      6E635F74 
 2010      00
 2011              	.LASF68:
 2012 0519 70616E69 		.ascii	"panic_msg\000"
 2012      635F6D73 
 2012      6700
 2013              	.LASF80:
 2014 0523 6F666673 		.ascii	"offset\000"
 2014      657400
 2015              	.LASF113:
 2016 052a 73745374 		.ascii	"stStartAlarm\000"
 2016      61727441 
 2016      6C61726D 
 2016      00
 2017              	.LASF78:
 2018 0537 636F6E74 		.ascii	"context\000"
 2018      65787400 
 2019              	.LASF38:
 2020 053f 705F6D73 		.ascii	"p_msg\000"
 2020      6700
 2021              	.LASF19:
 2022 0545 7274636E 		.ascii	"rtcnt_t\000"
 2022      745F7400 
 2023              	.LASF121:
 2024 054d 73745F6C 		.ascii	"st_lld_stop_alarm\000"
 2024      6C645F73 
 2024      746F705F 
 2024      616C6172 
 2024      6D00
 2025              	.LASF62:
 2026 055f 76745F70 		.ascii	"vt_par\000"
 2026      617200
 2027              	.LASF47:
 2028 0566 74687265 		.ascii	"threads_queue_t\000"
 2028      6164735F 
 2028      71756575 
 2028      655F7400 
 2029              	.LASF92:
 2030 0576 63685F6D 		.ascii	"ch_mutex\000"
 2030      75746578 
 2030      00
 2031              	.LASF35:
 2032 057f 705F7265 		.ascii	"p_refs\000"
 2032      667300
 2033              	.LASF71:
 2034 0586 726C6973 		.ascii	"rlist\000"
 2034      7400
 2035              	.LASF115:
 2036 058c 73745365 		.ascii	"stSetAlarm\000"
ARM GAS  /tmp/ccRzCiZv.s 			page 41


 2036      74416C61 
 2036      726D00
 2037              	.LASF123:
 2038 0597 73744765 		.ascii	"stGetAlarm\000"
 2038      74416C61 
 2038      726D00
 2039              	.LASF84:
 2040 05a2 77746F62 		.ascii	"wtobjp\000"
 2040      6A7000
 2041              	.LASF65:
 2042 05a9 76745F73 		.ascii	"vt_systime\000"
 2042      79737469 
 2042      6D6500
 2043              	.LASF116:
 2044 05b4 61627374 		.ascii	"abstime\000"
 2044      696D6500 
 2045              	.LASF34:
 2046 05bc 705F666C 		.ascii	"p_flags\000"
 2046      61677300 
 2047              	.LASF110:
 2048 05c4 73745F6C 		.ascii	"st_lld_set_alarm\000"
 2048      6C645F73 
 2048      65745F61 
 2048      6C61726D 
 2048      00
 2049              	.LASF94:
 2050 05d5 6D5F6F77 		.ascii	"m_owner\000"
 2050      6E657200 
 2051              	.LASF32:
 2052 05dd 705F6374 		.ascii	"p_ctx\000"
 2052      7800
 2053              	.LASF61:
 2054 05e3 76745F66 		.ascii	"vt_func\000"
 2054      756E6300 
 2055              		.ident	"GCC: (GNU Tools for ARM Embedded Processors) 4.9.3 20150529 (release) [ARM/embedded-4_9-br
ARM GAS  /tmp/ccRzCiZv.s 			page 42


DEFINED SYMBOLS
                            *ABS*:00000000 st.c
     /tmp/ccRzCiZv.s:19     .text.stInit:00000000 $t
     /tmp/ccRzCiZv.s:25     .text.stInit:00000000 stInit
     /tmp/ccRzCiZv.s:40     .text.stStartAlarm:00000000 $t
     /tmp/ccRzCiZv.s:46     .text.stStartAlarm:00000000 stStartAlarm
     /tmp/ccRzCiZv.s:76     .text.stStopAlarm:00000000 $t
     /tmp/ccRzCiZv.s:82     .text.stStopAlarm:00000000 stStopAlarm
     /tmp/ccRzCiZv.s:102    .text.stSetAlarm:00000000 $t
     /tmp/ccRzCiZv.s:108    .text.stSetAlarm:00000000 stSetAlarm
     /tmp/ccRzCiZv.s:128    .text.stGetAlarm:00000000 $t
     /tmp/ccRzCiZv.s:134    .text.stGetAlarm:00000000 stGetAlarm
                     .debug_frame:00000010 $d

UNDEFINED SYMBOLS
st_lld_init
